#
# There is insufficient memory for the Java Runtime Environment to continue.
# Native memory allocation (mmap) failed to map 90177536 bytes for Failed to commit area from 0x000000008f200000 to 0x0000000094800000 of length 90177536.
# Possible reasons:
#   The system is out of physical RAM or swap space
#   The process is running with CompressedOops enabled, and the Java Heap may be blocking the growth of the native heap
# Possible solutions:
#   Reduce memory load on the system
#   Increase physical memory or swap space
#   Check if swap backing store is full
#   Decrease Java heap size (-Xmx/-Xms)
#   Decrease number of Java threads
#   Decrease Java thread stack sizes (-Xss)
#   Set larger code cache with -XX:ReservedCodeCacheSize=
#   JVM is running with Unscaled Compressed Oops mode in which the Java heap is
#     placed in the first 4GB address space. The Java Heap base address is the
#     maximum limit for the native heap growth. Please use -XX:HeapBaseMinAddress
#     to set the Java Heap base and to place the Java Heap above 4GB virtual address.
# This output file may be truncated or incomplete.
#
#  Out of Memory Error (./src/hotspot/os/windows/os_windows.cpp:3619), pid=10504, tid=17624
#
# JRE version: OpenJDK Runtime Environment (11.0.13) (build 11.0.13+0-b1751.21-8125866)
# Java VM: OpenJDK 64-Bit Server VM (11.0.13+0-b1751.21-8125866, mixed mode, tiered, compressed oops, g1 gc, windows-amd64)
# No core dump will be written. Minidumps are not enabled by default on client versions of Windows
#

---------------  S U M M A R Y ------------

Command Line: --add-opens=java.base/java.util=ALL-UNNAMED --add-opens=java.base/java.lang=ALL-UNNAMED --add-opens=java.base/java.lang.invoke=ALL-UNNAMED --add-opens=java.base/java.util=ALL-UNNAMED --add-opens=java.prefs/java.util.prefs=ALL-UNNAMED --add-opens=java.prefs/java.util.prefs=ALL-UNNAMED --add-opens=java.base/java.nio.charset=ALL-UNNAMED --add-opens=java.base/java.net=ALL-UNNAMED --add-opens=java.base/java.util.concurrent.atomic=ALL-UNNAMED -Xmx2048m -Dfile.encoding=UTF-8 -Duser.country=FR -Duser.language=fr -Duser.variant org.gradle.launcher.daemon.bootstrap.GradleDaemon 7.4

Host: Intel(R) Core(TM) i7-9750H CPU @ 2.60GHz, 12 cores, 7G,  Windows 10 , 64 bit Build 19041 (10.0.19041.2364)
Time: Tue Jan 17 12:04:34 2023 Paris, Madrid elapsed time: 13.827580 seconds (0d 0h 0m 13s)

---------------  T H R E A D  ---------------

Current thread (0x0000028067c16000):  VMThread "VM Thread" [stack: 0x000000eb4ba00000,0x000000eb4bb00000] [id=17624]

Stack: [0x000000eb4ba00000,0x000000eb4bb00000]
[error occurred during error reporting (printing stack bounds), id 0xc0000005, EXCEPTION_ACCESS_VIOLATION (0xc0000005) at pc=0x0000028050e6112d]

Native frames: (J=compiled Java code, j=interpreted, Vv=VM code, C=native code)
V  [jvm.dll+0x6100fa]
V  [jvm.dll+0x747090]
V  [jvm.dll+0x7486ad]
V  [jvm.dll+0x748ce5]
V  [jvm.dll+0x748c9b]
V  [jvm.dll+0x60f224]
V  [jvm.dll+0x60f9b8]
C  [ntdll.dll+0xa241f]
C  [ntdll.dll+0x514a4]
C  [ntdll.dll+0xa0f4e]
C  0x0000028050e6112d

VM_Operation (0x000000eb56ff7e10): G1CollectForAllocation, mode: safepoint, requested by thread 0x0000028071252000


---------------  P R O C E S S  ---------------

Threads class SMR info:
_java_thread_list=0x000002806d846140, length=183, elements={
0x000002804d33d800, 0x0000028067c18000, 0x0000028067c25800, 0x00000280685c5800,
0x00000280685c7800, 0x00000280685cb800, 0x00000280685ce000, 0x00000280685d0000,
0x00000280685d3000, 0x0000028068721800, 0x000002806a386800, 0x0000028068769000,
0x0000028068979000, 0x000002806b79d800, 0x000002806aeff000, 0x000002806a378800,
0x000002806b520800, 0x0000028069a8c000, 0x0000028069944000, 0x000002806baae000,
0x000002806a6f0000, 0x000002806a6f0800, 0x000002806a6ef000, 0x000002806a6f1800,
0x000002806b1ad800, 0x000002806a6f2800, 0x000002806a6ec800, 0x000002806a6f3000,
0x000002806a6ed800, 0x000002806a6ee000, 0x000002806c14c800, 0x000002806c14d800,
0x000002806c150000, 0x000002806c14a800, 0x000002806c151800, 0x000002806c14c000,
0x000002806c155800, 0x000002806c156800, 0x000002806c157800, 0x000002806c152800,
0x000002806c159000, 0x000002806c158000, 0x000002806c153800, 0x000002806c154000,
0x000002806c155000, 0x000002806f7f3800, 0x000002806f7f8800, 0x000002806f7f4800,
0x000002806f7f5800, 0x000002806f7f6000, 0x000002806f7f7800, 0x000002806f7f7000,
0x000002806f7f3000, 0x000002806f7f9800, 0x0000028069975800, 0x0000028069978000,
0x0000028069975000, 0x0000028069977800, 0x0000028069974000, 0x0000028069976800,
0x0000028069979000, 0x0000028069973000, 0x000002806997c000, 0x000002806997d000,
0x0000028069979800, 0x000002806997a800, 0x0000028069981000, 0x000002806997f800,
0x000002806997e800, 0x0000028069980800, 0x000002806997b800, 0x0000028069982000,
0x000002806997e000, 0x000002806a3e8000, 0x000002806a3e4800, 0x000002806a3e6800,
0x000002806a3e7000, 0x000002806a3e8800, 0x000002806a3e9800, 0x000002806a3e5800,
0x000002806a3ec000, 0x000002806a3ed800, 0x000002806a3ed000, 0x000002806a3ee800,
0x000002806a3ef800, 0x000002806a3f0000, 0x000002806a3ea800, 0x000002806a3f1000,
0x000002806a3eb000, 0x000002806a3f1800, 0x000002806a3f2800, 0x000002806a3f3800,
0x000002806e44a800, 0x000002806e448800, 0x000002806e44c000, 0x000002806e44d000,
0x000002806e44d800, 0x000002806e44e800, 0x000002806e44b000, 0x000002806e44f000,
0x000002806e449800, 0x000002806e453800, 0x000002806e451000, 0x000002806e455000,
0x000002806e454000, 0x000002806e452800, 0x000002806e451800, 0x000002806e455800,
0x000002806e450000, 0x000002806e456800, 0x000002806e457800, 0x000002806da6e000,
0x000002806da6a800, 0x000002806da6f000, 0x000002806da6a000, 0x000002806da6f800,
0x000002806da6b800, 0x000002806da71000, 0x000002806da70800, 0x000002806da6c800,
0x000002806da72000, 0x000002806da73000, 0x000002806da6d000, 0x000002806da73800,
0x000002806da74800, 0x000002806da75800, 0x000002806da76000, 0x000002806da77000,
0x000002806da78800, 0x000002806da77800, 0x000002806be68000, 0x000002806be65000,
0x000002806be63800, 0x000002806be66800, 0x000002806be64000, 0x000002806be69000,
0x000002806be6a000, 0x000002806be67800, 0x000002806be6a800, 0x000002806be65800,
0x000002806be6e000, 0x000002806be70800, 0x000002806be6f800, 0x000002806be6e800,
0x000002806be71000, 0x000002806be6b800, 0x000002806be72000, 0x000002806be6c800,
0x000002806be6d000, 0x000002806db72800, 0x000002806db77800, 0x000002806db73800,
0x000002806db72000, 0x000002806db78800, 0x000002806db77000, 0x000002806db7a000,
0x000002806db74800, 0x000002806db7b000, 0x000002806db76000, 0x000002806db79800,
0x000002806db75000, 0x000002806db7d800, 0x000002806db7e000, 0x000002806db7f000,
0x000002806db7b800, 0x000002806db7c800, 0x000002806db80000, 0x000002806db80800,
0x0000028071257000, 0x0000028071252000, 0x0000028071258000, 0x0000028071254000,
0x0000028071254800, 0x0000028071258800, 0x0000028071255800, 0x0000028071256000,
0x000002806fed5000, 0x000002806fecf000, 0x000002806fed0000, 0x000002806fed4000,
0x000002806fed6000, 0x000002806fed1800, 0x000002806fed1000
}

Java Threads: ( => current thread )
  0x000002804d33d800 JavaThread "main" [_thread_blocked, id=17424, stack(0x000000eb4b400000,0x000000eb4b500000)]
  0x0000028067c18000 JavaThread "Reference Handler" daemon [_thread_blocked, id=6952, stack(0x000000eb4bb00000,0x000000eb4bc00000)]
  0x0000028067c25800 JavaThread "Finalizer" daemon [_thread_blocked, id=18752, stack(0x000000eb4bc00000,0x000000eb4bd00000)]
  0x00000280685c5800 JavaThread "Signal Dispatcher" daemon [_thread_blocked, id=11460, stack(0x000000eb4bd00000,0x000000eb4be00000)]
  0x00000280685c7800 JavaThread "Attach Listener" daemon [_thread_blocked, id=15912, stack(0x000000eb4be00000,0x000000eb4bf00000)]
  0x00000280685cb800 JavaThread "Service Thread" daemon [_thread_blocked, id=4608, stack(0x000000eb4bf00000,0x000000eb4c000000)]
  0x00000280685ce000 JavaThread "C2 CompilerThread0" daemon [_thread_blocked, id=1684, stack(0x000000eb4c000000,0x000000eb4c100000)]
  0x00000280685d0000 JavaThread "C1 CompilerThread0" daemon [_thread_blocked, id=14432, stack(0x000000eb4c100000,0x000000eb4c200000)]
  0x00000280685d3000 JavaThread "Sweeper thread" daemon [_thread_blocked, id=912, stack(0x000000eb4c200000,0x000000eb4c300000)]
  0x0000028068721800 JavaThread "Common-Cleaner" daemon [_thread_blocked, id=2836, stack(0x000000eb4c300000,0x000000eb4c400000)]
  0x000002806a386800 JavaThread "Daemon health stats" [_thread_blocked, id=2832, stack(0x000000eb4c900000,0x000000eb4ca00000)]
  0x0000028068769000 JavaThread "Incoming local TCP Connector on port 53512" [_thread_in_native, id=17732, stack(0x000000eb4c500000,0x000000eb4c600000)]
  0x0000028068979000 JavaThread "C2 CompilerThread1" daemon [_thread_in_native, id=16316, stack(0x000000eb4c600000,0x000000eb4c700000)]
  0x000002806b79d800 JavaThread "Daemon periodic checks" [_thread_blocked, id=16848, stack(0x000000eb4ca00000,0x000000eb4cb00000)]
  0x000002806aeff000 JavaThread "Daemon" [_thread_blocked, id=12972, stack(0x000000eb4cb00000,0x000000eb4cc00000)]
  0x000002806a378800 JavaThread "Handler for socket connection from /127.0.0.1:53512 to /127.0.0.1:53513" [_thread_in_native, id=17236, stack(0x000000eb4cc00000,0x000000eb4cd00000)]
  0x000002806b520800 JavaThread "Cancel handler" [_thread_blocked, id=15276, stack(0x000000eb4cd00000,0x000000eb4ce00000)]
  0x0000028069a8c000 JavaThread "Daemon worker" [_thread_blocked, id=11048, stack(0x000000eb4ce00000,0x000000eb4cf00000)]
  0x0000028069944000 JavaThread "Asynchronous log dispatcher for DefaultDaemonConnection: socket connection from /127.0.0.1:53512 to /127.0.0.1:53513" [_thread_blocked, id=17356, stack(0x000000eb4cf00000,0x000000eb4d000000)]
  0x000002806baae000 JavaThread "Stdin handler" [_thread_blocked, id=11512, stack(0x000000eb4d000000,0x000000eb4d100000)]
  0x000002806a6f0000 JavaThread "Daemon client event forwarder" [_thread_blocked, id=18760, stack(0x000000eb4d100000,0x000000eb4d200000)]
  0x000002806a6f0800 JavaThread "Cache worker for journal cache (C:\Users\nuage\.gradle\caches\journal-1)" [_thread_blocked, id=15796, stack(0x000000eb4d900000,0x000000eb4da00000)]
  0x000002806a6ef000 JavaThread "File lock request listener" [_thread_in_native, id=4632, stack(0x000000eb4da00000,0x000000eb4db00000)]
  0x000002806a6f1800 JavaThread "Cache worker for file hash cache (C:\Users\nuage\.gradle\caches\7.4\fileHashes)" [_thread_blocked, id=10900, stack(0x000000eb4db00000,0x000000eb4dc00000)]
  0x000002806b1ad800 JavaThread "C2 CompilerThread2" daemon [_thread_blocked, id=18024, stack(0x000000eb4de00000,0x000000eb4df00000)]
  0x000002806a6f2800 JavaThread "File watcher server" daemon [_thread_blocked, id=16440, stack(0x000000eb4df00000,0x000000eb4e000000)]
  0x000002806a6ec800 JavaThread "File watcher consumer" daemon [_thread_blocked, id=17432, stack(0x000000eb4e000000,0x000000eb4e100000)]
  0x000002806a6f3000 JavaThread "Cache worker for checksums cache (D:\projet_mobile\AndroidStudioProjects\projetmajeur\.gradle\7.4\checksums)" [_thread_blocked, id=10780, stack(0x000000eb4e100000,0x000000eb4e200000)]
  0x000002806a6ed800 JavaThread "Cache worker for cache directory md-rule (C:\Users\nuage\.gradle\caches\7.4\md-rule)" [_thread_blocked, id=19264, stack(0x000000eb4e200000,0x000000eb4e300000)]
  0x000002806a6ee000 JavaThread "Cache worker for file hash cache (D:\projet_mobile\AndroidStudioProjects\projetmajeur\.gradle\7.4\fileHashes)" [_thread_blocked, id=2240, stack(0x000000eb4e300000,0x000000eb4e400000)]
  0x000002806c14c800 JavaThread "Cache worker for cache directory md-supplier (C:\Users\nuage\.gradle\caches\7.4\md-supplier)" [_thread_blocked, id=14368, stack(0x000000eb4e400000,0x000000eb4e500000)]
  0x000002806c14d800 JavaThread "Cache worker for execution history cache (C:\Users\nuage\.gradle\caches\7.4\executionHistory)" [_thread_blocked, id=3772, stack(0x000000eb4e500000,0x000000eb4e600000)]
  0x000002806c150000 JavaThread "jar transforms" [_thread_blocked, id=19324, stack(0x000000eb4e600000,0x000000eb4e700000)]
  0x000002806c14a800 JavaThread "Cache worker for file content cache (C:\Users\nuage\.gradle\caches\7.4\fileContent)" [_thread_blocked, id=9896, stack(0x000000eb4e700000,0x000000eb4e800000)]
  0x000002806c151800 JavaThread "jar transforms Thread 2" [_thread_blocked, id=17736, stack(0x000000eb4e800000,0x000000eb4e900000)]
  0x000002806c14c000 JavaThread "Cache worker for dependencies-accessors (D:\projet_mobile\AndroidStudioProjects\projetmajeur\.gradle\7.4\dependencies-accessors)" [_thread_blocked, id=16540, stack(0x000000eb4e900000,0x000000eb4ea00000)]
  0x000002806c155800 JavaThread "jar transforms Thread 3" [_thread_blocked, id=6652, stack(0x000000eb4ea00000,0x000000eb4eb00000)]
  0x000002806c156800 JavaThread "Cache worker for Build Output Cleanup Cache (D:\projet_mobile\AndroidStudioProjects\projetmajeur\.gradle\buildOutputCleanup)" [_thread_blocked, id=18560, stack(0x000000eb4eb00000,0x000000eb4ec00000)]
  0x000002806c157800 JavaThread "Unconstrained build operations" [_thread_blocked, id=12584, stack(0x000000eb4ec00000,0x000000eb4ed00000)]
  0x000002806c152800 JavaThread "Unconstrained build operations Thread 2" [_thread_blocked, id=8680, stack(0x000000eb4ed00000,0x000000eb4ee00000)]
  0x000002806c159000 JavaThread "Unconstrained build operations Thread 3" [_thread_blocked, id=4604, stack(0x000000eb4ee00000,0x000000eb4ef00000)]
  0x000002806c158000 JavaThread "Unconstrained build operations Thread 4" [_thread_blocked, id=6932, stack(0x000000eb4ef00000,0x000000eb4f000000)]
  0x000002806c153800 JavaThread "Unconstrained build operations Thread 5" [_thread_blocked, id=6048, stack(0x000000eb4f000000,0x000000eb4f100000)]
  0x000002806c154000 JavaThread "Unconstrained build operations Thread 6" [_thread_blocked, id=5940, stack(0x000000eb4f100000,0x000000eb4f200000)]
  0x000002806c155000 JavaThread "Unconstrained build operations Thread 7" [_thread_blocked, id=4508, stack(0x000000eb4f200000,0x000000eb4f300000)]
  0x000002806f7f3800 JavaThread "Unconstrained build operations Thread 8" [_thread_blocked, id=16888, stack(0x000000eb4f300000,0x000000eb4f400000)]
  0x000002806f7f8800 JavaThread "Unconstrained build operations Thread 9" [_thread_blocked, id=14960, stack(0x000000eb4f400000,0x000000eb4f500000)]
  0x000002806f7f4800 JavaThread "Unconstrained build operations Thread 10" [_thread_blocked, id=12712, stack(0x000000eb4f500000,0x000000eb4f600000)]
  0x000002806f7f5800 JavaThread "Unconstrained build operations Thread 11" [_thread_blocked, id=10300, stack(0x000000eb4f600000,0x000000eb4f700000)]
  0x000002806f7f6000 JavaThread "Unconstrained build operations Thread 12" [_thread_blocked, id=6676, stack(0x000000eb4f700000,0x000000eb4f800000)]
  0x000002806f7f7800 JavaThread "Unconstrained build operations Thread 13" [_thread_blocked, id=18856, stack(0x000000eb4f800000,0x000000eb4f900000)]
  0x000002806f7f7000 JavaThread "Unconstrained build operations Thread 14" [_thread_blocked, id=11844, stack(0x000000eb4f900000,0x000000eb4fa00000)]
  0x000002806f7f3000 JavaThread "Unconstrained build operations Thread 15" [_thread_blocked, id=18408, stack(0x000000eb4fa00000,0x000000eb4fb00000)]
  0x000002806f7f9800 JavaThread "Unconstrained build operations Thread 16" [_thread_blocked, id=19432, stack(0x000000eb4fb00000,0x000000eb4fc00000)]
  0x0000028069975800 JavaThread "Unconstrained build operations Thread 17" [_thread_blocked, id=3028, stack(0x000000eb4fc00000,0x000000eb4fd00000)]
  0x0000028069978000 JavaThread "Unconstrained build operations Thread 18" [_thread_blocked, id=16340, stack(0x000000eb4fd00000,0x000000eb4fe00000)]
  0x0000028069975000 JavaThread "Unconstrained build operations Thread 19" [_thread_blocked, id=17048, stack(0x000000eb4fe00000,0x000000eb4ff00000)]
  0x0000028069977800 JavaThread "Unconstrained build operations Thread 20" [_thread_blocked, id=14556, stack(0x000000eb4ff00000,0x000000eb50000000)]
  0x0000028069974000 JavaThread "Unconstrained build operations Thread 21" [_thread_blocked, id=304, stack(0x000000eb50000000,0x000000eb50100000)]
  0x0000028069976800 JavaThread "Unconstrained build operations Thread 22" [_thread_blocked, id=11716, stack(0x000000eb50100000,0x000000eb50200000)]
  0x0000028069979000 JavaThread "Unconstrained build operations Thread 23" [_thread_blocked, id=12264, stack(0x000000eb50200000,0x000000eb50300000)]
  0x0000028069973000 JavaThread "Unconstrained build operations Thread 24" [_thread_blocked, id=10576, stack(0x000000eb50300000,0x000000eb50400000)]
  0x000002806997c000 JavaThread "Unconstrained build operations Thread 25" [_thread_blocked, id=7108, stack(0x000000eb50400000,0x000000eb50500000)]
  0x000002806997d000 JavaThread "Unconstrained build operations Thread 26" [_thread_blocked, id=6444, stack(0x000000eb50500000,0x000000eb50600000)]
  0x0000028069979800 JavaThread "Unconstrained build operations Thread 27" [_thread_blocked, id=6420, stack(0x000000eb50600000,0x000000eb50700000)]
  0x000002806997a800 JavaThread "Unconstrained build operations Thread 28" [_thread_blocked, id=16796, stack(0x000000eb50700000,0x000000eb50800000)]
  0x0000028069981000 JavaThread "Unconstrained build operations Thread 29" [_thread_blocked, id=11120, stack(0x000000eb50800000,0x000000eb50900000)]
  0x000002806997f800 JavaThread "Unconstrained build operations Thread 30" [_thread_blocked, id=7160, stack(0x000000eb50900000,0x000000eb50a00000)]
  0x000002806997e800 JavaThread "Unconstrained build operations Thread 31" [_thread_blocked, id=172, stack(0x000000eb50a00000,0x000000eb50b00000)]
  0x0000028069980800 JavaThread "Unconstrained build operations Thread 32" [_thread_blocked, id=15672, stack(0x000000eb50b00000,0x000000eb50c00000)]
  0x000002806997b800 JavaThread "Unconstrained build operations Thread 33" [_thread_blocked, id=2052, stack(0x000000eb50c00000,0x000000eb50d00000)]
  0x0000028069982000 JavaThread "Unconstrained build operations Thread 34" [_thread_blocked, id=4712, stack(0x000000eb50d00000,0x000000eb50e00000)]
  0x000002806997e000 JavaThread "Unconstrained build operations Thread 35" [_thread_blocked, id=7508, stack(0x000000eb50e00000,0x000000eb50f00000)]
  0x000002806a3e8000 JavaThread "Unconstrained build operations Thread 36" [_thread_blocked, id=1252, stack(0x000000eb50f00000,0x000000eb51000000)]
  0x000002806a3e4800 JavaThread "Unconstrained build operations Thread 37" [_thread_blocked, id=12232, stack(0x000000eb51000000,0x000000eb51100000)]
  0x000002806a3e6800 JavaThread "Unconstrained build operations Thread 38" [_thread_blocked, id=15460, stack(0x000000eb51100000,0x000000eb51200000)]
  0x000002806a3e7000 JavaThread "Unconstrained build operations Thread 39" [_thread_blocked, id=8304, stack(0x000000eb51200000,0x000000eb51300000)]
  0x000002806a3e8800 JavaThread "Unconstrained build operations Thread 40" [_thread_blocked, id=15820, stack(0x000000eb51300000,0x000000eb51400000)]
  0x000002806a3e9800 JavaThread "Unconstrained build operations Thread 41" [_thread_blocked, id=15772, stack(0x000000eb51400000,0x000000eb51500000)]
  0x000002806a3e5800 JavaThread "Unconstrained build operations Thread 42" [_thread_blocked, id=17328, stack(0x000000eb51500000,0x000000eb51600000)]
  0x000002806a3ec000 JavaThread "Unconstrained build operations Thread 43" [_thread_blocked, id=17636, stack(0x000000eb51600000,0x000000eb51700000)]
  0x000002806a3ed800 JavaThread "Unconstrained build operations Thread 44" [_thread_blocked, id=16128, stack(0x000000eb51700000,0x000000eb51800000)]
  0x000002806a3ed000 JavaThread "Unconstrained build operations Thread 45" [_thread_blocked, id=13400, stack(0x000000eb51800000,0x000000eb51900000)]
  0x000002806a3ee800 JavaThread "Unconstrained build operations Thread 46" [_thread_blocked, id=9656, stack(0x000000eb51900000,0x000000eb51a00000)]
  0x000002806a3ef800 JavaThread "Unconstrained build operations Thread 47" [_thread_blocked, id=19452, stack(0x000000eb51a00000,0x000000eb51b00000)]
  0x000002806a3f0000 JavaThread "Unconstrained build operations Thread 48" [_thread_blocked, id=16712, stack(0x000000eb51b00000,0x000000eb51c00000)]
  0x000002806a3ea800 JavaThread "Unconstrained build operations Thread 49" [_thread_blocked, id=14944, stack(0x000000eb51c00000,0x000000eb51d00000)]
  0x000002806a3f1000 JavaThread "Unconstrained build operations Thread 50" [_thread_blocked, id=19048, stack(0x000000eb51d00000,0x000000eb51e00000)]
  0x000002806a3eb000 JavaThread "Unconstrained build operations Thread 51" [_thread_blocked, id=12576, stack(0x000000eb51e00000,0x000000eb51f00000)]
  0x000002806a3f1800 JavaThread "Unconstrained build operations Thread 52" [_thread_blocked, id=19176, stack(0x000000eb51f00000,0x000000eb52000000)]
  0x000002806a3f2800 JavaThread "Unconstrained build operations Thread 53" [_thread_blocked, id=17680, stack(0x000000eb52000000,0x000000eb52100000)]
  0x000002806a3f3800 JavaThread "Unconstrained build operations Thread 54" [_thread_blocked, id=320, stack(0x000000eb52100000,0x000000eb52200000)]
  0x000002806e44a800 JavaThread "Unconstrained build operations Thread 55" [_thread_blocked, id=15980, stack(0x000000eb52200000,0x000000eb52300000)]
  0x000002806e448800 JavaThread "Unconstrained build operations Thread 56" [_thread_blocked, id=5360, stack(0x000000eb52300000,0x000000eb52400000)]
  0x000002806e44c000 JavaThread "Unconstrained build operations Thread 57" [_thread_blocked, id=8880, stack(0x000000eb52400000,0x000000eb52500000)]
  0x000002806e44d000 JavaThread "Unconstrained build operations Thread 58" [_thread_blocked, id=2732, stack(0x000000eb52500000,0x000000eb52600000)]
  0x000002806e44d800 JavaThread "Unconstrained build operations Thread 59" [_thread_blocked, id=15448, stack(0x000000eb52600000,0x000000eb52700000)]
  0x000002806e44e800 JavaThread "Unconstrained build operations Thread 60" [_thread_blocked, id=5808, stack(0x000000eb52700000,0x000000eb52800000)]
  0x000002806e44b000 JavaThread "Unconstrained build operations Thread 61" [_thread_blocked, id=13932, stack(0x000000eb52800000,0x000000eb52900000)]
  0x000002806e44f000 JavaThread "Unconstrained build operations Thread 62" [_thread_blocked, id=18940, stack(0x000000eb52900000,0x000000eb52a00000)]
  0x000002806e449800 JavaThread "Unconstrained build operations Thread 63" [_thread_blocked, id=7756, stack(0x000000eb52a00000,0x000000eb52b00000)]
  0x000002806e453800 JavaThread "Unconstrained build operations Thread 64" [_thread_blocked, id=14876, stack(0x000000eb52b00000,0x000000eb52c00000)]
  0x000002806e451000 JavaThread "Unconstrained build operations Thread 65" [_thread_blocked, id=8152, stack(0x000000eb52c00000,0x000000eb52d00000)]
  0x000002806e455000 JavaThread "Unconstrained build operations Thread 66" [_thread_blocked, id=10484, stack(0x000000eb52d00000,0x000000eb52e00000)]
  0x000002806e454000 JavaThread "Unconstrained build operations Thread 67" [_thread_blocked, id=18048, stack(0x000000eb52e00000,0x000000eb52f00000)]
  0x000002806e452800 JavaThread "Unconstrained build operations Thread 68" [_thread_blocked, id=9804, stack(0x000000eb52f00000,0x000000eb53000000)]
  0x000002806e451800 JavaThread "Unconstrained build operations Thread 69" [_thread_blocked, id=13160, stack(0x000000eb53000000,0x000000eb53100000)]
  0x000002806e455800 JavaThread "Unconstrained build operations Thread 70" [_thread_blocked, id=18724, stack(0x000000eb53100000,0x000000eb53200000)]
  0x000002806e450000 JavaThread "Unconstrained build operations Thread 71" [_thread_blocked, id=18844, stack(0x000000eb53200000,0x000000eb53300000)]
  0x000002806e456800 JavaThread "Unconstrained build operations Thread 72" [_thread_blocked, id=15316, stack(0x000000eb53300000,0x000000eb53400000)]
  0x000002806e457800 JavaThread "Unconstrained build operations Thread 73" [_thread_blocked, id=2032, stack(0x000000eb53400000,0x000000eb53500000)]
  0x000002806da6e000 JavaThread "Unconstrained build operations Thread 74" [_thread_blocked, id=1548, stack(0x000000eb53500000,0x000000eb53600000)]
  0x000002806da6a800 JavaThread "Unconstrained build operations Thread 75" [_thread_blocked, id=10080, stack(0x000000eb53600000,0x000000eb53700000)]
  0x000002806da6f000 JavaThread "Unconstrained build operations Thread 76" [_thread_blocked, id=6832, stack(0x000000eb53700000,0x000000eb53800000)]
  0x000002806da6a000 JavaThread "Unconstrained build operations Thread 77" [_thread_blocked, id=16832, stack(0x000000eb53800000,0x000000eb53900000)]
  0x000002806da6f800 JavaThread "Unconstrained build operations Thread 78" [_thread_blocked, id=18020, stack(0x000000eb53900000,0x000000eb53a00000)]
  0x000002806da6b800 JavaThread "Unconstrained build operations Thread 79" [_thread_blocked, id=7660, stack(0x000000eb53a00000,0x000000eb53b00000)]
  0x000002806da71000 JavaThread "Unconstrained build operations Thread 80" [_thread_blocked, id=14760, stack(0x000000eb53b00000,0x000000eb53c00000)]
  0x000002806da70800 JavaThread "Unconstrained build operations Thread 81" [_thread_blocked, id=8016, stack(0x000000eb53c00000,0x000000eb53d00000)]
  0x000002806da6c800 JavaThread "Unconstrained build operations Thread 82" [_thread_blocked, id=4812, stack(0x000000eb53d00000,0x000000eb53e00000)]
  0x000002806da72000 JavaThread "Unconstrained build operations Thread 83" [_thread_blocked, id=3552, stack(0x000000eb53e00000,0x000000eb53f00000)]
  0x000002806da73000 JavaThread "Unconstrained build operations Thread 84" [_thread_blocked, id=3216, stack(0x000000eb53f00000,0x000000eb54000000)]
  0x000002806da6d000 JavaThread "Unconstrained build operations Thread 85" [_thread_blocked, id=3608, stack(0x000000eb54000000,0x000000eb54100000)]
  0x000002806da73800 JavaThread "Unconstrained build operations Thread 86" [_thread_blocked, id=15436, stack(0x000000eb54100000,0x000000eb54200000)]
  0x000002806da74800 JavaThread "Unconstrained build operations Thread 87" [_thread_blocked, id=18548, stack(0x000000eb54200000,0x000000eb54300000)]
  0x000002806da75800 JavaThread "Unconstrained build operations Thread 88" [_thread_blocked, id=11668, stack(0x000000eb54300000,0x000000eb54400000)]
  0x000002806da76000 JavaThread "Unconstrained build operations Thread 89" [_thread_blocked, id=19220, stack(0x000000eb54400000,0x000000eb54500000)]
  0x000002806da77000 JavaThread "Unconstrained build operations Thread 90" [_thread_blocked, id=6992, stack(0x000000eb54500000,0x000000eb54600000)]
  0x000002806da78800 JavaThread "Unconstrained build operations Thread 91" [_thread_blocked, id=2644, stack(0x000000eb54600000,0x000000eb54700000)]
  0x000002806da77800 JavaThread "Unconstrained build operations Thread 92" [_thread_blocked, id=2536, stack(0x000000eb54700000,0x000000eb54800000)]
  0x000002806be68000 JavaThread "Unconstrained build operations Thread 93" [_thread_blocked, id=18368, stack(0x000000eb54800000,0x000000eb54900000)]
  0x000002806be65000 JavaThread "Unconstrained build operations Thread 94" [_thread_blocked, id=6160, stack(0x000000eb54900000,0x000000eb54a00000)]
  0x000002806be63800 JavaThread "Unconstrained build operations Thread 95" [_thread_blocked, id=1544, stack(0x000000eb54a00000,0x000000eb54b00000)]
  0x000002806be66800 JavaThread "Unconstrained build operations Thread 96" [_thread_blocked, id=13828, stack(0x000000eb54b00000,0x000000eb54c00000)]
  0x000002806be64000 JavaThread "Unconstrained build operations Thread 97" [_thread_blocked, id=12164, stack(0x000000eb54c00000,0x000000eb54d00000)]
  0x000002806be69000 JavaThread "Unconstrained build operations Thread 98" [_thread_blocked, id=18356, stack(0x000000eb54d00000,0x000000eb54e00000)]
  0x000002806be6a000 JavaThread "Unconstrained build operations Thread 99" [_thread_blocked, id=3332, stack(0x000000eb54e00000,0x000000eb54f00000)]
  0x000002806be67800 JavaThread "Unconstrained build operations Thread 100" [_thread_blocked, id=11712, stack(0x000000eb54f00000,0x000000eb55000000)]
  0x000002806be6a800 JavaThread "Unconstrained build operations Thread 101" [_thread_blocked, id=1056, stack(0x000000eb55000000,0x000000eb55100000)]
  0x000002806be65800 JavaThread "Unconstrained build operations Thread 102" [_thread_blocked, id=4720, stack(0x000000eb55100000,0x000000eb55200000)]
  0x000002806be6e000 JavaThread "Unconstrained build operations Thread 103" [_thread_blocked, id=1372, stack(0x000000eb55200000,0x000000eb55300000)]
  0x000002806be70800 JavaThread "Unconstrained build operations Thread 104" [_thread_blocked, id=8664, stack(0x000000eb55300000,0x000000eb55400000)]
  0x000002806be6f800 JavaThread "Unconstrained build operations Thread 105" [_thread_blocked, id=8136, stack(0x000000eb55400000,0x000000eb55500000)]
  0x000002806be6e800 JavaThread "Unconstrained build operations Thread 106" [_thread_blocked, id=6200, stack(0x000000eb55500000,0x000000eb55600000)]
  0x000002806be71000 JavaThread "Unconstrained build operations Thread 107" [_thread_blocked, id=12980, stack(0x000000eb55600000,0x000000eb55700000)]
  0x000002806be6b800 JavaThread "Unconstrained build operations Thread 108" [_thread_blocked, id=17240, stack(0x000000eb55700000,0x000000eb55800000)]
  0x000002806be72000 JavaThread "Unconstrained build operations Thread 109" [_thread_blocked, id=2424, stack(0x000000eb55800000,0x000000eb55900000)]
  0x000002806be6c800 JavaThread "Unconstrained build operations Thread 110" [_thread_blocked, id=17512, stack(0x000000eb55900000,0x000000eb55a00000)]
  0x000002806be6d000 JavaThread "Unconstrained build operations Thread 111" [_thread_blocked, id=6452, stack(0x000000eb55a00000,0x000000eb55b00000)]
  0x000002806db72800 JavaThread "Unconstrained build operations Thread 112" [_thread_blocked, id=11416, stack(0x000000eb55b00000,0x000000eb55c00000)]
  0x000002806db77800 JavaThread "Unconstrained build operations Thread 113" [_thread_blocked, id=16064, stack(0x000000eb55c00000,0x000000eb55d00000)]
  0x000002806db73800 JavaThread "Unconstrained build operations Thread 114" [_thread_blocked, id=15336, stack(0x000000eb55d00000,0x000000eb55e00000)]
  0x000002806db72000 JavaThread "Unconstrained build operations Thread 115" [_thread_blocked, id=1488, stack(0x000000eb55e00000,0x000000eb55f00000)]
  0x000002806db78800 JavaThread "Unconstrained build operations Thread 116" [_thread_blocked, id=14532, stack(0x000000eb55f00000,0x000000eb56000000)]
  0x000002806db77000 JavaThread "Unconstrained build operations Thread 117" [_thread_blocked, id=12896, stack(0x000000eb56000000,0x000000eb56100000)]
  0x000002806db7a000 JavaThread "Unconstrained build operations Thread 118" [_thread_blocked, id=17336, stack(0x000000eb56100000,0x000000eb56200000)]
  0x000002806db74800 JavaThread "Unconstrained build operations Thread 119" [_thread_blocked, id=19356, stack(0x000000eb56200000,0x000000eb56300000)]
  0x000002806db7b000 JavaThread "Unconstrained build operations Thread 120" [_thread_blocked, id=17908, stack(0x000000eb56300000,0x000000eb56400000)]
  0x000002806db76000 JavaThread "jar transforms Thread 4" [_thread_blocked, id=1484, stack(0x000000eb56400000,0x000000eb56500000)]
  0x000002806db79800 JavaThread "jar transforms Thread 5" [_thread_blocked, id=12804, stack(0x000000eb56500000,0x000000eb56600000)]
  0x000002806db75000 JavaThread "jar transforms Thread 6" [_thread_blocked, id=18708, stack(0x000000eb56600000,0x000000eb56700000)]
  0x000002806db7d800 JavaThread "jar transforms Thread 7" [_thread_blocked, id=8148, stack(0x000000eb56700000,0x000000eb56800000)]
  0x000002806db7e000 JavaThread "jar transforms Thread 8" [_thread_blocked, id=12780, stack(0x000000eb56800000,0x000000eb56900000)]
  0x000002806db7f000 JavaThread "jar transforms Thread 9" [_thread_blocked, id=16836, stack(0x000000eb56900000,0x000000eb56a00000)]
  0x000002806db7b800 JavaThread "jar transforms Thread 10" [_thread_blocked, id=18416, stack(0x000000eb56a00000,0x000000eb56b00000)]
  0x000002806db7c800 JavaThread "jar transforms Thread 11" [_thread_blocked, id=3520, stack(0x000000eb56b00000,0x000000eb56c00000)]
  0x000002806db80000 JavaThread "jar transforms Thread 12" [_thread_blocked, id=12224, stack(0x000000eb56c00000,0x000000eb56d00000)]
  0x000002806db80800 JavaThread "Memory manager" [_thread_blocked, id=12700, stack(0x000000eb56d00000,0x000000eb56e00000)]
  0x0000028071257000 JavaThread "build event listener" [_thread_blocked, id=13384, stack(0x000000eb56e00000,0x000000eb56f00000)]
  0x0000028071252000 JavaThread "included builds" [_thread_blocked, id=1436, stack(0x000000eb56f00000,0x000000eb57000000)]
  0x0000028071258000 JavaThread "Execution worker for ':'" [_thread_blocked, id=13340, stack(0x000000eb57000000,0x000000eb57100000)]
  0x0000028071254000 JavaThread "Execution worker for ':' Thread 2" [_thread_blocked, id=17256, stack(0x000000eb57100000,0x000000eb57200000)]
  0x0000028071254800 JavaThread "Execution worker for ':' Thread 3" [_thread_blocked, id=7236, stack(0x000000eb57200000,0x000000eb57300000)]
  0x0000028071258800 JavaThread "Execution worker for ':' Thread 4" [_thread_blocked, id=16028, stack(0x000000eb57300000,0x000000eb57400000)]
  0x0000028071255800 JavaThread "Execution worker for ':' Thread 5" [_thread_blocked, id=4492, stack(0x000000eb57400000,0x000000eb57500000)]
  0x0000028071256000 JavaThread "Execution worker for ':' Thread 6" [_thread_blocked, id=15652, stack(0x000000eb57500000,0x000000eb57600000)]
  0x000002806fed5000 JavaThread "Execution worker for ':' Thread 7" [_thread_blocked, id=10228, stack(0x000000eb57600000,0x000000eb57700000)]
  0x000002806fecf000 JavaThread "Execution worker for ':' Thread 8" [_thread_blocked, id=13392, stack(0x000000eb57700000,0x000000eb57800000)]
  0x000002806fed0000 JavaThread "Execution worker for ':' Thread 9" [_thread_blocked, id=4728, stack(0x000000eb57800000,0x000000eb57900000)]
  0x000002806fed4000 JavaThread "Execution worker for ':' Thread 10" [_thread_blocked, id=8928, stack(0x000000eb57900000,0x000000eb57a00000)]
  0x000002806fed6000 JavaThread "Execution worker for ':' Thread 11" [_thread_blocked, id=15888, stack(0x000000eb57a00000,0x000000eb57b00000)]
  0x000002806fed1800 JavaThread "Cache worker for execution history cache (D:\projet_mobile\AndroidStudioProjects\projetmajeur\.gradle\7.4\executionHistory)" [_thread_blocked, id=11864, stack(0x000000eb57b00000,0x000000eb57c00000)]
  0x000002806fed1000 JavaThread "Cache worker for Java compile cache (C:\Users\nuage\.gradle\caches\7.4\javaCompile)" [_thread_blocked, id=8392, stack(0x000000eb57c00000,0x000000eb57d00000)]

Other Threads:
=>0x0000028067c16000 VMThread "VM Thread" [stack: 0x000000eb4ba00000,0x000000eb4bb00000] [id=17624]
  0x000002806876a000 WatcherThread [stack: 0x000000eb4c400000,0x000000eb4c500000] [id=6548]
  0x000002804d356800 GCTaskThread "GC Thread#0" [stack: 0x000000eb4b500000,0x000000eb4b600000] [id=15756]
  0x00000280692a3000 GCTaskThread "GC Thread#1" [stack: 0x000000eb4c700000,0x000000eb4c800000] [id=8292]
  0x000002806960f000 GCTaskThread "GC Thread#2" [stack: 0x000000eb4c800000,0x000000eb4c900000] [id=112]
  0x000002806a05d800 GCTaskThread "GC Thread#3" [stack: 0x000000eb4d200000,0x000000eb4d300000] [id=14712]
  0x000002806a771000 GCTaskThread "GC Thread#4" [stack: 0x000000eb4d300000,0x000000eb4d400000] [id=18876]
  0x00000280691bc000 GCTaskThread "GC Thread#5" [stack: 0x000000eb4d400000,0x000000eb4d500000] [id=4280]
  0x00000280691bd000 GCTaskThread "GC Thread#6" [stack: 0x000000eb4d500000,0x000000eb4d600000] [id=10244]
  0x0000028069a82800 GCTaskThread "GC Thread#7" [stack: 0x000000eb4d600000,0x000000eb4d700000] [id=10120]
  0x0000028069a83000 GCTaskThread "GC Thread#8" [stack: 0x000000eb4d700000,0x000000eb4d800000] [id=1124]
  0x0000028069a1d800 GCTaskThread "GC Thread#9" [stack: 0x000000eb4d800000,0x000000eb4d900000] [id=16432]
  0x000002804d38a800 ConcurrentGCThread "G1 Main Marker" [stack: 0x000000eb4b600000,0x000000eb4b700000] [id=7024]
  0x000002804d38b800 ConcurrentGCThread "G1 Conc#0" [stack: 0x000000eb4b700000,0x000000eb4b800000] [id=16648]
  0x000002806a8d1800 ConcurrentGCThread "G1 Conc#1" [stack: 0x000000eb4dc00000,0x000000eb4dd00000] [id=8360]
  0x0000028069815800 ConcurrentGCThread "G1 Conc#2" [stack: 0x000000eb4dd00000,0x000000eb4de00000] [id=15732]
  0x0000028067a66800 ConcurrentGCThread "G1 Refine#0" [stack: 0x000000eb4b800000,0x000000eb4b900000] [id=12480]
  0x000002806f9f1000 ConcurrentGCThread "G1 Refine#1" [stack: 0x000000eb57d00000,0x000000eb57e00000] [id=7596]
  0x000002806f9f3800 ConcurrentGCThread "G1 Refine#2" [stack: 0x000000eb57e00000,0x000000eb57f00000] [id=13540]
  0x000002806f9ef800 ConcurrentGCThread "G1 Refine#3" [stack: 0x000000eb57f00000,0x000000eb58000000] [id=8368]
  0x000002806f9f4000 ConcurrentGCThread "G1 Refine#4" [stack: 0x000000eb58000000,0x000000eb58100000] [id=4100]
  0x000002806f9f5000 ConcurrentGCThread "G1 Refine#5" [stack: 0x000000eb58100000,0x000000eb58200000] [id=13152]
  0x000002806f9f0800 ConcurrentGCThread "G1 Refine#6" [stack: 0x000000eb58200000,0x000000eb58300000] [id=15264]
  0x0000028067a67000 ConcurrentGCThread "G1 Young RemSet Sampling" [stack: 0x000000eb4b900000,0x000000eb4ba00000] [id=13924]

Threads with active compile tasks:
C2 CompilerThread1  13842 11058       4       android.databinding.tool.reflection.SdkUtil$ApiChecker::buildFullLookup (252 bytes)

VM state:at safepoint (normal execution)

VM Mutex/Monitor currently owned by a thread:  ([mutex/lock_event])
[0x000002804d338870] Threads_lock - owner thread: 0x0000028067c16000
[0x000002804d3385a0] Heap_lock - owner thread: 0x0000028071252000

Heap address: 0x0000000080000000, size: 2048 MB, Compressed Oops mode: 32-bit
Narrow klass base: 0x0000000000000000, Narrow klass shift: 3
Compressed class space size: 1073741824 Address: 0x0000000100000000

Heap:
 garbage-first heap   total 335872K, used 235520K [0x0000000080000000, 0x0000000100000000)
  region size 1024K, 2 young (2048K), 2 survivors (2048K)
 Metaspace       used 101638K, capacity 104002K, committed 104912K, reserved 1140736K
  class space    used 12917K, capacity 13836K, committed 14156K, reserved 1048576K
Heap Regions: E=young(eden), S=young(survivor), O=old, HS=humongous(starts), HC=humongous(continues), CS=collection set, F=free, A=archive, TAMS=top-at-mark-start (previous, next)
|   0|0x0000000080000000, 0x0000000080100000, 0x0000000080100000|100%| O|  |TAMS 0x0000000080100000, 0x0000000080100000| Untracked 
|   1|0x0000000080100000, 0x0000000080200000, 0x0000000080200000|100%| O|  |TAMS 0x0000000080200000, 0x0000000080200000| Untracked 
|   2|0x0000000080200000, 0x0000000080300000, 0x0000000080300000|100%| O|  |TAMS 0x0000000080300000, 0x0000000080300000| Untracked 
|   3|0x0000000080300000, 0x0000000080400000, 0x0000000080400000|100%|HS|  |TAMS 0x0000000080400000, 0x0000000080400000| Complete 
|   4|0x0000000080400000, 0x0000000080500000, 0x0000000080500000|100%|HC|  |TAMS 0x0000000080500000, 0x0000000080500000| Complete 
|   5|0x0000000080500000, 0x0000000080600000, 0x0000000080600000|100%|HC|  |TAMS 0x0000000080600000, 0x0000000080600000| Complete 
|   6|0x0000000080600000, 0x0000000080700000, 0x0000000080700000|100%| O|  |TAMS 0x0000000080700000, 0x0000000080700000| Untracked 
|   7|0x0000000080700000, 0x0000000080800000, 0x0000000080800000|100%| O|  |TAMS 0x0000000080800000, 0x0000000080800000| Untracked 
|   8|0x0000000080800000, 0x0000000080900000, 0x0000000080900000|100%| O|  |TAMS 0x0000000080900000, 0x0000000080900000| Untracked 
|   9|0x0000000080900000, 0x0000000080a00000, 0x0000000080a00000|100%| O|  |TAMS 0x0000000080a00000, 0x0000000080a00000| Untracked 
|  10|0x0000000080a00000, 0x0000000080b00000, 0x0000000080b00000|100%| O|  |TAMS 0x0000000080b00000, 0x0000000080b00000| Untracked 
|  11|0x0000000080b00000, 0x0000000080c00000, 0x0000000080c00000|100%| O|  |TAMS 0x0000000080c00000, 0x0000000080c00000| Untracked 
|  12|0x0000000080c00000, 0x0000000080d00000, 0x0000000080d00000|100%| O|  |TAMS 0x0000000080d00000, 0x0000000080d00000| Untracked 
|  13|0x0000000080d00000, 0x0000000080e00000, 0x0000000080e00000|100%| O|  |TAMS 0x0000000080e00000, 0x0000000080e00000| Untracked 
|  14|0x0000000080e00000, 0x0000000080f00000, 0x0000000080f00000|100%| O|  |TAMS 0x0000000080f00000, 0x0000000080f00000| Untracked 
|  15|0x0000000080f00000, 0x0000000081000000, 0x0000000081000000|100%| O|  |TAMS 0x0000000081000000, 0x0000000081000000| Untracked 
|  16|0x0000000081000000, 0x0000000081100000, 0x0000000081100000|100%|HS|  |TAMS 0x0000000081100000, 0x0000000081100000| Complete 
|  17|0x0000000081100000, 0x0000000081200000, 0x0000000081200000|100%| O|  |TAMS 0x0000000081200000, 0x0000000081200000| Untracked 
|  18|0x0000000081200000, 0x0000000081300000, 0x0000000081300000|100%| O|  |TAMS 0x0000000081300000, 0x0000000081300000| Untracked 
|  19|0x0000000081300000, 0x0000000081400000, 0x0000000081400000|100%| O|  |TAMS 0x0000000081400000, 0x0000000081400000| Untracked 
|  20|0x0000000081400000, 0x0000000081500000, 0x0000000081500000|100%| O|  |TAMS 0x0000000081500000, 0x0000000081500000| Untracked 
|  21|0x0000000081500000, 0x0000000081600000, 0x0000000081600000|100%| O|  |TAMS 0x0000000081600000, 0x0000000081600000| Untracked 
|  22|0x0000000081600000, 0x0000000081700000, 0x0000000081700000|100%| O|  |TAMS 0x0000000081700000, 0x0000000081700000| Untracked 
|  23|0x0000000081700000, 0x0000000081800000, 0x0000000081800000|100%| O|  |TAMS 0x0000000081800000, 0x0000000081800000| Untracked 
|  24|0x0000000081800000, 0x0000000081900000, 0x0000000081900000|100%| O|  |TAMS 0x0000000081900000, 0x0000000081900000| Untracked 
|  25|0x0000000081900000, 0x0000000081a00000, 0x0000000081a00000|100%| O|  |TAMS 0x0000000081a00000, 0x0000000081a00000| Untracked 
|  26|0x0000000081a00000, 0x0000000081b00000, 0x0000000081b00000|100%| O|  |TAMS 0x0000000081b00000, 0x0000000081b00000| Untracked 
|  27|0x0000000081b00000, 0x0000000081c00000, 0x0000000081c00000|100%| O|  |TAMS 0x0000000081c00000, 0x0000000081c00000| Untracked 
|  28|0x0000000081c00000, 0x0000000081d00000, 0x0000000081d00000|100%|HS|  |TAMS 0x0000000081d00000, 0x0000000081d00000| Complete 
|  29|0x0000000081d00000, 0x0000000081e00000, 0x0000000081e00000|100%|HS|  |TAMS 0x0000000081e00000, 0x0000000081e00000| Complete 
|  30|0x0000000081e00000, 0x0000000081f00000, 0x0000000081f00000|100%|HC|  |TAMS 0x0000000081f00000, 0x0000000081f00000| Complete 
|  31|0x0000000081f00000, 0x0000000082000000, 0x0000000082000000|100%| O|  |TAMS 0x0000000082000000, 0x0000000082000000| Untracked 
|  32|0x0000000082000000, 0x0000000082100000, 0x0000000082100000|100%| O|  |TAMS 0x0000000082100000, 0x0000000082100000| Untracked 
|  33|0x0000000082100000, 0x0000000082200000, 0x0000000082200000|100%| O|  |TAMS 0x0000000082200000, 0x0000000082200000| Untracked 
|  34|0x0000000082200000, 0x0000000082300000, 0x0000000082300000|100%| O|  |TAMS 0x0000000082300000, 0x0000000082300000| Untracked 
|  35|0x0000000082300000, 0x0000000082400000, 0x0000000082400000|100%| O|  |TAMS 0x0000000082400000, 0x0000000082400000| Untracked 
|  36|0x0000000082400000, 0x0000000082500000, 0x0000000082500000|100%| O|  |TAMS 0x0000000082500000, 0x0000000082500000| Untracked 
|  37|0x0000000082500000, 0x0000000082600000, 0x0000000082600000|100%| O|  |TAMS 0x0000000082600000, 0x0000000082600000| Untracked 
|  38|0x0000000082600000, 0x0000000082700000, 0x0000000082700000|100%| O|  |TAMS 0x0000000082700000, 0x0000000082700000| Untracked 
|  39|0x0000000082700000, 0x0000000082800000, 0x0000000082800000|100%| O|  |TAMS 0x0000000082800000, 0x0000000082800000| Untracked 
|  40|0x0000000082800000, 0x0000000082900000, 0x0000000082900000|100%| O|  |TAMS 0x0000000082900000, 0x0000000082900000| Untracked 
|  41|0x0000000082900000, 0x0000000082a00000, 0x0000000082a00000|100%| O|  |TAMS 0x0000000082a00000, 0x0000000082a00000| Untracked 
|  42|0x0000000082a00000, 0x0000000082b00000, 0x0000000082b00000|100%| O|  |TAMS 0x0000000082b00000, 0x0000000082b00000| Untracked 
|  43|0x0000000082b00000, 0x0000000082c00000, 0x0000000082c00000|100%| O|  |TAMS 0x0000000082c00000, 0x0000000082c00000| Untracked 
|  44|0x0000000082c00000, 0x0000000082d00000, 0x0000000082d00000|100%| O|  |TAMS 0x0000000082d00000, 0x0000000082d00000| Untracked 
|  45|0x0000000082d00000, 0x0000000082e00000, 0x0000000082e00000|100%| O|  |TAMS 0x0000000082e00000, 0x0000000082e00000| Untracked 
|  46|0x0000000082e00000, 0x0000000082f00000, 0x0000000082f00000|100%| O|  |TAMS 0x0000000082f00000, 0x0000000082f00000| Untracked 
|  47|0x0000000082f00000, 0x0000000083000000, 0x0000000083000000|100%| O|  |TAMS 0x0000000083000000, 0x0000000083000000| Untracked 
|  48|0x0000000083000000, 0x0000000083100000, 0x0000000083100000|100%| O|  |TAMS 0x0000000083100000, 0x0000000083100000| Untracked 
|  49|0x0000000083100000, 0x0000000083200000, 0x0000000083200000|100%| O|  |TAMS 0x0000000083200000, 0x0000000083200000| Untracked 
|  50|0x0000000083200000, 0x0000000083300000, 0x0000000083300000|100%| O|  |TAMS 0x0000000083300000, 0x0000000083300000| Untracked 
|  51|0x0000000083300000, 0x0000000083400000, 0x0000000083400000|100%| O|  |TAMS 0x0000000083400000, 0x0000000083400000| Untracked 
|  52|0x0000000083400000, 0x0000000083500000, 0x0000000083500000|100%| O|  |TAMS 0x0000000083500000, 0x0000000083500000| Untracked 
|  53|0x0000000083500000, 0x0000000083600000, 0x0000000083600000|100%| O|  |TAMS 0x0000000083600000, 0x0000000083600000| Untracked 
|  54|0x0000000083600000, 0x0000000083700000, 0x0000000083700000|100%| O|  |TAMS 0x0000000083700000, 0x0000000083700000| Untracked 
|  55|0x0000000083700000, 0x0000000083800000, 0x0000000083800000|100%| O|  |TAMS 0x0000000083800000, 0x0000000083800000| Untracked 
|  56|0x0000000083800000, 0x0000000083900000, 0x0000000083900000|100%| O|  |TAMS 0x0000000083900000, 0x0000000083900000| Untracked 
|  57|0x0000000083900000, 0x0000000083a00000, 0x0000000083a00000|100%| O|  |TAMS 0x0000000083a00000, 0x0000000083a00000| Untracked 
|  58|0x0000000083a00000, 0x0000000083b00000, 0x0000000083b00000|100%| O|  |TAMS 0x0000000083b00000, 0x0000000083b00000| Untracked 
|  59|0x0000000083b00000, 0x0000000083c00000, 0x0000000083c00000|100%| O|  |TAMS 0x0000000083c00000, 0x0000000083c00000| Untracked 
|  60|0x0000000083c00000, 0x0000000083d00000, 0x0000000083d00000|100%| O|  |TAMS 0x0000000083d00000, 0x0000000083d00000| Untracked 
|  61|0x0000000083d00000, 0x0000000083e00000, 0x0000000083e00000|100%| O|  |TAMS 0x0000000083e00000, 0x0000000083e00000| Untracked 
|  62|0x0000000083e00000, 0x0000000083f00000, 0x0000000083f00000|100%| O|  |TAMS 0x0000000083f00000, 0x0000000083f00000| Untracked 
|  63|0x0000000083f00000, 0x0000000084000000, 0x0000000084000000|100%| O|  |TAMS 0x0000000084000000, 0x0000000084000000| Untracked 
|  64|0x0000000084000000, 0x0000000084100000, 0x0000000084100000|100%| O|  |TAMS 0x0000000084100000, 0x0000000084100000| Untracked 
|  65|0x0000000084100000, 0x0000000084200000, 0x0000000084200000|100%| O|  |TAMS 0x0000000084200000, 0x0000000084200000| Untracked 
|  66|0x0000000084200000, 0x0000000084300000, 0x0000000084300000|100%| O|  |TAMS 0x0000000084300000, 0x0000000084300000| Untracked 
|  67|0x0000000084300000, 0x0000000084400000, 0x0000000084400000|100%| O|  |TAMS 0x0000000084400000, 0x0000000084400000| Untracked 
|  68|0x0000000084400000, 0x0000000084500000, 0x0000000084500000|100%| O|  |TAMS 0x0000000084500000, 0x0000000084500000| Untracked 
|  69|0x0000000084500000, 0x0000000084600000, 0x0000000084600000|100%| O|  |TAMS 0x0000000084600000, 0x0000000084600000| Untracked 
|  70|0x0000000084600000, 0x0000000084700000, 0x0000000084700000|100%| O|  |TAMS 0x0000000084700000, 0x0000000084700000| Untracked 
|  71|0x0000000084700000, 0x0000000084800000, 0x0000000084800000|100%|HS|  |TAMS 0x0000000084800000, 0x0000000084800000| Complete 
|  72|0x0000000084800000, 0x0000000084900000, 0x0000000084900000|100%|HC|  |TAMS 0x0000000084900000, 0x0000000084900000| Complete 
|  73|0x0000000084900000, 0x0000000084a00000, 0x0000000084a00000|100%| O|  |TAMS 0x0000000084a00000, 0x0000000084a00000| Untracked 
|  74|0x0000000084a00000, 0x0000000084b00000, 0x0000000084b00000|100%| O|  |TAMS 0x0000000084b00000, 0x0000000084b00000| Untracked 
|  75|0x0000000084b00000, 0x0000000084c00000, 0x0000000084c00000|100%| O|  |TAMS 0x0000000084c00000, 0x0000000084c00000| Untracked 
|  76|0x0000000084c00000, 0x0000000084d00000, 0x0000000084d00000|100%| O|  |TAMS 0x0000000084d00000, 0x0000000084d00000| Untracked 
|  77|0x0000000084d00000, 0x0000000084e00000, 0x0000000084e00000|100%| O|  |TAMS 0x0000000084e00000, 0x0000000084e00000| Untracked 
|  78|0x0000000084e00000, 0x0000000084f00000, 0x0000000084f00000|100%| O|  |TAMS 0x0000000084f00000, 0x0000000084f00000| Untracked 
|  79|0x0000000084f00000, 0x0000000085000000, 0x0000000085000000|100%| O|  |TAMS 0x0000000085000000, 0x0000000085000000| Untracked 
|  80|0x0000000085000000, 0x0000000085100000, 0x0000000085100000|100%| O|  |TAMS 0x0000000085100000, 0x0000000085100000| Untracked 
|  81|0x0000000085100000, 0x0000000085200000, 0x0000000085200000|100%| O|  |TAMS 0x0000000085200000, 0x0000000085200000| Untracked 
|  82|0x0000000085200000, 0x0000000085300000, 0x0000000085300000|100%| O|  |TAMS 0x0000000085300000, 0x0000000085300000| Untracked 
|  83|0x0000000085300000, 0x0000000085400000, 0x0000000085400000|100%| O|  |TAMS 0x0000000085400000, 0x0000000085400000| Untracked 
|  84|0x0000000085400000, 0x0000000085500000, 0x0000000085500000|100%| O|  |TAMS 0x0000000085500000, 0x0000000085500000| Untracked 
|  85|0x0000000085500000, 0x0000000085600000, 0x0000000085600000|100%| O|  |TAMS 0x0000000085600000, 0x0000000085600000| Untracked 
|  86|0x0000000085600000, 0x0000000085700000, 0x0000000085700000|100%| O|  |TAMS 0x0000000085700000, 0x0000000085700000| Untracked 
|  87|0x0000000085700000, 0x0000000085800000, 0x0000000085800000|100%| O|  |TAMS 0x0000000085800000, 0x0000000085800000| Untracked 
|  88|0x0000000085800000, 0x0000000085900000, 0x0000000085900000|100%| O|  |TAMS 0x0000000085900000, 0x0000000085900000| Untracked 
|  89|0x0000000085900000, 0x0000000085a00000, 0x0000000085a00000|100%| O|  |TAMS 0x0000000085a00000, 0x0000000085a00000| Untracked 
|  90|0x0000000085a00000, 0x0000000085b00000, 0x0000000085b00000|100%| O|  |TAMS 0x0000000085b00000, 0x0000000085b00000| Untracked 
|  91|0x0000000085b00000, 0x0000000085c00000, 0x0000000085c00000|100%| O|  |TAMS 0x0000000085c00000, 0x0000000085c00000| Untracked 
|  92|0x0000000085c00000, 0x0000000085d00000, 0x0000000085d00000|100%| O|  |TAMS 0x0000000085d00000, 0x0000000085d00000| Untracked 
|  93|0x0000000085d00000, 0x0000000085e00000, 0x0000000085e00000|100%| O|  |TAMS 0x0000000085e00000, 0x0000000085e00000| Untracked 
|  94|0x0000000085e00000, 0x0000000085f00000, 0x0000000085f00000|100%| O|  |TAMS 0x0000000085f00000, 0x0000000085f00000| Untracked 
|  95|0x0000000085f00000, 0x0000000086000000, 0x0000000086000000|100%| O|  |TAMS 0x0000000086000000, 0x0000000086000000| Untracked 
|  96|0x0000000086000000, 0x0000000086100000, 0x0000000086100000|100%| O|  |TAMS 0x0000000086100000, 0x0000000086100000| Untracked 
|  97|0x0000000086100000, 0x0000000086200000, 0x0000000086200000|100%| O|  |TAMS 0x0000000086200000, 0x0000000086200000| Untracked 
|  98|0x0000000086200000, 0x0000000086300000, 0x0000000086300000|100%| O|  |TAMS 0x0000000086300000, 0x0000000086300000| Untracked 
|  99|0x0000000086300000, 0x0000000086400000, 0x0000000086400000|100%| O|  |TAMS 0x0000000086400000, 0x0000000086400000| Untracked 
| 100|0x0000000086400000, 0x0000000086500000, 0x0000000086500000|100%| O|  |TAMS 0x0000000086500000, 0x0000000086500000| Untracked 
| 101|0x0000000086500000, 0x0000000086600000, 0x0000000086600000|100%| O|  |TAMS 0x0000000086600000, 0x0000000086600000| Untracked 
| 102|0x0000000086600000, 0x0000000086700000, 0x0000000086700000|100%| O|  |TAMS 0x0000000086700000, 0x0000000086700000| Untracked 
| 103|0x0000000086700000, 0x0000000086800000, 0x0000000086800000|100%| O|  |TAMS 0x0000000086800000, 0x0000000086800000| Untracked 
| 104|0x0000000086800000, 0x0000000086900000, 0x0000000086900000|100%| O|  |TAMS 0x0000000086900000, 0x0000000086900000| Untracked 
| 105|0x0000000086900000, 0x0000000086a00000, 0x0000000086a00000|100%| O|  |TAMS 0x0000000086a00000, 0x0000000086a00000| Untracked 
| 106|0x0000000086a00000, 0x0000000086b00000, 0x0000000086b00000|100%| O|  |TAMS 0x0000000086b00000, 0x0000000086b00000| Untracked 
| 107|0x0000000086b00000, 0x0000000086c00000, 0x0000000086c00000|100%| O|  |TAMS 0x0000000086c00000, 0x0000000086c00000| Untracked 
| 108|0x0000000086c00000, 0x0000000086d00000, 0x0000000086d00000|100%| O|  |TAMS 0x0000000086d00000, 0x0000000086d00000| Untracked 
| 109|0x0000000086d00000, 0x0000000086e00000, 0x0000000086e00000|100%| O|  |TAMS 0x0000000086e00000, 0x0000000086e00000| Untracked 
| 110|0x0000000086e00000, 0x0000000086f00000, 0x0000000086f00000|100%| O|  |TAMS 0x0000000086f00000, 0x0000000086f00000| Untracked 
| 111|0x0000000086f00000, 0x0000000087000000, 0x0000000087000000|100%| O|  |TAMS 0x0000000087000000, 0x0000000087000000| Untracked 
| 112|0x0000000087000000, 0x0000000087100000, 0x0000000087100000|100%| O|  |TAMS 0x0000000087100000, 0x0000000087100000| Untracked 
| 113|0x0000000087100000, 0x0000000087200000, 0x0000000087200000|100%| O|  |TAMS 0x0000000087200000, 0x0000000087200000| Untracked 
| 114|0x0000000087200000, 0x0000000087300000, 0x0000000087300000|100%| O|  |TAMS 0x0000000087300000, 0x0000000087300000| Untracked 
| 115|0x0000000087300000, 0x0000000087400000, 0x0000000087400000|100%| O|  |TAMS 0x0000000087400000, 0x0000000087400000| Untracked 
| 116|0x0000000087400000, 0x0000000087500000, 0x0000000087500000|100%| O|  |TAMS 0x0000000087500000, 0x0000000087500000| Untracked 
| 117|0x0000000087500000, 0x0000000087600000, 0x0000000087600000|100%| O|  |TAMS 0x0000000087600000, 0x0000000087600000| Untracked 
| 118|0x0000000087600000, 0x0000000087700000, 0x0000000087700000|100%| O|  |TAMS 0x0000000087700000, 0x0000000087700000| Untracked 
| 119|0x0000000087700000, 0x0000000087800000, 0x0000000087800000|100%| O|  |TAMS 0x0000000087800000, 0x0000000087800000| Untracked 
| 120|0x0000000087800000, 0x0000000087900000, 0x0000000087900000|100%| O|  |TAMS 0x0000000087900000, 0x0000000087900000| Untracked 
| 121|0x0000000087900000, 0x0000000087a00000, 0x0000000087a00000|100%| O|  |TAMS 0x0000000087a00000, 0x0000000087a00000| Untracked 
| 122|0x0000000087a00000, 0x0000000087b00000, 0x0000000087b00000|100%| O|  |TAMS 0x0000000087b00000, 0x0000000087b00000| Untracked 
| 123|0x0000000087b00000, 0x0000000087c00000, 0x0000000087c00000|100%| O|  |TAMS 0x0000000087c00000, 0x0000000087c00000| Untracked 
| 124|0x0000000087c00000, 0x0000000087d00000, 0x0000000087d00000|100%| O|  |TAMS 0x0000000087d00000, 0x0000000087d00000| Untracked 
| 125|0x0000000087d00000, 0x0000000087e00000, 0x0000000087e00000|100%| O|  |TAMS 0x0000000087e00000, 0x0000000087e00000| Untracked 
| 126|0x0000000087e00000, 0x0000000087f00000, 0x0000000087f00000|100%| O|  |TAMS 0x0000000087f00000, 0x0000000087f00000| Untracked 
| 127|0x0000000087f00000, 0x0000000088000000, 0x0000000088000000|100%| O|  |TAMS 0x0000000088000000, 0x0000000088000000| Untracked 
| 128|0x0000000088000000, 0x0000000088100000, 0x0000000088100000|100%| O|  |TAMS 0x0000000088100000, 0x0000000088100000| Untracked 
| 129|0x0000000088100000, 0x0000000088200000, 0x0000000088200000|100%| O|  |TAMS 0x0000000088200000, 0x0000000088200000| Untracked 
| 130|0x0000000088200000, 0x0000000088300000, 0x0000000088300000|100%| O|  |TAMS 0x0000000088300000, 0x0000000088300000| Untracked 
| 131|0x0000000088300000, 0x0000000088400000, 0x0000000088400000|100%| O|  |TAMS 0x0000000088400000, 0x0000000088400000| Untracked 
| 132|0x0000000088400000, 0x0000000088500000, 0x0000000088500000|100%| O|  |TAMS 0x0000000088500000, 0x0000000088500000| Untracked 
| 133|0x0000000088500000, 0x0000000088600000, 0x0000000088600000|100%| O|  |TAMS 0x0000000088600000, 0x0000000088600000| Untracked 
| 134|0x0000000088600000, 0x0000000088700000, 0x0000000088700000|100%| O|  |TAMS 0x0000000088700000, 0x0000000088700000| Untracked 
| 135|0x0000000088700000, 0x0000000088800000, 0x0000000088800000|100%| O|  |TAMS 0x0000000088800000, 0x0000000088800000| Untracked 
| 136|0x0000000088800000, 0x0000000088900000, 0x0000000088900000|100%| O|  |TAMS 0x0000000088900000, 0x0000000088900000| Untracked 
| 137|0x0000000088900000, 0x0000000088a00000, 0x0000000088a00000|100%| O|  |TAMS 0x0000000088a00000, 0x0000000088a00000| Untracked 
| 138|0x0000000088a00000, 0x0000000088b00000, 0x0000000088b00000|100%| O|  |TAMS 0x0000000088b00000, 0x0000000088b00000| Untracked 
| 139|0x0000000088b00000, 0x0000000088c00000, 0x0000000088c00000|100%| O|  |TAMS 0x0000000088c00000, 0x0000000088c00000| Untracked 
| 140|0x0000000088c00000, 0x0000000088d00000, 0x0000000088d00000|100%| O|  |TAMS 0x0000000088d00000, 0x0000000088d00000| Untracked 
| 141|0x0000000088d00000, 0x0000000088e00000, 0x0000000088e00000|100%| O|  |TAMS 0x0000000088e00000, 0x0000000088e00000| Untracked 
| 142|0x0000000088e00000, 0x0000000088f00000, 0x0000000088f00000|100%| O|  |TAMS 0x0000000088f00000, 0x0000000088f00000| Untracked 
| 143|0x0000000088f00000, 0x0000000089000000, 0x0000000089000000|100%| O|  |TAMS 0x0000000089000000, 0x0000000089000000| Untracked 
| 144|0x0000000089000000, 0x0000000089100000, 0x0000000089100000|100%| O|  |TAMS 0x000000008902c400, 0x0000000089100000| Untracked 
| 145|0x0000000089100000, 0x0000000089200000, 0x0000000089200000|100%| O|  |TAMS 0x0000000089100000, 0x0000000089200000| Untracked 
| 146|0x0000000089200000, 0x0000000089300000, 0x0000000089300000|100%| O|  |TAMS 0x0000000089200000, 0x0000000089300000| Untracked 
| 147|0x0000000089300000, 0x0000000089400000, 0x0000000089400000|100%| O|  |TAMS 0x0000000089300000, 0x0000000089400000| Untracked 
| 148|0x0000000089400000, 0x0000000089500000, 0x0000000089500000|100%| O|  |TAMS 0x0000000089400000, 0x0000000089500000| Untracked 
| 149|0x0000000089500000, 0x0000000089600000, 0x0000000089600000|100%| O|  |TAMS 0x0000000089500000, 0x0000000089600000| Untracked 
| 150|0x0000000089600000, 0x0000000089700000, 0x0000000089700000|100%| O|  |TAMS 0x0000000089600000, 0x0000000089700000| Untracked 
| 151|0x0000000089700000, 0x0000000089800000, 0x0000000089800000|100%| O|  |TAMS 0x0000000089700000, 0x0000000089800000| Untracked 
| 152|0x0000000089800000, 0x0000000089900000, 0x0000000089900000|100%| O|  |TAMS 0x0000000089800000, 0x0000000089900000| Untracked 
| 153|0x0000000089900000, 0x0000000089a00000, 0x0000000089a00000|100%| O|  |TAMS 0x0000000089900000, 0x0000000089a00000| Untracked 
| 154|0x0000000089a00000, 0x0000000089b00000, 0x0000000089b00000|100%| O|  |TAMS 0x0000000089a00000, 0x0000000089b00000| Untracked 
| 155|0x0000000089b00000, 0x0000000089c00000, 0x0000000089c00000|100%| O|  |TAMS 0x0000000089b00000, 0x0000000089c00000| Untracked 
| 156|0x0000000089c00000, 0x0000000089d00000, 0x0000000089d00000|100%| O|  |TAMS 0x0000000089c00000, 0x0000000089d00000| Untracked 
| 157|0x0000000089d00000, 0x0000000089e00000, 0x0000000089e00000|100%| O|  |TAMS 0x0000000089d00000, 0x0000000089e00000| Untracked 
| 158|0x0000000089e00000, 0x0000000089f00000, 0x0000000089f00000|100%| O|  |TAMS 0x0000000089e00000, 0x0000000089f00000| Untracked 
| 159|0x0000000089f00000, 0x000000008a000000, 0x000000008a000000|100%| O|  |TAMS 0x0000000089f00000, 0x000000008a000000| Untracked 
| 160|0x000000008a000000, 0x000000008a100000, 0x000000008a100000|100%| O|  |TAMS 0x000000008a000000, 0x000000008a100000| Untracked 
| 161|0x000000008a100000, 0x000000008a200000, 0x000000008a200000|100%| O|  |TAMS 0x000000008a100000, 0x000000008a200000| Untracked 
| 162|0x000000008a200000, 0x000000008a300000, 0x000000008a300000|100%| O|  |TAMS 0x000000008a200000, 0x000000008a300000| Untracked 
| 163|0x000000008a300000, 0x000000008a400000, 0x000000008a400000|100%| O|  |TAMS 0x000000008a300000, 0x000000008a400000| Untracked 
| 164|0x000000008a400000, 0x000000008a500000, 0x000000008a500000|100%| O|  |TAMS 0x000000008a400000, 0x000000008a500000| Untracked 
| 165|0x000000008a500000, 0x000000008a600000, 0x000000008a600000|100%| O|  |TAMS 0x000000008a500000, 0x000000008a600000| Untracked 
| 166|0x000000008a600000, 0x000000008a700000, 0x000000008a700000|100%| O|  |TAMS 0x000000008a600000, 0x000000008a700000| Untracked 
| 167|0x000000008a700000, 0x000000008a800000, 0x000000008a800000|100%| O|  |TAMS 0x000000008a700000, 0x000000008a800000| Untracked 
| 168|0x000000008a800000, 0x000000008a900000, 0x000000008a900000|100%| O|  |TAMS 0x000000008a800000, 0x000000008a900000| Untracked 
| 169|0x000000008a900000, 0x000000008aa00000, 0x000000008aa00000|100%| O|  |TAMS 0x000000008a900000, 0x000000008aa00000| Untracked 
| 170|0x000000008aa00000, 0x000000008ab00000, 0x000000008ab00000|100%| O|  |TAMS 0x000000008aa00000, 0x000000008ab00000| Untracked 
| 171|0x000000008ab00000, 0x000000008ac00000, 0x000000008ac00000|100%| O|  |TAMS 0x000000008ab00000, 0x000000008ac00000| Untracked 
| 172|0x000000008ac00000, 0x000000008ad00000, 0x000000008ad00000|100%| O|  |TAMS 0x000000008ac00000, 0x000000008ad00000| Untracked 
| 173|0x000000008ad00000, 0x000000008ae00000, 0x000000008ae00000|100%| O|  |TAMS 0x000000008ad00000, 0x000000008ae00000| Untracked 
| 174|0x000000008ae00000, 0x000000008af00000, 0x000000008af00000|100%| O|  |TAMS 0x000000008ae00000, 0x000000008af00000| Untracked 
| 175|0x000000008af00000, 0x000000008b000000, 0x000000008b000000|100%| O|  |TAMS 0x000000008af00000, 0x000000008b000000| Untracked 
| 176|0x000000008b000000, 0x000000008b100000, 0x000000008b100000|100%| O|  |TAMS 0x000000008b000000, 0x000000008b100000| Untracked 
| 177|0x000000008b100000, 0x000000008b200000, 0x000000008b200000|100%| O|  |TAMS 0x000000008b100000, 0x000000008b200000| Untracked 
| 178|0x000000008b200000, 0x000000008b300000, 0x000000008b300000|100%| O|  |TAMS 0x000000008b200000, 0x000000008b300000| Untracked 
| 179|0x000000008b300000, 0x000000008b400000, 0x000000008b400000|100%| O|  |TAMS 0x000000008b300000, 0x000000008b400000| Untracked 
| 180|0x000000008b400000, 0x000000008b500000, 0x000000008b500000|100%| O|  |TAMS 0x000000008b400000, 0x000000008b500000| Untracked 
| 181|0x000000008b500000, 0x000000008b600000, 0x000000008b600000|100%| O|  |TAMS 0x000000008b500000, 0x000000008b600000| Untracked 
| 182|0x000000008b600000, 0x000000008b700000, 0x000000008b700000|100%| O|  |TAMS 0x000000008b600000, 0x000000008b700000| Untracked 
| 183|0x000000008b700000, 0x000000008b800000, 0x000000008b800000|100%| O|  |TAMS 0x000000008b800000, 0x000000008b800000| Untracked 
| 184|0x000000008b800000, 0x000000008b900000, 0x000000008b900000|100%| O|  |TAMS 0x000000008b900000, 0x000000008b900000| Untracked 
| 185|0x000000008b900000, 0x000000008ba00000, 0x000000008ba00000|100%| O|  |TAMS 0x000000008ba00000, 0x000000008ba00000| Untracked 
| 186|0x000000008ba00000, 0x000000008bb00000, 0x000000008bb00000|100%| O|  |TAMS 0x000000008bb00000, 0x000000008bb00000| Untracked 
| 187|0x000000008bb00000, 0x000000008bc00000, 0x000000008bc00000|100%| O|  |TAMS 0x000000008bc00000, 0x000000008bc00000| Untracked 
| 188|0x000000008bc00000, 0x000000008bd00000, 0x000000008bd00000|100%| O|  |TAMS 0x000000008bd00000, 0x000000008bd00000| Untracked 
| 189|0x000000008bd00000, 0x000000008be00000, 0x000000008be00000|100%| O|  |TAMS 0x000000008be00000, 0x000000008be00000| Untracked 
| 190|0x000000008be00000, 0x000000008bf00000, 0x000000008bf00000|100%| O|  |TAMS 0x000000008bf00000, 0x000000008bf00000| Untracked 
| 191|0x000000008bf00000, 0x000000008c000000, 0x000000008c000000|100%| O|  |TAMS 0x000000008c000000, 0x000000008c000000| Untracked 
| 192|0x000000008c000000, 0x000000008c100000, 0x000000008c100000|100%| O|  |TAMS 0x000000008c100000, 0x000000008c100000| Untracked 
| 193|0x000000008c100000, 0x000000008c200000, 0x000000008c200000|100%| O|  |TAMS 0x000000008c200000, 0x000000008c200000| Untracked 
| 194|0x000000008c200000, 0x000000008c300000, 0x000000008c300000|100%| O|  |TAMS 0x000000008c300000, 0x000000008c300000| Untracked 
| 195|0x000000008c300000, 0x000000008c400000, 0x000000008c400000|100%| O|  |TAMS 0x000000008c400000, 0x000000008c400000| Untracked 
| 196|0x000000008c400000, 0x000000008c500000, 0x000000008c500000|100%| O|  |TAMS 0x000000008c500000, 0x000000008c500000| Untracked 
| 197|0x000000008c500000, 0x000000008c600000, 0x000000008c600000|100%| O|  |TAMS 0x000000008c600000, 0x000000008c600000| Untracked 
| 198|0x000000008c600000, 0x000000008c700000, 0x000000008c700000|100%| O|  |TAMS 0x000000008c700000, 0x000000008c700000| Untracked 
| 199|0x000000008c700000, 0x000000008c800000, 0x000000008c800000|100%| O|  |TAMS 0x000000008c800000, 0x000000008c800000| Untracked 
| 200|0x000000008c800000, 0x000000008c900000, 0x000000008c900000|100%| O|  |TAMS 0x000000008c800000, 0x000000008c900000| Untracked 
| 201|0x000000008c900000, 0x000000008ca00000, 0x000000008ca00000|100%| O|  |TAMS 0x000000008c900000, 0x000000008ca00000| Untracked 
| 202|0x000000008ca00000, 0x000000008cb00000, 0x000000008cb00000|100%| O|  |TAMS 0x000000008ca00000, 0x000000008cb00000| Untracked 
| 203|0x000000008cb00000, 0x000000008cc00000, 0x000000008cc00000|100%| O|  |TAMS 0x000000008cb00000, 0x000000008cc00000| Untracked 
| 204|0x000000008cc00000, 0x000000008cd00000, 0x000000008cd00000|100%| O|  |TAMS 0x000000008cc00000, 0x000000008cd00000| Untracked 
| 205|0x000000008cd00000, 0x000000008ce00000, 0x000000008ce00000|100%| O|  |TAMS 0x000000008cd00000, 0x000000008ce00000| Untracked 
| 206|0x000000008ce00000, 0x000000008cf00000, 0x000000008cf00000|100%| O|  |TAMS 0x000000008ce00000, 0x000000008cf00000| Untracked 
| 207|0x000000008cf00000, 0x000000008d000000, 0x000000008d000000|100%| O|  |TAMS 0x000000008cf00000, 0x000000008d000000| Untracked 
| 208|0x000000008d000000, 0x000000008d100000, 0x000000008d100000|100%| O|  |TAMS 0x000000008d000000, 0x000000008d100000| Untracked 
| 209|0x000000008d100000, 0x000000008d200000, 0x000000008d200000|100%| O|  |TAMS 0x000000008d100000, 0x000000008d200000| Untracked 
| 210|0x000000008d200000, 0x000000008d300000, 0x000000008d300000|100%| O|  |TAMS 0x000000008d200000, 0x000000008d300000| Untracked 
| 211|0x000000008d300000, 0x000000008d400000, 0x000000008d400000|100%| O|  |TAMS 0x000000008d300000, 0x000000008d400000| Untracked 
| 212|0x000000008d400000, 0x000000008d500000, 0x000000008d500000|100%| O|  |TAMS 0x000000008d400000, 0x000000008d500000| Untracked 
| 213|0x000000008d500000, 0x000000008d600000, 0x000000008d600000|100%| O|  |TAMS 0x000000008d500000, 0x000000008d600000| Untracked 
| 214|0x000000008d600000, 0x000000008d700000, 0x000000008d700000|100%| O|  |TAMS 0x000000008d600000, 0x000000008d700000| Untracked 
| 215|0x000000008d700000, 0x000000008d800000, 0x000000008d800000|100%| O|  |TAMS 0x000000008d700000, 0x000000008d800000| Untracked 
| 216|0x000000008d800000, 0x000000008d900000, 0x000000008d900000|100%| O|  |TAMS 0x000000008d800000, 0x000000008d900000| Untracked 
| 217|0x000000008d900000, 0x000000008da00000, 0x000000008da00000|100%| O|  |TAMS 0x000000008d900000, 0x000000008da00000| Untracked 
| 218|0x000000008da00000, 0x000000008db00000, 0x000000008db00000|100%| O|  |TAMS 0x000000008da00000, 0x000000008db00000| Untracked 
| 219|0x000000008db00000, 0x000000008dc00000, 0x000000008dc00000|100%| O|  |TAMS 0x000000008db00000, 0x000000008dbb6c00| Untracked 
| 220|0x000000008dc00000, 0x000000008dd00000, 0x000000008dd00000|100%| O|  |TAMS 0x000000008dc00000, 0x000000008dc00000| Untracked 
| 221|0x000000008dd00000, 0x000000008de00000, 0x000000008de00000|100%| O|  |TAMS 0x000000008dd00000, 0x000000008dd00000| Untracked 
| 222|0x000000008de00000, 0x000000008df00000, 0x000000008df00000|100%| O|  |TAMS 0x000000008de00000, 0x000000008de00000| Untracked 
| 223|0x000000008df00000, 0x000000008e000000, 0x000000008e000000|100%| O|  |TAMS 0x000000008df00000, 0x000000008df00000| Untracked 
| 224|0x000000008e000000, 0x000000008e100000, 0x000000008e100000|100%| O|  |TAMS 0x000000008e000000, 0x000000008e000000| Untracked 
| 225|0x000000008e100000, 0x000000008e200000, 0x000000008e200000|100%| O|  |TAMS 0x000000008e100000, 0x000000008e100000| Untracked 
| 226|0x000000008e200000, 0x000000008e200000, 0x000000008e300000|  0%| F|  |TAMS 0x000000008e200000, 0x000000008e200000| Untracked 
| 227|0x000000008e300000, 0x000000008e300000, 0x000000008e400000|  0%| F|  |TAMS 0x000000008e300000, 0x000000008e300000| Untracked 
| 228|0x000000008e400000, 0x000000008e500000, 0x000000008e500000|100%| S|CS|TAMS 0x000000008e400000, 0x000000008e400000| Complete 
| 229|0x000000008e500000, 0x000000008e600000, 0x000000008e600000|100%| S|CS|TAMS 0x000000008e500000, 0x000000008e500000| Complete 
| 230|0x000000008e600000, 0x000000008e600000, 0x000000008e700000|  0%| F|  |TAMS 0x000000008e600000, 0x000000008e600000| Untracked 
| 231|0x000000008e700000, 0x000000008e700000, 0x000000008e800000|  0%| F|  |TAMS 0x000000008e700000, 0x000000008e700000| Untracked 
| 232|0x000000008e800000, 0x000000008e800000, 0x000000008e900000|  0%| F|  |TAMS 0x000000008e800000, 0x000000008e800000| Untracked 
| 233|0x000000008e900000, 0x000000008e900000, 0x000000008ea00000|  0%| F|  |TAMS 0x000000008e900000, 0x000000008e900000| Untracked 
| 234|0x000000008ea00000, 0x000000008ea00000, 0x000000008eb00000|  0%| F|  |TAMS 0x000000008ea00000, 0x000000008ea00000| Untracked 
| 235|0x000000008eb00000, 0x000000008eb00000, 0x000000008ec00000|  0%| F|  |TAMS 0x000000008eb00000, 0x000000008eb00000| Untracked 
| 236|0x000000008ec00000, 0x000000008ec00000, 0x000000008ed00000|  0%| F|  |TAMS 0x000000008ec00000, 0x000000008ec00000| Untracked 
| 237|0x000000008ed00000, 0x000000008ed00000, 0x000000008ee00000|  0%| F|  |TAMS 0x000000008ed00000, 0x000000008ed00000| Untracked 
| 238|0x000000008ee00000, 0x000000008ee00000, 0x000000008ef00000|  0%| F|  |TAMS 0x000000008ee00000, 0x000000008ee00000| Untracked 
| 239|0x000000008ef00000, 0x000000008ef00000, 0x000000008f000000|  0%| F|  |TAMS 0x000000008ef00000, 0x000000008ef00000| Untracked 
| 240|0x000000008f000000, 0x000000008f100000, 0x000000008f100000|100%| O|  |TAMS 0x000000008f000000, 0x000000008f000000| Untracked 
| 241|0x000000008f100000, 0x000000008f200000, 0x000000008f200000|100%| O|  |TAMS 0x000000008f100000, 0x000000008f100000| Untracked 

Card table byte_map: [0x00000280607b0000,0x0000028060bb0000] _byte_map_base: 0x00000280603b0000

Marking Bits (Prev, Next): (CMBitMap*) 0x000002804d380a18, (CMBitMap*) 0x000002804d380a50
 Prev Bits: [0x0000028060fb0000, 0x0000028062fb0000)
 Next Bits: [0x0000028062fb0000, 0x0000028064fb0000)

Polling page: 0x000002804b1c0000

Metaspace:

Usage:
  Non-class:     88.05 MB capacity,    86.64 MB ( 98%) used,     1.14 MB (  1%) free+waste,   276.06 KB ( <1%) overhead. 
      Class:     13.51 MB capacity,    12.61 MB ( 93%) used,   796.29 KB (  6%) free+waste,   122.56 KB ( <1%) overhead. 
       Both:    101.56 MB capacity,    99.26 MB ( 98%) used,     1.92 MB (  2%) free+waste,   398.63 KB ( <1%) overhead. 

Virtual space:
  Non-class space:       90.00 MB reserved,      88.63 MB ( 98%) committed 
      Class space:        1.00 GB reserved,      13.82 MB (  1%) committed 
             Both:        1.09 GB reserved,     102.45 MB (  9%) committed 

Chunk freelists:
   Non-Class:  526.00 KB
       Class:  276.00 KB
        Both:  802.00 KB

MaxMetaspaceSize: 17179869184.00 GB
CompressedClassSpaceSize: 1.00 GB
Initial GC threshold: 20.80 MB
Current GC threshold: 170.76 MB
CDS: off

CodeHeap 'non-profiled nmethods': size=120000Kb used=7423Kb max_used=7423Kb free=112576Kb
 bounds [0x0000028058930000, 0x0000028059070000, 0x000002805fe60000]
CodeHeap 'profiled nmethods': size=120000Kb used=23915Kb max_used=23915Kb free=96084Kb
 bounds [0x0000028051400000, 0x0000028052b60000, 0x0000028058930000]
CodeHeap 'non-nmethods': size=5760Kb used=2377Kb max_used=2428Kb free=3383Kb
 bounds [0x0000028050e60000, 0x00000280510d0000, 0x0000028051400000]
 total_blobs=12004 nmethods=11102 adapters=814
 compilation: enabled
              stopped_count=0, restarted_count=0
 full_count=0

Compilation events (20 events):
Event: 13.772 Thread 0x000002806b1ad800 nmethod 11076 0x000002805906ba10 code [0x000002805906bbc0, 0x000002805906bce8]
Event: 13.772 Thread 0x000002806b1ad800 11056       4       org.apache.xerces.dom.ParentNode::lastChild (19 bytes)
Event: 13.772 Thread 0x00000280685ce000 nmethod 11075 0x000002805906be90 code [0x000002805906c060, 0x000002805906c248]
Event: 13.773 Thread 0x000002806b1ad800 nmethod 11056 0x000002805906c490 code [0x000002805906c620, 0x000002805906c698]
Event: 13.781 Thread 0x00000280685ce000 11196       4       org.apache.xerces.dom.ParentNode::nodeListItem (243 bytes)
Event: 13.781 Thread 0x000002806b1ad800 11197       4       org.apache.xerces.dom.ParentNode::item (6 bytes)
Event: 13.782 Thread 0x00000280685d0000 11199   !   3       android.databinding.tool.reflection.SdkUtil$ApiChecker::getSince (44 bytes)
Event: 13.782 Thread 0x00000280685d0000 nmethod 11199 0x0000028052b59910 code [0x0000028052b59b20, 0x0000028052b5a078]
Event: 13.785 Thread 0x00000280685d0000 11201       3       org.apache.xerces.dom.ParentNode::getChildNodes (13 bytes)
Event: 13.786 Thread 0x00000280685d0000 nmethod 11201 0x0000028052b5a290 code [0x0000028052b5a460, 0x0000028052b5a728]
Event: 13.786 Thread 0x00000280685d0000 11202       3       org.apache.xerces.dom.DeferredElementImpl::synchronizeChildren (18 bytes)
Event: 13.786 Thread 0x00000280685d0000 nmethod 11202 0x0000028052b5a810 code [0x0000028052b5a9e0, 0x0000028052b5aca8]
Event: 13.798 Thread 0x000002806b1ad800 nmethod 11197 0x000002805906c790 code [0x000002805906c940, 0x000002805906cf88]
Event: 13.799 Thread 0x00000280685ce000 nmethod 11196 0x000002805906d290 code [0x000002805906d440, 0x000002805906daa8]
Event: 13.799 Thread 0x000002806b1ad800 11198       4       org.apache.xerces.dom.ParentNode::getLength (5 bytes)
Event: 13.799 Thread 0x00000280685ce000 11200       4       org.apache.xerces.dom.ElementImpl::getNodeName (16 bytes)
Event: 13.800 Thread 0x00000280685ce000 nmethod 11200 0x000002805906dd90 code [0x000002805906df40, 0x000002805906e028]
Event: 13.800 Thread 0x00000280685ce000 11203   !   4       android.databinding.tool.reflection.SdkUtil$ApiChecker::getSince (44 bytes)
Event: 13.809 Thread 0x000002806b1ad800 nmethod 11198 0x000002805906e110 code [0x000002805906e2c0, 0x000002805906e858]
Event: 13.814 Thread 0x00000280685ce000 nmethod 11203 0x000002805906ea10 code [0x000002805906ec60, 0x000002805906f580]

GC Heap History (20 events):
Event: 13.178 GC heap after
{Heap after GC invocations=25 (full 0):
 garbage-first heap   total 204800K, used 141281K [0x0000000080000000, 0x0000000100000000)
  region size 1024K, 3 young (3072K), 3 survivors (3072K)
 Metaspace       used 100505K, capacity 102812K, committed 103760K, reserved 1138688K
  class space    used 12821K, capacity 13701K, committed 14028K, reserved 1048576K
}
Event: 13.484 GC heap before
{Heap before GC invocations=26 (full 0):
 garbage-first heap   total 204800K, used 165857K [0x0000000080000000, 0x0000000100000000)
  region size 1024K, 26 young (26624K), 3 survivors (3072K)
 Metaspace       used 101550K, capacity 103929K, committed 104912K, reserved 1140736K
  class space    used 12917K, capacity 13836K, committed 14156K, reserved 1048576K
}
Event: 13.491 GC heap after
{Heap after GC invocations=27 (full 0):
 garbage-first heap   total 204800K, used 153455K [0x0000000080000000, 0x0000000100000000)
  region size 1024K, 4 young (4096K), 4 survivors (4096K)
 Metaspace       used 101550K, capacity 103929K, committed 104912K, reserved 1140736K
  class space    used 12917K, capacity 13836K, committed 14156K, reserved 1048576K
}
Event: 13.532 GC heap before
{Heap before GC invocations=27 (full 0):
 garbage-first heap   total 204800K, used 167791K [0x0000000080000000, 0x0000000100000000)
  region size 1024K, 18 young (18432K), 4 survivors (4096K)
 Metaspace       used 101550K, capacity 103929K, committed 104912K, reserved 1140736K
  class space    used 12917K, capacity 13836K, committed 14156K, reserved 1048576K
}
Event: 13.541 GC heap after
{Heap after GC invocations=28 (full 0):
 garbage-first heap   total 204800K, used 168113K [0x0000000080000000, 0x0000000100000000)
  region size 1024K, 3 young (3072K), 3 survivors (3072K)
 Metaspace       used 101550K, capacity 103929K, committed 104912K, reserved 1140736K
  class space    used 12917K, capacity 13836K, committed 14156K, reserved 1048576K
}
Event: 13.555 GC heap before
{Heap before GC invocations=28 (full 0):
 garbage-first heap   total 204800K, used 175281K [0x0000000080000000, 0x0000000100000000)
  region size 1024K, 10 young (10240K), 3 survivors (3072K)
 Metaspace       used 101550K, capacity 103929K, committed 104912K, reserved 1140736K
  class space    used 12917K, capacity 13836K, committed 14156K, reserved 1048576K
}
Event: 13.561 GC heap after
{Heap after GC invocations=29 (full 0):
 garbage-first heap   total 204800K, used 176654K [0x0000000080000000, 0x0000000100000000)
  region size 1024K, 2 young (2048K), 2 survivors (2048K)
 Metaspace       used 101550K, capacity 103929K, committed 104912K, reserved 1140736K
  class space    used 12917K, capacity 13836K, committed 14156K, reserved 1048576K
}
Event: 13.576 GC heap before
{Heap before GC invocations=29 (full 0):
 garbage-first heap   total 204800K, used 184846K [0x0000000080000000, 0x0000000100000000)
  region size 1024K, 10 young (10240K), 2 survivors (2048K)
 Metaspace       used 101550K, capacity 103929K, committed 104912K, reserved 1140736K
  class space    used 12917K, capacity 13836K, committed 14156K, reserved 1048576K
}
Event: 13.582 GC heap after
{Heap after GC invocations=30 (full 0):
 garbage-first heap   total 204800K, used 185532K [0x0000000080000000, 0x0000000100000000)
  region size 1024K, 2 young (2048K), 2 survivors (2048K)
 Metaspace       used 101550K, capacity 103929K, committed 104912K, reserved 1140736K
  class space    used 12917K, capacity 13836K, committed 14156K, reserved 1048576K
}
Event: 13.599 GC heap before
{Heap before GC invocations=30 (full 0):
 garbage-first heap   total 204800K, used 193724K [0x0000000080000000, 0x0000000100000000)
  region size 1024K, 10 young (10240K), 2 survivors (2048K)
 Metaspace       used 101551K, capacity 103929K, committed 104912K, reserved 1140736K
  class space    used 12917K, capacity 13836K, committed 14156K, reserved 1048576K
}
Event: 13.607 GC heap after
{Heap after GC invocations=31 (full 0):
 garbage-first heap   total 245760K, used 193705K [0x0000000080000000, 0x0000000100000000)
  region size 1024K, 2 young (2048K), 2 survivors (2048K)
 Metaspace       used 101551K, capacity 103929K, committed 104912K, reserved 1140736K
  class space    used 12917K, capacity 13836K, committed 14156K, reserved 1048576K
}
Event: 13.676 GC heap before
{Heap before GC invocations=31 (full 0):
 garbage-first heap   total 245760K, used 203945K [0x0000000080000000, 0x0000000100000000)
  region size 1024K, 12 young (12288K), 2 survivors (2048K)
 Metaspace       used 101634K, capacity 104000K, committed 104912K, reserved 1140736K
  class space    used 12917K, capacity 13836K, committed 14156K, reserved 1048576K
}
Event: 13.680 GC heap after
{Heap after GC invocations=32 (full 0):
 garbage-first heap   total 245760K, used 197064K [0x0000000080000000, 0x0000000100000000)
  region size 1024K, 2 young (2048K), 2 survivors (2048K)
 Metaspace       used 101634K, capacity 104000K, committed 104912K, reserved 1140736K
  class space    used 12917K, capacity 13836K, committed 14156K, reserved 1048576K
}
Event: 13.726 GC heap before
{Heap before GC invocations=32 (full 0):
 garbage-first heap   total 245760K, used 207304K [0x0000000080000000, 0x0000000100000000)
  region size 1024K, 12 young (12288K), 2 survivors (2048K)
 Metaspace       used 101638K, capacity 104002K, committed 104912K, reserved 1140736K
  class space    used 12917K, capacity 13836K, committed 14156K, reserved 1048576K
}
Event: 13.732 GC heap after
{Heap after GC invocations=33 (full 0):
 garbage-first heap   total 245760K, used 207480K [0x0000000080000000, 0x0000000100000000)
  region size 1024K, 2 young (2048K), 2 survivors (2048K)
 Metaspace       used 101638K, capacity 104002K, committed 104912K, reserved 1140736K
  class space    used 12917K, capacity 13836K, committed 14156K, reserved 1048576K
}
Event: 13.774 GC heap before
{Heap before GC invocations=34 (full 0):
 garbage-first heap   total 245760K, used 216696K [0x0000000080000000, 0x0000000100000000)
  region size 1024K, 12 young (12288K), 2 survivors (2048K)
 Metaspace       used 101638K, capacity 104002K, committed 104912K, reserved 1140736K
  class space    used 12917K, capacity 13836K, committed 14156K, reserved 1048576K
}
Event: 13.780 GC heap after
{Heap after GC invocations=35 (full 0):
 garbage-first heap   total 245760K, used 218251K [0x0000000080000000, 0x0000000100000000)
  region size 1024K, 2 young (2048K), 2 survivors (2048K)
 Metaspace       used 101638K, capacity 104002K, committed 104912K, reserved 1140736K
  class space    used 12917K, capacity 13836K, committed 14156K, reserved 1048576K
}
Event: 13.791 GC heap before
{Heap before GC invocations=35 (full 0):
 garbage-first heap   total 245760K, used 228491K [0x0000000080000000, 0x0000000100000000)
  region size 1024K, 12 young (12288K), 2 survivors (2048K)
 Metaspace       used 101638K, capacity 104002K, committed 104912K, reserved 1140736K
  class space    used 12917K, capacity 13836K, committed 14156K, reserved 1048576K
}
Event: 13.798 GC heap after
{Heap after GC invocations=36 (full 0):
 garbage-first heap   total 245760K, used 227035K [0x0000000080000000, 0x0000000100000000)
  region size 1024K, 2 young (2048K), 2 survivors (2048K)
 Metaspace       used 101638K, capacity 104002K, committed 104912K, reserved 1140736K
  class space    used 12917K, capacity 13836K, committed 14156K, reserved 1048576K
}
Event: 13.819 GC heap before
{Heap before GC invocations=36 (full 0):
 garbage-first heap   total 245760K, used 237275K [0x0000000080000000, 0x0000000100000000)
  region size 1024K, 12 young (12288K), 2 survivors (2048K)
 Metaspace       used 101638K, capacity 104002K, committed 104912K, reserved 1140736K
  class space    used 12917K, capacity 13836K, committed 14156K, reserved 1048576K
}

Deoptimization events (20 events):
Event: 13.453 Thread 0x0000028071252000 Uncommon trap: trap_request=0xffffff4d fr.pc=0x0000028058fe70d4 relative=0x00000000000000f4
Event: 13.453 Thread 0x0000028071252000 Uncommon trap: reason=unstable_if action=reinterpret pc=0x0000028058fe70d4 method=org.apache.xerces.impl.XMLDocumentFragmentScannerImpl.scanContent()I @ 73 c2
Event: 13.453 Thread 0x0000028071252000 DEOPT PACKING pc=0x0000028058fe70d4 sp=0x000000eb56ff7ef0
Event: 13.453 Thread 0x0000028071252000 DEOPT UNPACKING pc=0x0000028050eaa1af sp=0x000000eb56ff7e80 mode 2
Event: 13.526 Thread 0x0000028071252000 Uncommon trap: trap_request=0xffffff4d fr.pc=0x0000028058fd02c8 relative=0x0000000000000488
Event: 13.526 Thread 0x0000028071252000 Uncommon trap: reason=unstable_if action=reinterpret pc=0x0000028058fd02c8 method=org.apache.xerces.dom.ParentNode.nodeListItem(I)Lorg/w3c/dom/Node; @ 4 c2
Event: 13.526 Thread 0x0000028071252000 DEOPT PACKING pc=0x0000028058fd02c8 sp=0x000000eb56ff8170
Event: 13.526 Thread 0x0000028071252000 DEOPT UNPACKING pc=0x0000028050eaa1af sp=0x000000eb56ff8118 mode 2
Event: 13.528 Thread 0x0000028071252000 DEOPT PACKING pc=0x00000280529cfdfc sp=0x000000eb56ff8210
Event: 13.528 Thread 0x0000028071252000 DEOPT UNPACKING pc=0x0000028050eaa95e sp=0x000000eb56ff7708 mode 0
Event: 13.595 Thread 0x0000028071252000 Uncommon trap: trap_request=0xffffff4d fr.pc=0x0000028058ff4928 relative=0x0000000000002e68
Event: 13.595 Thread 0x0000028071252000 Uncommon trap: reason=unstable_if action=reinterpret pc=0x0000028058ff4928 method=android.databinding.tool.reflection.SdkUtil$ApiChecker.buildFullLookup()V @ 49 c2
Event: 13.595 Thread 0x0000028071252000 DEOPT PACKING pc=0x0000028058ff4928 sp=0x000000eb56ff8220
Event: 13.595 Thread 0x0000028071252000 DEOPT UNPACKING pc=0x0000028050eaa1af sp=0x000000eb56ff8208 mode 2
Event: 13.670 Thread 0x0000028071252000 Uncommon trap: trap_request=0xffffffde fr.pc=0x0000028058fb9620 relative=0x00000000000032e0
Event: 13.670 Thread 0x0000028071252000 Uncommon trap: reason=class_check action=maybe_recompile pc=0x0000028058fb9620 method=org.apache.xerces.impl.XMLDocumentFragmentScannerImpl.scanStartElement()Z @ 309 c2
Event: 13.670 Thread 0x0000028071252000 DEOPT PACKING pc=0x0000028058fb9620 sp=0x000000eb56ff7d60
Event: 13.670 Thread 0x0000028071252000 DEOPT UNPACKING pc=0x0000028050eaa1af sp=0x000000eb56ff7d48 mode 2
Event: 13.671 Thread 0x0000028071252000 DEOPT PACKING pc=0x000002805299f2a0 sp=0x000000eb56ff7e80
Event: 13.671 Thread 0x0000028071252000 DEOPT UNPACKING pc=0x0000028050eaa95e sp=0x000000eb56ff7448 mode 0

Classes redefined (0 events):
No events

Internal exceptions (20 events):
Event: 13.302 Thread 0x0000028071252000 Exception <a 'sun/nio/fs/WindowsException'{0x000000008b2588a8}> (0x000000008b2588a8) thrown at [./src/hotspot/share/prims/jni.cpp, line 616]
Event: 13.302 Thread 0x0000028071252000 Exception <a 'sun/nio/fs/WindowsException'{0x000000008b258a38}> (0x000000008b258a38) thrown at [./src/hotspot/share/prims/jni.cpp, line 616]
Event: 13.302 Thread 0x0000028071252000 Exception <a 'sun/nio/fs/WindowsException'{0x000000008b25b738}> (0x000000008b25b738) thrown at [./src/hotspot/share/prims/jni.cpp, line 616]
Event: 13.302 Thread 0x0000028071252000 Exception <a 'sun/nio/fs/WindowsException'{0x000000008b25b8b0}> (0x000000008b25b8b0) thrown at [./src/hotspot/share/prims/jni.cpp, line 616]
Event: 13.302 Thread 0x0000028071252000 Exception <a 'sun/nio/fs/WindowsException'{0x000000008b25e598}> (0x000000008b25e598) thrown at [./src/hotspot/share/prims/jni.cpp, line 616]
Event: 13.302 Thread 0x0000028071252000 Exception <a 'sun/nio/fs/WindowsException'{0x000000008b25e700}> (0x000000008b25e700) thrown at [./src/hotspot/share/prims/jni.cpp, line 616]
Event: 13.303 Thread 0x0000028071252000 Exception <a 'sun/nio/fs/WindowsException'{0x000000008b2613d8}> (0x000000008b2613d8) thrown at [./src/hotspot/share/prims/jni.cpp, line 616]
Event: 13.317 Thread 0x0000028071252000 Exception <a 'sun/nio/fs/WindowsException'{0x000000008b2e6358}> (0x000000008b2e6358) thrown at [./src/hotspot/share/prims/jni.cpp, line 616]
Event: 13.319 Thread 0x0000028071252000 Exception <a 'sun/nio/fs/WindowsException'{0x000000008b2f8f10}> (0x000000008b2f8f10) thrown at [./src/hotspot/share/prims/jni.cpp, line 616]
Event: 13.347 Thread 0x0000028071252000 Exception <a 'sun/nio/fs/WindowsException'{0x000000008b038608}> (0x000000008b038608) thrown at [./src/hotspot/share/prims/jni.cpp, line 616]
Event: 13.347 Thread 0x0000028071252000 Exception <a 'sun/nio/fs/WindowsException'{0x000000008b039f38}> (0x000000008b039f38) thrown at [./src/hotspot/share/prims/jni.cpp, line 616]
Event: 13.347 Thread 0x0000028071252000 Exception <a 'sun/nio/fs/WindowsException'{0x000000008b03b4e8}> (0x000000008b03b4e8) thrown at [./src/hotspot/share/prims/jni.cpp, line 616]
Event: 13.348 Thread 0x0000028071252000 Exception <a 'sun/nio/fs/WindowsException'{0x000000008b03cca8}> (0x000000008b03cca8) thrown at [./src/hotspot/share/prims/jni.cpp, line 616]
Event: 13.348 Thread 0x0000028071252000 Exception <a 'sun/nio/fs/WindowsException'{0x000000008b03ce40}> (0x000000008b03ce40) thrown at [./src/hotspot/share/prims/jni.cpp, line 616]
Event: 13.348 Thread 0x0000028071252000 Exception <a 'sun/nio/fs/WindowsException'{0x000000008b03fb58}> (0x000000008b03fb58) thrown at [./src/hotspot/share/prims/jni.cpp, line 616]
Event: 13.350 Thread 0x0000028071252000 Exception <a 'sun/nio/fs/WindowsException'{0x000000008b050d90}> (0x000000008b050d90) thrown at [./src/hotspot/share/prims/jni.cpp, line 616]
Event: 13.375 Thread 0x0000028071252000 Exception <a 'sun/nio/fs/WindowsException'{0x000000008af84560}> (0x000000008af84560) thrown at [./src/hotspot/share/prims/jni.cpp, line 616]
Event: 13.381 Thread 0x0000028071252000 Exception <a 'sun/nio/fs/WindowsException'{0x000000008afa3a58}> (0x000000008afa3a58) thrown at [./src/hotspot/share/prims/jni.cpp, line 616]
Event: 13.444 Thread 0x0000028071252000 Implicit null exception at 0x0000028058fbc295 to 0x0000028058fbf066
Event: 13.526 Thread 0x0000028071252000 Implicit null exception at 0x0000028058fcfe75 to 0x0000028058fd02ac

Events (20 events):
Event: 13.541 Executing VM operation: G1CollectForAllocation done
Event: 13.555 Executing VM operation: G1CollectForAllocation
Event: 13.562 Executing VM operation: G1CollectForAllocation done
Event: 13.575 Executing VM operation: G1CollectForAllocation
Event: 13.582 Executing VM operation: G1CollectForAllocation done
Event: 13.599 Executing VM operation: G1CollectForAllocation
Event: 13.607 Executing VM operation: G1CollectForAllocation done
Event: 13.676 Executing VM operation: G1CollectForAllocation
Event: 13.680 Executing VM operation: G1CollectForAllocation done
Event: 13.690 Executing VM operation: CGC_Operation
Event: 13.704 Executing VM operation: CGC_Operation done
Event: 13.726 Executing VM operation: G1CollectForAllocation
Event: 13.732 Executing VM operation: G1CollectForAllocation done
Event: 13.772 Executing VM operation: CGC_Operation
Event: 13.773 Executing VM operation: CGC_Operation done
Event: 13.774 Executing VM operation: G1CollectForAllocation
Event: 13.780 Executing VM operation: G1CollectForAllocation done
Event: 13.791 Executing VM operation: G1CollectForAllocation
Event: 13.798 Executing VM operation: G1CollectForAllocation done
Event: 13.819 Executing VM operation: G1CollectForAllocation


Dynamic libraries:
0x00007ff6306c0000 - 0x00007ff6306ca000 	D:\AndroidStudio\jre\bin\java.exe
0x00007ffb8f090000 - 0x00007ffb8f288000 	C:\WINDOWS\SYSTEM32\ntdll.dll
0x00007ffb8e8e0000 - 0x00007ffb8e99f000 	C:\WINDOWS\System32\KERNEL32.DLL
0x00007ffb8cc80000 - 0x00007ffb8cf52000 	C:\WINDOWS\System32\KERNELBASE.dll
0x00007ffb8c860000 - 0x00007ffb8c960000 	C:\WINDOWS\System32\ucrtbase.dll
0x00007ffb75560000 - 0x00007ffb75577000 	D:\AndroidStudio\jre\bin\VCRUNTIME140.dll
0x00007ffb76470000 - 0x00007ffb76489000 	D:\AndroidStudio\jre\bin\jli.dll
0x00007ffb8d4d0000 - 0x00007ffb8d671000 	C:\WINDOWS\System32\USER32.dll
0x00007ffb8cf60000 - 0x00007ffb8cf82000 	C:\WINDOWS\System32\win32u.dll
0x00007ffb76fb0000 - 0x00007ffb7724a000 	C:\WINDOWS\WinSxS\amd64_microsoft.windows.common-controls_6595b64144ccf1df_6.0.19041.1110_none_60b5254171f9507e\COMCTL32.dll
0x00007ffb8dee0000 - 0x00007ffb8df0b000 	C:\WINDOWS\System32\GDI32.dll
0x00007ffb8e9a0000 - 0x00007ffb8ea3e000 	C:\WINDOWS\System32\msvcrt.dll
0x00007ffb8cac0000 - 0x00007ffb8cbcf000 	C:\WINDOWS\System32\gdi32full.dll
0x00007ffb8cf90000 - 0x00007ffb8d02d000 	C:\WINDOWS\System32\msvcp_win.dll
0x00007ffb8ef20000 - 0x00007ffb8ef52000 	C:\WINDOWS\System32\IMM32.DLL
0x00007ffb4fb60000 - 0x00007ffb4fbfd000 	D:\AndroidStudio\jre\bin\msvcp140.dll
0x00007ffb353e0000 - 0x00007ffb35ee2000 	D:\AndroidStudio\jre\bin\server\jvm.dll
0x00007ffb8ea40000 - 0x00007ffb8eaee000 	C:\WINDOWS\System32\ADVAPI32.dll
0x00007ffb8d6f0000 - 0x00007ffb8d78c000 	C:\WINDOWS\System32\sechost.dll
0x00007ffb8dfd0000 - 0x00007ffb8e0f5000 	C:\WINDOWS\System32\RPCRT4.dll
0x00007ffb8e850000 - 0x00007ffb8e858000 	C:\WINDOWS\System32\PSAPI.DLL
0x00007ffb798a0000 - 0x00007ffb798c7000 	C:\WINDOWS\SYSTEM32\WINMM.dll
0x00007ffb74920000 - 0x00007ffb74929000 	C:\WINDOWS\SYSTEM32\WSOCK32.dll
0x00007ffb86690000 - 0x00007ffb8669a000 	C:\WINDOWS\SYSTEM32\VERSION.dll
0x00007ffb8efe0000 - 0x00007ffb8f04b000 	C:\WINDOWS\System32\WS2_32.dll
0x00007ffb8a7c0000 - 0x00007ffb8a7d2000 	C:\WINDOWS\SYSTEM32\kernel.appcore.dll
0x00007ffb88010000 - 0x00007ffb88021000 	D:\AndroidStudio\jre\bin\verify.dll
0x00007ffb89e20000 - 0x00007ffb8a004000 	C:\WINDOWS\SYSTEM32\DBGHELP.DLL
0x00007ffb70fa0000 - 0x00007ffb70fd5000 	C:\WINDOWS\SYSTEM32\dbgcore.DLL
0x00007ffb8c780000 - 0x00007ffb8c802000 	C:\WINDOWS\System32\bcryptPrimitives.dll
0x00007ffb87ea0000 - 0x00007ffb87ec9000 	D:\AndroidStudio\jre\bin\java.dll
0x00007ffb88000000 - 0x00007ffb8800b000 	D:\AndroidStudio\jre\bin\jimage.dll
0x00007ffb87d50000 - 0x00007ffb87d68000 	D:\AndroidStudio\jre\bin\zip.dll
0x00007ffb8e100000 - 0x00007ffb8e844000 	C:\WINDOWS\System32\SHELL32.dll
0x00007ffb8a7e0000 - 0x00007ffb8af72000 	C:\WINDOWS\SYSTEM32\windows.storage.dll
0x00007ffb8ebc0000 - 0x00007ffb8ef15000 	C:\WINDOWS\System32\combase.dll
0x00007ffb8c1c0000 - 0x00007ffb8c1f0000 	C:\WINDOWS\SYSTEM32\Wldp.dll
0x00007ffb8d790000 - 0x00007ffb8d83d000 	C:\WINDOWS\System32\SHCORE.dll
0x00007ffb8d690000 - 0x00007ffb8d6e5000 	C:\WINDOWS\System32\shlwapi.dll
0x00007ffb8c6c0000 - 0x00007ffb8c6df000 	C:\WINDOWS\SYSTEM32\profapi.dll
0x00007ffb86710000 - 0x00007ffb8672a000 	D:\AndroidStudio\jre\bin\net.dll
0x00007ffb85760000 - 0x00007ffb8586c000 	C:\WINDOWS\SYSTEM32\WINHTTP.dll
0x00007ffb8be70000 - 0x00007ffb8beda000 	C:\WINDOWS\system32\mswsock.dll
0x00007ffb866a0000 - 0x00007ffb866b4000 	D:\AndroidStudio\jre\bin\nio.dll
0x00007ffb73a00000 - 0x00007ffb73a27000 	C:\Users\nuage\.gradle\native\e1d6ef7f7dcc3fd88c89a11ec53ec762bb8ba0a96d01ffa2cd45eb1d1d8dd5c5\windows-amd64\native-platform.dll
0x00007ffb40760000 - 0x00007ffb408a4000 	C:\Users\nuage\.gradle\native\0d407fdbe67a94daf76414ababcb853783967236a71b16ec16e742cd7a986fd3\windows-amd64\native-platform-file-events.dll
0x00007ffb87d40000 - 0x00007ffb87d4a000 	D:\AndroidStudio\jre\bin\management.dll
0x00007ffb7d940000 - 0x00007ffb7d94d000 	D:\AndroidStudio\jre\bin\management_ext.dll
0x00007ffb8c080000 - 0x00007ffb8c098000 	C:\WINDOWS\SYSTEM32\CRYPTSP.dll
0x00007ffb8b740000 - 0x00007ffb8b774000 	C:\WINDOWS\system32\rsaenh.dll
0x00007ffb8d030000 - 0x00007ffb8d057000 	C:\WINDOWS\System32\bcrypt.dll
0x00007ffb8c680000 - 0x00007ffb8c6ae000 	C:\WINDOWS\SYSTEM32\USERENV.dll
0x00007ffb8c0a0000 - 0x00007ffb8c0ac000 	C:\WINDOWS\SYSTEM32\CRYPTBASE.dll
0x00007ffb8bb80000 - 0x00007ffb8bbbb000 	C:\WINDOWS\SYSTEM32\IPHLPAPI.DLL
0x00007ffb8d680000 - 0x00007ffb8d688000 	C:\WINDOWS\System32\NSI.dll
0x00007ffb85210000 - 0x00007ffb85227000 	C:\WINDOWS\SYSTEM32\dhcpcsvc6.DLL
0x00007ffb86580000 - 0x00007ffb8659d000 	C:\WINDOWS\SYSTEM32\dhcpcsvc.DLL
0x00007ffb8bbc0000 - 0x00007ffb8bc8a000 	C:\WINDOWS\SYSTEM32\DNSAPI.dll

dbghelp: loaded successfully - version: 4.0.5 - missing functions: none
symbol engine: initialized successfully - sym options: 0x614 - pdb path: .;D:\AndroidStudio\jre\bin;C:\WINDOWS\SYSTEM32;C:\WINDOWS\WinSxS\amd64_microsoft.windows.common-controls_6595b64144ccf1df_6.0.19041.1110_none_60b5254171f9507e;D:\AndroidStudio\jre\bin\server;C:\Users\nuage\.gradle\native\e1d6ef7f7dcc3fd88c89a11ec53ec762bb8ba0a96d01ffa2cd45eb1d1d8dd5c5\windows-amd64;C:\Users\nuage\.gradle\native\0d407fdbe67a94daf76414ababcb853783967236a71b16ec16e742cd7a986fd3\windows-amd64

VM Arguments:
jvm_args: --add-opens=java.base/java.util=ALL-UNNAMED --add-opens=java.base/java.lang=ALL-UNNAMED --add-opens=java.base/java.lang.invoke=ALL-UNNAMED --add-opens=java.base/java.util=ALL-UNNAMED --add-opens=java.prefs/java.util.prefs=ALL-UNNAMED --add-opens=java.prefs/java.util.prefs=ALL-UNNAMED --add-opens=java.base/java.nio.charset=ALL-UNNAMED --add-opens=java.base/java.net=ALL-UNNAMED --add-opens=java.base/java.util.concurrent.atomic=ALL-UNNAMED -Xmx2048m -Dfile.encoding=UTF-8 -Duser.country=FR -Duser.language=fr -Duser.variant 
java_command: org.gradle.launcher.daemon.bootstrap.GradleDaemon 7.4
java_class_path (initial): C:\Users\nuage\.gradle\wrapper\dists\gradle-7.4-bin\c0gwcg53nkjbqw7r0h0umtfvt\gradle-7.4\lib\gradle-launcher-7.4.jar
Launcher Type: SUN_STANDARD

[Global flags]
     intx CICompilerCount                          = 4                                         {product} {ergonomic}
     uint ConcGCThreads                            = 3                                         {product} {ergonomic}
     uint G1ConcRefinementThreads                  = 10                                        {product} {ergonomic}
   size_t G1HeapRegionSize                         = 1048576                                   {product} {ergonomic}
    uintx GCDrainStackTargetSize                   = 64                                        {product} {ergonomic}
   size_t InitialHeapSize                          = 132120576                                 {product} {ergonomic}
   size_t MarkStackSize                            = 4194304                                   {product} {ergonomic}
   size_t MaxHeapSize                              = 2147483648                                {product} {command line}
   size_t MaxNewSize                               = 1287651328                                {product} {ergonomic}
   size_t MinHeapDeltaBytes                        = 1048576                                   {product} {ergonomic}
    uintx NonNMethodCodeHeapSize                   = 5836300                                {pd product} {ergonomic}
    uintx NonProfiledCodeHeapSize                  = 122910970                              {pd product} {ergonomic}
    uintx ProfiledCodeHeapSize                     = 122910970                              {pd product} {ergonomic}
    uintx ReservedCodeCacheSize                    = 251658240                              {pd product} {ergonomic}
     bool SegmentedCodeCache                       = true                                      {product} {ergonomic}
     bool UseCompressedClassPointers               = true                                 {lp64_product} {ergonomic}
     bool UseCompressedOops                        = true                                 {lp64_product} {ergonomic}
     bool UseG1GC                                  = true                                      {product} {ergonomic}
     bool UseLargePagesIndividualAllocation        = false                                  {pd product} {ergonomic}

Logging:
Log output configuration:
 #0: stdout all=warning uptime,level,tags
 #1: stderr all=off uptime,level,tags

Environment Variables:
PATH=C:\Program Files (x86)\Common Files\Oracle\Java\javapath;C:\Windows\system32;C:\Windows;C:\Windows\System32\Wbem;C:\Windows\System32\WindowsPowerShell\v1.0\;C:\Windows\System32\OpenSSH\;C:\Program Files (x86)\NVIDIA Corporation\PhysX\Common;C:\Program Files\NVIDIA Corporation\NVIDIA NvDLISR;C:\WINDOWS\system32;C:\WINDOWS;C:\WINDOWS\System32\Wbem;C:\WINDOWS\System32\WindowsPowerShell\v1.0\;C:\WINDOWS\System32\OpenSSH\;C:\Program Files\Git\cmd;C:\Program Files\Docker\Docker\resources\bin;C:\ProgramData\DockerDesktop\version-bin;C:\Users\nuage\AppData\Local\Microsoft\WindowsApps;;D:\Microsoft VS Code\bin
USERNAME=nuage
OS=Windows_NT
PROCESSOR_IDENTIFIER=Intel64 Family 6 Model 158 Stepping 10, GenuineIntel



---------------  S Y S T E M  ---------------

OS: Windows 10 , 64 bit Build 19041 (10.0.19041.2364)
OS uptime: 0 days 3:53 hours
Hyper-V role detected

CPU:total 12 (initial active 12) (6 cores per cpu, 2 threads per core) family 6 model 158 stepping 10 microcode 0xd2, cmov, cx8, fxsr, mmx, sse, sse2, sse3, ssse3, sse4.1, sse4.2, popcnt, avx, avx2, aes, clmul, erms, 3dnowpref, lzcnt, ht, tsc, tscinvbit, bmi1, bmi2, adx, fma

Memory: 4k page, system-wide physical 8042M (948M free)
TotalPageFile size 10090M (AvailPageFile size 82M)
current process WorkingSet (physical memory assigned to process): 546M, peak: 546M
current process commit charge ("private bytes"): 589M, peak: 675M

vm_info: OpenJDK 64-Bit Server VM (11.0.13+0-b1751.21-8125866) for windows-amd64 JRE (11.0.13+0-b1751.21-8125866), built on Feb  2 2022 03:00:22 by "builder" with MS VC++ 14.0 (VS2015)

END.
