#
# There is insufficient memory for the Java Runtime Environment to continue.
# Native memory allocation (mmap) failed to map 157286400 bytes for Failed to commit area from 0x000000008c500000 to 0x0000000095b00000 of length 157286400.
# Possible reasons:
#   The system is out of physical RAM or swap space
#   The process is running with CompressedOops enabled, and the Java Heap may be blocking the growth of the native heap
# Possible solutions:
#   Reduce memory load on the system
#   Increase physical memory or swap space
#   Check if swap backing store is full
#   Decrease Java heap size (-Xmx/-Xms)
#   Decrease number of Java threads
#   Decrease Java thread stack sizes (-Xss)
#   Set larger code cache with -XX:ReservedCodeCacheSize=
#   JVM is running with Unscaled Compressed Oops mode in which the Java heap is
#     placed in the first 4GB address space. The Java Heap base address is the
#     maximum limit for the native heap growth. Please use -XX:HeapBaseMinAddress
#     to set the Java Heap base and to place the Java Heap above 4GB virtual address.
# This output file may be truncated or incomplete.
#
#  Out of Memory Error (./src/hotspot/os/windows/os_windows.cpp:3619), pid=14764, tid=6316
#
# JRE version: OpenJDK Runtime Environment (11.0.13) (build 11.0.13+0-b1751.21-8125866)
# Java VM: OpenJDK 64-Bit Server VM (11.0.13+0-b1751.21-8125866, mixed mode, tiered, compressed oops, g1 gc, windows-amd64)
# No core dump will be written. Minidumps are not enabled by default on client versions of Windows
#

---------------  S U M M A R Y ------------

Command Line: --add-opens=java.base/java.util=ALL-UNNAMED --add-opens=java.base/java.lang=ALL-UNNAMED --add-opens=java.base/java.lang.invoke=ALL-UNNAMED --add-opens=java.base/java.util=ALL-UNNAMED --add-opens=java.prefs/java.util.prefs=ALL-UNNAMED --add-opens=java.prefs/java.util.prefs=ALL-UNNAMED --add-opens=java.base/java.nio.charset=ALL-UNNAMED --add-opens=java.base/java.net=ALL-UNNAMED --add-opens=java.base/java.util.concurrent.atomic=ALL-UNNAMED -Xmx2048m -Dfile.encoding=UTF-8 -Duser.country=FR -Duser.language=fr -Duser.variant org.gradle.launcher.daemon.bootstrap.GradleDaemon 7.4

Host: Intel(R) Core(TM) i7-9750H CPU @ 2.60GHz, 12 cores, 7G,  Windows 10 , 64 bit Build 19041 (10.0.19041.2364)
Time: Wed Jan 11 14:00:26 2023 Paris, Madrid elapsed time: 13.283744 seconds (0d 0h 0m 13s)

---------------  T H R E A D  ---------------

Current thread (0x00000179f58f7800):  VMThread "VM Thread" [stack: 0x00000045da100000,0x00000045da200000] [id=6316]

Stack: [0x00000045da100000,0x00000045da200000]
[error occurred during error reporting (printing stack bounds), id 0xc0000005, EXCEPTION_ACCESS_VIOLATION (0xc0000005) at pc=0x00000179de2f112d]

Native frames: (J=compiled Java code, j=interpreted, Vv=VM code, C=native code)
V  [jvm.dll+0x6100fa]
V  [jvm.dll+0x747090]
V  [jvm.dll+0x7486ad]
V  [jvm.dll+0x748ce5]
V  [jvm.dll+0x748c9b]
V  [jvm.dll+0x60f224]
V  [jvm.dll+0x60f9b8]
C  [ntdll.dll+0xa241f]
C  [ntdll.dll+0x514a4]
C  [ntdll.dll+0xa0f4e]
C  0x00000179de2f112d

VM_Operation (0x00000045e72fe220): G1CollectForAllocation, mode: safepoint, requested by thread 0x00000179feec1800


---------------  P R O C E S S  ---------------

Threads class SMR info:
_java_thread_list=0x0000017980eb5740, length=203, elements={
0x00000179da7cc000, 0x00000179f50df000, 0x00000179f50ec800, 0x00000179f5948800,
0x00000179f594b800, 0x00000179f594d000, 0x00000179f594e000, 0x00000179f5951800,
0x00000179f595e800, 0x00000179f5aba800, 0x00000179f815a000, 0x00000179f5c90000,
0x00000179f5e81000, 0x00000179f7cb0000, 0x00000179f70ef000, 0x00000179f8502000,
0x00000179f7c5f800, 0x00000179f7bde800, 0x00000179f7bdf800, 0x00000179f80a4800,
0x00000179f80a6800, 0x00000179f80a7000, 0x00000179f80a5800, 0x00000179f8115800,
0x00000179f805e800, 0x00000179f80a1800, 0x00000179f80a2800, 0x00000179f80a8000,
0x00000179f80a3000, 0x00000179f80a4000, 0x00000179f9258000, 0x00000179f9255000,
0x00000179f9253000, 0x00000179f9259800, 0x00000179f925a800, 0x00000179f9255800,
0x00000179f9262000, 0x00000179f925d000, 0x00000179f925f800, 0x00000179f925c000,
0x00000179f925d800, 0x00000179f925e800, 0x00000179f9260000, 0x00000179f9261000,
0x00000179f6032000, 0x00000179f6038000, 0x00000179f6033000, 0x00000179f6035800,
0x00000179f6038800, 0x00000179f6039800, 0x00000179f6034800, 0x00000179f6037000,
0x00000179f6033800, 0x00000179f603a000, 0x00000179f603b000, 0x00000179f603c000,
0x00000179f6036000, 0x00000179f6040000, 0x00000179f603d800, 0x00000179f603e800,
0x00000179f6040800, 0x00000179f603c800, 0x00000179f603f000, 0x00000179f84e5000,
0x00000179f84e6000, 0x00000179f84e3800, 0x00000179f84e0800, 0x00000179f84e2000,
0x00000179f84e4800, 0x00000179f84e7000, 0x00000179f84e1000, 0x00000179f84e7800,
0x00000179f84e8800, 0x00000179f84e2800, 0x00000179f84e9000, 0x00000179f84ee000,
0x00000179f84ef000, 0x00000179f84eb800, 0x00000179f84ea000, 0x00000179f84ec800,
0x00000179f84eb000, 0x00000179f84ed800, 0x00000179f95c6800, 0x00000179f95cb000,
0x00000179f95c8000, 0x00000179f95c7000, 0x00000179f95cc000, 0x00000179f95ca800,
0x00000179f95ce800, 0x00000179f95cd000, 0x00000179f95c8800, 0x00000179f95cf800,
0x00000179f95c9800, 0x00000179f95cd800, 0x00000179f95d0000, 0x00000179f95d1000,
0x00000179f95d2800, 0x00000179f95d4000, 0x00000179f95d5000, 0x00000179f95d1800,
0x00000179f95d3800, 0x00000179fc703800, 0x00000179fc701000, 0x00000179fc706000,
0x00000179fc704000, 0x00000179fc701800, 0x00000179fc705000, 0x00000179fc702800,
0x00000179fc700000, 0x00000179fc708000, 0x00000179fc70a800, 0x00000179fc709000,
0x00000179fc70c800, 0x00000179fc706800, 0x00000179fc70d000, 0x00000179fc70b800,
0x00000179fc707800, 0x00000179fc70e000, 0x00000179fc70a000, 0x00000179fc70e800,
0x00000179f69e6000, 0x00000179f69e4800, 0x00000179f69e5800, 0x00000179f69e0800,
0x00000179f69e7000, 0x00000179f69e3800, 0x00000179f69e1000, 0x00000179f69e8000,
0x00000179f69e2000, 0x00000179f69e8800, 0x00000179f69e3000, 0x00000179f69ef000,
0x00000179f69ec800, 0x00000179f69ed800, 0x00000179f69ee800, 0x00000179f69ea000,
0x00000179f69ec000, 0x00000179f69e9800, 0x00000179f69eb000, 0x00000179f621a000,
0x00000179f6218800, 0x00000179f621d800, 0x00000179f621c800, 0x00000179f6219800,
0x00000179f621b000, 0x00000179f6218000, 0x00000179f621f000, 0x00000179f6221800,
0x00000179f6221000, 0x00000179f621c000, 0x00000179f621e800, 0x00000179f6225800,
0x00000179f6222800, 0x00000179f6223000, 0x00000179f6224000, 0x00000179f6225000,
0x00000179f6220000, 0x00000179f6226800, 0x00000179fb58b800, 0x00000179fb58e000,
0x00000179fb58c800, 0x00000179fb58d000, 0x00000179fb58a800, 0x00000179fb58f000,
0x00000179fb589000, 0x00000179fb58f800, 0x00000179fb58a000, 0x00000179fb594800,
0x00000179fb591000, 0x00000179fb593800, 0x00000179fb590800, 0x00000179fb592000,
0x00000179fb595800, 0x00000179fb596000, 0x00000179fb597000, 0x00000179fb597800,
0x00000179feeb2000, 0x00000179feeb0800, 0x00000179feeb4800, 0x00000179feeb1000,
0x00000179feeb7800, 0x00000179feeb8800, 0x00000179feeb6000, 0x00000179feeb3800,
0x00000179feeb5000, 0x00000179feeb7000, 0x00000179feeb2800, 0x00000179feeb9800,
0x00000179feeba000, 0x00000179feec0000, 0x00000179feebb000, 0x00000179feebb800,
0x00000179feec1800, 0x00000179feec0800, 0x00000179feec2800, 0x00000179feebc800,
0x00000179feec3000, 0x00000179feebd800, 0x00000179feec4000, 0x00000179feebe000,
0x00000179feec4800, 0x00000179feebf000, 0x00000179feec7000
}

Java Threads: ( => current thread )
  0x00000179da7cc000 JavaThread "main" [_thread_blocked, id=740, stack(0x00000045d9b00000,0x00000045d9c00000)]
  0x00000179f50df000 JavaThread "Reference Handler" daemon [_thread_blocked, id=1516, stack(0x00000045da200000,0x00000045da300000)]
  0x00000179f50ec800 JavaThread "Finalizer" daemon [_thread_blocked, id=2072, stack(0x00000045da300000,0x00000045da400000)]
  0x00000179f5948800 JavaThread "Signal Dispatcher" daemon [_thread_blocked, id=4592, stack(0x00000045da400000,0x00000045da500000)]
  0x00000179f594b800 JavaThread "Attach Listener" daemon [_thread_blocked, id=16852, stack(0x00000045da500000,0x00000045da600000)]
  0x00000179f594d000 JavaThread "Service Thread" daemon [_thread_blocked, id=1880, stack(0x00000045da600000,0x00000045da700000)]
  0x00000179f594e000 JavaThread "C2 CompilerThread0" daemon [_thread_in_native, id=9564, stack(0x00000045da700000,0x00000045da800000)]
  0x00000179f5951800 JavaThread "C1 CompilerThread0" daemon [_thread_blocked, id=19424, stack(0x00000045da800000,0x00000045da900000)]
  0x00000179f595e800 JavaThread "Sweeper thread" daemon [_thread_blocked, id=9128, stack(0x00000045da900000,0x00000045daa00000)]
  0x00000179f5aba800 JavaThread "Common-Cleaner" daemon [_thread_blocked, id=1668, stack(0x00000045daa00000,0x00000045dab00000)]
  0x00000179f815a000 JavaThread "Daemon health stats" [_thread_blocked, id=16420, stack(0x00000045db000000,0x00000045db100000)]
  0x00000179f5c90000 JavaThread "Incoming local TCP Connector on port 63398" [_thread_in_native, id=17452, stack(0x00000045dac00000,0x00000045dad00000)]
  0x00000179f5e81000 JavaThread "Daemon periodic checks" [_thread_blocked, id=1448, stack(0x00000045dad00000,0x00000045dae00000)]
  0x00000179f7cb0000 JavaThread "Daemon" [_thread_blocked, id=6684, stack(0x00000045db100000,0x00000045db200000)]
  0x00000179f70ef000 JavaThread "Handler for socket connection from /127.0.0.1:63398 to /127.0.0.1:63399" [_thread_in_native, id=10408, stack(0x00000045db200000,0x00000045db300000)]
  0x00000179f8502000 JavaThread "Cancel handler" [_thread_blocked, id=14196, stack(0x00000045db300000,0x00000045db400000)]
  0x00000179f7c5f800 JavaThread "Daemon worker" [_thread_blocked, id=16724, stack(0x00000045db400000,0x00000045db500000)]
  0x00000179f7bde800 JavaThread "Asynchronous log dispatcher for DefaultDaemonConnection: socket connection from /127.0.0.1:63398 to /127.0.0.1:63399" [_thread_blocked, id=17644, stack(0x00000045db500000,0x00000045db600000)]
  0x00000179f7bdf800 JavaThread "Stdin handler" [_thread_blocked, id=6556, stack(0x00000045db600000,0x00000045db700000)]
  0x00000179f80a4800 JavaThread "Daemon client event forwarder" [_thread_blocked, id=17780, stack(0x00000045db700000,0x00000045db800000)]
  0x00000179f80a6800 JavaThread "Cache worker for journal cache (C:\Users\nuage\.gradle\caches\journal-1)" [_thread_blocked, id=11648, stack(0x00000045dbf00000,0x00000045dc000000)]
  0x00000179f80a7000 JavaThread "File lock request listener" [_thread_in_native, id=17048, stack(0x00000045dc000000,0x00000045dc100000)]
  0x00000179f80a5800 JavaThread "Cache worker for file hash cache (C:\Users\nuage\.gradle\caches\7.4\fileHashes)" [_thread_blocked, id=8060, stack(0x00000045dc100000,0x00000045dc200000)]
  0x00000179f8115800 JavaThread "C2 CompilerThread1" daemon [_thread_in_native, id=18748, stack(0x00000045dc400000,0x00000045dc500000)]
  0x00000179f805e800 JavaThread "C2 CompilerThread2" daemon [_thread_blocked, id=12400, stack(0x00000045dc500000,0x00000045dc600000)]
  0x00000179f80a1800 JavaThread "File watcher server" daemon [_thread_blocked, id=19184, stack(0x00000045dc600000,0x00000045dc700000)]
  0x00000179f80a2800 JavaThread "File watcher consumer" daemon [_thread_blocked, id=2528, stack(0x00000045dc700000,0x00000045dc800000)]
  0x00000179f80a8000 JavaThread "Cache worker for checksums cache (D:\projet_mobile\AndroidStudioProjects\projetmajeur\.gradle\7.4\checksums)" [_thread_blocked, id=9356, stack(0x00000045dc800000,0x00000045dc900000)]
  0x00000179f80a3000 JavaThread "Cache worker for cache directory md-rule (C:\Users\nuage\.gradle\caches\7.4\md-rule)" [_thread_blocked, id=16020, stack(0x00000045dc900000,0x00000045dca00000)]
  0x00000179f80a4000 JavaThread "Cache worker for file hash cache (D:\projet_mobile\AndroidStudioProjects\projetmajeur\.gradle\7.4\fileHashes)" [_thread_blocked, id=10940, stack(0x00000045dca00000,0x00000045dcb00000)]
  0x00000179f9258000 JavaThread "Cache worker for cache directory md-supplier (C:\Users\nuage\.gradle\caches\7.4\md-supplier)" [_thread_blocked, id=11048, stack(0x00000045dcb00000,0x00000045dcc00000)]
  0x00000179f9255000 JavaThread "Cache worker for execution history cache (C:\Users\nuage\.gradle\caches\7.4\executionHistory)" [_thread_blocked, id=5676, stack(0x00000045dcc00000,0x00000045dcd00000)]
  0x00000179f9253000 JavaThread "jar transforms" [_thread_blocked, id=16792, stack(0x00000045dcd00000,0x00000045dce00000)]
  0x00000179f9259800 JavaThread "Cache worker for file content cache (C:\Users\nuage\.gradle\caches\7.4\fileContent)" [_thread_blocked, id=3824, stack(0x00000045dce00000,0x00000045dcf00000)]
  0x00000179f925a800 JavaThread "jar transforms Thread 2" [_thread_blocked, id=18764, stack(0x00000045dcf00000,0x00000045dd000000)]
  0x00000179f9255800 JavaThread "Cache worker for dependencies-accessors (D:\projet_mobile\AndroidStudioProjects\projetmajeur\.gradle\7.4\dependencies-accessors)" [_thread_blocked, id=16192, stack(0x00000045dd000000,0x00000045dd100000)]
  0x00000179f9262000 JavaThread "jar transforms Thread 3" [_thread_blocked, id=11712, stack(0x00000045dd100000,0x00000045dd200000)]
  0x00000179f925d000 JavaThread "Cache worker for Build Output Cleanup Cache (D:\projet_mobile\AndroidStudioProjects\projetmajeur\.gradle\buildOutputCleanup)" [_thread_blocked, id=2276, stack(0x00000045dd200000,0x00000045dd300000)]
  0x00000179f925f800 JavaThread "Unconstrained build operations" [_thread_blocked, id=5880, stack(0x00000045dd300000,0x00000045dd400000)]
  0x00000179f925c000 JavaThread "Unconstrained build operations Thread 2" [_thread_blocked, id=9416, stack(0x00000045dd400000,0x00000045dd500000)]
  0x00000179f925d800 JavaThread "Unconstrained build operations Thread 3" [_thread_blocked, id=13020, stack(0x00000045dd500000,0x00000045dd600000)]
  0x00000179f925e800 JavaThread "Unconstrained build operations Thread 4" [_thread_blocked, id=7532, stack(0x00000045dd600000,0x00000045dd700000)]
  0x00000179f9260000 JavaThread "Unconstrained build operations Thread 5" [_thread_blocked, id=5272, stack(0x00000045dd700000,0x00000045dd800000)]
  0x00000179f9261000 JavaThread "Unconstrained build operations Thread 6" [_thread_blocked, id=10656, stack(0x00000045dd800000,0x00000045dd900000)]
  0x00000179f6032000 JavaThread "Unconstrained build operations Thread 7" [_thread_blocked, id=16476, stack(0x00000045dd900000,0x00000045dda00000)]
  0x00000179f6038000 JavaThread "Unconstrained build operations Thread 8" [_thread_blocked, id=15680, stack(0x00000045dda00000,0x00000045ddb00000)]
  0x00000179f6033000 JavaThread "Unconstrained build operations Thread 9" [_thread_blocked, id=16536, stack(0x00000045ddb00000,0x00000045ddc00000)]
  0x00000179f6035800 JavaThread "Unconstrained build operations Thread 10" [_thread_blocked, id=4824, stack(0x00000045ddc00000,0x00000045ddd00000)]
  0x00000179f6038800 JavaThread "Unconstrained build operations Thread 11" [_thread_blocked, id=11376, stack(0x00000045ddd00000,0x00000045dde00000)]
  0x00000179f6039800 JavaThread "Unconstrained build operations Thread 12" [_thread_blocked, id=18372, stack(0x00000045dde00000,0x00000045ddf00000)]
  0x00000179f6034800 JavaThread "Unconstrained build operations Thread 13" [_thread_blocked, id=16220, stack(0x00000045ddf00000,0x00000045de000000)]
  0x00000179f6037000 JavaThread "Unconstrained build operations Thread 14" [_thread_blocked, id=6472, stack(0x00000045de000000,0x00000045de100000)]
  0x00000179f6033800 JavaThread "Unconstrained build operations Thread 15" [_thread_blocked, id=15408, stack(0x00000045de100000,0x00000045de200000)]
  0x00000179f603a000 JavaThread "Unconstrained build operations Thread 16" [_thread_blocked, id=4796, stack(0x00000045de200000,0x00000045de300000)]
  0x00000179f603b000 JavaThread "Unconstrained build operations Thread 17" [_thread_blocked, id=10608, stack(0x00000045de300000,0x00000045de400000)]
  0x00000179f603c000 JavaThread "Unconstrained build operations Thread 18" [_thread_blocked, id=6172, stack(0x00000045de400000,0x00000045de500000)]
  0x00000179f6036000 JavaThread "Unconstrained build operations Thread 19" [_thread_blocked, id=8048, stack(0x00000045de500000,0x00000045de600000)]
  0x00000179f6040000 JavaThread "Unconstrained build operations Thread 20" [_thread_blocked, id=2812, stack(0x00000045de600000,0x00000045de700000)]
  0x00000179f603d800 JavaThread "Unconstrained build operations Thread 21" [_thread_blocked, id=792, stack(0x00000045de700000,0x00000045de800000)]
  0x00000179f603e800 JavaThread "Unconstrained build operations Thread 22" [_thread_blocked, id=16840, stack(0x00000045de800000,0x00000045de900000)]
  0x00000179f6040800 JavaThread "Unconstrained build operations Thread 23" [_thread_blocked, id=3916, stack(0x00000045de900000,0x00000045dea00000)]
  0x00000179f603c800 JavaThread "Unconstrained build operations Thread 24" [_thread_blocked, id=16000, stack(0x00000045dea00000,0x00000045deb00000)]
  0x00000179f603f000 JavaThread "Unconstrained build operations Thread 25" [_thread_blocked, id=7728, stack(0x00000045deb00000,0x00000045dec00000)]
  0x00000179f84e5000 JavaThread "Unconstrained build operations Thread 26" [_thread_blocked, id=9476, stack(0x00000045dec00000,0x00000045ded00000)]
  0x00000179f84e6000 JavaThread "Unconstrained build operations Thread 27" [_thread_blocked, id=19056, stack(0x00000045ded00000,0x00000045dee00000)]
  0x00000179f84e3800 JavaThread "Unconstrained build operations Thread 28" [_thread_blocked, id=16464, stack(0x00000045dee00000,0x00000045def00000)]
  0x00000179f84e0800 JavaThread "Unconstrained build operations Thread 29" [_thread_blocked, id=3080, stack(0x00000045def00000,0x00000045df000000)]
  0x00000179f84e2000 JavaThread "Unconstrained build operations Thread 30" [_thread_blocked, id=12024, stack(0x00000045df000000,0x00000045df100000)]
  0x00000179f84e4800 JavaThread "Unconstrained build operations Thread 31" [_thread_blocked, id=7768, stack(0x00000045df100000,0x00000045df200000)]
  0x00000179f84e7000 JavaThread "Unconstrained build operations Thread 32" [_thread_blocked, id=6108, stack(0x00000045df200000,0x00000045df300000)]
  0x00000179f84e1000 JavaThread "Unconstrained build operations Thread 33" [_thread_blocked, id=7808, stack(0x00000045df300000,0x00000045df400000)]
  0x00000179f84e7800 JavaThread "Unconstrained build operations Thread 34" [_thread_blocked, id=3228, stack(0x00000045df400000,0x00000045df500000)]
  0x00000179f84e8800 JavaThread "Unconstrained build operations Thread 35" [_thread_blocked, id=15616, stack(0x00000045df500000,0x00000045df600000)]
  0x00000179f84e2800 JavaThread "Unconstrained build operations Thread 36" [_thread_blocked, id=3988, stack(0x00000045df600000,0x00000045df700000)]
  0x00000179f84e9000 JavaThread "Unconstrained build operations Thread 37" [_thread_blocked, id=17000, stack(0x00000045df700000,0x00000045df800000)]
  0x00000179f84ee000 JavaThread "Unconstrained build operations Thread 38" [_thread_blocked, id=16988, stack(0x00000045df800000,0x00000045df900000)]
  0x00000179f84ef000 JavaThread "Unconstrained build operations Thread 39" [_thread_blocked, id=8664, stack(0x00000045df900000,0x00000045dfa00000)]
  0x00000179f84eb800 JavaThread "Unconstrained build operations Thread 40" [_thread_blocked, id=2712, stack(0x00000045dfa00000,0x00000045dfb00000)]
  0x00000179f84ea000 JavaThread "Unconstrained build operations Thread 41" [_thread_blocked, id=7452, stack(0x00000045dfb00000,0x00000045dfc00000)]
  0x00000179f84ec800 JavaThread "Unconstrained build operations Thread 42" [_thread_blocked, id=16964, stack(0x00000045dfc00000,0x00000045dfd00000)]
  0x00000179f84eb000 JavaThread "Unconstrained build operations Thread 43" [_thread_blocked, id=6160, stack(0x00000045dfd00000,0x00000045dfe00000)]
  0x00000179f84ed800 JavaThread "Unconstrained build operations Thread 44" [_thread_blocked, id=12224, stack(0x00000045dfe00000,0x00000045dff00000)]
  0x00000179f95c6800 JavaThread "Unconstrained build operations Thread 45" [_thread_blocked, id=2244, stack(0x00000045dff00000,0x00000045e0000000)]
  0x00000179f95cb000 JavaThread "Unconstrained build operations Thread 46" [_thread_blocked, id=2044, stack(0x00000045e0000000,0x00000045e0100000)]
  0x00000179f95c8000 JavaThread "Unconstrained build operations Thread 47" [_thread_blocked, id=6336, stack(0x00000045e0100000,0x00000045e0200000)]
  0x00000179f95c7000 JavaThread "Unconstrained build operations Thread 48" [_thread_blocked, id=18356, stack(0x00000045e0200000,0x00000045e0300000)]
  0x00000179f95cc000 JavaThread "Unconstrained build operations Thread 49" [_thread_blocked, id=17752, stack(0x00000045e0300000,0x00000045e0400000)]
  0x00000179f95ca800 JavaThread "Unconstrained build operations Thread 50" [_thread_blocked, id=3696, stack(0x00000045e0400000,0x00000045e0500000)]
  0x00000179f95ce800 JavaThread "Unconstrained build operations Thread 51" [_thread_blocked, id=2824, stack(0x00000045e0500000,0x00000045e0600000)]
  0x00000179f95cd000 JavaThread "Unconstrained build operations Thread 52" [_thread_blocked, id=10324, stack(0x00000045e0600000,0x00000045e0700000)]
  0x00000179f95c8800 JavaThread "Unconstrained build operations Thread 53" [_thread_blocked, id=17248, stack(0x00000045e0700000,0x00000045e0800000)]
  0x00000179f95cf800 JavaThread "Unconstrained build operations Thread 54" [_thread_blocked, id=7908, stack(0x00000045e0800000,0x00000045e0900000)]
  0x00000179f95c9800 JavaThread "Unconstrained build operations Thread 55" [_thread_blocked, id=2932, stack(0x00000045e0900000,0x00000045e0a00000)]
  0x00000179f95cd800 JavaThread "Unconstrained build operations Thread 56" [_thread_blocked, id=14676, stack(0x00000045e0a00000,0x00000045e0b00000)]
  0x00000179f95d0000 JavaThread "Unconstrained build operations Thread 57" [_thread_blocked, id=4172, stack(0x00000045e0b00000,0x00000045e0c00000)]
  0x00000179f95d1000 JavaThread "Unconstrained build operations Thread 58" [_thread_blocked, id=10552, stack(0x00000045e0c00000,0x00000045e0d00000)]
  0x00000179f95d2800 JavaThread "Unconstrained build operations Thread 59" [_thread_blocked, id=16796, stack(0x00000045e0d00000,0x00000045e0e00000)]
  0x00000179f95d4000 JavaThread "Unconstrained build operations Thread 60" [_thread_blocked, id=6188, stack(0x00000045e0e00000,0x00000045e0f00000)]
  0x00000179f95d5000 JavaThread "Unconstrained build operations Thread 61" [_thread_blocked, id=11740, stack(0x00000045e0f00000,0x00000045e1000000)]
  0x00000179f95d1800 JavaThread "Unconstrained build operations Thread 62" [_thread_blocked, id=12376, stack(0x00000045e1000000,0x00000045e1100000)]
  0x00000179f95d3800 JavaThread "Unconstrained build operations Thread 63" [_thread_blocked, id=3856, stack(0x00000045e1100000,0x00000045e1200000)]
  0x00000179fc703800 JavaThread "Unconstrained build operations Thread 64" [_thread_blocked, id=3896, stack(0x00000045e1200000,0x00000045e1300000)]
  0x00000179fc701000 JavaThread "Unconstrained build operations Thread 65" [_thread_blocked, id=16424, stack(0x00000045e1300000,0x00000045e1400000)]
  0x00000179fc706000 JavaThread "Unconstrained build operations Thread 66" [_thread_blocked, id=10884, stack(0x00000045e1400000,0x00000045e1500000)]
  0x00000179fc704000 JavaThread "Unconstrained build operations Thread 67" [_thread_blocked, id=2468, stack(0x00000045e1500000,0x00000045e1600000)]
  0x00000179fc701800 JavaThread "Unconstrained build operations Thread 68" [_thread_blocked, id=8688, stack(0x00000045e1600000,0x00000045e1700000)]
  0x00000179fc705000 JavaThread "Unconstrained build operations Thread 69" [_thread_blocked, id=10124, stack(0x00000045e1700000,0x00000045e1800000)]
  0x00000179fc702800 JavaThread "Unconstrained build operations Thread 70" [_thread_blocked, id=6288, stack(0x00000045e1800000,0x00000045e1900000)]
  0x00000179fc700000 JavaThread "Unconstrained build operations Thread 71" [_thread_blocked, id=17176, stack(0x00000045e1900000,0x00000045e1a00000)]
  0x00000179fc708000 JavaThread "Unconstrained build operations Thread 72" [_thread_blocked, id=16540, stack(0x00000045e1a00000,0x00000045e1b00000)]
  0x00000179fc70a800 JavaThread "Unconstrained build operations Thread 73" [_thread_blocked, id=7144, stack(0x00000045e1b00000,0x00000045e1c00000)]
  0x00000179fc709000 JavaThread "Unconstrained build operations Thread 74" [_thread_blocked, id=16512, stack(0x00000045e1c00000,0x00000045e1d00000)]
  0x00000179fc70c800 JavaThread "Unconstrained build operations Thread 75" [_thread_blocked, id=16524, stack(0x00000045e1d00000,0x00000045e1e00000)]
  0x00000179fc706800 JavaThread "Unconstrained build operations Thread 76" [_thread_blocked, id=15976, stack(0x00000045e1e00000,0x00000045e1f00000)]
  0x00000179fc70d000 JavaThread "Unconstrained build operations Thread 77" [_thread_blocked, id=17392, stack(0x00000045e1f00000,0x00000045e2000000)]
  0x00000179fc70b800 JavaThread "Unconstrained build operations Thread 78" [_thread_blocked, id=2252, stack(0x00000045e2000000,0x00000045e2100000)]
  0x00000179fc707800 JavaThread "Unconstrained build operations Thread 79" [_thread_blocked, id=16492, stack(0x00000045e2100000,0x00000045e2200000)]
  0x00000179fc70e000 JavaThread "Unconstrained build operations Thread 80" [_thread_blocked, id=10784, stack(0x00000045e2200000,0x00000045e2300000)]
  0x00000179fc70a000 JavaThread "Unconstrained build operations Thread 81" [_thread_blocked, id=9240, stack(0x00000045e2300000,0x00000045e2400000)]
  0x00000179fc70e800 JavaThread "Unconstrained build operations Thread 82" [_thread_blocked, id=616, stack(0x00000045e2400000,0x00000045e2500000)]
  0x00000179f69e6000 JavaThread "Unconstrained build operations Thread 83" [_thread_blocked, id=516, stack(0x00000045e2500000,0x00000045e2600000)]
  0x00000179f69e4800 JavaThread "Unconstrained build operations Thread 84" [_thread_blocked, id=10480, stack(0x00000045e2600000,0x00000045e2700000)]
  0x00000179f69e5800 JavaThread "Unconstrained build operations Thread 85" [_thread_blocked, id=10740, stack(0x00000045e2700000,0x00000045e2800000)]
  0x00000179f69e0800 JavaThread "Unconstrained build operations Thread 86" [_thread_blocked, id=328, stack(0x00000045e2800000,0x00000045e2900000)]
  0x00000179f69e7000 JavaThread "Unconstrained build operations Thread 87" [_thread_blocked, id=1596, stack(0x00000045e2900000,0x00000045e2a00000)]
  0x00000179f69e3800 JavaThread "Unconstrained build operations Thread 88" [_thread_blocked, id=6272, stack(0x00000045e2a00000,0x00000045e2b00000)]
  0x00000179f69e1000 JavaThread "Unconstrained build operations Thread 89" [_thread_blocked, id=4784, stack(0x00000045e2b00000,0x00000045e2c00000)]
  0x00000179f69e8000 JavaThread "Unconstrained build operations Thread 90" [_thread_blocked, id=12836, stack(0x00000045e2c00000,0x00000045e2d00000)]
  0x00000179f69e2000 JavaThread "Unconstrained build operations Thread 91" [_thread_blocked, id=11384, stack(0x00000045e2d00000,0x00000045e2e00000)]
  0x00000179f69e8800 JavaThread "Unconstrained build operations Thread 92" [_thread_blocked, id=15576, stack(0x00000045e2e00000,0x00000045e2f00000)]
  0x00000179f69e3000 JavaThread "Unconstrained build operations Thread 93" [_thread_blocked, id=12696, stack(0x00000045e2f00000,0x00000045e3000000)]
  0x00000179f69ef000 JavaThread "Unconstrained build operations Thread 94" [_thread_blocked, id=15384, stack(0x00000045e3000000,0x00000045e3100000)]
  0x00000179f69ec800 JavaThread "Unconstrained build operations Thread 95" [_thread_blocked, id=11096, stack(0x00000045e3100000,0x00000045e3200000)]
  0x00000179f69ed800 JavaThread "Unconstrained build operations Thread 96" [_thread_blocked, id=3932, stack(0x00000045e3200000,0x00000045e3300000)]
  0x00000179f69ee800 JavaThread "Unconstrained build operations Thread 97" [_thread_blocked, id=1136, stack(0x00000045e3300000,0x00000045e3400000)]
  0x00000179f69ea000 JavaThread "Unconstrained build operations Thread 98" [_thread_blocked, id=8948, stack(0x00000045e3400000,0x00000045e3500000)]
  0x00000179f69ec000 JavaThread "Unconstrained build operations Thread 99" [_thread_blocked, id=9396, stack(0x00000045e3500000,0x00000045e3600000)]
  0x00000179f69e9800 JavaThread "Unconstrained build operations Thread 100" [_thread_blocked, id=17276, stack(0x00000045e3600000,0x00000045e3700000)]
  0x00000179f69eb000 JavaThread "Unconstrained build operations Thread 101" [_thread_blocked, id=16696, stack(0x00000045e3700000,0x00000045e3800000)]
  0x00000179f621a000 JavaThread "Unconstrained build operations Thread 102" [_thread_blocked, id=8492, stack(0x00000045e3800000,0x00000045e3900000)]
  0x00000179f6218800 JavaThread "Unconstrained build operations Thread 103" [_thread_blocked, id=16820, stack(0x00000045e3900000,0x00000045e3a00000)]
  0x00000179f621d800 JavaThread "Unconstrained build operations Thread 104" [_thread_blocked, id=7412, stack(0x00000045e3a00000,0x00000045e3b00000)]
  0x00000179f621c800 JavaThread "Unconstrained build operations Thread 105" [_thread_blocked, id=648, stack(0x00000045e3b00000,0x00000045e3c00000)]
  0x00000179f6219800 JavaThread "Unconstrained build operations Thread 106" [_thread_blocked, id=8916, stack(0x00000045e3c00000,0x00000045e3d00000)]
  0x00000179f621b000 JavaThread "Unconstrained build operations Thread 107" [_thread_blocked, id=1828, stack(0x00000045e3d00000,0x00000045e3e00000)]
  0x00000179f6218000 JavaThread "Unconstrained build operations Thread 108" [_thread_blocked, id=4720, stack(0x00000045e3e00000,0x00000045e3f00000)]
  0x00000179f621f000 JavaThread "Unconstrained build operations Thread 109" [_thread_blocked, id=11064, stack(0x00000045e3f00000,0x00000045e4000000)]
  0x00000179f6221800 JavaThread "Unconstrained build operations Thread 110" [_thread_blocked, id=3544, stack(0x00000045e4000000,0x00000045e4100000)]
  0x00000179f6221000 JavaThread "Unconstrained build operations Thread 111" [_thread_blocked, id=17112, stack(0x00000045e4100000,0x00000045e4200000)]
  0x00000179f621c000 JavaThread "Unconstrained build operations Thread 112" [_thread_blocked, id=4060, stack(0x00000045e4200000,0x00000045e4300000)]
  0x00000179f621e800 JavaThread "Unconstrained build operations Thread 113" [_thread_blocked, id=1904, stack(0x00000045e4300000,0x00000045e4400000)]
  0x00000179f6225800 JavaThread "Unconstrained build operations Thread 114" [_thread_blocked, id=8264, stack(0x00000045e4400000,0x00000045e4500000)]
  0x00000179f6222800 JavaThread "Unconstrained build operations Thread 115" [_thread_blocked, id=4020, stack(0x00000045e4500000,0x00000045e4600000)]
  0x00000179f6223000 JavaThread "Unconstrained build operations Thread 116" [_thread_blocked, id=11488, stack(0x00000045e4600000,0x00000045e4700000)]
  0x00000179f6224000 JavaThread "Unconstrained build operations Thread 117" [_thread_blocked, id=1700, stack(0x00000045e4700000,0x00000045e4800000)]
  0x00000179f6225000 JavaThread "Unconstrained build operations Thread 118" [_thread_blocked, id=4892, stack(0x00000045e4800000,0x00000045e4900000)]
  0x00000179f6220000 JavaThread "Unconstrained build operations Thread 119" [_thread_blocked, id=8188, stack(0x00000045e4900000,0x00000045e4a00000)]
  0x00000179f6226800 JavaThread "Unconstrained build operations Thread 120" [_thread_blocked, id=7752, stack(0x00000045e4a00000,0x00000045e4b00000)]
  0x00000179fb58b800 JavaThread "jar transforms Thread 4" [_thread_blocked, id=2944, stack(0x00000045e4b00000,0x00000045e4c00000)]
  0x00000179fb58e000 JavaThread "jar transforms Thread 5" [_thread_blocked, id=6600, stack(0x00000045e4c00000,0x00000045e4d00000)]
  0x00000179fb58c800 JavaThread "jar transforms Thread 6" [_thread_blocked, id=13404, stack(0x00000045e4d00000,0x00000045e4e00000)]
  0x00000179fb58d000 JavaThread "jar transforms Thread 7" [_thread_blocked, id=10888, stack(0x00000045e4e00000,0x00000045e4f00000)]
  0x00000179fb58a800 JavaThread "jar transforms Thread 8" [_thread_blocked, id=7268, stack(0x00000045e4f00000,0x00000045e5000000)]
  0x00000179fb58f000 JavaThread "jar transforms Thread 9" [_thread_blocked, id=5424, stack(0x00000045e5000000,0x00000045e5100000)]
  0x00000179fb589000 JavaThread "jar transforms Thread 10" [_thread_blocked, id=5904, stack(0x00000045e5100000,0x00000045e5200000)]
  0x00000179fb58f800 JavaThread "jar transforms Thread 11" [_thread_blocked, id=15840, stack(0x00000045e5200000,0x00000045e5300000)]
  0x00000179fb58a000 JavaThread "jar transforms Thread 12" [_thread_blocked, id=19436, stack(0x00000045e5300000,0x00000045e5400000)]
  0x00000179fb594800 JavaThread "Memory manager" [_thread_blocked, id=7952, stack(0x00000045e5400000,0x00000045e5500000)]
  0x00000179fb591000 JavaThread "build event listener" [_thread_blocked, id=9420, stack(0x00000045e5500000,0x00000045e5600000)]
  0x00000179fb593800 JavaThread "included builds" [_thread_blocked, id=2544, stack(0x00000045e5600000,0x00000045e5700000)]
  0x00000179fb590800 JavaThread "Execution worker for ':'" [_thread_blocked, id=13396, stack(0x00000045e5700000,0x00000045e5800000)]
  0x00000179fb592000 JavaThread "Execution worker for ':' Thread 2" [_thread_blocked, id=7444, stack(0x00000045e5800000,0x00000045e5900000)]
  0x00000179fb595800 JavaThread "Execution worker for ':' Thread 3" [_thread_blocked, id=17296, stack(0x00000045e5900000,0x00000045e5a00000)]
  0x00000179fb596000 JavaThread "Execution worker for ':' Thread 4" [_thread_blocked, id=6068, stack(0x00000045e5a00000,0x00000045e5b00000)]
  0x00000179fb597000 JavaThread "Execution worker for ':' Thread 5" [_thread_blocked, id=15012, stack(0x00000045e5b00000,0x00000045e5c00000)]
  0x00000179fb597800 JavaThread "Execution worker for ':' Thread 6" [_thread_blocked, id=16148, stack(0x00000045e5c00000,0x00000045e5d00000)]
  0x00000179feeb2000 JavaThread "Execution worker for ':' Thread 7" [_thread_blocked, id=14048, stack(0x00000045e5d00000,0x00000045e5e00000)]
  0x00000179feeb0800 JavaThread "Execution worker for ':' Thread 8" [_thread_blocked, id=6088, stack(0x00000045e5e00000,0x00000045e5f00000)]
  0x00000179feeb4800 JavaThread "Execution worker for ':' Thread 9" [_thread_blocked, id=3328, stack(0x00000045e5f00000,0x00000045e6000000)]
  0x00000179feeb1000 JavaThread "Execution worker for ':' Thread 10" [_thread_blocked, id=4504, stack(0x00000045e6000000,0x00000045e6100000)]
  0x00000179feeb7800 JavaThread "Execution worker for ':' Thread 11" [_thread_blocked, id=10924, stack(0x00000045e6100000,0x00000045e6200000)]
  0x00000179feeb8800 JavaThread "Cache worker for execution history cache (D:\projet_mobile\AndroidStudioProjects\projetmajeur\.gradle\7.4\executionHistory)" [_thread_blocked, id=2964, stack(0x00000045e6200000,0x00000045e6300000)]
  0x00000179feeb6000 JavaThread "WorkerExecutor Queue" [_thread_blocked, id=8260, stack(0x00000045e6300000,0x00000045e6400000)]
  0x00000179feeb3800 JavaThread "WorkerExecutor Queue Thread 2" [_thread_blocked, id=17772, stack(0x00000045e6900000,0x00000045e6a00000)]
  0x00000179feeb5000 JavaThread "WorkerExecutor Queue Thread 3" [_thread_blocked, id=8944, stack(0x00000045e6a00000,0x00000045e6b00000)]
  0x00000179feeb7000 JavaThread "WorkerExecutor Queue Thread 4" [_thread_blocked, id=10556, stack(0x00000045e6b00000,0x00000045e6c00000)]
  0x00000179feeb2800 JavaThread "WorkerExecutor Queue Thread 5" [_thread_blocked, id=15996, stack(0x00000045e6c00000,0x00000045e6d00000)]
  0x00000179feeb9800 JavaThread "WorkerExecutor Queue Thread 6" [_thread_blocked, id=12384, stack(0x00000045e6d00000,0x00000045e6e00000)]
  0x00000179feeba000 JavaThread "ForkJoinPool-1-worker-19" daemon [_thread_blocked, id=11276, stack(0x00000045e6e00000,0x00000045e6f00000)]
  0x00000179feec0000 JavaThread "ForkJoinPool-1-worker-5" daemon [_thread_blocked, id=2952, stack(0x00000045e6f00000,0x00000045e7000000)]
  0x00000179feebb000 JavaThread "ForkJoinPool-1-worker-23" daemon [_thread_blocked, id=13080, stack(0x00000045e7000000,0x00000045e7100000)]
  0x00000179feebb800 JavaThread "ForkJoinPool-1-worker-9" daemon [_thread_blocked, id=16940, stack(0x00000045e7100000,0x00000045e7200000)]
  0x00000179feec1800 JavaThread "ForkJoinPool-1-worker-27" daemon [_thread_blocked, id=7772, stack(0x00000045e7200000,0x00000045e7300000)]
  0x00000179feec0800 JavaThread "ForkJoinPool-1-worker-13" daemon [_thread_blocked, id=17140, stack(0x00000045e7300000,0x00000045e7400000)]
  0x00000179feec2800 JavaThread "ForkJoinPool-1-worker-31" daemon [_thread_blocked, id=15648, stack(0x00000045e7400000,0x00000045e7500000)]
  0x00000179feebc800 JavaThread "ForkJoinPool-1-worker-17" daemon [_thread_blocked, id=16392, stack(0x00000045e7500000,0x00000045e7600000)]
  0x00000179feec3000 JavaThread "ForkJoinPool-1-worker-3" daemon [_thread_blocked, id=8592, stack(0x00000045e7600000,0x00000045e7700000)]
  0x00000179feebd800 JavaThread "ForkJoinPool-1-worker-21" daemon [_thread_blocked, id=16632, stack(0x00000045e7700000,0x00000045e7800000)]
  0x00000179feec4000 JavaThread "ForkJoinPool-1-worker-7" daemon [_thread_blocked, id=19024, stack(0x00000045e7800000,0x00000045e7900000)]
  0x00000179feebe000 JavaThread "ForkJoinPool-1-worker-25" daemon [_thread_blocked, id=16584, stack(0x00000045e7900000,0x00000045e7a00000)]
  0x00000179feec4800 JavaThread "pool-3-thread-1" [_thread_blocked, id=8952, stack(0x00000045e7a00000,0x00000045e7b00000)]
  0x00000179feebf000 JavaThread "stderr" [_thread_in_native, id=14040, stack(0x00000045e7b00000,0x00000045e7c00000)]
  0x00000179feec7000 JavaThread "stdout" [_thread_in_native, id=16812, stack(0x00000045e7c00000,0x00000045e7d00000)]

Other Threads:
=>0x00000179f58f7800 VMThread "VM Thread" [stack: 0x00000045da100000,0x00000045da200000] [id=6316]
  0x00000179f5af2800 WatcherThread [stack: 0x00000045dab00000,0x00000045dac00000] [id=1888]
  0x00000179da7e5000 GCTaskThread "GC Thread#0" [stack: 0x00000045d9c00000,0x00000045d9d00000] [id=8740]
  0x00000179f6c0c800 GCTaskThread "GC Thread#1" [stack: 0x00000045dae00000,0x00000045daf00000] [id=528]
  0x00000179f6b5a000 GCTaskThread "GC Thread#2" [stack: 0x00000045daf00000,0x00000045db000000] [id=18692]
  0x00000179f7b3a800 GCTaskThread "GC Thread#3" [stack: 0x00000045db800000,0x00000045db900000] [id=7068]
  0x00000179f743b800 GCTaskThread "GC Thread#4" [stack: 0x00000045db900000,0x00000045dba00000] [id=8960]
  0x00000179f81d1000 GCTaskThread "GC Thread#5" [stack: 0x00000045dba00000,0x00000045dbb00000] [id=7540]
  0x00000179f81d1800 GCTaskThread "GC Thread#6" [stack: 0x00000045dbb00000,0x00000045dbc00000] [id=10364]
  0x00000179f6f58800 GCTaskThread "GC Thread#7" [stack: 0x00000045dbc00000,0x00000045dbd00000] [id=7120]
  0x00000179f6f59800 GCTaskThread "GC Thread#8" [stack: 0x00000045dbd00000,0x00000045dbe00000] [id=10260]
  0x00000179f8871000 GCTaskThread "GC Thread#9" [stack: 0x00000045dbe00000,0x00000045dbf00000] [id=1244]
  0x00000179da81a000 ConcurrentGCThread "G1 Main Marker" [stack: 0x00000045d9d00000,0x00000045d9e00000] [id=10628]
  0x00000179da81b000 ConcurrentGCThread "G1 Conc#0" [stack: 0x00000045d9e00000,0x00000045d9f00000] [id=6488]
  0x00000179f7e8e000 ConcurrentGCThread "G1 Conc#1" [stack: 0x00000045dc200000,0x00000045dc300000] [id=16052]
  0x00000179f7e8f000 ConcurrentGCThread "G1 Conc#2" [stack: 0x00000045dc300000,0x00000045dc400000] [id=8420]
  0x00000179f4f38800 ConcurrentGCThread "G1 Refine#0" [stack: 0x00000045d9f00000,0x00000045da000000] [id=15900]
  0x00000179fef9d800 ConcurrentGCThread "G1 Refine#1" [stack: 0x00000045e6400000,0x00000045e6500000] [id=5336]
  0x00000179fafbe800 ConcurrentGCThread "G1 Refine#2" [stack: 0x00000045e6500000,0x00000045e6600000] [id=11344]
  0x00000179fb34f800 ConcurrentGCThread "G1 Refine#3" [stack: 0x00000045e6600000,0x00000045e6700000] [id=17904]
  0x00000179fd161800 ConcurrentGCThread "G1 Refine#4" [stack: 0x00000045e6700000,0x00000045e6800000] [id=2924]
  0x00000179f8ea4800 ConcurrentGCThread "G1 Refine#5" [stack: 0x00000045e6800000,0x00000045e6900000] [id=9052]
  0x00000179f4f39000 ConcurrentGCThread "G1 Young RemSet Sampling" [stack: 0x00000045da000000,0x00000045da100000] [id=5160]

Threads with active compile tasks:
C2 CompilerThread0  13300 10802       4       com.android.tools.r8.dex.i::a (829 bytes)
C1 CompilerThread0  13301 11204   !   2       com.android.tools.r8.graph.a1::b (135 bytes)
C2 CompilerThread1  13301 10318 %     4       com.android.tools.r8.dex.i::l @ 64 (2158 bytes)
C2 CompilerThread2  13301 10801 %     4       com.android.tools.r8.dex.i::a @ 310 (1036 bytes)

VM state:at safepoint (normal execution)

VM Mutex/Monitor currently owned by a thread:  ([mutex/lock_event])
[0x00000179da7c7e30] Threads_lock - owner thread: 0x00000179f58f7800
[0x00000179da7c7890] Heap_lock - owner thread: 0x00000179feec1800

Heap address: 0x0000000080000000, size: 2048 MB, Compressed Oops mode: 32-bit
Narrow klass base: 0x0000000000000000, Narrow klass shift: 3
Compressed class space size: 1073741824 Address: 0x0000000100000000

Heap:
 garbage-first heap   total 355328K, used 165295K [0x0000000080000000, 0x0000000100000000)
  region size 1024K, 2 young (2048K), 2 survivors (2048K)
 Metaspace       used 97804K, capacity 100225K, committed 100560K, reserved 1136640K
  class space    used 12778K, capacity 13679K, committed 13824K, reserved 1048576K
Heap Regions: E=young(eden), S=young(survivor), O=old, HS=humongous(starts), HC=humongous(continues), CS=collection set, F=free, A=archive, TAMS=top-at-mark-start (previous, next)
|   0|0x0000000080000000, 0x0000000080100000, 0x0000000080100000|100%| O|  |TAMS 0x0000000080100000, 0x0000000080100000| Untracked 
|   1|0x0000000080100000, 0x0000000080200000, 0x0000000080200000|100%| O|  |TAMS 0x0000000080200000, 0x0000000080200000| Untracked 
|   2|0x0000000080200000, 0x0000000080300000, 0x0000000080300000|100%| O|  |TAMS 0x0000000080300000, 0x0000000080300000| Untracked 
|   3|0x0000000080300000, 0x0000000080400000, 0x0000000080400000|100%|HS|  |TAMS 0x0000000080400000, 0x0000000080400000| Complete 
|   4|0x0000000080400000, 0x0000000080500000, 0x0000000080500000|100%|HC|  |TAMS 0x0000000080500000, 0x0000000080500000| Complete 
|   5|0x0000000080500000, 0x0000000080600000, 0x0000000080600000|100%|HC|  |TAMS 0x0000000080600000, 0x0000000080600000| Complete 
|   6|0x0000000080600000, 0x0000000080700000, 0x0000000080700000|100%| O|  |TAMS 0x0000000080700000, 0x0000000080700000| Untracked 
|   7|0x0000000080700000, 0x0000000080800000, 0x0000000080800000|100%| O|  |TAMS 0x0000000080800000, 0x0000000080800000| Untracked 
|   8|0x0000000080800000, 0x0000000080900000, 0x0000000080900000|100%| O|  |TAMS 0x0000000080900000, 0x0000000080900000| Untracked 
|   9|0x0000000080900000, 0x0000000080a00000, 0x0000000080a00000|100%| O|  |TAMS 0x0000000080a00000, 0x0000000080a00000| Untracked 
|  10|0x0000000080a00000, 0x0000000080b00000, 0x0000000080b00000|100%| O|  |TAMS 0x0000000080b00000, 0x0000000080b00000| Untracked 
|  11|0x0000000080b00000, 0x0000000080c00000, 0x0000000080c00000|100%| O|  |TAMS 0x0000000080c00000, 0x0000000080c00000| Untracked 
|  12|0x0000000080c00000, 0x0000000080d00000, 0x0000000080d00000|100%| O|  |TAMS 0x0000000080d00000, 0x0000000080d00000| Untracked 
|  13|0x0000000080d00000, 0x0000000080e00000, 0x0000000080e00000|100%| O|  |TAMS 0x0000000080e00000, 0x0000000080e00000| Untracked 
|  14|0x0000000080e00000, 0x0000000080f00000, 0x0000000080f00000|100%| O|  |TAMS 0x0000000080f00000, 0x0000000080f00000| Untracked 
|  15|0x0000000080f00000, 0x0000000081000000, 0x0000000081000000|100%| O|  |TAMS 0x0000000081000000, 0x0000000081000000| Untracked 
|  16|0x0000000081000000, 0x0000000081100000, 0x0000000081100000|100%|HS|  |TAMS 0x0000000081100000, 0x0000000081100000| Complete 
|  17|0x0000000081100000, 0x0000000081200000, 0x0000000081200000|100%| O|  |TAMS 0x0000000081200000, 0x0000000081200000| Untracked 
|  18|0x0000000081200000, 0x0000000081300000, 0x0000000081300000|100%| O|  |TAMS 0x0000000081300000, 0x0000000081300000| Untracked 
|  19|0x0000000081300000, 0x0000000081400000, 0x0000000081400000|100%| O|  |TAMS 0x0000000081400000, 0x0000000081400000| Untracked 
|  20|0x0000000081400000, 0x0000000081500000, 0x0000000081500000|100%| O|  |TAMS 0x0000000081500000, 0x0000000081500000| Untracked 
|  21|0x0000000081500000, 0x0000000081600000, 0x0000000081600000|100%| O|  |TAMS 0x0000000081600000, 0x0000000081600000| Untracked 
|  22|0x0000000081600000, 0x0000000081700000, 0x0000000081700000|100%| O|  |TAMS 0x0000000081700000, 0x0000000081700000| Untracked 
|  23|0x0000000081700000, 0x0000000081800000, 0x0000000081800000|100%| O|  |TAMS 0x0000000081800000, 0x0000000081800000| Untracked 
|  24|0x0000000081800000, 0x0000000081900000, 0x0000000081900000|100%| O|  |TAMS 0x0000000081900000, 0x0000000081900000| Untracked 
|  25|0x0000000081900000, 0x0000000081a00000, 0x0000000081a00000|100%| O|  |TAMS 0x0000000081a00000, 0x0000000081a00000| Untracked 
|  26|0x0000000081a00000, 0x0000000081b00000, 0x0000000081b00000|100%| O|  |TAMS 0x0000000081b00000, 0x0000000081b00000| Untracked 
|  27|0x0000000081b00000, 0x0000000081c00000, 0x0000000081c00000|100%| O|  |TAMS 0x0000000081c00000, 0x0000000081c00000| Untracked 
|  28|0x0000000081c00000, 0x0000000081d00000, 0x0000000081d00000|100%|HS|  |TAMS 0x0000000081d00000, 0x0000000081d00000| Complete 
|  29|0x0000000081d00000, 0x0000000081e00000, 0x0000000081e00000|100%| O|  |TAMS 0x0000000081e00000, 0x0000000081e00000| Untracked 
|  30|0x0000000081e00000, 0x0000000081f00000, 0x0000000081f00000|100%|HS|  |TAMS 0x0000000081f00000, 0x0000000081f00000| Complete 
|  31|0x0000000081f00000, 0x0000000082000000, 0x0000000082000000|100%|HC|  |TAMS 0x0000000082000000, 0x0000000082000000| Complete 
|  32|0x0000000082000000, 0x0000000082100000, 0x0000000082100000|100%| O|  |TAMS 0x0000000082100000, 0x0000000082100000| Untracked 
|  33|0x0000000082100000, 0x0000000082200000, 0x0000000082200000|100%| O|  |TAMS 0x0000000082200000, 0x0000000082200000| Untracked 
|  34|0x0000000082200000, 0x0000000082300000, 0x0000000082300000|100%| O|  |TAMS 0x0000000082300000, 0x0000000082300000| Untracked 
|  35|0x0000000082300000, 0x0000000082400000, 0x0000000082400000|100%| O|  |TAMS 0x0000000082400000, 0x0000000082400000| Untracked 
|  36|0x0000000082400000, 0x0000000082500000, 0x0000000082500000|100%| O|  |TAMS 0x0000000082500000, 0x0000000082500000| Untracked 
|  37|0x0000000082500000, 0x0000000082600000, 0x0000000082600000|100%| O|  |TAMS 0x0000000082600000, 0x0000000082600000| Untracked 
|  38|0x0000000082600000, 0x0000000082700000, 0x0000000082700000|100%| O|  |TAMS 0x0000000082700000, 0x0000000082700000| Untracked 
|  39|0x0000000082700000, 0x0000000082800000, 0x0000000082800000|100%| O|  |TAMS 0x0000000082800000, 0x0000000082800000| Untracked 
|  40|0x0000000082800000, 0x0000000082900000, 0x0000000082900000|100%| O|  |TAMS 0x0000000082900000, 0x0000000082900000| Untracked 
|  41|0x0000000082900000, 0x0000000082a00000, 0x0000000082a00000|100%| O|  |TAMS 0x0000000082a00000, 0x0000000082a00000| Untracked 
|  42|0x0000000082a00000, 0x0000000082b00000, 0x0000000082b00000|100%| O|  |TAMS 0x0000000082b00000, 0x0000000082b00000| Untracked 
|  43|0x0000000082b00000, 0x0000000082c00000, 0x0000000082c00000|100%| O|  |TAMS 0x0000000082c00000, 0x0000000082c00000| Untracked 
|  44|0x0000000082c00000, 0x0000000082d00000, 0x0000000082d00000|100%| O|  |TAMS 0x0000000082d00000, 0x0000000082d00000| Untracked 
|  45|0x0000000082d00000, 0x0000000082e00000, 0x0000000082e00000|100%| O|  |TAMS 0x0000000082e00000, 0x0000000082e00000| Untracked 
|  46|0x0000000082e00000, 0x0000000082f00000, 0x0000000082f00000|100%| O|  |TAMS 0x0000000082f00000, 0x0000000082f00000| Untracked 
|  47|0x0000000082f00000, 0x0000000083000000, 0x0000000083000000|100%| O|  |TAMS 0x0000000083000000, 0x0000000083000000| Untracked 
|  48|0x0000000083000000, 0x0000000083100000, 0x0000000083100000|100%| O|  |TAMS 0x0000000083100000, 0x0000000083100000| Untracked 
|  49|0x0000000083100000, 0x0000000083200000, 0x0000000083200000|100%| O|  |TAMS 0x0000000083200000, 0x0000000083200000| Untracked 
|  50|0x0000000083200000, 0x0000000083300000, 0x0000000083300000|100%| O|  |TAMS 0x0000000083300000, 0x0000000083300000| Untracked 
|  51|0x0000000083300000, 0x0000000083400000, 0x0000000083400000|100%| O|  |TAMS 0x0000000083400000, 0x0000000083400000| Untracked 
|  52|0x0000000083400000, 0x0000000083500000, 0x0000000083500000|100%| O|  |TAMS 0x0000000083500000, 0x0000000083500000| Untracked 
|  53|0x0000000083500000, 0x0000000083600000, 0x0000000083600000|100%| O|  |TAMS 0x0000000083600000, 0x0000000083600000| Untracked 
|  54|0x0000000083600000, 0x0000000083700000, 0x0000000083700000|100%| O|  |TAMS 0x0000000083700000, 0x0000000083700000| Untracked 
|  55|0x0000000083700000, 0x0000000083800000, 0x0000000083800000|100%| O|  |TAMS 0x0000000083800000, 0x0000000083800000| Untracked 
|  56|0x0000000083800000, 0x0000000083900000, 0x0000000083900000|100%| O|  |TAMS 0x0000000083900000, 0x0000000083900000| Untracked 
|  57|0x0000000083900000, 0x0000000083a00000, 0x0000000083a00000|100%| O|  |TAMS 0x0000000083a00000, 0x0000000083a00000| Untracked 
|  58|0x0000000083a00000, 0x0000000083b00000, 0x0000000083b00000|100%| O|  |TAMS 0x0000000083b00000, 0x0000000083b00000| Untracked 
|  59|0x0000000083b00000, 0x0000000083c00000, 0x0000000083c00000|100%| O|  |TAMS 0x0000000083c00000, 0x0000000083c00000| Untracked 
|  60|0x0000000083c00000, 0x0000000083d00000, 0x0000000083d00000|100%| O|  |TAMS 0x0000000083d00000, 0x0000000083d00000| Untracked 
|  61|0x0000000083d00000, 0x0000000083e00000, 0x0000000083e00000|100%| O|  |TAMS 0x0000000083e00000, 0x0000000083e00000| Untracked 
|  62|0x0000000083e00000, 0x0000000083f00000, 0x0000000083f00000|100%| O|  |TAMS 0x0000000083f00000, 0x0000000083f00000| Untracked 
|  63|0x0000000083f00000, 0x0000000084000000, 0x0000000084000000|100%| O|  |TAMS 0x0000000084000000, 0x0000000084000000| Untracked 
|  64|0x0000000084000000, 0x0000000084100000, 0x0000000084100000|100%| O|  |TAMS 0x0000000084100000, 0x0000000084100000| Untracked 
|  65|0x0000000084100000, 0x0000000084200000, 0x0000000084200000|100%| O|  |TAMS 0x0000000084200000, 0x0000000084200000| Untracked 
|  66|0x0000000084200000, 0x0000000084300000, 0x0000000084300000|100%|HS|  |TAMS 0x0000000084300000, 0x0000000084300000| Complete 
|  67|0x0000000084300000, 0x0000000084400000, 0x0000000084400000|100%| O|  |TAMS 0x0000000084400000, 0x0000000084400000| Untracked 
|  68|0x0000000084400000, 0x0000000084500000, 0x0000000084500000|100%|HS|  |TAMS 0x0000000084500000, 0x0000000084500000| Complete 
|  69|0x0000000084500000, 0x0000000084600000, 0x0000000084600000|100%|HC|  |TAMS 0x0000000084600000, 0x0000000084600000| Complete 
|  70|0x0000000084600000, 0x0000000084700000, 0x0000000084700000|100%| O|  |TAMS 0x0000000084700000, 0x0000000084700000| Untracked 
|  71|0x0000000084700000, 0x0000000084800000, 0x0000000084800000|100%|HS|  |TAMS 0x0000000084800000, 0x0000000084800000| Complete 
|  72|0x0000000084800000, 0x0000000084900000, 0x0000000084900000|100%|HS|  |TAMS 0x0000000084900000, 0x0000000084900000| Complete 
|  73|0x0000000084900000, 0x0000000084a00000, 0x0000000084a00000|100%|HC|  |TAMS 0x0000000084a00000, 0x0000000084a00000| Complete 
|  74|0x0000000084a00000, 0x0000000084b00000, 0x0000000084b00000|100%|HS|  |TAMS 0x0000000084b00000, 0x0000000084b00000| Complete 
|  75|0x0000000084b00000, 0x0000000084c00000, 0x0000000084c00000|100%|HC|  |TAMS 0x0000000084c00000, 0x0000000084c00000| Complete 
|  76|0x0000000084c00000, 0x0000000084d00000, 0x0000000084d00000|100%|HS|  |TAMS 0x0000000084d00000, 0x0000000084d00000| Complete 
|  77|0x0000000084d00000, 0x0000000084e00000, 0x0000000084e00000|100%|HC|  |TAMS 0x0000000084e00000, 0x0000000084e00000| Complete 
|  78|0x0000000084e00000, 0x0000000084f00000, 0x0000000084f00000|100%|HC|  |TAMS 0x0000000084f00000, 0x0000000084f00000| Complete 
|  79|0x0000000084f00000, 0x0000000085000000, 0x0000000085000000|100%| O|  |TAMS 0x0000000085000000, 0x0000000085000000| Untracked 
|  80|0x0000000085000000, 0x0000000085100000, 0x0000000085100000|100%|HS|  |TAMS 0x0000000085000000, 0x0000000085100000| Complete 
|  81|0x0000000085100000, 0x0000000085200000, 0x0000000085200000|100%|HS|  |TAMS 0x0000000085100000, 0x0000000085200000| Complete 
|  82|0x0000000085200000, 0x0000000085300000, 0x0000000085300000|100%| O|  |TAMS 0x0000000085200000, 0x0000000085300000| Untracked 
|  83|0x0000000085300000, 0x0000000085400000, 0x0000000085400000|100%|HS|  |TAMS 0x0000000085400000, 0x0000000085400000| Complete 
|  84|0x0000000085400000, 0x0000000085500000, 0x0000000085500000|100%|HC|  |TAMS 0x0000000085500000, 0x0000000085500000| Complete 
|  85|0x0000000085500000, 0x0000000085600000, 0x0000000085600000|100%| O|  |TAMS 0x0000000085600000, 0x0000000085600000| Untracked 
|  86|0x0000000085600000, 0x0000000085700000, 0x0000000085700000|100%| O|  |TAMS 0x0000000085700000, 0x0000000085700000| Untracked 
|  87|0x0000000085700000, 0x0000000085800000, 0x0000000085800000|100%| O|  |TAMS 0x0000000085700000, 0x0000000085800000| Untracked 
|  88|0x0000000085800000, 0x0000000085900000, 0x0000000085900000|100%|HS|  |TAMS 0x0000000085900000, 0x0000000085900000| Complete 
|  89|0x0000000085900000, 0x0000000085a00000, 0x0000000085a00000|100%| O|  |TAMS 0x0000000085900000, 0x0000000085a00000| Untracked 
|  90|0x0000000085a00000, 0x0000000085b00000, 0x0000000085b00000|100%|HS|  |TAMS 0x0000000085b00000, 0x0000000085b00000| Complete 
|  91|0x0000000085b00000, 0x0000000085c00000, 0x0000000085c00000|100%| O|  |TAMS 0x0000000085c00000, 0x0000000085c00000| Untracked 
|  92|0x0000000085c00000, 0x0000000085d00000, 0x0000000085d00000|100%| O|  |TAMS 0x0000000085c00000, 0x0000000085d00000| Untracked 
|  93|0x0000000085d00000, 0x0000000085e00000, 0x0000000085e00000|100%| O|  |TAMS 0x0000000085d00000, 0x0000000085e00000| Untracked 
|  94|0x0000000085e00000, 0x0000000085f00000, 0x0000000085f00000|100%| O|  |TAMS 0x0000000085e00000, 0x0000000085f00000| Untracked 
|  95|0x0000000085f00000, 0x0000000086000000, 0x0000000086000000|100%| O|  |TAMS 0x0000000086000000, 0x0000000086000000| Untracked 
|  96|0x0000000086000000, 0x0000000086100000, 0x0000000086100000|100%| O|  |TAMS 0x0000000086000000, 0x0000000086100000| Untracked 
|  97|0x0000000086100000, 0x0000000086200000, 0x0000000086200000|100%| O|  |TAMS 0x0000000086200000, 0x0000000086200000| Untracked 
|  98|0x0000000086200000, 0x0000000086300000, 0x0000000086300000|100%|HS|  |TAMS 0x0000000086300000, 0x0000000086300000| Complete 
|  99|0x0000000086300000, 0x0000000086400000, 0x0000000086400000|100%|HC|  |TAMS 0x0000000086400000, 0x0000000086400000| Complete 
| 100|0x0000000086400000, 0x0000000086500000, 0x0000000086500000|100%| O|  |TAMS 0x0000000086400000, 0x0000000086500000| Untracked 
| 101|0x0000000086500000, 0x0000000086600000, 0x0000000086600000|100%| O|  |TAMS 0x0000000086500000, 0x0000000086600000| Untracked 
| 102|0x0000000086600000, 0x0000000086700000, 0x0000000086700000|100%|HS|  |TAMS 0x0000000086700000, 0x0000000086700000| Complete 
| 103|0x0000000086700000, 0x0000000086800000, 0x0000000086800000|100%|HC|  |TAMS 0x0000000086800000, 0x0000000086800000| Complete 
| 104|0x0000000086800000, 0x0000000086900000, 0x0000000086900000|100%| O|  |TAMS 0x0000000086800000, 0x0000000086900000| Untracked 
| 105|0x0000000086900000, 0x0000000086a00000, 0x0000000086a00000|100%| O|  |TAMS 0x0000000086900000, 0x0000000086a00000| Untracked 
| 106|0x0000000086a00000, 0x0000000086b00000, 0x0000000086b00000|100%| O|  |TAMS 0x0000000086a00000, 0x0000000086b00000| Untracked 
| 107|0x0000000086b00000, 0x0000000086c00000, 0x0000000086c00000|100%| O|  |TAMS 0x0000000086b00000, 0x0000000086c00000| Untracked 
| 108|0x0000000086c00000, 0x0000000086d00000, 0x0000000086d00000|100%| O|  |TAMS 0x0000000086c00000, 0x0000000086d00000| Untracked 
| 109|0x0000000086d00000, 0x0000000086e00000, 0x0000000086e00000|100%| O|  |TAMS 0x0000000086d00000, 0x0000000086e00000| Untracked 
| 110|0x0000000086e00000, 0x0000000086f00000, 0x0000000086f00000|100%|HS|  |TAMS 0x0000000086f00000, 0x0000000086f00000| Complete 
| 111|0x0000000086f00000, 0x0000000087000000, 0x0000000087000000|100%|HC|  |TAMS 0x0000000087000000, 0x0000000087000000| Complete 
| 112|0x0000000087000000, 0x0000000087100000, 0x0000000087100000|100%|HC|  |TAMS 0x0000000087100000, 0x0000000087100000| Complete 
| 113|0x0000000087100000, 0x0000000087200000, 0x0000000087200000|100%| O|  |TAMS 0x0000000087200000, 0x0000000087200000| Untracked 
| 114|0x0000000087200000, 0x0000000087300000, 0x0000000087300000|100%| O|  |TAMS 0x0000000087300000, 0x0000000087300000| Untracked 
| 115|0x0000000087300000, 0x0000000087400000, 0x0000000087400000|100%| O|  |TAMS 0x0000000087400000, 0x0000000087400000| Untracked 
| 116|0x0000000087400000, 0x0000000087500000, 0x0000000087500000|100%| O|  |TAMS 0x0000000087500000, 0x0000000087500000| Untracked 
| 117|0x0000000087500000, 0x0000000087600000, 0x0000000087600000|100%| O|  |TAMS 0x0000000087600000, 0x0000000087600000| Untracked 
| 118|0x0000000087600000, 0x0000000087700000, 0x0000000087700000|100%| O|  |TAMS 0x0000000087700000, 0x0000000087700000| Untracked 
| 119|0x0000000087700000, 0x0000000087800000, 0x0000000087800000|100%| O|  |TAMS 0x0000000087700000, 0x0000000087800000| Untracked 
| 120|0x0000000087800000, 0x0000000087900000, 0x0000000087900000|100%| O|  |TAMS 0x0000000087800000, 0x0000000087900000| Untracked 
| 121|0x0000000087900000, 0x0000000087a00000, 0x0000000087a00000|100%| O|  |TAMS 0x0000000087900000, 0x0000000087a00000| Untracked 
| 122|0x0000000087a00000, 0x0000000087b00000, 0x0000000087b00000|100%| O|  |TAMS 0x0000000087a00000, 0x0000000087b00000| Untracked 
| 123|0x0000000087b00000, 0x0000000087c00000, 0x0000000087c00000|100%| O|  |TAMS 0x0000000087b00000, 0x0000000087c00000| Untracked 
| 124|0x0000000087c00000, 0x0000000087d00000, 0x0000000087d00000|100%| O|  |TAMS 0x0000000087c00000, 0x0000000087d00000| Untracked 
| 125|0x0000000087d00000, 0x0000000087e00000, 0x0000000087e00000|100%| O|  |TAMS 0x0000000087d00000, 0x0000000087e00000| Untracked 
| 126|0x0000000087e00000, 0x0000000087f00000, 0x0000000087f00000|100%| O|  |TAMS 0x0000000087e00000, 0x0000000087f00000| Untracked 
| 127|0x0000000087f00000, 0x0000000088000000, 0x0000000088000000|100%| O|  |TAMS 0x0000000087f00000, 0x0000000088000000| Untracked 
| 128|0x0000000088000000, 0x0000000088100000, 0x0000000088100000|100%| O|  |TAMS 0x0000000088000000, 0x0000000088100000| Untracked 
| 129|0x0000000088100000, 0x0000000088200000, 0x0000000088200000|100%| O|  |TAMS 0x0000000088100000, 0x0000000088200000| Untracked 
| 130|0x0000000088200000, 0x0000000088300000, 0x0000000088300000|100%| O|  |TAMS 0x0000000088200000, 0x0000000088253400| Untracked 
| 131|0x0000000088300000, 0x0000000088400000, 0x0000000088400000|100%| O|  |TAMS 0x0000000088300000, 0x0000000088300000| Untracked 
| 132|0x0000000088400000, 0x0000000088500000, 0x0000000088500000|100%| O|  |TAMS 0x0000000088400000, 0x0000000088400000| Untracked 
| 133|0x0000000088500000, 0x0000000088600000, 0x0000000088600000|100%| O|  |TAMS 0x0000000088500000, 0x0000000088500000| Untracked 
| 134|0x0000000088600000, 0x0000000088700000, 0x0000000088700000|100%| O|  |TAMS 0x0000000088600000, 0x0000000088600000| Untracked 
| 135|0x0000000088700000, 0x0000000088800000, 0x0000000088800000|100%| O|  |TAMS 0x0000000088700000, 0x0000000088700000| Untracked 
| 136|0x0000000088800000, 0x0000000088900000, 0x0000000088900000|100%| O|  |TAMS 0x0000000088800000, 0x0000000088800000| Untracked 
| 137|0x0000000088900000, 0x0000000088a00000, 0x0000000088a00000|100%| O|  |TAMS 0x0000000088900000, 0x0000000088900000| Untracked 
| 138|0x0000000088a00000, 0x0000000088b00000, 0x0000000088b00000|100%| O|  |TAMS 0x0000000088a00000, 0x0000000088a00000| Untracked 
| 139|0x0000000088b00000, 0x0000000088c00000, 0x0000000088c00000|100%| O|  |TAMS 0x0000000088b00000, 0x0000000088b00000| Untracked 
| 140|0x0000000088c00000, 0x0000000088d00000, 0x0000000088d00000|100%| O|  |TAMS 0x0000000088c00000, 0x0000000088c00000| Untracked 
| 141|0x0000000088d00000, 0x0000000088e00000, 0x0000000088e00000|100%| O|  |TAMS 0x0000000088d00000, 0x0000000088d00000| Untracked 
| 142|0x0000000088e00000, 0x0000000088f00000, 0x0000000088f00000|100%| O|  |TAMS 0x0000000088e00000, 0x0000000088e00000| Untracked 
| 143|0x0000000088f00000, 0x0000000089000000, 0x0000000089000000|100%| O|  |TAMS 0x0000000088f00000, 0x0000000088f00000| Untracked 
| 144|0x0000000089000000, 0x0000000089100000, 0x0000000089100000|100%| O|  |TAMS 0x0000000089000000, 0x0000000089000000| Untracked 
| 145|0x0000000089100000, 0x0000000089200000, 0x0000000089200000|100%| O|  |TAMS 0x0000000089100000, 0x0000000089100000| Untracked 
| 146|0x0000000089200000, 0x0000000089300000, 0x0000000089300000|100%| O|  |TAMS 0x0000000089200000, 0x0000000089200000| Untracked 
| 147|0x0000000089300000, 0x0000000089400000, 0x0000000089400000|100%| O|  |TAMS 0x0000000089300000, 0x0000000089300000| Untracked 
| 148|0x0000000089400000, 0x000000008946be00, 0x0000000089500000| 42%| O|  |TAMS 0x0000000089400000, 0x0000000089400000| Untracked 
| 149|0x0000000089500000, 0x0000000089500000, 0x0000000089600000|  0%| F|  |TAMS 0x0000000089500000, 0x0000000089500000| Untracked 
| 150|0x0000000089600000, 0x0000000089600000, 0x0000000089700000|  0%| F|  |TAMS 0x0000000089600000, 0x0000000089600000| Untracked 
| 151|0x0000000089700000, 0x0000000089700000, 0x0000000089800000|  0%| F|  |TAMS 0x0000000089700000, 0x0000000089700000| Untracked 
| 152|0x0000000089800000, 0x0000000089800000, 0x0000000089900000|  0%| F|  |TAMS 0x0000000089800000, 0x0000000089800000| Untracked 
| 153|0x0000000089900000, 0x0000000089a00000, 0x0000000089a00000|100%| O|  |TAMS 0x0000000089a00000, 0x0000000089a00000| Untracked 
| 154|0x0000000089a00000, 0x0000000089b00000, 0x0000000089b00000|100%| O|  |TAMS 0x0000000089b00000, 0x0000000089b00000| Untracked 
| 155|0x0000000089b00000, 0x0000000089c00000, 0x0000000089c00000|100%| O|  |TAMS 0x0000000089c00000, 0x0000000089c00000| Untracked 
| 156|0x0000000089c00000, 0x0000000089d00000, 0x0000000089d00000|100%| O|  |TAMS 0x0000000089d00000, 0x0000000089d00000| Untracked 
| 157|0x0000000089d00000, 0x0000000089e00000, 0x0000000089e00000|100%| O|  |TAMS 0x0000000089e00000, 0x0000000089e00000| Untracked 
| 158|0x0000000089e00000, 0x0000000089f00000, 0x0000000089f00000|100%| O|  |TAMS 0x0000000089f00000, 0x0000000089f00000| Untracked 
| 159|0x0000000089f00000, 0x000000008a000000, 0x000000008a000000|100%| O|  |TAMS 0x000000008a000000, 0x000000008a000000| Untracked 
| 160|0x000000008a000000, 0x000000008a000000, 0x000000008a100000|  0%| F|  |TAMS 0x000000008a000000, 0x000000008a000000| Untracked 
| 161|0x000000008a100000, 0x000000008a100000, 0x000000008a200000|  0%| F|  |TAMS 0x000000008a100000, 0x000000008a100000| Untracked 
| 162|0x000000008a200000, 0x000000008a200000, 0x000000008a300000|  0%| F|  |TAMS 0x000000008a200000, 0x000000008a200000| Untracked 
| 163|0x000000008a300000, 0x000000008a300000, 0x000000008a400000|  0%| F|  |TAMS 0x000000008a300000, 0x000000008a300000| Untracked 
| 164|0x000000008a400000, 0x000000008a400000, 0x000000008a500000|  0%| F|  |TAMS 0x000000008a400000, 0x000000008a400000| Untracked 
| 165|0x000000008a500000, 0x000000008a500000, 0x000000008a600000|  0%| F|  |TAMS 0x000000008a500000, 0x000000008a500000| Untracked 
| 166|0x000000008a600000, 0x000000008a600000, 0x000000008a700000|  0%| F|  |TAMS 0x000000008a600000, 0x000000008a600000| Untracked 
| 167|0x000000008a700000, 0x000000008a700000, 0x000000008a800000|  0%| F|  |TAMS 0x000000008a700000, 0x000000008a700000| Untracked 
| 168|0x000000008a800000, 0x000000008a800000, 0x000000008a900000|  0%| F|  |TAMS 0x000000008a800000, 0x000000008a800000| Untracked 
| 169|0x000000008a900000, 0x000000008a900000, 0x000000008aa00000|  0%| F|  |TAMS 0x000000008a900000, 0x000000008a900000| Untracked 
| 170|0x000000008aa00000, 0x000000008aa00000, 0x000000008ab00000|  0%| F|  |TAMS 0x000000008aa00000, 0x000000008aa00000| Untracked 
| 171|0x000000008ab00000, 0x000000008ab00000, 0x000000008ac00000|  0%| F|  |TAMS 0x000000008ab00000, 0x000000008ab00000| Untracked 
| 172|0x000000008ac00000, 0x000000008ac00000, 0x000000008ad00000|  0%| F|  |TAMS 0x000000008ac00000, 0x000000008ac00000| Untracked 
| 173|0x000000008ad00000, 0x000000008ad00000, 0x000000008ae00000|  0%| F|  |TAMS 0x000000008ad00000, 0x000000008ad00000| Untracked 
| 174|0x000000008ae00000, 0x000000008ae00000, 0x000000008af00000|  0%| F|  |TAMS 0x000000008ae00000, 0x000000008ae00000| Untracked 
| 175|0x000000008af00000, 0x000000008af00000, 0x000000008b000000|  0%| F|  |TAMS 0x000000008af00000, 0x000000008af00000| Untracked 
| 176|0x000000008b000000, 0x000000008b000000, 0x000000008b100000|  0%| F|  |TAMS 0x000000008b000000, 0x000000008b000000| Untracked 
| 177|0x000000008b100000, 0x000000008b100000, 0x000000008b200000|  0%| F|  |TAMS 0x000000008b100000, 0x000000008b100000| Untracked 
| 178|0x000000008b200000, 0x000000008b200000, 0x000000008b300000|  0%| F|  |TAMS 0x000000008b200000, 0x000000008b200000| Untracked 
| 179|0x000000008b300000, 0x000000008b300000, 0x000000008b400000|  0%| F|  |TAMS 0x000000008b300000, 0x000000008b300000| Untracked 
| 180|0x000000008b400000, 0x000000008b400000, 0x000000008b500000|  0%| F|  |TAMS 0x000000008b400000, 0x000000008b400000| Untracked 
| 181|0x000000008b500000, 0x000000008b600000, 0x000000008b600000|100%| S|CS|TAMS 0x000000008b500000, 0x000000008b500000| Complete 
| 182|0x000000008b600000, 0x000000008b700000, 0x000000008b700000|100%| S|CS|TAMS 0x000000008b600000, 0x000000008b600000| Complete 
| 183|0x000000008b700000, 0x000000008b700000, 0x000000008b800000|  0%| F|  |TAMS 0x000000008b700000, 0x000000008b700000| Untracked 
| 184|0x000000008b800000, 0x000000008b800000, 0x000000008b900000|  0%| F|  |TAMS 0x000000008b800000, 0x000000008b800000| Untracked 
| 185|0x000000008b900000, 0x000000008b900000, 0x000000008ba00000|  0%| F|  |TAMS 0x000000008b900000, 0x000000008b900000| Untracked 
| 186|0x000000008ba00000, 0x000000008ba00000, 0x000000008bb00000|  0%| F|  |TAMS 0x000000008ba00000, 0x000000008ba00000| Untracked 
| 187|0x000000008bb00000, 0x000000008bb00000, 0x000000008bc00000|  0%| F|  |TAMS 0x000000008bb00000, 0x000000008bb00000| Untracked 
| 188|0x000000008bc00000, 0x000000008bc00000, 0x000000008bd00000|  0%| F|  |TAMS 0x000000008bc00000, 0x000000008bc00000| Untracked 
| 189|0x000000008bd00000, 0x000000008bd00000, 0x000000008be00000|  0%| F|  |TAMS 0x000000008bd00000, 0x000000008bd00000| Untracked 
| 190|0x000000008be00000, 0x000000008be00000, 0x000000008bf00000|  0%| F|  |TAMS 0x000000008be00000, 0x000000008be00000| Untracked 
| 191|0x000000008bf00000, 0x000000008bf00000, 0x000000008c000000|  0%| F|  |TAMS 0x000000008bf00000, 0x000000008bf00000| Untracked 
| 192|0x000000008c000000, 0x000000008c000000, 0x000000008c100000|  0%| F|  |TAMS 0x000000008c000000, 0x000000008c000000| Untracked 
| 193|0x000000008c100000, 0x000000008c200000, 0x000000008c200000|100%| O|  |TAMS 0x000000008c200000, 0x000000008c200000| Untracked 
| 194|0x000000008c200000, 0x000000008c300000, 0x000000008c300000|100%| O|  |TAMS 0x000000008c300000, 0x000000008c300000| Untracked 
| 195|0x000000008c300000, 0x000000008c400000, 0x000000008c400000|100%| O|  |TAMS 0x000000008c400000, 0x000000008c400000| Untracked 
| 196|0x000000008c400000, 0x000000008c500000, 0x000000008c500000|100%| O|  |TAMS 0x000000008c4f0600, 0x000000008c500000| Untracked 

Card table byte_map: [0x00000179edc50000,0x00000179ee050000] _byte_map_base: 0x00000179ed850000

Marking Bits (Prev, Next): (CMBitMap*) 0x00000179da8112d8, (CMBitMap*) 0x00000179da811310
 Prev Bits: [0x00000179ee450000, 0x00000179f0450000)
 Next Bits: [0x00000179f0450000, 0x00000179f2450000)

Polling page: 0x00000179d8520000

Metaspace:

Usage:
  Non-class:     84.52 MB capacity,    83.03 MB ( 98%) used,     1.21 MB (  1%) free+waste,   284.00 KB ( <1%) overhead. 
      Class:     13.36 MB capacity,    12.48 MB ( 93%) used,   770.44 KB (  6%) free+waste,   130.56 KB ( <1%) overhead. 
       Both:     97.88 MB capacity,    95.51 MB ( 98%) used,     1.96 MB (  2%) free+waste,   414.56 KB ( <1%) overhead. 

Virtual space:
  Non-class space:       86.00 MB reserved,      84.70 MB ( 98%) committed 
      Class space:        1.00 GB reserved,      13.50 MB (  1%) committed 
             Both:        1.08 GB reserved,      98.20 MB (  9%) committed 

Chunk freelists:
   Non-Class:  62.00 KB
       Class:  113.00 KB
        Both:  175.00 KB

MaxMetaspaceSize: 17179869184.00 GB
CompressedClassSpaceSize: 1.00 GB
Initial GC threshold: 20.80 MB
Current GC threshold: 158.67 MB
CDS: off

CodeHeap 'non-profiled nmethods': size=120000Kb used=6793Kb max_used=6793Kb free=113206Kb
 bounds [0x00000179e5dc0000, 0x00000179e6470000, 0x00000179ed2f0000]
CodeHeap 'profiled nmethods': size=120000Kb used=22378Kb max_used=22378Kb free=97621Kb
 bounds [0x00000179de890000, 0x00000179dfe70000, 0x00000179e5dc0000]
CodeHeap 'non-nmethods': size=5760Kb used=2407Kb max_used=2440Kb free=3352Kb
 bounds [0x00000179de2f0000, 0x00000179de560000, 0x00000179de890000]
 total_blobs=11865 nmethods=10934 adapters=843
 compilation: enabled
              stopped_count=0, restarted_count=0
 full_count=0

Compilation events (20 events):
Event: 13.269 Thread 0x00000179f5951800 nmethod 11166 0x00000179dfe66d90 code [0x00000179dfe66f60, 0x00000179dfe670b8]
Event: 13.269 Thread 0x00000179f5951800 11167       2       com.android.tools.r8.internal.X8::a (19 bytes)
Event: 13.269 Thread 0x00000179f5951800 nmethod 11167 0x00000179dfe67190 code [0x00000179dfe67360, 0x00000179dfe67498]
Event: 13.269 Thread 0x00000179f5951800 10981       1       com.android.tools.r8.internal.sK::size (5 bytes)
Event: 13.269 Thread 0x00000179f5951800 nmethod 10981 0x00000179e6462290 code [0x00000179e6462440, 0x00000179e64624f8]
Event: 13.270 Thread 0x00000179f5951800 11194       2       com.android.tools.r8.code.U2::hashCode (30 bytes)
Event: 13.270 Thread 0x00000179f5951800 nmethod 11194 0x00000179dfe67590 code [0x00000179dfe67740, 0x00000179dfe67888]
Event: 13.270 Thread 0x00000179f5951800 11195       2       com.android.tools.r8.code.w2::<init> (7 bytes)
Event: 13.271 Thread 0x00000179f5951800 nmethod 11195 0x00000179dfe67910 code [0x00000179dfe67ac0, 0x00000179dfe67c18]
Event: 13.271 Thread 0x00000179f5951800 11196       2       com.android.tools.r8.code.U2::<init> (58 bytes)
Event: 13.271 Thread 0x00000179f5951800 nmethod 11196 0x00000179dfe67d10 code [0x00000179dfe67f20, 0x00000179dfe684a8]
Event: 13.272 Thread 0x00000179f5951800 11197       2       com.android.tools.r8.graph.N2::g (64 bytes)
Event: 13.273 Thread 0x00000179f5951800 nmethod 11197 0x00000179dfe68910 code [0x00000179dfe68b20, 0x00000179dfe68e38]
Event: 13.273 Thread 0x00000179f5951800 11198       2       com.android.tools.r8.graph.N2::b (157 bytes)
Event: 13.274 Thread 0x00000179f5951800 nmethod 11198 0x00000179dfe69010 code [0x00000179dfe69240, 0x00000179dfe699d8]
Event: 13.274 Thread 0x00000179f5951800 11199       2       com.android.tools.r8.graph.f1$j::E0 (2 bytes)
Event: 13.274 Thread 0x00000179f5951800 nmethod 11199 0x00000179dfe69e10 code [0x00000179dfe69fc0, 0x00000179dfe6a0b8]
Event: 13.274 Thread 0x00000179f5951800 11202       2       com.android.tools.r8.dex.i::g (53 bytes)
Event: 13.275 Thread 0x00000179f5951800 nmethod 11202 0x00000179dfe6a190 code [0x00000179dfe6a380, 0x00000179dfe6a798]
Event: 13.275 Thread 0x00000179f5951800 11204   !   2       com.android.tools.r8.graph.a1::b (135 bytes)

GC Heap History (20 events):
Event: 11.605 GC heap after
{Heap after GC invocations=20 (full 0):
 garbage-first heap   total 163840K, used 94964K [0x0000000080000000, 0x0000000100000000)
  region size 1024K, 4 young (4096K), 4 survivors (4096K)
 Metaspace       used 87306K, capacity 89767K, committed 89936K, reserved 1126400K
  class space    used 11366K, capacity 12292K, committed 12416K, reserved 1048576K
}
Event: 11.793 GC heap before
{Heap before GC invocations=20 (full 0):
 garbage-first heap   total 163840K, used 129780K [0x0000000080000000, 0x0000000100000000)
  region size 1024K, 39 young (39936K), 4 survivors (4096K)
 Metaspace       used 87643K, capacity 90080K, committed 90448K, reserved 1128448K
  class space    used 11394K, capacity 12301K, committed 12416K, reserved 1048576K
}
Event: 11.798 GC heap after
{Heap after GC invocations=21 (full 0):
 garbage-first heap   total 197632K, used 96520K [0x0000000080000000, 0x0000000100000000)
  region size 1024K, 5 young (5120K), 5 survivors (5120K)
 Metaspace       used 87643K, capacity 90080K, committed 90448K, reserved 1128448K
  class space    used 11394K, capacity 12301K, committed 12416K, reserved 1048576K
}
Event: 12.119 GC heap before
{Heap before GC invocations=22 (full 0):
 garbage-first heap   total 197632K, used 130755K [0x0000000080000000, 0x0000000100000000)
  region size 1024K, 54 young (55296K), 5 survivors (5120K)
 Metaspace       used 88297K, capacity 90465K, committed 91344K, reserved 1128448K
  class space    used 11338K, capacity 12133K, committed 12544K, reserved 1048576K
}
Event: 12.127 GC heap after
{Heap after GC invocations=23 (full 0):
 garbage-first heap   total 197632K, used 84561K [0x0000000080000000, 0x0000000100000000)
  region size 1024K, 6 young (6144K), 6 survivors (6144K)
 Metaspace       used 88297K, capacity 90465K, committed 91344K, reserved 1128448K
  class space    used 11338K, capacity 12133K, committed 12544K, reserved 1048576K
}
Event: 12.139 GC heap before
{Heap before GC invocations=23 (full 0):
 garbage-first heap   total 197632K, used 87633K [0x0000000080000000, 0x0000000100000000)
  region size 1024K, 9 young (9216K), 6 survivors (6144K)
 Metaspace       used 88382K, capacity 90532K, committed 91600K, reserved 1128448K
  class space    used 11347K, capacity 12134K, committed 12544K, reserved 1048576K
}
Event: 12.145 GC heap after
{Heap after GC invocations=24 (full 0):
 garbage-first heap   total 197632K, used 83279K [0x0000000080000000, 0x0000000100000000)
  region size 1024K, 1 young (1024K), 1 survivors (1024K)
 Metaspace       used 88382K, capacity 90532K, committed 91600K, reserved 1128448K
  class space    used 11347K, capacity 12134K, committed 12544K, reserved 1048576K
}
Event: 12.187 GC heap before
{Heap before GC invocations=24 (full 0):
 garbage-first heap   total 197632K, used 94543K [0x0000000080000000, 0x0000000100000000)
  region size 1024K, 8 young (8192K), 1 survivors (1024K)
 Metaspace       used 88672K, capacity 90844K, committed 91856K, reserved 1128448K
  class space    used 11390K, capacity 12170K, committed 12544K, reserved 1048576K
}
Event: 12.190 GC heap after
{Heap after GC invocations=25 (full 0):
 garbage-first heap   total 197632K, used 91271K [0x0000000080000000, 0x0000000100000000)
  region size 1024K, 3 young (3072K), 3 survivors (3072K)
 Metaspace       used 88672K, capacity 90844K, committed 91856K, reserved 1128448K
  class space    used 11390K, capacity 12170K, committed 12544K, reserved 1048576K
}
Event: 12.414 GC heap before
{Heap before GC invocations=26 (full 0):
 garbage-first heap   total 197632K, used 126087K [0x0000000080000000, 0x0000000100000000)
  region size 1024K, 34 young (34816K), 3 survivors (3072K)
 Metaspace       used 92715K, capacity 94918K, committed 95696K, reserved 1132544K
  class space    used 11944K, capacity 12740K, committed 13056K, reserved 1048576K
}
Event: 12.418 GC heap after
{Heap after GC invocations=27 (full 0):
 garbage-first heap   total 197632K, used 97806K [0x0000000080000000, 0x0000000100000000)
  region size 1024K, 5 young (5120K), 5 survivors (5120K)
 Metaspace       used 92715K, capacity 94918K, committed 95696K, reserved 1132544K
  class space    used 11944K, capacity 12740K, committed 13056K, reserved 1048576K
}
Event: 12.676 GC heap before
{Heap before GC invocations=28 (full 0):
 garbage-first heap   total 197632K, used 179726K [0x0000000080000000, 0x0000000100000000)
  region size 1024K, 59 young (60416K), 5 survivors (5120K)
 Metaspace       used 94290K, capacity 96447K, committed 97232K, reserved 1132544K
  class space    used 12156K, capacity 12974K, committed 13312K, reserved 1048576K
}
Event: 12.725 GC heap after
{Heap after GC invocations=29 (full 0):
 garbage-first heap   total 201728K, used 123841K [0x0000000080000000, 0x0000000100000000)
  region size 1024K, 8 young (8192K), 8 survivors (8192K)
 Metaspace       used 94290K, capacity 96447K, committed 97232K, reserved 1132544K
  class space    used 12156K, capacity 12974K, committed 13312K, reserved 1048576K
}
Event: 13.041 GC heap before
{Heap before GC invocations=30 (full 0):
 garbage-first heap   total 201728K, used 162753K [0x0000000080000000, 0x0000000100000000)
  region size 1024K, 45 young (46080K), 8 survivors (8192K)
 Metaspace       used 97552K, capacity 100002K, committed 100304K, reserved 1136640K
  class space    used 12768K, capacity 13674K, committed 13824K, reserved 1048576K
}
Event: 13.057 GC heap after
{Heap after GC invocations=31 (full 0):
 garbage-first heap   total 201728K, used 135236K [0x0000000080000000, 0x0000000100000000)
  region size 1024K, 6 young (6144K), 6 survivors (6144K)
 Metaspace       used 97552K, capacity 100002K, committed 100304K, reserved 1136640K
  class space    used 12768K, capacity 13674K, committed 13824K, reserved 1048576K
}
Event: 13.164 GC heap before
{Heap before GC invocations=31 (full 0):
 garbage-first heap   total 201728K, used 163908K [0x0000000080000000, 0x0000000100000000)
  region size 1024K, 34 young (34816K), 6 survivors (6144K)
 Metaspace       used 97764K, capacity 100222K, committed 100560K, reserved 1136640K
  class space    used 12778K, capacity 13679K, committed 13824K, reserved 1048576K
}
Event: 13.181 GC heap after
{Heap after GC invocations=32 (full 0):
 garbage-first heap   total 201728K, used 149837K [0x0000000080000000, 0x0000000100000000)
  region size 1024K, 5 young (5120K), 5 survivors (5120K)
 Metaspace       used 97764K, capacity 100222K, committed 100560K, reserved 1136640K
  class space    used 12778K, capacity 13679K, committed 13824K, reserved 1048576K
}
Event: 13.238 GC heap before
{Heap before GC invocations=32 (full 0):
 garbage-first heap   total 201728K, used 166221K [0x0000000080000000, 0x0000000100000000)
  region size 1024K, 21 young (21504K), 5 survivors (5120K)
 Metaspace       used 97786K, capacity 100222K, committed 100560K, reserved 1136640K
  class space    used 12778K, capacity 13679K, committed 13824K, reserved 1048576K
}
Event: 13.248 GC heap after
{Heap after GC invocations=33 (full 0):
 garbage-first heap   total 201728K, used 159237K [0x0000000080000000, 0x0000000100000000)
  region size 1024K, 3 young (3072K), 3 survivors (3072K)
 Metaspace       used 97786K, capacity 100222K, committed 100560K, reserved 1136640K
  class space    used 12778K, capacity 13679K, committed 13824K, reserved 1048576K
}
Event: 13.275 GC heap before
{Heap before GC invocations=33 (full 0):
 garbage-first heap   total 201728K, used 169477K [0x0000000080000000, 0x0000000100000000)
  region size 1024K, 13 young (13312K), 3 survivors (3072K)
 Metaspace       used 97804K, capacity 100225K, committed 100560K, reserved 1136640K
  class space    used 12778K, capacity 13679K, committed 13824K, reserved 1048576K
}

Deoptimization events (20 events):
Event: 12.603 Thread 0x00000179feeb3800 DEOPT PACKING pc=0x00000179dfca71d5 sp=0x00000045e69fd320
Event: 12.603 Thread 0x00000179feeb3800 DEOPT UNPACKING pc=0x00000179de33a95e sp=0x00000045e69fc840 mode 0
Event: 12.618 Thread 0x00000179feeb3800 DEOPT PACKING pc=0x00000179dfca71f6 sp=0x00000045e69fd310
Event: 12.618 Thread 0x00000179feeb3800 DEOPT UNPACKING pc=0x00000179de33a95e sp=0x00000045e69fc830 mode 0
Event: 12.620 Thread 0x00000179feeb3800 DEOPT PACKING pc=0x00000179dfca71d5 sp=0x00000045e69fd320
Event: 12.620 Thread 0x00000179feeb3800 DEOPT UNPACKING pc=0x00000179de33a95e sp=0x00000045e69fc840 mode 0
Event: 12.633 Thread 0x00000179feeb3800 DEOPT PACKING pc=0x00000179dfca71f6 sp=0x00000045e69fd320
Event: 12.633 Thread 0x00000179feeb3800 DEOPT UNPACKING pc=0x00000179de33a95e sp=0x00000045e69fc840 mode 0
Event: 12.651 Thread 0x00000179feeb3800 DEOPT PACKING pc=0x00000179dfca71d5 sp=0x00000045e69fd320
Event: 12.651 Thread 0x00000179feeb3800 DEOPT UNPACKING pc=0x00000179de33a95e sp=0x00000045e69fc840 mode 0
Event: 12.726 Thread 0x00000179feeb3800 DEOPT PACKING pc=0x00000179dfca71d5 sp=0x00000045e69fd320
Event: 12.726 Thread 0x00000179feeb3800 DEOPT UNPACKING pc=0x00000179de33a95e sp=0x00000045e69fc840 mode 0
Event: 12.765 Thread 0x00000179feeb3800 DEOPT PACKING pc=0x00000179dfca71f6 sp=0x00000045e69fd310
Event: 12.765 Thread 0x00000179feeb3800 DEOPT UNPACKING pc=0x00000179de33a95e sp=0x00000045e69fc830 mode 0
Event: 12.777 Thread 0x00000179feeb3800 DEOPT PACKING pc=0x00000179dfca71f6 sp=0x00000045e69fd320
Event: 12.777 Thread 0x00000179feeb3800 DEOPT UNPACKING pc=0x00000179de33a95e sp=0x00000045e69fc840 mode 0
Event: 12.873 Thread 0x00000179feec1800 Uncommon trap: trap_request=0xffffff4d fr.pc=0x00000179e6306914 relative=0x0000000000000354
Event: 12.873 Thread 0x00000179feec1800 Uncommon trap: reason=unstable_if action=reinterpret pc=0x00000179e6306914 method=java.util.concurrent.ConcurrentLinkedQueue.offer(Ljava/lang/Object;)Z @ 42 c2
Event: 12.873 Thread 0x00000179feec1800 DEOPT PACKING pc=0x00000179e6306914 sp=0x00000045e72fe8f0
Event: 12.873 Thread 0x00000179feec1800 DEOPT UNPACKING pc=0x00000179de33a1af sp=0x00000045e72fe8a0 mode 2

Classes redefined (0 events):
No events

Internal exceptions (20 events):
Event: 11.994 Thread 0x00000179fb597800 Exception <a 'java/lang/NoSuchMethodError'{0x000000008ace82e8}: <clinit>> (0x000000008ace82e8) thrown at [./src/hotspot/share/prims/jni.cpp, line 1366]
Event: 11.995 Thread 0x00000179fb597800 Exception <a 'java/lang/NoSuchMethodError'{0x000000008acfaca8}: <clinit>> (0x000000008acfaca8) thrown at [./src/hotspot/share/prims/jni.cpp, line 1366]
Event: 12.099 Thread 0x00000179f95c9800 Implicit null exception at 0x00000179e63ed3db to 0x00000179e63ed470
Event: 12.099 Thread 0x00000179fc70e800 Implicit null exception at 0x00000179e63ed3db to 0x00000179e63ed470
Event: 12.099 Thread 0x00000179fc70c800 Implicit null exception at 0x00000179e63ed3db to 0x00000179e63ed470
Event: 12.099 Thread 0x00000179f95d0000 Implicit null exception at 0x00000179e63ed3db to 0x00000179e63ed470
Event: 12.274 Thread 0x00000179feeb3800 Exception <a 'sun/nio/fs/WindowsException'{0x000000008b9ee3d0}> (0x000000008b9ee3d0) thrown at [./src/hotspot/share/prims/jni.cpp, line 616]
Event: 12.317 Thread 0x00000179feeb3800 Exception <a 'java/lang/NoSuchMethodError'{0x000000008b080780}: 'java.lang.Object java.lang.invoke.DirectMethodHandle$Holder.newInvokeSpecial(java.lang.Object, int)'> (0x000000008b080780) thrown at [./src/hotspot/share/interpreter/linkResolver.cpp, line 773]
Event: 12.440 Thread 0x00000179feeb3800 Exception <a 'java/lang/NoSuchMethodError'{0x000000008be27f28}: 'java.lang.Object java.lang.invoke.DirectMethodHandle$Holder.invokeStaticInit(java.lang.Object, java.lang.Object, java.lang.Object, java.lang.Object, java.lang.Object, java.lang.Object, java.lang.Object, java.lang.Object, java.lang.Object, java.lang.Object, java.lang.Object, java.lang.Object, java.lang.Object, java.lang.Object, java.lang.Object, java.lang.Object, java.lang.Object, java.lang.Object, int, java.lang.Object, java.lang.Object)'> (0
Event: 12.822 Thread 0x00000179feec1800 Exception <a 'java/lang/IncompatibleClassChangeError'{0x000000008ae99878}: Found class java.lang.Object, but interface was expected> (0x000000008ae99878) thrown at [./src/hotspot/share/interpreter/linkResolver.cpp, line 839]
Event: 12.866 Thread 0x00000179feec3000 Exception <a 'java/lang/IncompatibleClassChangeError'{0x000000008a72efc0}: Found class java.lang.Object, but interface was expected> (0x000000008a72efc0) thrown at [./src/hotspot/share/interpreter/linkResolver.cpp, line 839]
Event: 12.866 Thread 0x00000179feebd800 Exception <a 'java/lang/IncompatibleClassChangeError'{0x000000008a734f70}: Found class java.lang.Object, but interface was expected> (0x000000008a734f70) thrown at [./src/hotspot/share/interpreter/linkResolver.cpp, line 839]
Event: 12.867 Thread 0x00000179feec3000 Exception <a 'java/lang/IncompatibleClassChangeError'{0x000000008a74f658}: Found class java.lang.Object, but interface was expected> (0x000000008a74f658) thrown at [./src/hotspot/share/interpreter/linkResolver.cpp, line 839]
Event: 12.867 Thread 0x00000179feebd800 Exception <a 'java/lang/IncompatibleClassChangeError'{0x000000008a737930}: Found class java.lang.Object, but interface was expected> (0x000000008a737930) thrown at [./src/hotspot/share/interpreter/linkResolver.cpp, line 839]
Event: 12.941 Thread 0x00000179feeb5000 Exception <a 'java/lang/NoSuchMethodError'{0x000000008a3d03f8}: 'void java.lang.invoke.DirectMethodHandle$Holder.invokeStatic(java.lang.Object, long)'> (0x000000008a3d03f8) thrown at [./src/hotspot/share/interpreter/linkResolver.cpp, line 773]
Event: 12.942 Thread 0x00000179feeb5000 Exception <a 'java/lang/NoSuchMethodError'{0x000000008a3d58b8}: 'java.lang.Object java.lang.invoke.DirectMethodHandle$Holder.invokeStatic(java.lang.Object, long)'> (0x000000008a3d58b8) thrown at [./src/hotspot/share/interpreter/linkResolver.cpp, line 773]
Event: 12.947 Thread 0x00000179feeb5000 Exception <a 'java/lang/NoSuchMethodError'{0x000000008a269aa0}: 'java.lang.Object java.lang.invoke.DirectMethodHandle$Holder.invokeStaticInit(java.lang.Object, java.lang.Object, long, java.lang.Object)'> (0x000000008a269aa0) thrown at [./src/hotspot/share/interpreter/linkResolver.cpp, line 773]
Event: 12.948 Thread 0x00000179feeb5000 Exception <a 'java/lang/NoSuchMethodError'{0x000000008a26fc38}: 'java.lang.Object java.lang.invoke.DirectMethodHandle$Holder.invokeStatic(java.lang.Object, java.lang.Object, long)'> (0x000000008a26fc38) thrown at [./src/hotspot/share/interpreter/linkResolver.cpp, line 773]
Event: 12.949 Thread 0x00000179feeb5000 Exception <a 'java/lang/NoSuchMethodError'{0x000000008a2761b0}: 'java.lang.Object java.lang.invoke.Invokers$Holder.linkToTargetMethod(java.lang.Object, long, java.lang.Object)'> (0x000000008a2761b0) thrown at [./src/hotspot/share/interpreter/linkResolver.cpp, line 773]
Event: 13.088 Thread 0x00000179feeb5000 Exception <a 'java/lang/NoSuchMethodError'{0x000000008bb1f428}: 'int java.lang.invoke.DirectMethodHandle$Holder.invokeSpecialIFC(java.lang.Object, java.lang.Object, java.lang.Object)'> (0x000000008bb1f428) thrown at [./src/hotspot/share/interpreter/linkResolver.cpp, line 773]

Events (20 events):
Event: 13.081 loading class com/google/common/collect/FluentIterable$2 done
Event: 13.081 loading class com/google/common/collect/FluentIterable$1
Event: 13.081 loading class com/google/common/collect/FluentIterable$1 done
Event: 13.082 loading class com/google/common/collect/FluentIterable$3
Event: 13.082 loading class com/google/common/collect/FluentIterable$3 done
Event: 13.082 loading class com/google/common/base/Optional
Event: 13.082 loading class com/google/common/base/Optional done
Event: 13.083 loading class com/google/common/base/Present
Event: 13.083 loading class com/google/common/base/Present done
Event: 13.086 loading class com/google/common/base/Absent
Event: 13.086 loading class com/google/common/base/Absent done
Event: 13.087 loading class com/google/common/collect/AbstractIterator$State
Event: 13.087 loading class com/google/common/collect/AbstractIterator$State done
Event: 13.087 loading class com/google/common/collect/AbstractIterator$1
Event: 13.087 loading class com/google/common/collect/AbstractIterator$1 done
Event: 13.163 Executing VM operation: G1CollectForAllocation
Event: 13.181 Executing VM operation: G1CollectForAllocation done
Event: 13.238 Executing VM operation: G1CollectForAllocation
Event: 13.248 Executing VM operation: G1CollectForAllocation done
Event: 13.275 Executing VM operation: G1CollectForAllocation


Dynamic libraries:
0x00007ff742360000 - 0x00007ff74236a000 	D:\AndroidStudio\jre\bin\java.exe
0x00007ffea8a70000 - 0x00007ffea8c68000 	C:\WINDOWS\SYSTEM32\ntdll.dll
0x00007ffea7860000 - 0x00007ffea791f000 	C:\WINDOWS\System32\KERNEL32.DLL
0x00007ffea6160000 - 0x00007ffea6432000 	C:\WINDOWS\System32\KERNELBASE.dll
0x00007ffea6440000 - 0x00007ffea6540000 	C:\WINDOWS\System32\ucrtbase.dll
0x00007ffe973d0000 - 0x00007ffe973e9000 	D:\AndroidStudio\jre\bin\jli.dll
0x00007ffe973b0000 - 0x00007ffe973c7000 	D:\AndroidStudio\jre\bin\VCRUNTIME140.dll
0x00007ffea6c40000 - 0x00007ffea6de1000 	C:\WINDOWS\System32\USER32.dll
0x00007ffe90af0000 - 0x00007ffe90d8a000 	C:\WINDOWS\WinSxS\amd64_microsoft.windows.common-controls_6595b64144ccf1df_6.0.19041.1110_none_60b5254171f9507e\COMCTL32.dll
0x00007ffea69e0000 - 0x00007ffea6a02000 	C:\WINDOWS\System32\win32u.dll
0x00007ffea7820000 - 0x00007ffea784b000 	C:\WINDOWS\System32\GDI32.dll
0x00007ffea81a0000 - 0x00007ffea823e000 	C:\WINDOWS\System32\msvcrt.dll
0x00007ffea68d0000 - 0x00007ffea69df000 	C:\WINDOWS\System32\gdi32full.dll
0x00007ffea6a10000 - 0x00007ffea6aad000 	C:\WINDOWS\System32\msvcp_win.dll
0x00007ffea7360000 - 0x00007ffea7392000 	C:\WINDOWS\System32\IMM32.DLL
0x00007ffe650a0000 - 0x00007ffe6513d000 	D:\AndroidStudio\jre\bin\msvcp140.dll
0x00007ffe3def0000 - 0x00007ffe3e9f2000 	D:\AndroidStudio\jre\bin\server\jvm.dll
0x00007ffea6b90000 - 0x00007ffea6c3e000 	C:\WINDOWS\System32\ADVAPI32.dll
0x00007ffea82a0000 - 0x00007ffea833c000 	C:\WINDOWS\System32\sechost.dll
0x00007ffea8070000 - 0x00007ffea8195000 	C:\WINDOWS\System32\RPCRT4.dll
0x00007ffea7230000 - 0x00007ffea7238000 	C:\WINDOWS\System32\PSAPI.DLL
0x00007ffe8d500000 - 0x00007ffe8d509000 	C:\WINDOWS\SYSTEM32\WSOCK32.dll
0x00007ffe933a0000 - 0x00007ffe933c7000 	C:\WINDOWS\SYSTEM32\WINMM.dll
0x00007ffe9fd50000 - 0x00007ffe9fd5a000 	C:\WINDOWS\SYSTEM32\VERSION.dll
0x00007ffea89c0000 - 0x00007ffea8a2b000 	C:\WINDOWS\System32\WS2_32.dll
0x00007ffea41a0000 - 0x00007ffea41b2000 	C:\WINDOWS\SYSTEM32\kernel.appcore.dll
0x00007ffe6fd00000 - 0x00007ffe6fd11000 	D:\AndroidStudio\jre\bin\verify.dll
0x00007ffea39e0000 - 0x00007ffea3bc4000 	C:\WINDOWS\SYSTEM32\DBGHELP.DLL
0x00007ffe8b6a0000 - 0x00007ffe8b6d5000 	C:\WINDOWS\SYSTEM32\dbgcore.DLL
0x00007ffea6840000 - 0x00007ffea68c2000 	C:\WINDOWS\System32\bcryptPrimitives.dll
0x00007ffe6e860000 - 0x00007ffe6e889000 	D:\AndroidStudio\jre\bin\java.dll
0x00007ffe7a5e0000 - 0x00007ffe7a5eb000 	D:\AndroidStudio\jre\bin\jimage.dll
0x00007ffe6fce0000 - 0x00007ffe6fcf8000 	D:\AndroidStudio\jre\bin\zip.dll
0x00007ffea7920000 - 0x00007ffea8064000 	C:\WINDOWS\System32\SHELL32.dll
0x00007ffea41c0000 - 0x00007ffea4952000 	C:\WINDOWS\SYSTEM32\windows.storage.dll
0x00007ffea8460000 - 0x00007ffea87b5000 	C:\WINDOWS\System32\combase.dll
0x00007ffea5b40000 - 0x00007ffea5b70000 	C:\WINDOWS\SYSTEM32\Wldp.dll
0x00007ffea6ea0000 - 0x00007ffea6f4d000 	C:\WINDOWS\System32\SHCORE.dll
0x00007ffea8240000 - 0x00007ffea8295000 	C:\WINDOWS\System32\shlwapi.dll
0x00007ffea60a0000 - 0x00007ffea60bf000 	C:\WINDOWS\SYSTEM32\profapi.dll
0x00007ffe6c8e0000 - 0x00007ffe6c8fa000 	D:\AndroidStudio\jre\bin\net.dll
0x00007ffe9e8a0000 - 0x00007ffe9e9ac000 	C:\WINDOWS\SYSTEM32\WINHTTP.dll
0x00007ffea5850000 - 0x00007ffea58ba000 	C:\WINDOWS\system32\mswsock.dll
0x00007ffe6c8c0000 - 0x00007ffe6c8d4000 	D:\AndroidStudio\jre\bin\nio.dll
0x00007ffe855d0000 - 0x00007ffe855f7000 	C:\Users\nuage\.gradle\native\e1d6ef7f7dcc3fd88c89a11ec53ec762bb8ba0a96d01ffa2cd45eb1d1d8dd5c5\windows-amd64\native-platform.dll
0x00007ffe57c10000 - 0x00007ffe57d54000 	C:\Users\nuage\.gradle\native\0d407fdbe67a94daf76414ababcb853783967236a71b16ec16e742cd7a986fd3\windows-amd64\native-platform-file-events.dll
0x00007ffe6ee30000 - 0x00007ffe6ee3a000 	D:\AndroidStudio\jre\bin\management.dll
0x00007ffe6e810000 - 0x00007ffe6e81d000 	D:\AndroidStudio\jre\bin\management_ext.dll
0x00007ffea5a80000 - 0x00007ffea5a98000 	C:\WINDOWS\SYSTEM32\CRYPTSP.dll
0x00007ffea5120000 - 0x00007ffea5154000 	C:\WINDOWS\system32\rsaenh.dll
0x00007ffea65f0000 - 0x00007ffea6617000 	C:\WINDOWS\System32\bcrypt.dll
0x00007ffea6020000 - 0x00007ffea604e000 	C:\WINDOWS\SYSTEM32\USERENV.dll
0x00007ffea59e0000 - 0x00007ffea59ec000 	C:\WINDOWS\SYSTEM32\CRYPTBASE.dll
0x00007ffea5560000 - 0x00007ffea559b000 	C:\WINDOWS\SYSTEM32\IPHLPAPI.DLL
0x00007ffea7810000 - 0x00007ffea7818000 	C:\WINDOWS\System32\NSI.dll
0x00007ffe9ed90000 - 0x00007ffe9eda7000 	C:\WINDOWS\SYSTEM32\dhcpcsvc6.DLL
0x00007ffe9f070000 - 0x00007ffe9f08d000 	C:\WINDOWS\SYSTEM32\dhcpcsvc.DLL
0x00007ffea55a0000 - 0x00007ffea566a000 	C:\WINDOWS\SYSTEM32\DNSAPI.dll
0x00007ffea5260000 - 0x00007ffea5293000 	C:\WINDOWS\SYSTEM32\ntmarta.dll

dbghelp: loaded successfully - version: 4.0.5 - missing functions: none
symbol engine: initialized successfully - sym options: 0x614 - pdb path: .;D:\AndroidStudio\jre\bin;C:\WINDOWS\SYSTEM32;C:\WINDOWS\WinSxS\amd64_microsoft.windows.common-controls_6595b64144ccf1df_6.0.19041.1110_none_60b5254171f9507e;D:\AndroidStudio\jre\bin\server;C:\Users\nuage\.gradle\native\e1d6ef7f7dcc3fd88c89a11ec53ec762bb8ba0a96d01ffa2cd45eb1d1d8dd5c5\windows-amd64;C:\Users\nuage\.gradle\native\0d407fdbe67a94daf76414ababcb853783967236a71b16ec16e742cd7a986fd3\windows-amd64

VM Arguments:
jvm_args: --add-opens=java.base/java.util=ALL-UNNAMED --add-opens=java.base/java.lang=ALL-UNNAMED --add-opens=java.base/java.lang.invoke=ALL-UNNAMED --add-opens=java.base/java.util=ALL-UNNAMED --add-opens=java.prefs/java.util.prefs=ALL-UNNAMED --add-opens=java.prefs/java.util.prefs=ALL-UNNAMED --add-opens=java.base/java.nio.charset=ALL-UNNAMED --add-opens=java.base/java.net=ALL-UNNAMED --add-opens=java.base/java.util.concurrent.atomic=ALL-UNNAMED -Xmx2048m -Dfile.encoding=UTF-8 -Duser.country=FR -Duser.language=fr -Duser.variant 
java_command: org.gradle.launcher.daemon.bootstrap.GradleDaemon 7.4
java_class_path (initial): C:\Users\nuage\.gradle\wrapper\dists\gradle-7.4-bin\c0gwcg53nkjbqw7r0h0umtfvt\gradle-7.4\lib\gradle-launcher-7.4.jar
Launcher Type: SUN_STANDARD

[Global flags]
     intx CICompilerCount                          = 4                                         {product} {ergonomic}
     uint ConcGCThreads                            = 3                                         {product} {ergonomic}
     uint G1ConcRefinementThreads                  = 10                                        {product} {ergonomic}
   size_t G1HeapRegionSize                         = 1048576                                   {product} {ergonomic}
    uintx GCDrainStackTargetSize                   = 64                                        {product} {ergonomic}
   size_t InitialHeapSize                          = 132120576                                 {product} {ergonomic}
   size_t MarkStackSize                            = 4194304                                   {product} {ergonomic}
   size_t MaxHeapSize                              = 2147483648                                {product} {command line}
   size_t MaxNewSize                               = 1287651328                                {product} {ergonomic}
   size_t MinHeapDeltaBytes                        = 1048576                                   {product} {ergonomic}
    uintx NonNMethodCodeHeapSize                   = 5836300                                {pd product} {ergonomic}
    uintx NonProfiledCodeHeapSize                  = 122910970                              {pd product} {ergonomic}
    uintx ProfiledCodeHeapSize                     = 122910970                              {pd product} {ergonomic}
    uintx ReservedCodeCacheSize                    = 251658240                              {pd product} {ergonomic}
     bool SegmentedCodeCache                       = true                                      {product} {ergonomic}
     bool UseCompressedClassPointers               = true                                 {lp64_product} {ergonomic}
     bool UseCompressedOops                        = true                                 {lp64_product} {ergonomic}
     bool UseG1GC                                  = true                                      {product} {ergonomic}
     bool UseLargePagesIndividualAllocation        = false                                  {pd product} {ergonomic}

Logging:
Log output configuration:
 #0: stdout all=warning uptime,level,tags
 #1: stderr all=off uptime,level,tags

Environment Variables:
PATH=C:\Program Files (x86)\Common Files\Oracle\Java\javapath;C:\Windows\system32;C:\Windows;C:\Windows\System32\Wbem;C:\Windows\System32\WindowsPowerShell\v1.0\;C:\Windows\System32\OpenSSH\;C:\Program Files (x86)\NVIDIA Corporation\PhysX\Common;C:\Program Files\NVIDIA Corporation\NVIDIA NvDLISR;C:\WINDOWS\system32;C:\WINDOWS;C:\WINDOWS\System32\Wbem;C:\WINDOWS\System32\WindowsPowerShell\v1.0\;C:\WINDOWS\System32\OpenSSH\;C:\Program Files\Git\cmd;C:\Program Files\Docker\Docker\resources\bin;C:\ProgramData\DockerDesktop\version-bin;C:\Users\nuage\AppData\Local\Microsoft\WindowsApps;;D:\Microsoft VS Code\bin
USERNAME=nuage
OS=Windows_NT
PROCESSOR_IDENTIFIER=Intel64 Family 6 Model 158 Stepping 10, GenuineIntel



---------------  S Y S T E M  ---------------

OS: Windows 10 , 64 bit Build 19041 (10.0.19041.2364)
OS uptime: 0 days 2:00 hours
Hyper-V role detected

CPU:total 12 (initial active 12) (6 cores per cpu, 2 threads per core) family 6 model 158 stepping 10 microcode 0xd2, cmov, cx8, fxsr, mmx, sse, sse2, sse3, ssse3, sse4.1, sse4.2, popcnt, avx, avx2, aes, clmul, erms, 3dnowpref, lzcnt, ht, tsc, tscinvbit, bmi1, bmi2, adx, fma

Memory: 4k page, system-wide physical 8042M (857M free)
TotalPageFile size 10090M (AvailPageFile size 99M)
current process WorkingSet (physical memory assigned to process): 501M, peak: 502M
current process commit charge ("private bytes"): 546M, peak: 693M

vm_info: OpenJDK 64-Bit Server VM (11.0.13+0-b1751.21-8125866) for windows-amd64 JRE (11.0.13+0-b1751.21-8125866), built on Feb  2 2022 03:00:22 by "builder" with MS VC++ 14.0 (VS2015)

END.
