#
# There is insufficient memory for the Java Runtime Environment to continue.
# Native memory allocation (mmap) failed to map 117440512 bytes for Failed to commit area from 0x000000008ef00000 to 0x0000000095f00000 of length 117440512.
# Possible reasons:
#   The system is out of physical RAM or swap space
#   The process is running with CompressedOops enabled, and the Java Heap may be blocking the growth of the native heap
# Possible solutions:
#   Reduce memory load on the system
#   Increase physical memory or swap space
#   Check if swap backing store is full
#   Decrease Java heap size (-Xmx/-Xms)
#   Decrease number of Java threads
#   Decrease Java thread stack sizes (-Xss)
#   Set larger code cache with -XX:ReservedCodeCacheSize=
#   JVM is running with Unscaled Compressed Oops mode in which the Java heap is
#     placed in the first 4GB address space. The Java Heap base address is the
#     maximum limit for the native heap growth. Please use -XX:HeapBaseMinAddress
#     to set the Java Heap base and to place the Java Heap above 4GB virtual address.
# This output file may be truncated or incomplete.
#
#  Out of Memory Error (./src/hotspot/os/windows/os_windows.cpp:3619), pid=17800, tid=17080
#
# JRE version: OpenJDK Runtime Environment (11.0.13) (build 11.0.13+0-b1751.21-8125866)
# Java VM: OpenJDK 64-Bit Server VM (11.0.13+0-b1751.21-8125866, mixed mode, tiered, compressed oops, g1 gc, windows-amd64)
# No core dump will be written. Minidumps are not enabled by default on client versions of Windows
#

---------------  S U M M A R Y ------------

Command Line: --add-opens=java.base/java.util=ALL-UNNAMED --add-opens=java.base/java.lang=ALL-UNNAMED --add-opens=java.base/java.lang.invoke=ALL-UNNAMED --add-opens=java.base/java.util=ALL-UNNAMED --add-opens=java.prefs/java.util.prefs=ALL-UNNAMED --add-opens=java.prefs/java.util.prefs=ALL-UNNAMED --add-opens=java.base/java.nio.charset=ALL-UNNAMED --add-opens=java.base/java.net=ALL-UNNAMED --add-opens=java.base/java.util.concurrent.atomic=ALL-UNNAMED -Xmx2048m -Dfile.encoding=UTF-8 -Duser.country=FR -Duser.language=fr -Duser.variant org.gradle.launcher.daemon.bootstrap.GradleDaemon 7.4

Host: Intel(R) Core(TM) i7-9750H CPU @ 2.60GHz, 12 cores, 7G,  Windows 10 , 64 bit Build 19041 (10.0.19041.2364)
Time: Tue Jan 17 12:03:27 2023 Paris, Madrid elapsed time: 14.591350 seconds (0d 0h 0m 14s)

---------------  T H R E A D  ---------------

Current thread (0x000001a995608000):  VMThread "VM Thread" [stack: 0x0000005ff3300000,0x0000005ff3400000] [id=17080]

Stack: [0x0000005ff3300000,0x0000005ff3400000]
[error occurred during error reporting (printing stack bounds), id 0xc0000005, EXCEPTION_ACCESS_VIOLATION (0xc0000005) at pc=0x000001a98000112d]

Native frames: (J=compiled Java code, j=interpreted, Vv=VM code, C=native code)
V  [jvm.dll+0x6100fa]
V  [jvm.dll+0x747090]
V  [jvm.dll+0x7486ad]
V  [jvm.dll+0x748ce5]
V  [jvm.dll+0x748c9b]
V  [jvm.dll+0x60f224]
V  [jvm.dll+0x60f9b8]
C  [ntdll.dll+0xa241f]
C  [ntdll.dll+0x514a4]
C  [ntdll.dll+0xa0f4e]
C  0x000001a98000112d

VM_Operation (0x0000005fff1f8860): G1CollectForAllocation, mode: safepoint, requested by thread 0x000001a99e9cf800


---------------  P R O C E S S  ---------------

Threads class SMR info:
_java_thread_list=0x000001a99ee97e50, length=183, elements={
0x000001a9f8d2e000, 0x000001a995609800, 0x000001a99560f000, 0x000001a995fb5800,
0x000001a995fb6800, 0x000001a995fbb000, 0x000001a995fbf000, 0x000001a995fc0800,
0x000001a995624000, 0x000001a99610b000, 0x000001a998f08800, 0x000001a9963ad000,
0x000001a9979bc000, 0x000001a99851c800, 0x000001a999183800, 0x000001a998308800,
0x000001a998b61800, 0x000001a998add800, 0x000001a998ade000, 0x000001a9990af000,
0x000001a999923800, 0x000001a9990ac800, 0x000001a9990ad800, 0x000001a9990aa000,
0x000001a9990ae800, 0x000001a9990a9800, 0x000001a9990b0000, 0x000001a9990ab000,
0x000001a99b3b0800, 0x000001a9990ac000, 0x000001a9999b8000, 0x000001a9999b4000,
0x000001a9999b9000, 0x000001a9999b6800, 0x000001a9999ba800, 0x000001a9999b9800,
0x000001a9999bb800, 0x000001a9999c1000, 0x000001a9999be800, 0x000001a9999be000,
0x000001a9999bc000, 0x000001a9999bf800, 0x000001a9999c2000, 0x000001a9999bd000,
0x000001a9999c0000, 0x000001a9965a1800, 0x000001a99659e800, 0x000001a9965a3000,
0x000001a99659f000, 0x000001a9965a0000, 0x000001a9965a2800, 0x000001a9965a1000,
0x000001a99659d800, 0x000001a9965a8000, 0x000001a9965a9000, 0x000001a9965a9800,
0x000001a9965a5000, 0x000001a9965a5800, 0x000001a9965a6800, 0x000001a9965a7800,
0x000001a9965a4000, 0x000001a9965aa800, 0x000001a9965ac000, 0x000001a9965ab800,
0x000001a998017000, 0x000001a998016800, 0x000001a998018000, 0x000001a998019000,
0x000001a998014000, 0x000001a998013000, 0x000001a998019800, 0x000001a99801a800,
0x000001a998014800, 0x000001a99801b800, 0x000001a998015800, 0x000001a998020000,
0x000001a998021000, 0x000001a998022000, 0x000001a99801c000, 0x000001a99801d000,
0x000001a99801d800, 0x000001a99801e800, 0x000001a99801f800, 0x000001a99c564800,
0x000001a99c566000, 0x000001a99c565000, 0x000001a99c560800, 0x000001a99c563800,
0x000001a99c567000, 0x000001a99c561000, 0x000001a99c562800, 0x000001a99c567800,
0x000001a99c562000, 0x000001a99c56e000, 0x000001a99c568800, 0x000001a99c56d800,
0x000001a99c569800, 0x000001a99c56f000, 0x000001a99c56b800, 0x000001a99c56a000,
0x000001a99c56b000, 0x000001a99c56c800, 0x000001a998c79000, 0x000001a998c7a000,
0x000001a998c76800, 0x000001a998c7a800, 0x000001a998c77800, 0x000001a998c7b800,
0x000001a998c75800, 0x000001a998c7e000, 0x000001a998c7c800, 0x000001a998c7d000,
0x000001a998c78000, 0x000001a998c81000, 0x000001a998c80800, 0x000001a998c84800,
0x000001a998c7e800, 0x000001a998c83800, 0x000001a998c82000, 0x000001a998c83000,
0x000001a998c7f800, 0x000001a99d517000, 0x000001a99d51d000, 0x000001a99d51c000,
0x000001a99d51b000, 0x000001a99d51d800, 0x000001a99d518000, 0x000001a99d51a800,
0x000001a99d51e800, 0x000001a99d518800, 0x000001a99d519800, 0x000001a99d521000,
0x000001a99d525000, 0x000001a99d522800, 0x000001a99d523800, 0x000001a99d51f800,
0x000001a99d520000, 0x000001a99d524000, 0x000001a99d521800, 0x000001a99d526000,
0x000001a999ea0800, 0x000001a999ea2000, 0x000001a999e9e000, 0x000001a999e9c800,
0x000001a999ea1800, 0x000001a999ea3000, 0x000001a999e9d800, 0x000001a999ea4000,
0x000001a999ea4800, 0x000001a999e9f000, 0x000001a999ea5800, 0x000001a999e9f800,
0x000001a999ea8000, 0x000001a999ea8800, 0x000001a999ea7000, 0x000001a999eab000,
0x000001a999ea6800, 0x000001a999ea9800, 0x000001a999eaa800, 0x000001a99cab7000,
0x000001a99cab3000, 0x000001a99cab5800, 0x000001a99cab9000, 0x000001a99cab6800,
0x000001a99cab8000, 0x000001a99cab9800, 0x000001a99cab5000, 0x000001a99cabb800,
0x000001a99cabd000, 0x000001a99caba800, 0x000001a99cabf800, 0x000001a99cac0000,
0x000001a99cabc000, 0x000001a99cabe000, 0x000001a99cac2000, 0x000001a99cac1000,
0x000001a99e9d1000, 0x000001a99e9d5000, 0x000001a99e9cf800, 0x000001a99e9d6000,
0x000001a99e9d0000, 0x000001a99e9d1800, 0x000001a99e9d7800
}

Java Threads: ( => current thread )
  0x000001a9f8d2e000 JavaThread "main" [_thread_blocked, id=18444, stack(0x0000005ff2d00000,0x0000005ff2e00000)]
  0x000001a995609800 JavaThread "Reference Handler" daemon [_thread_blocked, id=8804, stack(0x0000005ff3400000,0x0000005ff3500000)]
  0x000001a99560f000 JavaThread "Finalizer" daemon [_thread_blocked, id=5500, stack(0x0000005ff3500000,0x0000005ff3600000)]
  0x000001a995fb5800 JavaThread "Signal Dispatcher" daemon [_thread_blocked, id=8196, stack(0x0000005ff3600000,0x0000005ff3700000)]
  0x000001a995fb6800 JavaThread "Attach Listener" daemon [_thread_blocked, id=19148, stack(0x0000005ff3700000,0x0000005ff3800000)]
  0x000001a995fbb000 JavaThread "Service Thread" daemon [_thread_blocked, id=2812, stack(0x0000005ff3800000,0x0000005ff3900000)]
  0x000001a995fbf000 JavaThread "C2 CompilerThread0" daemon [_thread_blocked, id=2040, stack(0x0000005ff3900000,0x0000005ff3a00000)]
  0x000001a995fc0800 JavaThread "C1 CompilerThread0" daemon [_thread_blocked, id=4540, stack(0x0000005ff3a00000,0x0000005ff3b00000)]
  0x000001a995624000 JavaThread "Sweeper thread" daemon [_thread_blocked, id=6244, stack(0x0000005ff3b00000,0x0000005ff3c00000)]
  0x000001a99610b000 JavaThread "Common-Cleaner" daemon [_thread_blocked, id=14284, stack(0x0000005ff3c00000,0x0000005ff3d00000)]
  0x000001a998f08800 JavaThread "Daemon health stats" [_thread_blocked, id=14784, stack(0x0000005ff4200000,0x0000005ff4300000)]
  0x000001a9963ad000 JavaThread "Incoming local TCP Connector on port 53460" [_thread_in_native, id=9680, stack(0x0000005ff3e00000,0x0000005ff3f00000)]
  0x000001a9979bc000 JavaThread "Daemon periodic checks" [_thread_blocked, id=11912, stack(0x0000005ff3f00000,0x0000005ff4000000)]
  0x000001a99851c800 JavaThread "Daemon" [_thread_blocked, id=17316, stack(0x0000005ff4300000,0x0000005ff4400000)]
  0x000001a999183800 JavaThread "Handler for socket connection from /127.0.0.1:53460 to /127.0.0.1:53461" [_thread_in_native, id=3020, stack(0x0000005ff4400000,0x0000005ff4500000)]
  0x000001a998308800 JavaThread "Cancel handler" [_thread_blocked, id=2352, stack(0x0000005ff4500000,0x0000005ff4600000)]
  0x000001a998b61800 JavaThread "Daemon worker" [_thread_blocked, id=18960, stack(0x0000005ff4600000,0x0000005ff4700000)]
  0x000001a998add800 JavaThread "Asynchronous log dispatcher for DefaultDaemonConnection: socket connection from /127.0.0.1:53460 to /127.0.0.1:53461" [_thread_blocked, id=11216, stack(0x0000005ff4700000,0x0000005ff4800000)]
  0x000001a998ade000 JavaThread "Stdin handler" [_thread_blocked, id=3484, stack(0x0000005ff4800000,0x0000005ff4900000)]
  0x000001a9990af000 JavaThread "Daemon client event forwarder" [_thread_blocked, id=7600, stack(0x0000005ff4900000,0x0000005ff4a00000)]
  0x000001a999923800 JavaThread "C2 CompilerThread1" daemon [_thread_in_native, id=8572, stack(0x0000005ff4a00000,0x0000005ff4b00000)]
  0x000001a9990ac800 JavaThread "Cache worker for journal cache (C:\Users\nuage\.gradle\caches\journal-1)" [_thread_blocked, id=11424, stack(0x0000005ff5200000,0x0000005ff5300000)]
  0x000001a9990ad800 JavaThread "File lock request listener" [_thread_in_native, id=10604, stack(0x0000005ff5300000,0x0000005ff5400000)]
  0x000001a9990aa000 JavaThread "Cache worker for file hash cache (C:\Users\nuage\.gradle\caches\7.4\fileHashes)" [_thread_blocked, id=14884, stack(0x0000005ff5400000,0x0000005ff5500000)]
  0x000001a9990ae800 JavaThread "File watcher server" daemon [_thread_blocked, id=15076, stack(0x0000005ff5700000,0x0000005ff5800000)]
  0x000001a9990a9800 JavaThread "File watcher consumer" daemon [_thread_blocked, id=14420, stack(0x0000005ff5800000,0x0000005ff5900000)]
  0x000001a9990b0000 JavaThread "Cache worker for checksums cache (D:\projet_mobile\AndroidStudioProjects\projetmajeur\.gradle\7.4\checksums)" [_thread_blocked, id=19108, stack(0x0000005ff5900000,0x0000005ff5a00000)]
  0x000001a9990ab000 JavaThread "Cache worker for cache directory md-rule (C:\Users\nuage\.gradle\caches\7.4\md-rule)" [_thread_blocked, id=10512, stack(0x0000005ff5a00000,0x0000005ff5b00000)]
  0x000001a99b3b0800 JavaThread "C2 CompilerThread2" daemon [_thread_blocked, id=5920, stack(0x0000005ff5b00000,0x0000005ff5c00000)]
  0x000001a9990ac000 JavaThread "Cache worker for file hash cache (D:\projet_mobile\AndroidStudioProjects\projetmajeur\.gradle\7.4\fileHashes)" [_thread_blocked, id=5852, stack(0x0000005ff5c00000,0x0000005ff5d00000)]
  0x000001a9999b8000 JavaThread "Cache worker for cache directory md-supplier (C:\Users\nuage\.gradle\caches\7.4\md-supplier)" [_thread_blocked, id=108, stack(0x0000005ff5d00000,0x0000005ff5e00000)]
  0x000001a9999b4000 JavaThread "Cache worker for execution history cache (C:\Users\nuage\.gradle\caches\7.4\executionHistory)" [_thread_blocked, id=7116, stack(0x0000005ff5e00000,0x0000005ff5f00000)]
  0x000001a9999b9000 JavaThread "jar transforms" [_thread_blocked, id=3968, stack(0x0000005ff5f00000,0x0000005ff6000000)]
  0x000001a9999b6800 JavaThread "Cache worker for file content cache (C:\Users\nuage\.gradle\caches\7.4\fileContent)" [_thread_blocked, id=4068, stack(0x0000005ff6000000,0x0000005ff6100000)]
  0x000001a9999ba800 JavaThread "jar transforms Thread 2" [_thread_blocked, id=18544, stack(0x0000005ff6100000,0x0000005ff6200000)]
  0x000001a9999b9800 JavaThread "Cache worker for dependencies-accessors (D:\projet_mobile\AndroidStudioProjects\projetmajeur\.gradle\7.4\dependencies-accessors)" [_thread_blocked, id=3716, stack(0x0000005ff6200000,0x0000005ff6300000)]
  0x000001a9999bb800 JavaThread "jar transforms Thread 3" [_thread_blocked, id=11360, stack(0x0000005ff6300000,0x0000005ff6400000)]
  0x000001a9999c1000 JavaThread "Cache worker for Build Output Cleanup Cache (D:\projet_mobile\AndroidStudioProjects\projetmajeur\.gradle\buildOutputCleanup)" [_thread_blocked, id=13696, stack(0x0000005ff6400000,0x0000005ff6500000)]
  0x000001a9999be800 JavaThread "Unconstrained build operations" [_thread_blocked, id=4336, stack(0x0000005ff6500000,0x0000005ff6600000)]
  0x000001a9999be000 JavaThread "Unconstrained build operations Thread 2" [_thread_blocked, id=17888, stack(0x0000005ff6600000,0x0000005ff6700000)]
  0x000001a9999bc000 JavaThread "Unconstrained build operations Thread 3" [_thread_blocked, id=6104, stack(0x0000005ff6700000,0x0000005ff6800000)]
  0x000001a9999bf800 JavaThread "Unconstrained build operations Thread 4" [_thread_blocked, id=17700, stack(0x0000005ff6800000,0x0000005ff6900000)]
  0x000001a9999c2000 JavaThread "Unconstrained build operations Thread 5" [_thread_blocked, id=16364, stack(0x0000005ff6900000,0x0000005ff6a00000)]
  0x000001a9999bd000 JavaThread "Unconstrained build operations Thread 6" [_thread_blocked, id=5536, stack(0x0000005ff6a00000,0x0000005ff6b00000)]
  0x000001a9999c0000 JavaThread "Unconstrained build operations Thread 7" [_thread_blocked, id=15524, stack(0x0000005ff6b00000,0x0000005ff6c00000)]
  0x000001a9965a1800 JavaThread "Unconstrained build operations Thread 8" [_thread_blocked, id=8060, stack(0x0000005ff6c00000,0x0000005ff6d00000)]
  0x000001a99659e800 JavaThread "Unconstrained build operations Thread 9" [_thread_blocked, id=10012, stack(0x0000005ff6d00000,0x0000005ff6e00000)]
  0x000001a9965a3000 JavaThread "Unconstrained build operations Thread 10" [_thread_blocked, id=15780, stack(0x0000005ff6e00000,0x0000005ff6f00000)]
  0x000001a99659f000 JavaThread "Unconstrained build operations Thread 11" [_thread_blocked, id=14936, stack(0x0000005ff6f00000,0x0000005ff7000000)]
  0x000001a9965a0000 JavaThread "Unconstrained build operations Thread 12" [_thread_blocked, id=5784, stack(0x0000005ff7000000,0x0000005ff7100000)]
  0x000001a9965a2800 JavaThread "Unconstrained build operations Thread 13" [_thread_blocked, id=9036, stack(0x0000005ff7100000,0x0000005ff7200000)]
  0x000001a9965a1000 JavaThread "Unconstrained build operations Thread 14" [_thread_blocked, id=16148, stack(0x0000005ff7200000,0x0000005ff7300000)]
  0x000001a99659d800 JavaThread "Unconstrained build operations Thread 15" [_thread_blocked, id=18552, stack(0x0000005ff7300000,0x0000005ff7400000)]
  0x000001a9965a8000 JavaThread "Unconstrained build operations Thread 16" [_thread_blocked, id=9276, stack(0x0000005ff7400000,0x0000005ff7500000)]
  0x000001a9965a9000 JavaThread "Unconstrained build operations Thread 17" [_thread_blocked, id=8052, stack(0x0000005ff7500000,0x0000005ff7600000)]
  0x000001a9965a9800 JavaThread "Unconstrained build operations Thread 18" [_thread_blocked, id=18984, stack(0x0000005ff7600000,0x0000005ff7700000)]
  0x000001a9965a5000 JavaThread "Unconstrained build operations Thread 19" [_thread_blocked, id=5460, stack(0x0000005ff7700000,0x0000005ff7800000)]
  0x000001a9965a5800 JavaThread "Unconstrained build operations Thread 20" [_thread_blocked, id=14860, stack(0x0000005ff7800000,0x0000005ff7900000)]
  0x000001a9965a6800 JavaThread "Unconstrained build operations Thread 21" [_thread_blocked, id=16480, stack(0x0000005ff7900000,0x0000005ff7a00000)]
  0x000001a9965a7800 JavaThread "Unconstrained build operations Thread 22" [_thread_blocked, id=5204, stack(0x0000005ff7a00000,0x0000005ff7b00000)]
  0x000001a9965a4000 JavaThread "Unconstrained build operations Thread 23" [_thread_blocked, id=18228, stack(0x0000005ff7b00000,0x0000005ff7c00000)]
  0x000001a9965aa800 JavaThread "Unconstrained build operations Thread 24" [_thread_blocked, id=10168, stack(0x0000005ff7c00000,0x0000005ff7d00000)]
  0x000001a9965ac000 JavaThread "Unconstrained build operations Thread 25" [_thread_blocked, id=18304, stack(0x0000005ff7d00000,0x0000005ff7e00000)]
  0x000001a9965ab800 JavaThread "Unconstrained build operations Thread 26" [_thread_blocked, id=11876, stack(0x0000005ff7e00000,0x0000005ff7f00000)]
  0x000001a998017000 JavaThread "Unconstrained build operations Thread 27" [_thread_blocked, id=2864, stack(0x0000005ff7f00000,0x0000005ff8000000)]
  0x000001a998016800 JavaThread "Unconstrained build operations Thread 28" [_thread_blocked, id=15872, stack(0x0000005ff8000000,0x0000005ff8100000)]
  0x000001a998018000 JavaThread "Unconstrained build operations Thread 29" [_thread_blocked, id=176, stack(0x0000005ff8100000,0x0000005ff8200000)]
  0x000001a998019000 JavaThread "Unconstrained build operations Thread 30" [_thread_blocked, id=11528, stack(0x0000005ff8200000,0x0000005ff8300000)]
  0x000001a998014000 JavaThread "Unconstrained build operations Thread 31" [_thread_blocked, id=11344, stack(0x0000005ff8300000,0x0000005ff8400000)]
  0x000001a998013000 JavaThread "Unconstrained build operations Thread 32" [_thread_blocked, id=19200, stack(0x0000005ff8400000,0x0000005ff8500000)]
  0x000001a998019800 JavaThread "Unconstrained build operations Thread 33" [_thread_blocked, id=18520, stack(0x0000005ff8500000,0x0000005ff8600000)]
  0x000001a99801a800 JavaThread "Unconstrained build operations Thread 34" [_thread_blocked, id=16388, stack(0x0000005ff8600000,0x0000005ff8700000)]
  0x000001a998014800 JavaThread "Unconstrained build operations Thread 35" [_thread_blocked, id=18320, stack(0x0000005ff8700000,0x0000005ff8800000)]
  0x000001a99801b800 JavaThread "Unconstrained build operations Thread 36" [_thread_blocked, id=6168, stack(0x0000005ff8800000,0x0000005ff8900000)]
  0x000001a998015800 JavaThread "Unconstrained build operations Thread 37" [_thread_blocked, id=16024, stack(0x0000005ff8900000,0x0000005ff8a00000)]
  0x000001a998020000 JavaThread "Unconstrained build operations Thread 38" [_thread_blocked, id=2688, stack(0x0000005ff8a00000,0x0000005ff8b00000)]
  0x000001a998021000 JavaThread "Unconstrained build operations Thread 39" [_thread_blocked, id=736, stack(0x0000005ff8b00000,0x0000005ff8c00000)]
  0x000001a998022000 JavaThread "Unconstrained build operations Thread 40" [_thread_blocked, id=11724, stack(0x0000005ff8c00000,0x0000005ff8d00000)]
  0x000001a99801c000 JavaThread "Unconstrained build operations Thread 41" [_thread_blocked, id=16816, stack(0x0000005ff8d00000,0x0000005ff8e00000)]
  0x000001a99801d000 JavaThread "Unconstrained build operations Thread 42" [_thread_blocked, id=2436, stack(0x0000005ff8e00000,0x0000005ff8f00000)]
  0x000001a99801d800 JavaThread "Unconstrained build operations Thread 43" [_thread_blocked, id=6228, stack(0x0000005ff8f00000,0x0000005ff9000000)]
  0x000001a99801e800 JavaThread "Unconstrained build operations Thread 44" [_thread_blocked, id=5816, stack(0x0000005ff9000000,0x0000005ff9100000)]
  0x000001a99801f800 JavaThread "Unconstrained build operations Thread 45" [_thread_blocked, id=7004, stack(0x0000005ff9100000,0x0000005ff9200000)]
  0x000001a99c564800 JavaThread "Unconstrained build operations Thread 46" [_thread_blocked, id=11572, stack(0x0000005ff9200000,0x0000005ff9300000)]
  0x000001a99c566000 JavaThread "Unconstrained build operations Thread 47" [_thread_blocked, id=15520, stack(0x0000005ff9300000,0x0000005ff9400000)]
  0x000001a99c565000 JavaThread "Unconstrained build operations Thread 48" [_thread_blocked, id=14840, stack(0x0000005ff9400000,0x0000005ff9500000)]
  0x000001a99c560800 JavaThread "Unconstrained build operations Thread 49" [_thread_blocked, id=2720, stack(0x0000005ff9500000,0x0000005ff9600000)]
  0x000001a99c563800 JavaThread "Unconstrained build operations Thread 50" [_thread_blocked, id=10700, stack(0x0000005ff9600000,0x0000005ff9700000)]
  0x000001a99c567000 JavaThread "Unconstrained build operations Thread 51" [_thread_blocked, id=6636, stack(0x0000005ff9700000,0x0000005ff9800000)]
  0x000001a99c561000 JavaThread "Unconstrained build operations Thread 52" [_thread_blocked, id=15384, stack(0x0000005ff9800000,0x0000005ff9900000)]
  0x000001a99c562800 JavaThread "Unconstrained build operations Thread 53" [_thread_blocked, id=6732, stack(0x0000005ff9900000,0x0000005ff9a00000)]
  0x000001a99c567800 JavaThread "Unconstrained build operations Thread 54" [_thread_blocked, id=11352, stack(0x0000005ff9a00000,0x0000005ff9b00000)]
  0x000001a99c562000 JavaThread "Unconstrained build operations Thread 55" [_thread_blocked, id=9476, stack(0x0000005ff9b00000,0x0000005ff9c00000)]
  0x000001a99c56e000 JavaThread "Unconstrained build operations Thread 56" [_thread_blocked, id=11660, stack(0x0000005ff9c00000,0x0000005ff9d00000)]
  0x000001a99c568800 JavaThread "Unconstrained build operations Thread 57" [_thread_blocked, id=7120, stack(0x0000005ff9d00000,0x0000005ff9e00000)]
  0x000001a99c56d800 JavaThread "Unconstrained build operations Thread 58" [_thread_blocked, id=16000, stack(0x0000005ff9e00000,0x0000005ff9f00000)]
  0x000001a99c569800 JavaThread "Unconstrained build operations Thread 59" [_thread_blocked, id=18692, stack(0x0000005ff9f00000,0x0000005ffa000000)]
  0x000001a99c56f000 JavaThread "Unconstrained build operations Thread 60" [_thread_blocked, id=14592, stack(0x0000005ffa000000,0x0000005ffa100000)]
  0x000001a99c56b800 JavaThread "Unconstrained build operations Thread 61" [_thread_blocked, id=18604, stack(0x0000005ffa100000,0x0000005ffa200000)]
  0x000001a99c56a000 JavaThread "Unconstrained build operations Thread 62" [_thread_blocked, id=17952, stack(0x0000005ffa200000,0x0000005ffa300000)]
  0x000001a99c56b000 JavaThread "Unconstrained build operations Thread 63" [_thread_blocked, id=11412, stack(0x0000005ffa300000,0x0000005ffa400000)]
  0x000001a99c56c800 JavaThread "Unconstrained build operations Thread 64" [_thread_blocked, id=11252, stack(0x0000005ffa400000,0x0000005ffa500000)]
  0x000001a998c79000 JavaThread "Unconstrained build operations Thread 65" [_thread_blocked, id=18556, stack(0x0000005ffa500000,0x0000005ffa600000)]
  0x000001a998c7a000 JavaThread "Unconstrained build operations Thread 66" [_thread_blocked, id=15616, stack(0x0000005ffa600000,0x0000005ffa700000)]
  0x000001a998c76800 JavaThread "Unconstrained build operations Thread 67" [_thread_blocked, id=1820, stack(0x0000005ffa700000,0x0000005ffa800000)]
  0x000001a998c7a800 JavaThread "Unconstrained build operations Thread 68" [_thread_blocked, id=5436, stack(0x0000005ffa800000,0x0000005ffa900000)]
  0x000001a998c77800 JavaThread "Unconstrained build operations Thread 69" [_thread_blocked, id=2528, stack(0x0000005ffa900000,0x0000005ffaa00000)]
  0x000001a998c7b800 JavaThread "Unconstrained build operations Thread 70" [_thread_blocked, id=4056, stack(0x0000005ffaa00000,0x0000005ffab00000)]
  0x000001a998c75800 JavaThread "Unconstrained build operations Thread 71" [_thread_blocked, id=16268, stack(0x0000005ffab00000,0x0000005ffac00000)]
  0x000001a998c7e000 JavaThread "Unconstrained build operations Thread 72" [_thread_blocked, id=16772, stack(0x0000005ffac00000,0x0000005ffad00000)]
  0x000001a998c7c800 JavaThread "Unconstrained build operations Thread 73" [_thread_blocked, id=18624, stack(0x0000005ffad00000,0x0000005ffae00000)]
  0x000001a998c7d000 JavaThread "Unconstrained build operations Thread 74" [_thread_blocked, id=8468, stack(0x0000005ffae00000,0x0000005ffaf00000)]
  0x000001a998c78000 JavaThread "Unconstrained build operations Thread 75" [_thread_blocked, id=1952, stack(0x0000005ffaf00000,0x0000005ffb000000)]
  0x000001a998c81000 JavaThread "Unconstrained build operations Thread 76" [_thread_blocked, id=15636, stack(0x0000005ffb000000,0x0000005ffb100000)]
  0x000001a998c80800 JavaThread "Unconstrained build operations Thread 77" [_thread_blocked, id=4860, stack(0x0000005ffb100000,0x0000005ffb200000)]
  0x000001a998c84800 JavaThread "Unconstrained build operations Thread 78" [_thread_blocked, id=18568, stack(0x0000005ffb200000,0x0000005ffb300000)]
  0x000001a998c7e800 JavaThread "Unconstrained build operations Thread 79" [_thread_blocked, id=16580, stack(0x0000005ffb300000,0x0000005ffb400000)]
  0x000001a998c83800 JavaThread "Unconstrained build operations Thread 80" [_thread_blocked, id=14424, stack(0x0000005ffb400000,0x0000005ffb500000)]
  0x000001a998c82000 JavaThread "Unconstrained build operations Thread 81" [_thread_blocked, id=17060, stack(0x0000005ffb500000,0x0000005ffb600000)]
  0x000001a998c83000 JavaThread "Unconstrained build operations Thread 82" [_thread_blocked, id=11796, stack(0x0000005ffb600000,0x0000005ffb700000)]
  0x000001a998c7f800 JavaThread "Unconstrained build operations Thread 83" [_thread_blocked, id=6736, stack(0x0000005ffb700000,0x0000005ffb800000)]
  0x000001a99d517000 JavaThread "Unconstrained build operations Thread 84" [_thread_blocked, id=8388, stack(0x0000005ffb800000,0x0000005ffb900000)]
  0x000001a99d51d000 JavaThread "Unconstrained build operations Thread 85" [_thread_blocked, id=13592, stack(0x0000005ffb900000,0x0000005ffba00000)]
  0x000001a99d51c000 JavaThread "Unconstrained build operations Thread 86" [_thread_blocked, id=14676, stack(0x0000005ffba00000,0x0000005ffbb00000)]
  0x000001a99d51b000 JavaThread "Unconstrained build operations Thread 87" [_thread_blocked, id=18204, stack(0x0000005ffbb00000,0x0000005ffbc00000)]
  0x000001a99d51d800 JavaThread "Unconstrained build operations Thread 88" [_thread_blocked, id=4560, stack(0x0000005ffbc00000,0x0000005ffbd00000)]
  0x000001a99d518000 JavaThread "Unconstrained build operations Thread 89" [_thread_blocked, id=8156, stack(0x0000005ffbd00000,0x0000005ffbe00000)]
  0x000001a99d51a800 JavaThread "Unconstrained build operations Thread 90" [_thread_blocked, id=4760, stack(0x0000005ffbe00000,0x0000005ffbf00000)]
  0x000001a99d51e800 JavaThread "Unconstrained build operations Thread 91" [_thread_blocked, id=8268, stack(0x0000005ffbf00000,0x0000005ffc000000)]
  0x000001a99d518800 JavaThread "Unconstrained build operations Thread 92" [_thread_blocked, id=17436, stack(0x0000005ffc000000,0x0000005ffc100000)]
  0x000001a99d519800 JavaThread "Unconstrained build operations Thread 93" [_thread_blocked, id=16572, stack(0x0000005ffc100000,0x0000005ffc200000)]
  0x000001a99d521000 JavaThread "Unconstrained build operations Thread 94" [_thread_blocked, id=15044, stack(0x0000005ffc200000,0x0000005ffc300000)]
  0x000001a99d525000 JavaThread "Unconstrained build operations Thread 95" [_thread_blocked, id=19056, stack(0x0000005ffc300000,0x0000005ffc400000)]
  0x000001a99d522800 JavaThread "Unconstrained build operations Thread 96" [_thread_blocked, id=19156, stack(0x0000005ffc400000,0x0000005ffc500000)]
  0x000001a99d523800 JavaThread "Unconstrained build operations Thread 97" [_thread_blocked, id=10320, stack(0x0000005ffc500000,0x0000005ffc600000)]
  0x000001a99d51f800 JavaThread "Unconstrained build operations Thread 98" [_thread_blocked, id=12200, stack(0x0000005ffc600000,0x0000005ffc700000)]
  0x000001a99d520000 JavaThread "Unconstrained build operations Thread 99" [_thread_blocked, id=1212, stack(0x0000005ffc700000,0x0000005ffc800000)]
  0x000001a99d524000 JavaThread "Unconstrained build operations Thread 100" [_thread_blocked, id=18628, stack(0x0000005ffc800000,0x0000005ffc900000)]
  0x000001a99d521800 JavaThread "Unconstrained build operations Thread 101" [_thread_blocked, id=1532, stack(0x0000005ffc900000,0x0000005ffca00000)]
  0x000001a99d526000 JavaThread "Unconstrained build operations Thread 102" [_thread_blocked, id=4940, stack(0x0000005ffca00000,0x0000005ffcb00000)]
  0x000001a999ea0800 JavaThread "Unconstrained build operations Thread 103" [_thread_blocked, id=8172, stack(0x0000005ffcb00000,0x0000005ffcc00000)]
  0x000001a999ea2000 JavaThread "Unconstrained build operations Thread 104" [_thread_blocked, id=17584, stack(0x0000005ffcc00000,0x0000005ffcd00000)]
  0x000001a999e9e000 JavaThread "Unconstrained build operations Thread 105" [_thread_blocked, id=8480, stack(0x0000005ffcd00000,0x0000005ffce00000)]
  0x000001a999e9c800 JavaThread "Unconstrained build operations Thread 106" [_thread_blocked, id=12900, stack(0x0000005ffce00000,0x0000005ffcf00000)]
  0x000001a999ea1800 JavaThread "Unconstrained build operations Thread 107" [_thread_blocked, id=4364, stack(0x0000005ffcf00000,0x0000005ffd000000)]
  0x000001a999ea3000 JavaThread "Unconstrained build operations Thread 108" [_thread_blocked, id=5124, stack(0x0000005ffd000000,0x0000005ffd100000)]
  0x000001a999e9d800 JavaThread "Unconstrained build operations Thread 109" [_thread_blocked, id=3096, stack(0x0000005ffd100000,0x0000005ffd200000)]
  0x000001a999ea4000 JavaThread "Unconstrained build operations Thread 110" [_thread_blocked, id=8036, stack(0x0000005ffd200000,0x0000005ffd300000)]
  0x000001a999ea4800 JavaThread "Unconstrained build operations Thread 111" [_thread_blocked, id=19360, stack(0x0000005ffd300000,0x0000005ffd400000)]
  0x000001a999e9f000 JavaThread "Unconstrained build operations Thread 112" [_thread_blocked, id=9112, stack(0x0000005ffd400000,0x0000005ffd500000)]
  0x000001a999ea5800 JavaThread "Unconstrained build operations Thread 113" [_thread_blocked, id=3632, stack(0x0000005ffd500000,0x0000005ffd600000)]
  0x000001a999e9f800 JavaThread "Unconstrained build operations Thread 114" [_thread_blocked, id=2548, stack(0x0000005ffd600000,0x0000005ffd700000)]
  0x000001a999ea8000 JavaThread "Unconstrained build operations Thread 115" [_thread_blocked, id=2808, stack(0x0000005ffd700000,0x0000005ffd800000)]
  0x000001a999ea8800 JavaThread "Unconstrained build operations Thread 116" [_thread_blocked, id=4420, stack(0x0000005ffd800000,0x0000005ffd900000)]
  0x000001a999ea7000 JavaThread "Unconstrained build operations Thread 117" [_thread_blocked, id=17892, stack(0x0000005ffd900000,0x0000005ffda00000)]
  0x000001a999eab000 JavaThread "Unconstrained build operations Thread 118" [_thread_blocked, id=15116, stack(0x0000005ffda00000,0x0000005ffdb00000)]
  0x000001a999ea6800 JavaThread "Unconstrained build operations Thread 119" [_thread_blocked, id=13048, stack(0x0000005ffdb00000,0x0000005ffdc00000)]
  0x000001a999ea9800 JavaThread "Unconstrained build operations Thread 120" [_thread_blocked, id=16768, stack(0x0000005ffdc00000,0x0000005ffdd00000)]
  0x000001a999eaa800 JavaThread "jar transforms Thread 4" [_thread_blocked, id=1796, stack(0x0000005ffdd00000,0x0000005ffde00000)]
  0x000001a99cab7000 JavaThread "jar transforms Thread 5" [_thread_blocked, id=16552, stack(0x0000005ffde00000,0x0000005ffdf00000)]
  0x000001a99cab3000 JavaThread "jar transforms Thread 6" [_thread_blocked, id=17136, stack(0x0000005ffdf00000,0x0000005ffe000000)]
  0x000001a99cab5800 JavaThread "jar transforms Thread 7" [_thread_blocked, id=6776, stack(0x0000005ffe000000,0x0000005ffe100000)]
  0x000001a99cab9000 JavaThread "jar transforms Thread 8" [_thread_blocked, id=17456, stack(0x0000005ffe100000,0x0000005ffe200000)]
  0x000001a99cab6800 JavaThread "jar transforms Thread 9" [_thread_blocked, id=3320, stack(0x0000005ffe200000,0x0000005ffe300000)]
  0x000001a99cab8000 JavaThread "jar transforms Thread 10" [_thread_blocked, id=2956, stack(0x0000005ffe300000,0x0000005ffe400000)]
  0x000001a99cab9800 JavaThread "jar transforms Thread 11" [_thread_blocked, id=17808, stack(0x0000005ffe400000,0x0000005ffe500000)]
  0x000001a99cab5000 JavaThread "jar transforms Thread 12" [_thread_blocked, id=18972, stack(0x0000005ffe500000,0x0000005ffe600000)]
  0x000001a99cabb800 JavaThread "Memory manager" [_thread_blocked, id=3412, stack(0x0000005ffe600000,0x0000005ffe700000)]
  0x000001a99cabd000 JavaThread "build event listener" [_thread_blocked, id=16244, stack(0x0000005ffe700000,0x0000005ffe800000)]
  0x000001a99caba800 JavaThread "included builds" [_thread_blocked, id=6000, stack(0x0000005ffe800000,0x0000005ffe900000)]
  0x000001a99cabf800 JavaThread "Execution worker for ':'" [_thread_blocked, id=3628, stack(0x0000005ffe900000,0x0000005ffea00000)]
  0x000001a99cac0000 JavaThread "Execution worker for ':' Thread 2" [_thread_blocked, id=12212, stack(0x0000005ffea00000,0x0000005ffeb00000)]
  0x000001a99cabc000 JavaThread "Execution worker for ':' Thread 3" [_thread_blocked, id=17192, stack(0x0000005ffeb00000,0x0000005ffec00000)]
  0x000001a99cabe000 JavaThread "Execution worker for ':' Thread 4" [_thread_blocked, id=15800, stack(0x0000005ffec00000,0x0000005ffed00000)]
  0x000001a99cac2000 JavaThread "Execution worker for ':' Thread 5" [_thread_blocked, id=10804, stack(0x0000005ffed00000,0x0000005ffee00000)]
  0x000001a99cac1000 JavaThread "Execution worker for ':' Thread 6" [_thread_blocked, id=1704, stack(0x0000005ffee00000,0x0000005ffef00000)]
  0x000001a99e9d1000 JavaThread "Execution worker for ':' Thread 7" [_thread_blocked, id=7576, stack(0x0000005ffef00000,0x0000005fff000000)]
  0x000001a99e9d5000 JavaThread "Execution worker for ':' Thread 8" [_thread_blocked, id=6456, stack(0x0000005fff000000,0x0000005fff100000)]
  0x000001a99e9cf800 JavaThread "Execution worker for ':' Thread 9" [_thread_blocked, id=15960, stack(0x0000005fff100000,0x0000005fff200000)]
  0x000001a99e9d6000 JavaThread "Execution worker for ':' Thread 10" [_thread_blocked, id=17152, stack(0x0000005fff200000,0x0000005fff300000)]
  0x000001a99e9d0000 JavaThread "Execution worker for ':' Thread 11" [_thread_blocked, id=14792, stack(0x0000005fff300000,0x0000005fff400000)]
  0x000001a99e9d1800 JavaThread "Cache worker for execution history cache (D:\projet_mobile\AndroidStudioProjects\projetmajeur\.gradle\7.4\executionHistory)" [_thread_blocked, id=16464, stack(0x0000005fff400000,0x0000005fff500000)]
  0x000001a99e9d7800 JavaThread "Cache worker for Java compile cache (C:\Users\nuage\.gradle\caches\7.4\javaCompile)" [_thread_blocked, id=7668, stack(0x0000005fff500000,0x0000005fff600000)]

Other Threads:
=>0x000001a995608000 VMThread "VM Thread" [stack: 0x0000005ff3300000,0x0000005ff3400000] [id=17080]
  0x000001a99614b000 WatcherThread [stack: 0x0000005ff3d00000,0x0000005ff3e00000] [id=13200]
  0x000001a9f8d48000 GCTaskThread "GC Thread#0" [stack: 0x0000005ff2e00000,0x0000005ff2f00000] [id=7504]
  0x000001a99716e000 GCTaskThread "GC Thread#1" [stack: 0x0000005ff4000000,0x0000005ff4100000] [id=15532]
  0x000001a996cd2000 GCTaskThread "GC Thread#2" [stack: 0x0000005ff4100000,0x0000005ff4200000] [id=16468]
  0x000001a9996e9800 GCTaskThread "GC Thread#3" [stack: 0x0000005ff4b00000,0x0000005ff4c00000] [id=14828]
  0x000001a9996ea800 GCTaskThread "GC Thread#4" [stack: 0x0000005ff4c00000,0x0000005ff4d00000] [id=17500]
  0x000001a998487000 GCTaskThread "GC Thread#5" [stack: 0x0000005ff4d00000,0x0000005ff4e00000] [id=12044]
  0x000001a998488000 GCTaskThread "GC Thread#6" [stack: 0x0000005ff4e00000,0x0000005ff4f00000] [id=13600]
  0x000001a9985b2800 GCTaskThread "GC Thread#7" [stack: 0x0000005ff4f00000,0x0000005ff5000000] [id=14640]
  0x000001a9985b3800 GCTaskThread "GC Thread#8" [stack: 0x0000005ff5000000,0x0000005ff5100000] [id=8776]
  0x000001a9984a9000 GCTaskThread "GC Thread#9" [stack: 0x0000005ff5100000,0x0000005ff5200000] [id=14616]
  0x000001a9f8d7b000 ConcurrentGCThread "G1 Main Marker" [stack: 0x0000005ff2f00000,0x0000005ff3000000] [id=3012]
  0x000001a9f8d7c000 ConcurrentGCThread "G1 Conc#0" [stack: 0x0000005ff3000000,0x0000005ff3100000] [id=3948]
  0x000001a998639800 ConcurrentGCThread "G1 Conc#1" [stack: 0x0000005ff5500000,0x0000005ff5600000] [id=6852]
  0x000001a998d12000 ConcurrentGCThread "G1 Conc#2" [stack: 0x0000005ff5600000,0x0000005ff5700000] [id=17392]
  0x000001a995456800 ConcurrentGCThread "G1 Refine#0" [stack: 0x0000005ff3100000,0x0000005ff3200000] [id=17452]
  0x000001a99c918800 ConcurrentGCThread "G1 Refine#1" [stack: 0x0000005fff600000,0x0000005fff700000] [id=6024]
  0x000001a99c91d800 ConcurrentGCThread "G1 Refine#2" [stack: 0x0000005fff700000,0x0000005fff800000] [id=18364]
  0x000001a99c91e000 ConcurrentGCThread "G1 Refine#3" [stack: 0x0000005fff800000,0x0000005fff900000] [id=10808]
  0x000001a99c91f800 ConcurrentGCThread "G1 Refine#4" [stack: 0x0000005fff900000,0x0000005fffa00000] [id=12260]
  0x000001a99c919000 ConcurrentGCThread "G1 Refine#5" [stack: 0x0000005fffa00000,0x0000005fffb00000] [id=10048]
  0x000001a99975e800 ConcurrentGCThread "G1 Refine#6" [stack: 0x0000005fffb00000,0x0000005fffc00000] [id=7584]
  0x000001a995457000 ConcurrentGCThread "G1 Young RemSet Sampling" [stack: 0x0000005ff3200000,0x0000005ff3300000] [id=17100]

Threads with active compile tasks:
C2 CompilerThread0  14606 11166   !   4       android.databinding.tool.reflection.SdkUtil$ApiChecker::getSince (44 bytes)
C2 CompilerThread1  14606 11151 %     4       android.databinding.tool.reflection.SdkUtil$ApiChecker::buildFullLookup @ 124 (252 bytes)
C2 CompilerThread2  14606 11306       4       org.apache.xerces.dom.ParentNode::getLength (5 bytes)

VM state:at safepoint (normal execution)

VM Mutex/Monitor currently owned by a thread:  ([mutex/lock_event])
[0x000001a9f8d2ad90] Threads_lock - owner thread: 0x000001a995608000
[0x000001a9f8d2ad00] Heap_lock - owner thread: 0x000001a99e9cf800

Heap address: 0x0000000080000000, size: 2048 MB, Compressed Oops mode: 32-bit
Narrow klass base: 0x0000000000000000, Narrow klass shift: 3
Compressed class space size: 1073741824 Address: 0x0000000100000000

Heap:
 garbage-first heap   total 359424K, used 223232K [0x0000000080000000, 0x0000000100000000)
  region size 1024K, 2 young (2048K), 2 survivors (2048K)
 Metaspace       used 101662K, capacity 104052K, committed 104924K, reserved 1140736K
  class space    used 12921K, capacity 13835K, committed 14208K, reserved 1048576K
Heap Regions: E=young(eden), S=young(survivor), O=old, HS=humongous(starts), HC=humongous(continues), CS=collection set, F=free, A=archive, TAMS=top-at-mark-start (previous, next)
|   0|0x0000000080000000, 0x0000000080100000, 0x0000000080100000|100%| O|  |TAMS 0x0000000080100000, 0x0000000080100000| Untracked 
|   1|0x0000000080100000, 0x0000000080200000, 0x0000000080200000|100%| O|  |TAMS 0x0000000080200000, 0x0000000080200000| Untracked 
|   2|0x0000000080200000, 0x0000000080300000, 0x0000000080300000|100%| O|  |TAMS 0x0000000080300000, 0x0000000080300000| Untracked 
|   3|0x0000000080300000, 0x0000000080400000, 0x0000000080400000|100%|HS|  |TAMS 0x0000000080400000, 0x0000000080400000| Complete 
|   4|0x0000000080400000, 0x0000000080500000, 0x0000000080500000|100%|HC|  |TAMS 0x0000000080500000, 0x0000000080500000| Complete 
|   5|0x0000000080500000, 0x0000000080600000, 0x0000000080600000|100%|HC|  |TAMS 0x0000000080600000, 0x0000000080600000| Complete 
|   6|0x0000000080600000, 0x0000000080700000, 0x0000000080700000|100%| O|  |TAMS 0x0000000080700000, 0x0000000080700000| Untracked 
|   7|0x0000000080700000, 0x0000000080800000, 0x0000000080800000|100%| O|  |TAMS 0x0000000080800000, 0x0000000080800000| Untracked 
|   8|0x0000000080800000, 0x0000000080900000, 0x0000000080900000|100%| O|  |TAMS 0x0000000080900000, 0x0000000080900000| Untracked 
|   9|0x0000000080900000, 0x0000000080a00000, 0x0000000080a00000|100%| O|  |TAMS 0x0000000080a00000, 0x0000000080a00000| Untracked 
|  10|0x0000000080a00000, 0x0000000080b00000, 0x0000000080b00000|100%| O|  |TAMS 0x0000000080b00000, 0x0000000080b00000| Untracked 
|  11|0x0000000080b00000, 0x0000000080c00000, 0x0000000080c00000|100%| O|  |TAMS 0x0000000080c00000, 0x0000000080c00000| Untracked 
|  12|0x0000000080c00000, 0x0000000080d00000, 0x0000000080d00000|100%| O|  |TAMS 0x0000000080d00000, 0x0000000080d00000| Untracked 
|  13|0x0000000080d00000, 0x0000000080e00000, 0x0000000080e00000|100%| O|  |TAMS 0x0000000080e00000, 0x0000000080e00000| Untracked 
|  14|0x0000000080e00000, 0x0000000080f00000, 0x0000000080f00000|100%| O|  |TAMS 0x0000000080f00000, 0x0000000080f00000| Untracked 
|  15|0x0000000080f00000, 0x0000000081000000, 0x0000000081000000|100%| O|  |TAMS 0x0000000081000000, 0x0000000081000000| Untracked 
|  16|0x0000000081000000, 0x0000000081100000, 0x0000000081100000|100%|HS|  |TAMS 0x0000000081100000, 0x0000000081100000| Complete 
|  17|0x0000000081100000, 0x0000000081200000, 0x0000000081200000|100%| O|  |TAMS 0x0000000081200000, 0x0000000081200000| Untracked 
|  18|0x0000000081200000, 0x0000000081300000, 0x0000000081300000|100%| O|  |TAMS 0x0000000081300000, 0x0000000081300000| Untracked 
|  19|0x0000000081300000, 0x0000000081400000, 0x0000000081400000|100%| O|  |TAMS 0x0000000081400000, 0x0000000081400000| Untracked 
|  20|0x0000000081400000, 0x0000000081500000, 0x0000000081500000|100%| O|  |TAMS 0x0000000081500000, 0x0000000081500000| Untracked 
|  21|0x0000000081500000, 0x0000000081600000, 0x0000000081600000|100%| O|  |TAMS 0x0000000081600000, 0x0000000081600000| Untracked 
|  22|0x0000000081600000, 0x0000000081700000, 0x0000000081700000|100%| O|  |TAMS 0x0000000081700000, 0x0000000081700000| Untracked 
|  23|0x0000000081700000, 0x0000000081800000, 0x0000000081800000|100%| O|  |TAMS 0x0000000081800000, 0x0000000081800000| Untracked 
|  24|0x0000000081800000, 0x0000000081900000, 0x0000000081900000|100%| O|  |TAMS 0x0000000081900000, 0x0000000081900000| Untracked 
|  25|0x0000000081900000, 0x0000000081a00000, 0x0000000081a00000|100%| O|  |TAMS 0x0000000081a00000, 0x0000000081a00000| Untracked 
|  26|0x0000000081a00000, 0x0000000081b00000, 0x0000000081b00000|100%| O|  |TAMS 0x0000000081b00000, 0x0000000081b00000| Untracked 
|  27|0x0000000081b00000, 0x0000000081c00000, 0x0000000081c00000|100%| O|  |TAMS 0x0000000081c00000, 0x0000000081c00000| Untracked 
|  28|0x0000000081c00000, 0x0000000081d00000, 0x0000000081d00000|100%|HS|  |TAMS 0x0000000081d00000, 0x0000000081d00000| Complete 
|  29|0x0000000081d00000, 0x0000000081e00000, 0x0000000081e00000|100%| O|  |TAMS 0x0000000081e00000, 0x0000000081e00000| Untracked 
|  30|0x0000000081e00000, 0x0000000081f00000, 0x0000000081f00000|100%|HS|  |TAMS 0x0000000081f00000, 0x0000000081f00000| Complete 
|  31|0x0000000081f00000, 0x0000000082000000, 0x0000000082000000|100%|HC|  |TAMS 0x0000000082000000, 0x0000000082000000| Complete 
|  32|0x0000000082000000, 0x0000000082100000, 0x0000000082100000|100%| O|  |TAMS 0x0000000082100000, 0x0000000082100000| Untracked 
|  33|0x0000000082100000, 0x0000000082200000, 0x0000000082200000|100%| O|  |TAMS 0x0000000082200000, 0x0000000082200000| Untracked 
|  34|0x0000000082200000, 0x0000000082300000, 0x0000000082300000|100%| O|  |TAMS 0x0000000082300000, 0x0000000082300000| Untracked 
|  35|0x0000000082300000, 0x0000000082400000, 0x0000000082400000|100%| O|  |TAMS 0x0000000082400000, 0x0000000082400000| Untracked 
|  36|0x0000000082400000, 0x0000000082500000, 0x0000000082500000|100%| O|  |TAMS 0x0000000082500000, 0x0000000082500000| Untracked 
|  37|0x0000000082500000, 0x0000000082600000, 0x0000000082600000|100%| O|  |TAMS 0x0000000082600000, 0x0000000082600000| Untracked 
|  38|0x0000000082600000, 0x0000000082700000, 0x0000000082700000|100%| O|  |TAMS 0x0000000082700000, 0x0000000082700000| Untracked 
|  39|0x0000000082700000, 0x0000000082800000, 0x0000000082800000|100%| O|  |TAMS 0x0000000082800000, 0x0000000082800000| Untracked 
|  40|0x0000000082800000, 0x0000000082900000, 0x0000000082900000|100%| O|  |TAMS 0x0000000082900000, 0x0000000082900000| Untracked 
|  41|0x0000000082900000, 0x0000000082a00000, 0x0000000082a00000|100%| O|  |TAMS 0x0000000082a00000, 0x0000000082a00000| Untracked 
|  42|0x0000000082a00000, 0x0000000082b00000, 0x0000000082b00000|100%| O|  |TAMS 0x0000000082b00000, 0x0000000082b00000| Untracked 
|  43|0x0000000082b00000, 0x0000000082c00000, 0x0000000082c00000|100%| O|  |TAMS 0x0000000082c00000, 0x0000000082c00000| Untracked 
|  44|0x0000000082c00000, 0x0000000082d00000, 0x0000000082d00000|100%| O|  |TAMS 0x0000000082d00000, 0x0000000082d00000| Untracked 
|  45|0x0000000082d00000, 0x0000000082e00000, 0x0000000082e00000|100%| O|  |TAMS 0x0000000082e00000, 0x0000000082e00000| Untracked 
|  46|0x0000000082e00000, 0x0000000082f00000, 0x0000000082f00000|100%| O|  |TAMS 0x0000000082f00000, 0x0000000082f00000| Untracked 
|  47|0x0000000082f00000, 0x0000000083000000, 0x0000000083000000|100%| O|  |TAMS 0x0000000083000000, 0x0000000083000000| Untracked 
|  48|0x0000000083000000, 0x0000000083100000, 0x0000000083100000|100%| O|  |TAMS 0x0000000083100000, 0x0000000083100000| Untracked 
|  49|0x0000000083100000, 0x0000000083200000, 0x0000000083200000|100%| O|  |TAMS 0x0000000083200000, 0x0000000083200000| Untracked 
|  50|0x0000000083200000, 0x0000000083300000, 0x0000000083300000|100%| O|  |TAMS 0x0000000083300000, 0x0000000083300000| Untracked 
|  51|0x0000000083300000, 0x0000000083400000, 0x0000000083400000|100%| O|  |TAMS 0x0000000083400000, 0x0000000083400000| Untracked 
|  52|0x0000000083400000, 0x0000000083500000, 0x0000000083500000|100%| O|  |TAMS 0x0000000083500000, 0x0000000083500000| Untracked 
|  53|0x0000000083500000, 0x0000000083600000, 0x0000000083600000|100%| O|  |TAMS 0x0000000083600000, 0x0000000083600000| Untracked 
|  54|0x0000000083600000, 0x0000000083700000, 0x0000000083700000|100%| O|  |TAMS 0x0000000083700000, 0x0000000083700000| Untracked 
|  55|0x0000000083700000, 0x0000000083800000, 0x0000000083800000|100%| O|  |TAMS 0x0000000083800000, 0x0000000083800000| Untracked 
|  56|0x0000000083800000, 0x0000000083900000, 0x0000000083900000|100%| O|  |TAMS 0x0000000083900000, 0x0000000083900000| Untracked 
|  57|0x0000000083900000, 0x0000000083a00000, 0x0000000083a00000|100%| O|  |TAMS 0x0000000083a00000, 0x0000000083a00000| Untracked 
|  58|0x0000000083a00000, 0x0000000083b00000, 0x0000000083b00000|100%| O|  |TAMS 0x0000000083b00000, 0x0000000083b00000| Untracked 
|  59|0x0000000083b00000, 0x0000000083c00000, 0x0000000083c00000|100%| O|  |TAMS 0x0000000083c00000, 0x0000000083c00000| Untracked 
|  60|0x0000000083c00000, 0x0000000083d00000, 0x0000000083d00000|100%| O|  |TAMS 0x0000000083d00000, 0x0000000083d00000| Untracked 
|  61|0x0000000083d00000, 0x0000000083e00000, 0x0000000083e00000|100%| O|  |TAMS 0x0000000083e00000, 0x0000000083e00000| Untracked 
|  62|0x0000000083e00000, 0x0000000083f00000, 0x0000000083f00000|100%| O|  |TAMS 0x0000000083f00000, 0x0000000083f00000| Untracked 
|  63|0x0000000083f00000, 0x0000000084000000, 0x0000000084000000|100%| O|  |TAMS 0x0000000084000000, 0x0000000084000000| Untracked 
|  64|0x0000000084000000, 0x0000000084100000, 0x0000000084100000|100%| O|  |TAMS 0x0000000084100000, 0x0000000084100000| Untracked 
|  65|0x0000000084100000, 0x0000000084200000, 0x0000000084200000|100%| O|  |TAMS 0x0000000084200000, 0x0000000084200000| Untracked 
|  66|0x0000000084200000, 0x0000000084300000, 0x0000000084300000|100%| O|  |TAMS 0x0000000084300000, 0x0000000084300000| Untracked 
|  67|0x0000000084300000, 0x0000000084400000, 0x0000000084400000|100%| O|  |TAMS 0x0000000084400000, 0x0000000084400000| Untracked 
|  68|0x0000000084400000, 0x0000000084500000, 0x0000000084500000|100%| O|  |TAMS 0x0000000084500000, 0x0000000084500000| Untracked 
|  69|0x0000000084500000, 0x0000000084600000, 0x0000000084600000|100%| O|  |TAMS 0x0000000084600000, 0x0000000084600000| Untracked 
|  70|0x0000000084600000, 0x0000000084700000, 0x0000000084700000|100%|HS|  |TAMS 0x0000000084700000, 0x0000000084700000| Complete 
|  71|0x0000000084700000, 0x0000000084800000, 0x0000000084800000|100%|HC|  |TAMS 0x0000000084800000, 0x0000000084800000| Complete 
|  72|0x0000000084800000, 0x0000000084900000, 0x0000000084900000|100%| O|  |TAMS 0x0000000084900000, 0x0000000084900000| Untracked 
|  73|0x0000000084900000, 0x0000000084a00000, 0x0000000084a00000|100%| O|  |TAMS 0x0000000084a00000, 0x0000000084a00000| Untracked 
|  74|0x0000000084a00000, 0x0000000084b00000, 0x0000000084b00000|100%| O|  |TAMS 0x0000000084b00000, 0x0000000084b00000| Untracked 
|  75|0x0000000084b00000, 0x0000000084c00000, 0x0000000084c00000|100%| O|  |TAMS 0x0000000084c00000, 0x0000000084c00000| Untracked 
|  76|0x0000000084c00000, 0x0000000084d00000, 0x0000000084d00000|100%| O|  |TAMS 0x0000000084d00000, 0x0000000084d00000| Untracked 
|  77|0x0000000084d00000, 0x0000000084e00000, 0x0000000084e00000|100%| O|  |TAMS 0x0000000084e00000, 0x0000000084e00000| Untracked 
|  78|0x0000000084e00000, 0x0000000084f00000, 0x0000000084f00000|100%| O|  |TAMS 0x0000000084f00000, 0x0000000084f00000| Untracked 
|  79|0x0000000084f00000, 0x0000000085000000, 0x0000000085000000|100%| O|  |TAMS 0x0000000085000000, 0x0000000085000000| Untracked 
|  80|0x0000000085000000, 0x0000000085100000, 0x0000000085100000|100%| O|  |TAMS 0x0000000085100000, 0x0000000085100000| Untracked 
|  81|0x0000000085100000, 0x0000000085200000, 0x0000000085200000|100%| O|  |TAMS 0x0000000085200000, 0x0000000085200000| Untracked 
|  82|0x0000000085200000, 0x0000000085300000, 0x0000000085300000|100%| O|  |TAMS 0x0000000085300000, 0x0000000085300000| Untracked 
|  83|0x0000000085300000, 0x0000000085400000, 0x0000000085400000|100%| O|  |TAMS 0x0000000085400000, 0x0000000085400000| Untracked 
|  84|0x0000000085400000, 0x0000000085500000, 0x0000000085500000|100%| O|  |TAMS 0x0000000085500000, 0x0000000085500000| Untracked 
|  85|0x0000000085500000, 0x0000000085600000, 0x0000000085600000|100%| O|  |TAMS 0x0000000085600000, 0x0000000085600000| Untracked 
|  86|0x0000000085600000, 0x0000000085700000, 0x0000000085700000|100%| O|  |TAMS 0x0000000085700000, 0x0000000085700000| Untracked 
|  87|0x0000000085700000, 0x0000000085800000, 0x0000000085800000|100%| O|  |TAMS 0x0000000085800000, 0x0000000085800000| Untracked 
|  88|0x0000000085800000, 0x0000000085900000, 0x0000000085900000|100%| O|  |TAMS 0x0000000085900000, 0x0000000085900000| Untracked 
|  89|0x0000000085900000, 0x0000000085a00000, 0x0000000085a00000|100%| O|  |TAMS 0x0000000085a00000, 0x0000000085a00000| Untracked 
|  90|0x0000000085a00000, 0x0000000085b00000, 0x0000000085b00000|100%| O|  |TAMS 0x0000000085b00000, 0x0000000085b00000| Untracked 
|  91|0x0000000085b00000, 0x0000000085c00000, 0x0000000085c00000|100%| O|  |TAMS 0x0000000085c00000, 0x0000000085c00000| Untracked 
|  92|0x0000000085c00000, 0x0000000085d00000, 0x0000000085d00000|100%| O|  |TAMS 0x0000000085d00000, 0x0000000085d00000| Untracked 
|  93|0x0000000085d00000, 0x0000000085e00000, 0x0000000085e00000|100%| O|  |TAMS 0x0000000085e00000, 0x0000000085e00000| Untracked 
|  94|0x0000000085e00000, 0x0000000085f00000, 0x0000000085f00000|100%| O|  |TAMS 0x0000000085f00000, 0x0000000085f00000| Untracked 
|  95|0x0000000085f00000, 0x0000000086000000, 0x0000000086000000|100%| O|  |TAMS 0x0000000086000000, 0x0000000086000000| Untracked 
|  96|0x0000000086000000, 0x0000000086100000, 0x0000000086100000|100%| O|  |TAMS 0x0000000086100000, 0x0000000086100000| Untracked 
|  97|0x0000000086100000, 0x0000000086200000, 0x0000000086200000|100%| O|  |TAMS 0x0000000086200000, 0x0000000086200000| Untracked 
|  98|0x0000000086200000, 0x0000000086300000, 0x0000000086300000|100%| O|  |TAMS 0x0000000086300000, 0x0000000086300000| Untracked 
|  99|0x0000000086300000, 0x0000000086400000, 0x0000000086400000|100%| O|  |TAMS 0x0000000086400000, 0x0000000086400000| Untracked 
| 100|0x0000000086400000, 0x0000000086500000, 0x0000000086500000|100%| O|  |TAMS 0x0000000086500000, 0x0000000086500000| Untracked 
| 101|0x0000000086500000, 0x0000000086600000, 0x0000000086600000|100%| O|  |TAMS 0x0000000086600000, 0x0000000086600000| Untracked 
| 102|0x0000000086600000, 0x0000000086700000, 0x0000000086700000|100%| O|  |TAMS 0x0000000086700000, 0x0000000086700000| Untracked 
| 103|0x0000000086700000, 0x0000000086800000, 0x0000000086800000|100%| O|  |TAMS 0x0000000086800000, 0x0000000086800000| Untracked 
| 104|0x0000000086800000, 0x0000000086900000, 0x0000000086900000|100%| O|  |TAMS 0x0000000086900000, 0x0000000086900000| Untracked 
| 105|0x0000000086900000, 0x0000000086a00000, 0x0000000086a00000|100%| O|  |TAMS 0x0000000086a00000, 0x0000000086a00000| Untracked 
| 106|0x0000000086a00000, 0x0000000086b00000, 0x0000000086b00000|100%| O|  |TAMS 0x0000000086b00000, 0x0000000086b00000| Untracked 
| 107|0x0000000086b00000, 0x0000000086c00000, 0x0000000086c00000|100%| O|  |TAMS 0x0000000086c00000, 0x0000000086c00000| Untracked 
| 108|0x0000000086c00000, 0x0000000086d00000, 0x0000000086d00000|100%| O|  |TAMS 0x0000000086d00000, 0x0000000086d00000| Untracked 
| 109|0x0000000086d00000, 0x0000000086e00000, 0x0000000086e00000|100%| O|  |TAMS 0x0000000086e00000, 0x0000000086e00000| Untracked 
| 110|0x0000000086e00000, 0x0000000086f00000, 0x0000000086f00000|100%| O|  |TAMS 0x0000000086f00000, 0x0000000086f00000| Untracked 
| 111|0x0000000086f00000, 0x0000000087000000, 0x0000000087000000|100%| O|  |TAMS 0x0000000087000000, 0x0000000087000000| Untracked 
| 112|0x0000000087000000, 0x0000000087100000, 0x0000000087100000|100%| O|  |TAMS 0x0000000087100000, 0x0000000087100000| Untracked 
| 113|0x0000000087100000, 0x0000000087200000, 0x0000000087200000|100%| O|  |TAMS 0x0000000087200000, 0x0000000087200000| Untracked 
| 114|0x0000000087200000, 0x0000000087300000, 0x0000000087300000|100%| O|  |TAMS 0x0000000087300000, 0x0000000087300000| Untracked 
| 115|0x0000000087300000, 0x0000000087400000, 0x0000000087400000|100%| O|  |TAMS 0x0000000087400000, 0x0000000087400000| Untracked 
| 116|0x0000000087400000, 0x0000000087500000, 0x0000000087500000|100%| O|  |TAMS 0x0000000087500000, 0x0000000087500000| Untracked 
| 117|0x0000000087500000, 0x0000000087600000, 0x0000000087600000|100%| O|  |TAMS 0x0000000087600000, 0x0000000087600000| Untracked 
| 118|0x0000000087600000, 0x0000000087700000, 0x0000000087700000|100%| O|  |TAMS 0x0000000087700000, 0x0000000087700000| Untracked 
| 119|0x0000000087700000, 0x0000000087800000, 0x0000000087800000|100%| O|  |TAMS 0x0000000087800000, 0x0000000087800000| Untracked 
| 120|0x0000000087800000, 0x0000000087900000, 0x0000000087900000|100%| O|  |TAMS 0x0000000087900000, 0x0000000087900000| Untracked 
| 121|0x0000000087900000, 0x0000000087a00000, 0x0000000087a00000|100%| O|  |TAMS 0x0000000087a00000, 0x0000000087a00000| Untracked 
| 122|0x0000000087a00000, 0x0000000087b00000, 0x0000000087b00000|100%| O|  |TAMS 0x0000000087b00000, 0x0000000087b00000| Untracked 
| 123|0x0000000087b00000, 0x0000000087c00000, 0x0000000087c00000|100%| O|  |TAMS 0x0000000087c00000, 0x0000000087c00000| Untracked 
| 124|0x0000000087c00000, 0x0000000087d00000, 0x0000000087d00000|100%| O|  |TAMS 0x0000000087d00000, 0x0000000087d00000| Untracked 
| 125|0x0000000087d00000, 0x0000000087e00000, 0x0000000087e00000|100%| O|  |TAMS 0x0000000087e00000, 0x0000000087e00000| Untracked 
| 126|0x0000000087e00000, 0x0000000087f00000, 0x0000000087f00000|100%| O|  |TAMS 0x0000000087f00000, 0x0000000087f00000| Untracked 
| 127|0x0000000087f00000, 0x0000000088000000, 0x0000000088000000|100%| O|  |TAMS 0x0000000088000000, 0x0000000088000000| Untracked 
| 128|0x0000000088000000, 0x0000000088100000, 0x0000000088100000|100%| O|  |TAMS 0x0000000088100000, 0x0000000088100000| Untracked 
| 129|0x0000000088100000, 0x0000000088200000, 0x0000000088200000|100%| O|  |TAMS 0x0000000088200000, 0x0000000088200000| Untracked 
| 130|0x0000000088200000, 0x0000000088300000, 0x0000000088300000|100%| O|  |TAMS 0x0000000088300000, 0x0000000088300000| Untracked 
| 131|0x0000000088300000, 0x0000000088400000, 0x0000000088400000|100%| O|  |TAMS 0x0000000088400000, 0x0000000088400000| Untracked 
| 132|0x0000000088400000, 0x0000000088500000, 0x0000000088500000|100%| O|  |TAMS 0x0000000088500000, 0x0000000088500000| Untracked 
| 133|0x0000000088500000, 0x0000000088600000, 0x0000000088600000|100%| O|  |TAMS 0x0000000088600000, 0x0000000088600000| Untracked 
| 134|0x0000000088600000, 0x0000000088700000, 0x0000000088700000|100%| O|  |TAMS 0x0000000088700000, 0x0000000088700000| Untracked 
| 135|0x0000000088700000, 0x0000000088800000, 0x0000000088800000|100%| O|  |TAMS 0x0000000088800000, 0x0000000088800000| Untracked 
| 136|0x0000000088800000, 0x0000000088900000, 0x0000000088900000|100%| O|  |TAMS 0x0000000088900000, 0x0000000088900000| Untracked 
| 137|0x0000000088900000, 0x0000000088a00000, 0x0000000088a00000|100%| O|  |TAMS 0x0000000088a00000, 0x0000000088a00000| Untracked 
| 138|0x0000000088a00000, 0x0000000088b00000, 0x0000000088b00000|100%| O|  |TAMS 0x0000000088b00000, 0x0000000088b00000| Untracked 
| 139|0x0000000088b00000, 0x0000000088c00000, 0x0000000088c00000|100%| O|  |TAMS 0x0000000088c00000, 0x0000000088c00000| Untracked 
| 140|0x0000000088c00000, 0x0000000088d00000, 0x0000000088d00000|100%| O|  |TAMS 0x0000000088d00000, 0x0000000088d00000| Untracked 
| 141|0x0000000088d00000, 0x0000000088e00000, 0x0000000088e00000|100%| O|  |TAMS 0x0000000088e00000, 0x0000000088e00000| Untracked 
| 142|0x0000000088e00000, 0x0000000088f00000, 0x0000000088f00000|100%| O|  |TAMS 0x0000000088f00000, 0x0000000088f00000| Untracked 
| 143|0x0000000088f00000, 0x0000000089000000, 0x0000000089000000|100%| O|  |TAMS 0x0000000089000000, 0x0000000089000000| Untracked 
| 144|0x0000000089000000, 0x0000000089100000, 0x0000000089100000|100%| O|  |TAMS 0x0000000089100000, 0x0000000089100000| Untracked 
| 145|0x0000000089100000, 0x0000000089200000, 0x0000000089200000|100%| O|  |TAMS 0x0000000089200000, 0x0000000089200000| Untracked 
| 146|0x0000000089200000, 0x0000000089300000, 0x0000000089300000|100%| O|  |TAMS 0x0000000089288800, 0x0000000089300000| Untracked 
| 147|0x0000000089300000, 0x0000000089400000, 0x0000000089400000|100%| O|  |TAMS 0x0000000089300000, 0x0000000089400000| Untracked 
| 148|0x0000000089400000, 0x0000000089500000, 0x0000000089500000|100%| O|  |TAMS 0x0000000089400000, 0x0000000089500000| Untracked 
| 149|0x0000000089500000, 0x0000000089600000, 0x0000000089600000|100%| O|  |TAMS 0x0000000089500000, 0x0000000089600000| Untracked 
| 150|0x0000000089600000, 0x0000000089700000, 0x0000000089700000|100%| O|  |TAMS 0x0000000089600000, 0x0000000089700000| Untracked 
| 151|0x0000000089700000, 0x0000000089800000, 0x0000000089800000|100%| O|  |TAMS 0x0000000089700000, 0x0000000089800000| Untracked 
| 152|0x0000000089800000, 0x0000000089900000, 0x0000000089900000|100%| O|  |TAMS 0x0000000089800000, 0x0000000089900000| Untracked 
| 153|0x0000000089900000, 0x0000000089a00000, 0x0000000089a00000|100%| O|  |TAMS 0x0000000089900000, 0x0000000089a00000| Untracked 
| 154|0x0000000089a00000, 0x0000000089b00000, 0x0000000089b00000|100%| O|  |TAMS 0x0000000089a00000, 0x0000000089b00000| Untracked 
| 155|0x0000000089b00000, 0x0000000089c00000, 0x0000000089c00000|100%| O|  |TAMS 0x0000000089b00000, 0x0000000089c00000| Untracked 
| 156|0x0000000089c00000, 0x0000000089d00000, 0x0000000089d00000|100%| O|  |TAMS 0x0000000089c00000, 0x0000000089d00000| Untracked 
| 157|0x0000000089d00000, 0x0000000089e00000, 0x0000000089e00000|100%| O|  |TAMS 0x0000000089d00000, 0x0000000089e00000| Untracked 
| 158|0x0000000089e00000, 0x0000000089f00000, 0x0000000089f00000|100%| O|  |TAMS 0x0000000089e00000, 0x0000000089f00000| Untracked 
| 159|0x0000000089f00000, 0x000000008a000000, 0x000000008a000000|100%| O|  |TAMS 0x0000000089f00000, 0x000000008a000000| Untracked 
| 160|0x000000008a000000, 0x000000008a100000, 0x000000008a100000|100%| O|  |TAMS 0x000000008a000000, 0x000000008a100000| Untracked 
| 161|0x000000008a100000, 0x000000008a200000, 0x000000008a200000|100%| O|  |TAMS 0x000000008a100000, 0x000000008a200000| Untracked 
| 162|0x000000008a200000, 0x000000008a300000, 0x000000008a300000|100%| O|  |TAMS 0x000000008a200000, 0x000000008a300000| Untracked 
| 163|0x000000008a300000, 0x000000008a400000, 0x000000008a400000|100%| O|  |TAMS 0x000000008a300000, 0x000000008a400000| Untracked 
| 164|0x000000008a400000, 0x000000008a500000, 0x000000008a500000|100%| O|  |TAMS 0x000000008a400000, 0x000000008a500000| Untracked 
| 165|0x000000008a500000, 0x000000008a600000, 0x000000008a600000|100%| O|  |TAMS 0x000000008a500000, 0x000000008a600000| Untracked 
| 166|0x000000008a600000, 0x000000008a700000, 0x000000008a700000|100%| O|  |TAMS 0x000000008a600000, 0x000000008a700000| Untracked 
| 167|0x000000008a700000, 0x000000008a800000, 0x000000008a800000|100%| O|  |TAMS 0x000000008a700000, 0x000000008a800000| Untracked 
| 168|0x000000008a800000, 0x000000008a900000, 0x000000008a900000|100%| O|  |TAMS 0x000000008a800000, 0x000000008a900000| Untracked 
| 169|0x000000008a900000, 0x000000008aa00000, 0x000000008aa00000|100%| O|  |TAMS 0x000000008a900000, 0x000000008aa00000| Untracked 
| 170|0x000000008aa00000, 0x000000008ab00000, 0x000000008ab00000|100%| O|  |TAMS 0x000000008aa00000, 0x000000008ab00000| Untracked 
| 171|0x000000008ab00000, 0x000000008ac00000, 0x000000008ac00000|100%| O|  |TAMS 0x000000008ab00000, 0x000000008ac00000| Untracked 
| 172|0x000000008ac00000, 0x000000008ad00000, 0x000000008ad00000|100%| O|  |TAMS 0x000000008ac00000, 0x000000008ad00000| Untracked 
| 173|0x000000008ad00000, 0x000000008ae00000, 0x000000008ae00000|100%| O|  |TAMS 0x000000008ad00000, 0x000000008ae00000| Untracked 
| 174|0x000000008ae00000, 0x000000008af00000, 0x000000008af00000|100%| O|  |TAMS 0x000000008ae00000, 0x000000008af00000| Untracked 
| 175|0x000000008af00000, 0x000000008b000000, 0x000000008b000000|100%| O|  |TAMS 0x000000008af00000, 0x000000008b000000| Untracked 
| 176|0x000000008b000000, 0x000000008b100000, 0x000000008b100000|100%| O|  |TAMS 0x000000008b000000, 0x000000008b100000| Untracked 
| 177|0x000000008b100000, 0x000000008b200000, 0x000000008b200000|100%| O|  |TAMS 0x000000008b100000, 0x000000008b200000| Untracked 
| 178|0x000000008b200000, 0x000000008b300000, 0x000000008b300000|100%| O|  |TAMS 0x000000008b200000, 0x000000008b300000| Untracked 
| 179|0x000000008b300000, 0x000000008b400000, 0x000000008b400000|100%| O|  |TAMS 0x000000008b300000, 0x000000008b400000| Untracked 
| 180|0x000000008b400000, 0x000000008b500000, 0x000000008b500000|100%| O|  |TAMS 0x000000008b400000, 0x000000008b500000| Untracked 
| 181|0x000000008b500000, 0x000000008b600000, 0x000000008b600000|100%| O|  |TAMS 0x000000008b500000, 0x000000008b600000| Untracked 
| 182|0x000000008b600000, 0x000000008b700000, 0x000000008b700000|100%| O|  |TAMS 0x000000008b600000, 0x000000008b700000| Untracked 
| 183|0x000000008b700000, 0x000000008b800000, 0x000000008b800000|100%| O|  |TAMS 0x000000008b800000, 0x000000008b800000| Untracked 
| 184|0x000000008b800000, 0x000000008b900000, 0x000000008b900000|100%| O|  |TAMS 0x000000008b900000, 0x000000008b900000| Untracked 
| 185|0x000000008b900000, 0x000000008ba00000, 0x000000008ba00000|100%| O|  |TAMS 0x000000008ba00000, 0x000000008ba00000| Untracked 
| 186|0x000000008ba00000, 0x000000008bb00000, 0x000000008bb00000|100%| O|  |TAMS 0x000000008bb00000, 0x000000008bb00000| Untracked 
| 187|0x000000008bb00000, 0x000000008bc00000, 0x000000008bc00000|100%| O|  |TAMS 0x000000008bc00000, 0x000000008bc00000| Untracked 
| 188|0x000000008bc00000, 0x000000008bd00000, 0x000000008bd00000|100%| O|  |TAMS 0x000000008bd00000, 0x000000008bd00000| Untracked 
| 189|0x000000008bd00000, 0x000000008be00000, 0x000000008be00000|100%| O|  |TAMS 0x000000008be00000, 0x000000008be00000| Untracked 
| 190|0x000000008be00000, 0x000000008bf00000, 0x000000008bf00000|100%| O|  |TAMS 0x000000008bf00000, 0x000000008bf00000| Untracked 
| 191|0x000000008bf00000, 0x000000008c000000, 0x000000008c000000|100%| O|  |TAMS 0x000000008c000000, 0x000000008c000000| Untracked 
| 192|0x000000008c000000, 0x000000008c100000, 0x000000008c100000|100%| O|  |TAMS 0x000000008c100000, 0x000000008c100000| Untracked 
| 193|0x000000008c100000, 0x000000008c200000, 0x000000008c200000|100%| O|  |TAMS 0x000000008c200000, 0x000000008c200000| Untracked 
| 194|0x000000008c200000, 0x000000008c300000, 0x000000008c300000|100%| O|  |TAMS 0x000000008c300000, 0x000000008c300000| Untracked 
| 195|0x000000008c300000, 0x000000008c400000, 0x000000008c400000|100%| O|  |TAMS 0x000000008c400000, 0x000000008c400000| Untracked 
| 196|0x000000008c400000, 0x000000008c500000, 0x000000008c500000|100%| O|  |TAMS 0x000000008c400000, 0x000000008c500000| Untracked 
| 197|0x000000008c500000, 0x000000008c600000, 0x000000008c600000|100%| O|  |TAMS 0x000000008c500000, 0x000000008c600000| Untracked 
| 198|0x000000008c600000, 0x000000008c700000, 0x000000008c700000|100%| O|  |TAMS 0x000000008c600000, 0x000000008c700000| Untracked 
| 199|0x000000008c700000, 0x000000008c800000, 0x000000008c800000|100%| O|  |TAMS 0x000000008c700000, 0x000000008c800000| Untracked 
| 200|0x000000008c800000, 0x000000008c900000, 0x000000008c900000|100%| O|  |TAMS 0x000000008c800000, 0x000000008c900000| Untracked 
| 201|0x000000008c900000, 0x000000008ca00000, 0x000000008ca00000|100%| O|  |TAMS 0x000000008c900000, 0x000000008ca00000| Untracked 
| 202|0x000000008ca00000, 0x000000008cb00000, 0x000000008cb00000|100%| O|  |TAMS 0x000000008ca00000, 0x000000008cb00000| Untracked 
| 203|0x000000008cb00000, 0x000000008cc00000, 0x000000008cc00000|100%| O|  |TAMS 0x000000008cb00000, 0x000000008cc00000| Untracked 
| 204|0x000000008cc00000, 0x000000008cd00000, 0x000000008cd00000|100%| O|  |TAMS 0x000000008cc00000, 0x000000008cd00000| Untracked 
| 205|0x000000008cd00000, 0x000000008ce00000, 0x000000008ce00000|100%| O|  |TAMS 0x000000008cd00000, 0x000000008ce00000| Untracked 
| 206|0x000000008ce00000, 0x000000008cf00000, 0x000000008cf00000|100%| O|  |TAMS 0x000000008ce00000, 0x000000008cf00000| Untracked 
| 207|0x000000008cf00000, 0x000000008d000000, 0x000000008d000000|100%| O|  |TAMS 0x000000008cf00000, 0x000000008d000000| Untracked 
| 208|0x000000008d000000, 0x000000008d100000, 0x000000008d100000|100%| O|  |TAMS 0x000000008d000000, 0x000000008d100000| Untracked 
| 209|0x000000008d100000, 0x000000008d200000, 0x000000008d200000|100%| O|  |TAMS 0x000000008d100000, 0x000000008d200000| Untracked 
| 210|0x000000008d200000, 0x000000008d300000, 0x000000008d300000|100%| O|  |TAMS 0x000000008d200000, 0x000000008d300000| Untracked 
| 211|0x000000008d300000, 0x000000008d400000, 0x000000008d400000|100%| O|  |TAMS 0x000000008d300000, 0x000000008d400000| Untracked 
| 212|0x000000008d400000, 0x000000008d500000, 0x000000008d500000|100%| O|  |TAMS 0x000000008d400000, 0x000000008d500000| Untracked 
| 213|0x000000008d500000, 0x000000008d600000, 0x000000008d600000|100%| O|  |TAMS 0x000000008d500000, 0x000000008d600000| Untracked 
| 214|0x000000008d600000, 0x000000008d700000, 0x000000008d700000|100%| O|  |TAMS 0x000000008d600000, 0x000000008d700000| Untracked 
| 215|0x000000008d700000, 0x000000008d800000, 0x000000008d800000|100%| O|  |TAMS 0x000000008d700000, 0x000000008d800000| Untracked 
| 216|0x000000008d800000, 0x000000008d800000, 0x000000008d900000|  0%| F|  |TAMS 0x000000008d800000, 0x000000008d800000| Untracked 
| 217|0x000000008d900000, 0x000000008d900000, 0x000000008da00000|  0%| F|  |TAMS 0x000000008d900000, 0x000000008d900000| Untracked 
| 218|0x000000008da00000, 0x000000008da00000, 0x000000008db00000|  0%| F|  |TAMS 0x000000008da00000, 0x000000008da00000| Untracked 
| 219|0x000000008db00000, 0x000000008db00000, 0x000000008dc00000|  0%| F|  |TAMS 0x000000008db00000, 0x000000008db00000| Untracked 
| 220|0x000000008dc00000, 0x000000008dc00000, 0x000000008dd00000|  0%| F|  |TAMS 0x000000008dc00000, 0x000000008dc00000| Untracked 
| 221|0x000000008dd00000, 0x000000008dd00000, 0x000000008de00000|  0%| F|  |TAMS 0x000000008dd00000, 0x000000008dd00000| Untracked 
| 222|0x000000008de00000, 0x000000008de00000, 0x000000008df00000|  0%| F|  |TAMS 0x000000008de00000, 0x000000008de00000| Untracked 
| 223|0x000000008df00000, 0x000000008df00000, 0x000000008e000000|  0%| F|  |TAMS 0x000000008df00000, 0x000000008df00000| Untracked 
| 224|0x000000008e000000, 0x000000008e000000, 0x000000008e100000|  0%| F|  |TAMS 0x000000008e000000, 0x000000008e000000| Untracked 
| 225|0x000000008e100000, 0x000000008e100000, 0x000000008e200000|  0%| F|  |TAMS 0x000000008e100000, 0x000000008e100000| Untracked 
| 226|0x000000008e200000, 0x000000008e300000, 0x000000008e300000|100%| S|CS|TAMS 0x000000008e200000, 0x000000008e200000| Complete 
| 227|0x000000008e300000, 0x000000008e400000, 0x000000008e400000|100%| S|CS|TAMS 0x000000008e300000, 0x000000008e300000| Complete 
| 228|0x000000008e400000, 0x000000008e400000, 0x000000008e500000|  0%| F|  |TAMS 0x000000008e400000, 0x000000008e400000| Untracked 
| 229|0x000000008e500000, 0x000000008e500000, 0x000000008e600000|  0%| F|  |TAMS 0x000000008e500000, 0x000000008e500000| Untracked 
| 230|0x000000008e600000, 0x000000008e600000, 0x000000008e700000|  0%| F|  |TAMS 0x000000008e600000, 0x000000008e600000| Untracked 
| 231|0x000000008e700000, 0x000000008e700000, 0x000000008e800000|  0%| F|  |TAMS 0x000000008e700000, 0x000000008e700000| Untracked 
| 232|0x000000008e800000, 0x000000008e800000, 0x000000008e900000|  0%| F|  |TAMS 0x000000008e800000, 0x000000008e800000| Untracked 
| 233|0x000000008e900000, 0x000000008e900000, 0x000000008ea00000|  0%| F|  |TAMS 0x000000008e900000, 0x000000008e900000| Untracked 
| 234|0x000000008ea00000, 0x000000008ea00000, 0x000000008eb00000|  0%| F|  |TAMS 0x000000008ea00000, 0x000000008ea00000| Untracked 
| 235|0x000000008eb00000, 0x000000008eb00000, 0x000000008ec00000|  0%| F|  |TAMS 0x000000008eb00000, 0x000000008eb00000| Untracked 
| 236|0x000000008ec00000, 0x000000008ec00000, 0x000000008ed00000|  0%| F|  |TAMS 0x000000008ec00000, 0x000000008ec00000| Untracked 
| 237|0x000000008ed00000, 0x000000008ed00000, 0x000000008ee00000|  0%| F|  |TAMS 0x000000008ed00000, 0x000000008ed00000| Untracked 
| 238|0x000000008ee00000, 0x000000008ee00000, 0x000000008ef00000|  0%| F|  |TAMS 0x000000008ee00000, 0x000000008ee00000| Untracked 

Card table byte_map: [0x000001a9ff0c0000,0x000001a9ff4c0000] _byte_map_base: 0x000001a9fecc0000

Marking Bits (Prev, Next): (CMBitMap*) 0x000001a9f8d72230, (CMBitMap*) 0x000001a9f8d721f8
 Prev Bits: [0x000001a991000000, 0x000001a993000000)
 Next Bits: [0x000001a98f000000, 0x000001a991000000)

Polling page: 0x000001a9f8a30000

Metaspace:

Usage:
  Non-class:     88.10 MB capacity,    86.66 MB ( 98%) used,     1.17 MB (  1%) free+waste,   275.31 KB ( <1%) overhead. 
      Class:     13.51 MB capacity,    12.62 MB ( 93%) used,   791.02 KB (  6%) free+waste,   122.50 KB ( <1%) overhead. 
       Both:    101.61 MB capacity,    99.28 MB ( 98%) used,     1.94 MB (  2%) free+waste,   397.81 KB ( <1%) overhead. 

Virtual space:
  Non-class space:       90.00 MB reserved,      88.59 MB ( 98%) committed 
      Class space:        1.00 GB reserved,      13.88 MB (  1%) committed 
             Both:        1.09 GB reserved,     102.46 MB (  9%) committed 

Chunk freelists:
   Non-Class:  499.00 KB
       Class:  277.00 KB
        Both:  776.00 KB

MaxMetaspaceSize: 17179869184.00 GB
CompressedClassSpaceSize: 1.00 GB
Initial GC threshold: 20.80 MB
Current GC threshold: 170.78 MB
CDS: off

CodeHeap 'non-profiled nmethods': size=120000Kb used=7588Kb max_used=7588Kb free=112411Kb
 bounds [0x000001a987ad0000, 0x000001a988240000, 0x000001a98f000000]
CodeHeap 'profiled nmethods': size=120000Kb used=23711Kb max_used=23711Kb free=96288Kb
 bounds [0x000001a9805a0000, 0x000001a981cd0000, 0x000001a987ad0000]
CodeHeap 'non-nmethods': size=5760Kb used=2377Kb max_used=2429Kb free=3382Kb
 bounds [0x000001a980000000, 0x000001a980270000, 0x000001a9805a0000]
 total_blobs=12077 nmethods=11175 adapters=814
 compilation: enabled
              stopped_count=0, restarted_count=0
 full_count=0

Compilation events (20 events):
Event: 14.548 Thread 0x000001a99b3b0800 nmethod 11301 0x000001a988230a90 code [0x000001a988230c80, 0x000001a988231208]
Event: 14.548 Thread 0x000001a99b3b0800 11165       4       org.apache.xerces.dom.AttrImpl::getValue (176 bytes)
Event: 14.562 Thread 0x000001a995fbf000 nmethod 11300 0x000001a988231710 code [0x000001a988231ae0, 0x000001a988233738]
Event: 14.562 Thread 0x000001a99b3b0800 nmethod 11165 0x000001a988234990 code [0x000001a988234b80, 0x000001a9882355e8]
Event: 14.563 Thread 0x000001a99b3b0800 11167       4       org.apache.xerces.dom.DeferredAttrImpl::synchronizeChildren (18 bytes)
Event: 14.563 Thread 0x000001a995fbf000 11302       4       org.apache.xerces.impl.XMLEntityScanner::skipSpaces (285 bytes)
Event: 14.569 Thread 0x000001a995fc0800 11303       3       org.apache.xerces.util.XMLStringBuffer::append (101 bytes)
Event: 14.570 Thread 0x000001a995fc0800 nmethod 11303 0x000001a981cc7310 code [0x000001a981cc74e0, 0x000001a981cc7918]
Event: 14.573 Thread 0x000001a995fbf000 nmethod 11302 0x000001a988235f10 code [0x000001a9882360e0, 0x000001a988236448]
Event: 14.573 Thread 0x000001a995fbf000 11168       4       org.apache.xerces.dom.DeferredDocumentImpl::getNodeValueString (414 bytes)
Event: 14.576 Thread 0x000001a995fbf000 nmethod 11168 0x000001a988236790 code [0x000001a988236940, 0x000001a988236db8]
Event: 14.576 Thread 0x000001a995fbf000 11169       4       org.apache.xerces.dom.AttrImpl::getNodeValue (5 bytes)
Event: 14.577 Thread 0x000001a995fbf000 nmethod 11169 0x000001a988237210 code [0x000001a9882373a0, 0x000001a988237428]
Event: 14.577 Thread 0x000001a995fbf000 11166   !   4       android.databinding.tool.reflection.SdkUtil$ApiChecker::getSince (44 bytes)
Event: 14.579 Thread 0x000001a99b3b0800 nmethod 11167 0x000001a988237510 code [0x000001a988237700, 0x000001a988238088]
Event: 14.579 Thread 0x000001a99b3b0800 11304       4       org.apache.xerces.util.XMLStringBuffer::append (101 bytes)
Event: 14.579 Thread 0x000001a995fc0800 11305       3       org.apache.xerces.dom.ParentNode::getLength (5 bytes)
Event: 14.580 Thread 0x000001a995fc0800 nmethod 11305 0x000001a981cc7a90 code [0x000001a981cc7c40, 0x000001a981cc7d68]
Event: 14.582 Thread 0x000001a99b3b0800 nmethod 11304 0x000001a988238890 code [0x000001a988238a40, 0x000001a988238e98]
Event: 14.582 Thread 0x000001a99b3b0800 11306       4       org.apache.xerces.dom.ParentNode::getLength (5 bytes)

GC Heap History (20 events):
Event: 14.280 GC heap after
{Heap after GC invocations=27 (full 0):
 garbage-first heap   total 200704K, used 153724K [0x0000000080000000, 0x0000000100000000)
  region size 1024K, 4 young (4096K), 4 survivors (4096K)
 Metaspace       used 101584K, capacity 103980K, committed 104924K, reserved 1140736K
  class space    used 12921K, capacity 13835K, committed 14208K, reserved 1048576K
}
Event: 14.313 GC heap before
{Heap before GC invocations=27 (full 0):
 garbage-first heap   total 200704K, used 163964K [0x0000000080000000, 0x0000000100000000)
  region size 1024K, 15 young (15360K), 4 survivors (4096K)
 Metaspace       used 101584K, capacity 103980K, committed 104924K, reserved 1140736K
  class space    used 12921K, capacity 13835K, committed 14208K, reserved 1048576K
}
Event: 14.320 GC heap after
{Heap after GC invocations=28 (full 0):
 garbage-first heap   total 200704K, used 165410K [0x0000000080000000, 0x0000000100000000)
  region size 1024K, 2 young (2048K), 2 survivors (2048K)
 Metaspace       used 101584K, capacity 103980K, committed 104924K, reserved 1140736K
  class space    used 12921K, capacity 13835K, committed 14208K, reserved 1048576K
}
Event: 14.337 GC heap before
{Heap before GC invocations=28 (full 0):
 garbage-first heap   total 200704K, used 172578K [0x0000000080000000, 0x0000000100000000)
  region size 1024K, 9 young (9216K), 2 survivors (2048K)
 Metaspace       used 101584K, capacity 103980K, committed 104924K, reserved 1140736K
  class space    used 12921K, capacity 13835K, committed 14208K, reserved 1048576K
}
Event: 14.341 GC heap after
{Heap after GC invocations=29 (full 0):
 garbage-first heap   total 200704K, used 171710K [0x0000000080000000, 0x0000000100000000)
  region size 1024K, 2 young (2048K), 2 survivors (2048K)
 Metaspace       used 101584K, capacity 103980K, committed 104924K, reserved 1140736K
  class space    used 12921K, capacity 13835K, committed 14208K, reserved 1048576K
}
Event: 14.355 GC heap before
{Heap before GC invocations=29 (full 0):
 garbage-first heap   total 200704K, used 178878K [0x0000000080000000, 0x0000000100000000)
  region size 1024K, 9 young (9216K), 2 survivors (2048K)
 Metaspace       used 101584K, capacity 103980K, committed 104924K, reserved 1140736K
  class space    used 12921K, capacity 13835K, committed 14208K, reserved 1048576K
}
Event: 14.360 GC heap after
{Heap after GC invocations=30 (full 0):
 garbage-first heap   total 200704K, used 177564K [0x0000000080000000, 0x0000000100000000)
  region size 1024K, 2 young (2048K), 2 survivors (2048K)
 Metaspace       used 101584K, capacity 103980K, committed 104924K, reserved 1140736K
  class space    used 12921K, capacity 13835K, committed 14208K, reserved 1048576K
}
Event: 14.374 GC heap before
{Heap before GC invocations=30 (full 0):
 garbage-first heap   total 200704K, used 184732K [0x0000000080000000, 0x0000000100000000)
  region size 1024K, 9 young (9216K), 2 survivors (2048K)
 Metaspace       used 101584K, capacity 103980K, committed 104924K, reserved 1140736K
  class space    used 12921K, capacity 13835K, committed 14208K, reserved 1048576K
}
Event: 14.379 GC heap after
{Heap after GC invocations=31 (full 0):
 garbage-first heap   total 200704K, used 183403K [0x0000000080000000, 0x0000000100000000)
  region size 1024K, 2 young (2048K), 2 survivors (2048K)
 Metaspace       used 101584K, capacity 103980K, committed 104924K, reserved 1140736K
  class space    used 12921K, capacity 13835K, committed 14208K, reserved 1048576K
}
Event: 14.394 GC heap before
{Heap before GC invocations=31 (full 0):
 garbage-first heap   total 200704K, used 190571K [0x0000000080000000, 0x0000000100000000)
  region size 1024K, 9 young (9216K), 2 survivors (2048K)
 Metaspace       used 101584K, capacity 103980K, committed 104924K, reserved 1140736K
  class space    used 12921K, capacity 13835K, committed 14208K, reserved 1048576K
}
Event: 14.399 GC heap after
{Heap after GC invocations=32 (full 0):
 garbage-first heap   total 200704K, used 189052K [0x0000000080000000, 0x0000000100000000)
  region size 1024K, 2 young (2048K), 2 survivors (2048K)
 Metaspace       used 101584K, capacity 103980K, committed 104924K, reserved 1140736K
  class space    used 12921K, capacity 13835K, committed 14208K, reserved 1048576K
}
Event: 14.415 GC heap before
{Heap before GC invocations=32 (full 0):
 garbage-first heap   total 200704K, used 196220K [0x0000000080000000, 0x0000000100000000)
  region size 1024K, 9 young (9216K), 2 survivors (2048K)
 Metaspace       used 101584K, capacity 103980K, committed 104924K, reserved 1140736K
  class space    used 12921K, capacity 13835K, committed 14208K, reserved 1048576K
}
Event: 14.422 GC heap after
{Heap after GC invocations=33 (full 0):
 garbage-first heap   total 244736K, used 194348K [0x0000000080000000, 0x0000000100000000)
  region size 1024K, 2 young (2048K), 2 survivors (2048K)
 Metaspace       used 101584K, capacity 103980K, committed 104924K, reserved 1140736K
  class space    used 12921K, capacity 13835K, committed 14208K, reserved 1048576K
}
Event: 14.488 GC heap before
{Heap before GC invocations=33 (full 0):
 garbage-first heap   total 244736K, used 203564K [0x0000000080000000, 0x0000000100000000)
  region size 1024K, 11 young (11264K), 2 survivors (2048K)
 Metaspace       used 101644K, capacity 104049K, committed 104924K, reserved 1140736K
  class space    used 12921K, capacity 13835K, committed 14208K, reserved 1048576K
}
Event: 14.492 GC heap after
{Heap after GC invocations=34 (full 0):
 garbage-first heap   total 244736K, used 196533K [0x0000000080000000, 0x0000000100000000)
  region size 1024K, 2 young (2048K), 2 survivors (2048K)
 Metaspace       used 101644K, capacity 104049K, committed 104924K, reserved 1140736K
  class space    used 12921K, capacity 13835K, committed 14208K, reserved 1048576K
}
Event: 14.528 GC heap before
{Heap before GC invocations=34 (full 0):
 garbage-first heap   total 244736K, used 205749K [0x0000000080000000, 0x0000000100000000)
  region size 1024K, 11 young (11264K), 2 survivors (2048K)
 Metaspace       used 101662K, capacity 104052K, committed 104924K, reserved 1140736K
  class space    used 12921K, capacity 13835K, committed 14208K, reserved 1048576K
}
Event: 14.533 GC heap after
{Heap after GC invocations=35 (full 0):
 garbage-first heap   total 244736K, used 204911K [0x0000000080000000, 0x0000000100000000)
  region size 1024K, 2 young (2048K), 2 survivors (2048K)
 Metaspace       used 101662K, capacity 104052K, committed 104924K, reserved 1140736K
  class space    used 12921K, capacity 13835K, committed 14208K, reserved 1048576K
}
Event: 14.564 GC heap before
{Heap before GC invocations=36 (full 0):
 garbage-first heap   total 244736K, used 214127K [0x0000000080000000, 0x0000000100000000)
  region size 1024K, 11 young (11264K), 2 survivors (2048K)
 Metaspace       used 101662K, capacity 104052K, committed 104924K, reserved 1140736K
  class space    used 12921K, capacity 13835K, committed 14208K, reserved 1048576K
}
Event: 14.569 GC heap after
{Heap after GC invocations=37 (full 0):
 garbage-first heap   total 244736K, used 214789K [0x0000000080000000, 0x0000000100000000)
  region size 1024K, 2 young (2048K), 2 survivors (2048K)
 Metaspace       used 101662K, capacity 104052K, committed 104924K, reserved 1140736K
  class space    used 12921K, capacity 13835K, committed 14208K, reserved 1048576K
}
Event: 14.584 GC heap before
{Heap before GC invocations=37 (full 0):
 garbage-first heap   total 244736K, used 224005K [0x0000000080000000, 0x0000000100000000)
  region size 1024K, 11 young (11264K), 2 survivors (2048K)
 Metaspace       used 101662K, capacity 104052K, committed 104924K, reserved 1140736K
  class space    used 12921K, capacity 13835K, committed 14208K, reserved 1048576K
}

Deoptimization events (20 events):
Event: 14.312 Thread 0x000001a99e9cf800 Uncommon trap: trap_request=0xffffff4d fr.pc=0x000001a9881a6d78 relative=0x0000000000000598
Event: 14.312 Thread 0x000001a99e9cf800 Uncommon trap: reason=unstable_if action=reinterpret pc=0x000001a9881a6d78 method=org.apache.xerces.dom.DeferredDocumentImpl.getNodeObject(I)Lorg/apache/xerces/dom/DeferredNode; @ 58 c2
Event: 14.312 Thread 0x000001a99e9cf800 DEOPT PACKING pc=0x000001a9881a6d78 sp=0x0000005fff1f8b10
Event: 14.312 Thread 0x000001a99e9cf800 DEOPT UNPACKING pc=0x000001a98004a1af sp=0x0000005fff1f8aa0 mode 2
Event: 14.438 Thread 0x000001a99e9cf800 DEOPT PACKING pc=0x000001a981c99f2c sp=0x0000005fff1f8aa0
Event: 14.438 Thread 0x000001a99e9cf800 DEOPT UNPACKING pc=0x000001a98004a95e sp=0x0000005fff1f7e50 mode 0
Event: 14.494 Thread 0x000001a99e9cf800 Uncommon trap: trap_request=0xffffff4d fr.pc=0x000001a988226a68 relative=0x0000000000005228
Event: 14.494 Thread 0x000001a99e9cf800 Uncommon trap: reason=unstable_if action=reinterpret pc=0x000001a988226a68 method=java.lang.String.split(Ljava/lang/String;I)[Ljava/lang/String; @ 256 c2
Event: 14.494 Thread 0x000001a99e9cf800 DEOPT PACKING pc=0x000001a988226a68 sp=0x0000005fff1f8a80
Event: 14.494 Thread 0x000001a99e9cf800 DEOPT UNPACKING pc=0x000001a98004a1af sp=0x0000005fff1f8ab8 mode 2
Event: 14.504 Thread 0x000001a99e9cf800 Uncommon trap: trap_request=0xffffffde fr.pc=0x000001a98819619c relative=0x00000000000032dc
Event: 14.504 Thread 0x000001a99e9cf800 Uncommon trap: reason=class_check action=maybe_recompile pc=0x000001a98819619c method=org.apache.xerces.impl.XMLDocumentFragmentScannerImpl.scanStartElement()Z @ 309 c2
Event: 14.504 Thread 0x000001a99e9cf800 DEOPT PACKING pc=0x000001a98819619c sp=0x0000005fff1f87b0
Event: 14.504 Thread 0x000001a99e9cf800 DEOPT UNPACKING pc=0x000001a98004a1af sp=0x0000005fff1f8798 mode 2
Event: 14.505 Thread 0x000001a99e9cf800 DEOPT PACKING pc=0x000001a981af16a0 sp=0x0000005fff1f88d0
Event: 14.505 Thread 0x000001a99e9cf800 DEOPT UNPACKING pc=0x000001a98004a95e sp=0x0000005fff1f7e98 mode 0
Event: 14.579 Thread 0x000001a99e9cf800 Uncommon trap: trap_request=0xffffff4d fr.pc=0x000001a98821a94c relative=0x000000000000048c
Event: 14.579 Thread 0x000001a99e9cf800 Uncommon trap: reason=unstable_if action=reinterpret pc=0x000001a98821a94c method=org.apache.xerces.dom.CoreDocumentImpl.getNodeListCache(Lorg/apache/xerces/dom/ParentNode;)Lorg/apache/xerces/dom/NodeListCache; @ 4 c2
Event: 14.579 Thread 0x000001a99e9cf800 DEOPT PACKING pc=0x000001a98821a94c sp=0x0000005fff1f8c60
Event: 14.579 Thread 0x000001a99e9cf800 DEOPT UNPACKING pc=0x000001a98004a1af sp=0x0000005fff1f8b40 mode 2

Classes redefined (0 events):
No events

Internal exceptions (20 events):
Event: 14.105 Thread 0x000001a99e9cf800 Exception <a 'sun/nio/fs/WindowsException'{0x000000008b237d40}> (0x000000008b237d40) thrown at [./src/hotspot/share/prims/jni.cpp, line 616]
Event: 14.105 Thread 0x000001a99e9cf800 Exception <a 'sun/nio/fs/WindowsException'{0x000000008b23a4f0}> (0x000000008b23a4f0) thrown at [./src/hotspot/share/prims/jni.cpp, line 616]
Event: 14.105 Thread 0x000001a99e9cf800 Exception <a 'sun/nio/fs/WindowsException'{0x000000008b23a668}> (0x000000008b23a668) thrown at [./src/hotspot/share/prims/jni.cpp, line 616]
Event: 14.105 Thread 0x000001a99e9cf800 Exception <a 'sun/nio/fs/WindowsException'{0x000000008b23ce00}> (0x000000008b23ce00) thrown at [./src/hotspot/share/prims/jni.cpp, line 616]
Event: 14.105 Thread 0x000001a99e9cf800 Exception <a 'sun/nio/fs/WindowsException'{0x000000008b23cf68}> (0x000000008b23cf68) thrown at [./src/hotspot/share/prims/jni.cpp, line 616]
Event: 14.105 Thread 0x000001a99e9cf800 Exception <a 'sun/nio/fs/WindowsException'{0x000000008b23f6f0}> (0x000000008b23f6f0) thrown at [./src/hotspot/share/prims/jni.cpp, line 616]
Event: 14.121 Thread 0x000001a99e9cf800 Exception <a 'sun/nio/fs/WindowsException'{0x000000008b2c0248}> (0x000000008b2c0248) thrown at [./src/hotspot/share/prims/jni.cpp, line 616]
Event: 14.123 Thread 0x000001a99e9cf800 Exception <a 'sun/nio/fs/WindowsException'{0x000000008b2d38c0}> (0x000000008b2d38c0) thrown at [./src/hotspot/share/prims/jni.cpp, line 616]
Event: 14.146 Thread 0x000001a99e9cf800 Exception <a 'sun/nio/fs/WindowsException'{0x000000008b007d10}> (0x000000008b007d10) thrown at [./src/hotspot/share/prims/jni.cpp, line 616]
Event: 14.146 Thread 0x000001a99e9cf800 Exception <a 'sun/nio/fs/WindowsException'{0x000000008b009398}> (0x000000008b009398) thrown at [./src/hotspot/share/prims/jni.cpp, line 616]
Event: 14.147 Thread 0x000001a99e9cf800 Exception <a 'sun/nio/fs/WindowsException'{0x000000008b00a6a0}> (0x000000008b00a6a0) thrown at [./src/hotspot/share/prims/jni.cpp, line 616]
Event: 14.147 Thread 0x000001a99e9cf800 Exception <a 'sun/nio/fs/WindowsException'{0x000000008b00bbb8}> (0x000000008b00bbb8) thrown at [./src/hotspot/share/prims/jni.cpp, line 616]
Event: 14.147 Thread 0x000001a99e9cf800 Exception <a 'sun/nio/fs/WindowsException'{0x000000008b00bd50}> (0x000000008b00bd50) thrown at [./src/hotspot/share/prims/jni.cpp, line 616]
Event: 14.147 Thread 0x000001a99e9cf800 Exception <a 'sun/nio/fs/WindowsException'{0x000000008b00e518}> (0x000000008b00e518) thrown at [./src/hotspot/share/prims/jni.cpp, line 616]
Event: 14.149 Thread 0x000001a99e9cf800 Exception <a 'sun/nio/fs/WindowsException'{0x000000008b01f7c0}> (0x000000008b01f7c0) thrown at [./src/hotspot/share/prims/jni.cpp, line 616]
Event: 14.171 Thread 0x000001a99e9cf800 Exception <a 'sun/nio/fs/WindowsException'{0x000000008af4bd60}> (0x000000008af4bd60) thrown at [./src/hotspot/share/prims/jni.cpp, line 616]
Event: 14.174 Thread 0x000001a99e9cf800 Exception <a 'sun/nio/fs/WindowsException'{0x000000008af6c2d8}> (0x000000008af6c2d8) thrown at [./src/hotspot/share/prims/jni.cpp, line 616]
Event: 14.244 Thread 0x000001a99e9cf800 Implicit null exception at 0x000001a9881864a0 to 0x000001a988187d2a
Event: 14.311 Thread 0x000001a99e9cf800 Implicit null exception at 0x000001a98819e375 to 0x000001a98819e7ac
Event: 14.579 Thread 0x000001a99e9cf800 Implicit null exception at 0x000001a98821a53f to 0x000001a98821a930

Events (20 events):
Event: 14.341 Executing VM operation: G1CollectForAllocation done
Event: 14.355 Executing VM operation: G1CollectForAllocation
Event: 14.360 Executing VM operation: G1CollectForAllocation done
Event: 14.373 Executing VM operation: G1CollectForAllocation
Event: 14.379 Executing VM operation: G1CollectForAllocation done
Event: 14.393 Executing VM operation: G1CollectForAllocation
Event: 14.399 Executing VM operation: G1CollectForAllocation done
Event: 14.415 Executing VM operation: G1CollectForAllocation
Event: 14.422 Executing VM operation: G1CollectForAllocation done
Event: 14.466 Executing VM operation: CGC_Operation
Event: 14.479 Executing VM operation: CGC_Operation done
Event: 14.488 Executing VM operation: G1CollectForAllocation
Event: 14.492 Executing VM operation: G1CollectForAllocation done
Event: 14.528 Executing VM operation: G1CollectForAllocation
Event: 14.534 Executing VM operation: G1CollectForAllocation done
Event: 14.560 Executing VM operation: CGC_Operation
Event: 14.561 Executing VM operation: CGC_Operation done
Event: 14.563 Executing VM operation: G1CollectForAllocation
Event: 14.569 Executing VM operation: G1CollectForAllocation done
Event: 14.584 Executing VM operation: G1CollectForAllocation


Dynamic libraries:
0x00007ff6306c0000 - 0x00007ff6306ca000 	D:\AndroidStudio\jre\bin\java.exe
0x00007ffb8f090000 - 0x00007ffb8f288000 	C:\WINDOWS\SYSTEM32\ntdll.dll
0x00007ffb8e8e0000 - 0x00007ffb8e99f000 	C:\WINDOWS\System32\KERNEL32.DLL
0x00007ffb8cc80000 - 0x00007ffb8cf52000 	C:\WINDOWS\System32\KERNELBASE.dll
0x00007ffb8c860000 - 0x00007ffb8c960000 	C:\WINDOWS\System32\ucrtbase.dll
0x00007ffb75560000 - 0x00007ffb75579000 	D:\AndroidStudio\jre\bin\jli.dll
0x00007ffb76470000 - 0x00007ffb76487000 	D:\AndroidStudio\jre\bin\VCRUNTIME140.dll
0x00007ffb8d4d0000 - 0x00007ffb8d671000 	C:\WINDOWS\System32\USER32.dll
0x00007ffb76fb0000 - 0x00007ffb7724a000 	C:\WINDOWS\WinSxS\amd64_microsoft.windows.common-controls_6595b64144ccf1df_6.0.19041.1110_none_60b5254171f9507e\COMCTL32.dll
0x00007ffb8cf60000 - 0x00007ffb8cf82000 	C:\WINDOWS\System32\win32u.dll
0x00007ffb8dee0000 - 0x00007ffb8df0b000 	C:\WINDOWS\System32\GDI32.dll
0x00007ffb8e9a0000 - 0x00007ffb8ea3e000 	C:\WINDOWS\System32\msvcrt.dll
0x00007ffb8cac0000 - 0x00007ffb8cbcf000 	C:\WINDOWS\System32\gdi32full.dll
0x00007ffb8cf90000 - 0x00007ffb8d02d000 	C:\WINDOWS\System32\msvcp_win.dll
0x00007ffb8ef20000 - 0x00007ffb8ef52000 	C:\WINDOWS\System32\IMM32.DLL
0x00007ffb4fb60000 - 0x00007ffb4fbfd000 	D:\AndroidStudio\jre\bin\msvcp140.dll
0x00007ffb353e0000 - 0x00007ffb35ee2000 	D:\AndroidStudio\jre\bin\server\jvm.dll
0x00007ffb8ea40000 - 0x00007ffb8eaee000 	C:\WINDOWS\System32\ADVAPI32.dll
0x00007ffb8d6f0000 - 0x00007ffb8d78c000 	C:\WINDOWS\System32\sechost.dll
0x00007ffb8dfd0000 - 0x00007ffb8e0f5000 	C:\WINDOWS\System32\RPCRT4.dll
0x00007ffb8e850000 - 0x00007ffb8e858000 	C:\WINDOWS\System32\PSAPI.DLL
0x00007ffb74920000 - 0x00007ffb74929000 	C:\WINDOWS\SYSTEM32\WSOCK32.dll
0x00007ffb86690000 - 0x00007ffb8669a000 	C:\WINDOWS\SYSTEM32\VERSION.dll
0x00007ffb798a0000 - 0x00007ffb798c7000 	C:\WINDOWS\SYSTEM32\WINMM.dll
0x00007ffb8efe0000 - 0x00007ffb8f04b000 	C:\WINDOWS\System32\WS2_32.dll
0x00007ffb8a7c0000 - 0x00007ffb8a7d2000 	C:\WINDOWS\SYSTEM32\kernel.appcore.dll
0x00007ffb88010000 - 0x00007ffb88021000 	D:\AndroidStudio\jre\bin\verify.dll
0x00007ffb89e20000 - 0x00007ffb8a004000 	C:\WINDOWS\SYSTEM32\DBGHELP.DLL
0x00007ffb70fa0000 - 0x00007ffb70fd5000 	C:\WINDOWS\SYSTEM32\dbgcore.DLL
0x00007ffb8c780000 - 0x00007ffb8c802000 	C:\WINDOWS\System32\bcryptPrimitives.dll
0x00007ffb87ea0000 - 0x00007ffb87ec9000 	D:\AndroidStudio\jre\bin\java.dll
0x00007ffb88000000 - 0x00007ffb8800b000 	D:\AndroidStudio\jre\bin\jimage.dll
0x00007ffb87d50000 - 0x00007ffb87d68000 	D:\AndroidStudio\jre\bin\zip.dll
0x00007ffb8e100000 - 0x00007ffb8e844000 	C:\WINDOWS\System32\SHELL32.dll
0x00007ffb8a7e0000 - 0x00007ffb8af72000 	C:\WINDOWS\SYSTEM32\windows.storage.dll
0x00007ffb8ebc0000 - 0x00007ffb8ef15000 	C:\WINDOWS\System32\combase.dll
0x00007ffb8c1c0000 - 0x00007ffb8c1f0000 	C:\WINDOWS\SYSTEM32\Wldp.dll
0x00007ffb8d790000 - 0x00007ffb8d83d000 	C:\WINDOWS\System32\SHCORE.dll
0x00007ffb8d690000 - 0x00007ffb8d6e5000 	C:\WINDOWS\System32\shlwapi.dll
0x00007ffb8c6c0000 - 0x00007ffb8c6df000 	C:\WINDOWS\SYSTEM32\profapi.dll
0x00007ffb86710000 - 0x00007ffb8672a000 	D:\AndroidStudio\jre\bin\net.dll
0x00007ffb85760000 - 0x00007ffb8586c000 	C:\WINDOWS\SYSTEM32\WINHTTP.dll
0x00007ffb8be70000 - 0x00007ffb8beda000 	C:\WINDOWS\system32\mswsock.dll
0x00007ffb866a0000 - 0x00007ffb866b4000 	D:\AndroidStudio\jre\bin\nio.dll
0x00007ffb73a00000 - 0x00007ffb73a27000 	C:\Users\nuage\.gradle\native\e1d6ef7f7dcc3fd88c89a11ec53ec762bb8ba0a96d01ffa2cd45eb1d1d8dd5c5\windows-amd64\native-platform.dll
0x00007ffb40760000 - 0x00007ffb408a4000 	C:\Users\nuage\.gradle\native\0d407fdbe67a94daf76414ababcb853783967236a71b16ec16e742cd7a986fd3\windows-amd64\native-platform-file-events.dll
0x00007ffb87d40000 - 0x00007ffb87d4a000 	D:\AndroidStudio\jre\bin\management.dll
0x00007ffb7d940000 - 0x00007ffb7d94d000 	D:\AndroidStudio\jre\bin\management_ext.dll
0x00007ffb8c080000 - 0x00007ffb8c098000 	C:\WINDOWS\SYSTEM32\CRYPTSP.dll
0x00007ffb8b740000 - 0x00007ffb8b774000 	C:\WINDOWS\system32\rsaenh.dll
0x00007ffb8d030000 - 0x00007ffb8d057000 	C:\WINDOWS\System32\bcrypt.dll
0x00007ffb8c680000 - 0x00007ffb8c6ae000 	C:\WINDOWS\SYSTEM32\USERENV.dll
0x00007ffb8c0a0000 - 0x00007ffb8c0ac000 	C:\WINDOWS\SYSTEM32\CRYPTBASE.dll
0x00007ffb8bb80000 - 0x00007ffb8bbbb000 	C:\WINDOWS\SYSTEM32\IPHLPAPI.DLL
0x00007ffb8d680000 - 0x00007ffb8d688000 	C:\WINDOWS\System32\NSI.dll
0x00007ffb85210000 - 0x00007ffb85227000 	C:\WINDOWS\SYSTEM32\dhcpcsvc6.DLL
0x00007ffb86580000 - 0x00007ffb8659d000 	C:\WINDOWS\SYSTEM32\dhcpcsvc.DLL
0x00007ffb8bbc0000 - 0x00007ffb8bc8a000 	C:\WINDOWS\SYSTEM32\DNSAPI.dll

dbghelp: loaded successfully - version: 4.0.5 - missing functions: none
symbol engine: initialized successfully - sym options: 0x614 - pdb path: .;D:\AndroidStudio\jre\bin;C:\WINDOWS\SYSTEM32;C:\WINDOWS\WinSxS\amd64_microsoft.windows.common-controls_6595b64144ccf1df_6.0.19041.1110_none_60b5254171f9507e;D:\AndroidStudio\jre\bin\server;C:\Users\nuage\.gradle\native\e1d6ef7f7dcc3fd88c89a11ec53ec762bb8ba0a96d01ffa2cd45eb1d1d8dd5c5\windows-amd64;C:\Users\nuage\.gradle\native\0d407fdbe67a94daf76414ababcb853783967236a71b16ec16e742cd7a986fd3\windows-amd64

VM Arguments:
jvm_args: --add-opens=java.base/java.util=ALL-UNNAMED --add-opens=java.base/java.lang=ALL-UNNAMED --add-opens=java.base/java.lang.invoke=ALL-UNNAMED --add-opens=java.base/java.util=ALL-UNNAMED --add-opens=java.prefs/java.util.prefs=ALL-UNNAMED --add-opens=java.prefs/java.util.prefs=ALL-UNNAMED --add-opens=java.base/java.nio.charset=ALL-UNNAMED --add-opens=java.base/java.net=ALL-UNNAMED --add-opens=java.base/java.util.concurrent.atomic=ALL-UNNAMED -Xmx2048m -Dfile.encoding=UTF-8 -Duser.country=FR -Duser.language=fr -Duser.variant 
java_command: org.gradle.launcher.daemon.bootstrap.GradleDaemon 7.4
java_class_path (initial): C:\Users\nuage\.gradle\wrapper\dists\gradle-7.4-bin\c0gwcg53nkjbqw7r0h0umtfvt\gradle-7.4\lib\gradle-launcher-7.4.jar
Launcher Type: SUN_STANDARD

[Global flags]
     intx CICompilerCount                          = 4                                         {product} {ergonomic}
     uint ConcGCThreads                            = 3                                         {product} {ergonomic}
     uint G1ConcRefinementThreads                  = 10                                        {product} {ergonomic}
   size_t G1HeapRegionSize                         = 1048576                                   {product} {ergonomic}
    uintx GCDrainStackTargetSize                   = 64                                        {product} {ergonomic}
   size_t InitialHeapSize                          = 132120576                                 {product} {ergonomic}
   size_t MarkStackSize                            = 4194304                                   {product} {ergonomic}
   size_t MaxHeapSize                              = 2147483648                                {product} {command line}
   size_t MaxNewSize                               = 1287651328                                {product} {ergonomic}
   size_t MinHeapDeltaBytes                        = 1048576                                   {product} {ergonomic}
    uintx NonNMethodCodeHeapSize                   = 5836300                                {pd product} {ergonomic}
    uintx NonProfiledCodeHeapSize                  = 122910970                              {pd product} {ergonomic}
    uintx ProfiledCodeHeapSize                     = 122910970                              {pd product} {ergonomic}
    uintx ReservedCodeCacheSize                    = 251658240                              {pd product} {ergonomic}
     bool SegmentedCodeCache                       = true                                      {product} {ergonomic}
     bool UseCompressedClassPointers               = true                                 {lp64_product} {ergonomic}
     bool UseCompressedOops                        = true                                 {lp64_product} {ergonomic}
     bool UseG1GC                                  = true                                      {product} {ergonomic}
     bool UseLargePagesIndividualAllocation        = false                                  {pd product} {ergonomic}

Logging:
Log output configuration:
 #0: stdout all=warning uptime,level,tags
 #1: stderr all=off uptime,level,tags

Environment Variables:
PATH=C:\Program Files (x86)\Common Files\Oracle\Java\javapath;C:\Windows\system32;C:\Windows;C:\Windows\System32\Wbem;C:\Windows\System32\WindowsPowerShell\v1.0\;C:\Windows\System32\OpenSSH\;C:\Program Files (x86)\NVIDIA Corporation\PhysX\Common;C:\Program Files\NVIDIA Corporation\NVIDIA NvDLISR;C:\WINDOWS\system32;C:\WINDOWS;C:\WINDOWS\System32\Wbem;C:\WINDOWS\System32\WindowsPowerShell\v1.0\;C:\WINDOWS\System32\OpenSSH\;C:\Program Files\Git\cmd;C:\Program Files\Docker\Docker\resources\bin;C:\ProgramData\DockerDesktop\version-bin;C:\Users\nuage\AppData\Local\Microsoft\WindowsApps;;D:\Microsoft VS Code\bin
USERNAME=nuage
OS=Windows_NT
PROCESSOR_IDENTIFIER=Intel64 Family 6 Model 158 Stepping 10, GenuineIntel



---------------  S Y S T E M  ---------------

OS: Windows 10 , 64 bit Build 19041 (10.0.19041.2364)
OS uptime: 0 days 3:52 hours
Hyper-V role detected

CPU:total 12 (initial active 12) (6 cores per cpu, 2 threads per core) family 6 model 158 stepping 10 microcode 0xd2, cmov, cx8, fxsr, mmx, sse, sse2, sse3, ssse3, sse4.1, sse4.2, popcnt, avx, avx2, aes, clmul, erms, 3dnowpref, lzcnt, ht, tsc, tscinvbit, bmi1, bmi2, adx, fma

Memory: 4k page, system-wide physical 8042M (973M free)
TotalPageFile size 10090M (AvailPageFile size 81M)
current process WorkingSet (physical memory assigned to process): 527M, peak: 527M
current process commit charge ("private bytes"): 579M, peak: 691M

vm_info: OpenJDK 64-Bit Server VM (11.0.13+0-b1751.21-8125866) for windows-amd64 JRE (11.0.13+0-b1751.21-8125866), built on Feb  2 2022 03:00:22 by "builder" with MS VC++ 14.0 (VS2015)

END.
