#
# There is insufficient memory for the Java Runtime Environment to continue.
# Native memory allocation (malloc) failed to allocate 367856 bytes for Chunk::new
# Possible reasons:
#   The system is out of physical RAM or swap space
#   The process is running with CompressedOops enabled, and the Java Heap may be blocking the growth of the native heap
# Possible solutions:
#   Reduce memory load on the system
#   Increase physical memory or swap space
#   Check if swap backing store is full
#   Decrease Java heap size (-Xmx/-Xms)
#   Decrease number of Java threads
#   Decrease Java thread stack sizes (-Xss)
#   Set larger code cache with -XX:ReservedCodeCacheSize=
#   JVM is running with Unscaled Compressed Oops mode in which the Java heap is
#     placed in the first 4GB address space. The Java Heap base address is the
#     maximum limit for the native heap growth. Please use -XX:HeapBaseMinAddress
#     to set the Java Heap base and to place the Java Heap above 4GB virtual address.
# This output file may be truncated or incomplete.
#
#  Out of Memory Error (./src/hotspot/share/memory/arena.cpp:197), pid=11312, tid=1164
#
# JRE version: OpenJDK Runtime Environment (11.0.13) (build 11.0.13+0-b1751.21-8125866)
# Java VM: OpenJDK 64-Bit Server VM (11.0.13+0-b1751.21-8125866, mixed mode, tiered, compressed oops, g1 gc, windows-amd64)
# No core dump will be written. Minidumps are not enabled by default on client versions of Windows
#

---------------  S U M M A R Y ------------

Command Line: --add-opens=java.base/java.util=ALL-UNNAMED --add-opens=java.base/java.lang=ALL-UNNAMED --add-opens=java.base/java.lang.invoke=ALL-UNNAMED --add-opens=java.base/java.util=ALL-UNNAMED --add-opens=java.prefs/java.util.prefs=ALL-UNNAMED --add-opens=java.prefs/java.util.prefs=ALL-UNNAMED --add-opens=java.base/java.nio.charset=ALL-UNNAMED --add-opens=java.base/java.net=ALL-UNNAMED --add-opens=java.base/java.util.concurrent.atomic=ALL-UNNAMED -Xmx2048m -Dfile.encoding=UTF-8 -Duser.country=FR -Duser.language=fr -Duser.variant org.gradle.launcher.daemon.bootstrap.GradleDaemon 7.4

Host: Intel(R) Core(TM) i7-9750H CPU @ 2.60GHz, 12 cores, 7G,  Windows 10 , 64 bit Build 19041 (10.0.19041.2364)
Time: Mon Jan 16 11:25:23 2023 Paris, Madrid elapsed time: 22.950617 seconds (0d 0h 0m 22s)

---------------  T H R E A D  ---------------

Current thread (0x000001d897e90800):  JavaThread "C2 CompilerThread2" daemon [_thread_in_native, id=1164, stack(0x000000d177b00000,0x000000d177c00000)]


Current CompileTask:
C2:  22950 13470       4       org.gradle.internal.instantiation.generator.AbstractClassGenerator::inspectType (560 bytes)

Stack: [0x000000d177b00000,0x000000d177c00000]
Native frames: (J=compiled Java code, j=interpreted, Vv=VM code, C=native code)
V  [jvm.dll+0x6100fa]
V  [jvm.dll+0x747090]
V  [jvm.dll+0x7486ad]
V  [java.exe+0x748d83]
V  [jvm.dll+0x24ab48]
V  [jvm.dll+0xc04dc]
V  [jvm.dll+0xc0a0c]
V  [jvm.dll+0x508340]
V  [jvm.dll+0x32b862]
V  [jvm.dll+0x32ad2a]
V  [jvm.dll+0x2032b2]
V  [jvm.dll+0x202437]
V  [jvm.dll+0x188e01]
V  [jvm.dll+0x21106b]
V  [jvm.dll+0x20f8c1]
V  [jvm.dll+0x70de0f]
V  [jvm.dll+0x706a75]
V  [jvm.dll+0x60ed66]
C  [ucrtbase.dll+0x21bb2]
C  [KERNEL32.DLL+0x17614]
C  [ntdll.dll+0x526a1]


---------------  P R O C E S S  ---------------

Threads class SMR info:
_java_thread_list=0x000001d892510320, length=196, elements={
0x000001d8f430d800, 0x000001d8ffc2b800, 0x000001d8ffc1b800, 0x000001d88f850800,
0x000001d88f851800, 0x000001d88f855800, 0x000001d88f858000, 0x000001d88f85c000,
0x000001d88f86a800, 0x000001d88f9d6000, 0x000001d891764000, 0x000001d88fe82000,
0x000001d892174800, 0x000001d88fbfe800, 0x000001d892393800, 0x000001d891e0d800,
0x000001d891e0b800, 0x000001d891e0a000, 0x000001d891e0c800, 0x000001d891e0e000,
0x000001d892b77800, 0x000001d892b79800, 0x000001d892b78800, 0x000001d892b7b000,
0x000001d892b76000, 0x000001d89028c800, 0x000001d890286800, 0x000001d890289000,
0x000001d89028d000, 0x000001d890287800, 0x000001d890291800, 0x000001d890293800,
0x000001d89028e000, 0x000001d890290800, 0x000001d890292000, 0x000001d89028f800,
0x000001d890288800, 0x000001d890285000, 0x000001d89028a000, 0x000001d89028a800,
0x000001d89028b800, 0x000001d898ac8800, 0x000001d890286000, 0x000001d890293000,
0x000001d89028f000, 0x000001d891e0b000, 0x000001d891e0f000, 0x000001d891e09800,
0x000001d891e10000, 0x000001d892b77000, 0x000001d892b75000, 0x000001d892b7b800,
0x000001d8954c9000, 0x000001d8954cb800, 0x000001d8954ce000, 0x000001d8954cc800,
0x000001d8954cd000, 0x000001d8954ca000, 0x000001d8954c8000, 0x000001d8954ce800,
0x000001d8954cf800, 0x000001d8954d0800, 0x000001d8954ca800, 0x000001d8954d5800,
0x000001d8954d4800, 0x000001d8954d6000, 0x000001d8954d2000, 0x000001d8954d3000,
0x000001d8954d1000, 0x000001d8954d7000, 0x000001d8954d3800, 0x000001d892d9b000,
0x000001d892d9b800, 0x000001d892d9c800, 0x000001d892d99000, 0x000001d892d9d000,
0x000001d892d9a000, 0x000001d892da3000, 0x000001d892d9e000, 0x000001d892d9f800,
0x000001d892da4000, 0x000001d892da0800, 0x000001d892da4800, 0x000001d892da2000,
0x000001d892d9f000, 0x000001d892da5800, 0x000001d892da6000, 0x000001d892da7000,
0x000001d892da1800, 0x000001d892da8000, 0x000001d8981d3000, 0x000001d8981d4800,
0x000001d8981d7000, 0x000001d8981d1000, 0x000001d8981d2000, 0x000001d8981d5800,
0x000001d8981d9800, 0x000001d8981d7800, 0x000001d8981d8800, 0x000001d8981d3800,
0x000001d8981da000, 0x000001d8981db000, 0x000001d8981dc000, 0x000001d8981d6000,
0x000001d8981dc800, 0x000001d8981dd800, 0x000001d8981de000, 0x000001d8981df000,
0x000001d8981e0000, 0x000001d88fb12000, 0x000001d88fb10000, 0x000001d88fb0c800,
0x000001d88fb11800, 0x000001d88fb13000, 0x000001d88fb10800, 0x000001d88fb0d800,
0x000001d88fb14000, 0x000001d88fb0e000, 0x000001d88fb14800, 0x000001d88fb0f000,
0x000001d88fb19000, 0x000001d88fb19800, 0x000001d88fb1a800, 0x000001d88fb1b000,
0x000001d88fb15800, 0x000001d88fb16800, 0x000001d88fb17000, 0x000001d88fb18000,
0x000001d89766a000, 0x000001d897669000, 0x000001d897666000, 0x000001d89766b000,
0x000001d897668800, 0x000001d89766b800, 0x000001d897666800, 0x000001d89766c800,
0x000001d897667800, 0x000001d895580000, 0x000001d895581000, 0x000001d895582000,
0x000001d895582800, 0x000001d895583800, 0x000001d89557d800, 0x000001d895584800,
0x000001d89557e800, 0x000001d895585000, 0x000001d89557f800, 0x000001d895587800,
0x000001d895586800, 0x000001d895588800, 0x000001d89558b800, 0x000001d895586000,
0x000001d895589000, 0x000001d89558a000, 0x000001d89558b000, 0x000001d89558c800,
0x000001d897c73800, 0x000001d897c74000, 0x000001d897c71000, 0x000001d897c71800,
0x000001d897c76000, 0x000001d897c72800, 0x000001d897c75000, 0x000001d897c70000,
0x000001d897c79000, 0x000001d897c76800, 0x000001d897c7a800, 0x000001d897c7c800,
0x000001d897e90800, 0x000001d897c7b800, 0x000001d897c7d000, 0x000001d897c77800,
0x000001d897c7a000, 0x000001d897c78000, 0x000001d897c7e000, 0x000001d897c7f000,
0x000001d8985fd000, 0x000001d8985f9800, 0x000001d8985fb000, 0x000001d8985fd800,
0x000001d8985fe800, 0x000001d8985f9000, 0x000001d8985fc000, 0x000001d8985ff800,
0x000001d898600000, 0x000001d8985fa800, 0x000001d898606000, 0x000001d898602000,
0x000001d898606800, 0x000001d898601000, 0x000001d898602800, 0x000001d898607800,
0x000001d898604000, 0x000001d898605000, 0x000001d898608800, 0x000001d898609000
}

Java Threads: ( => current thread )
  0x000001d8f430d800 JavaThread "main" [_thread_blocked, id=7560, stack(0x000000d16be00000,0x000000d16bf00000)]
  0x000001d8ffc2b800 JavaThread "Reference Handler" daemon [_thread_blocked, id=14384, stack(0x000000d16c500000,0x000000d16c600000)]
  0x000001d8ffc1b800 JavaThread "Finalizer" daemon [_thread_blocked, id=14844, stack(0x000000d16c600000,0x000000d16c700000)]
  0x000001d88f850800 JavaThread "Signal Dispatcher" daemon [_thread_blocked, id=1620, stack(0x000000d16c700000,0x000000d16c800000)]
  0x000001d88f851800 JavaThread "Attach Listener" daemon [_thread_blocked, id=6668, stack(0x000000d16c800000,0x000000d16c900000)]
  0x000001d88f855800 JavaThread "Service Thread" daemon [_thread_blocked, id=16004, stack(0x000000d16c900000,0x000000d16ca00000)]
  0x000001d88f858000 JavaThread "C2 CompilerThread0" daemon [_thread_in_native, id=19076, stack(0x000000d16ca00000,0x000000d16cb00000)]
  0x000001d88f85c000 JavaThread "C1 CompilerThread0" daemon [_thread_blocked, id=11652, stack(0x000000d16cb00000,0x000000d16cc00000)]
  0x000001d88f86a800 JavaThread "Sweeper thread" daemon [_thread_blocked, id=12736, stack(0x000000d16cc00000,0x000000d16cd00000)]
  0x000001d88f9d6000 JavaThread "Common-Cleaner" daemon [_thread_blocked, id=10468, stack(0x000000d16cd00000,0x000000d16ce00000)]
  0x000001d891764000 JavaThread "Daemon health stats" [_thread_blocked, id=11900, stack(0x000000d16d300000,0x000000d16d400000)]
  0x000001d88fe82000 JavaThread "Incoming local TCP Connector on port 52420" [_thread_in_native, id=10136, stack(0x000000d16cf00000,0x000000d16d000000)]
  0x000001d892174800 JavaThread "Daemon periodic checks" [_thread_blocked, id=3952, stack(0x000000d16d000000,0x000000d16d100000)]
  0x000001d88fbfe800 JavaThread "Daemon" [_thread_blocked, id=10424, stack(0x000000d16d400000,0x000000d16d500000)]
  0x000001d892393800 JavaThread "Daemon worker" [_thread_blocked, id=15108, stack(0x000000d16d800000,0x000000d16d900000)]
  0x000001d891e0d800 JavaThread "Cache worker for journal cache (C:\Users\nuage\.gradle\caches\journal-1)" [_thread_blocked, id=18108, stack(0x000000d16e300000,0x000000d16e400000)]
  0x000001d891e0b800 JavaThread "File lock request listener" [_thread_in_native, id=16440, stack(0x000000d16e400000,0x000000d16e500000)]
  0x000001d891e0a000 JavaThread "Cache worker for file hash cache (C:\Users\nuage\.gradle\caches\7.4\fileHashes)" [_thread_blocked, id=12556, stack(0x000000d16e500000,0x000000d16e600000)]
  0x000001d891e0c800 JavaThread "File watcher server" daemon [_thread_in_native, id=9560, stack(0x000000d16e900000,0x000000d16ea00000)]
  0x000001d891e0e000 JavaThread "File watcher consumer" daemon [_thread_blocked, id=1824, stack(0x000000d16ea00000,0x000000d16eb00000)]
  0x000001d892b77800 JavaThread "Cache worker for execution history cache (C:\Users\nuage\.gradle\caches\7.4\executionHistory)" [_thread_blocked, id=13848, stack(0x000000d16ef00000,0x000000d16f000000)]
  0x000001d892b79800 JavaThread "jar transforms" [_thread_blocked, id=15924, stack(0x000000d16f000000,0x000000d16f100000)]
  0x000001d892b78800 JavaThread "Cache worker for file content cache (C:\Users\nuage\.gradle\caches\7.4\fileContent)" [_thread_blocked, id=18532, stack(0x000000d16f100000,0x000000d16f200000)]
  0x000001d892b7b000 JavaThread "jar transforms Thread 2" [_thread_blocked, id=15712, stack(0x000000d16f200000,0x000000d16f300000)]
  0x000001d892b76000 JavaThread "jar transforms Thread 3" [_thread_blocked, id=7572, stack(0x000000d16f400000,0x000000d16f500000)]
  0x000001d89028c800 JavaThread "jar transforms Thread 4" [_thread_blocked, id=10384, stack(0x000000d176e00000,0x000000d176f00000)]
  0x000001d890286800 JavaThread "jar transforms Thread 5" [_thread_blocked, id=13012, stack(0x000000d176f00000,0x000000d177000000)]
  0x000001d890289000 JavaThread "jar transforms Thread 6" [_thread_blocked, id=18796, stack(0x000000d177000000,0x000000d177100000)]
  0x000001d89028d000 JavaThread "jar transforms Thread 7" [_thread_blocked, id=18864, stack(0x000000d177100000,0x000000d177200000)]
  0x000001d890287800 JavaThread "jar transforms Thread 8" [_thread_blocked, id=5456, stack(0x000000d177200000,0x000000d177300000)]
  0x000001d890291800 JavaThread "jar transforms Thread 9" [_thread_blocked, id=18612, stack(0x000000d177300000,0x000000d177400000)]
  0x000001d890293800 JavaThread "jar transforms Thread 10" [_thread_blocked, id=19152, stack(0x000000d177400000,0x000000d177500000)]
  0x000001d89028e000 JavaThread "jar transforms Thread 11" [_thread_blocked, id=7776, stack(0x000000d177500000,0x000000d177600000)]
  0x000001d890290800 JavaThread "jar transforms Thread 12" [_thread_blocked, id=10180, stack(0x000000d177600000,0x000000d177700000)]
  0x000001d890292000 JavaThread "Memory manager" [_thread_blocked, id=7004, stack(0x000000d177700000,0x000000d177800000)]
  0x000001d89028f800 JavaThread "included builds" [_thread_blocked, id=13028, stack(0x000000d177900000,0x000000d177a00000)]
  0x000001d890288800 JavaThread "Handler for socket connection from /127.0.0.1:52420 to /127.0.0.1:52432" [_thread_in_native, id=11760, stack(0x000000d16d500000,0x000000d16d600000)]
  0x000001d890285000 JavaThread "Cancel handler" [_thread_blocked, id=16872, stack(0x000000d16d600000,0x000000d16d700000)]
  0x000001d89028a000 JavaThread "Asynchronous log dispatcher for DefaultDaemonConnection: socket connection from /127.0.0.1:52420 to /127.0.0.1:52432" [_thread_blocked, id=4464, stack(0x000000d16d900000,0x000000d16da00000)]
  0x000001d89028a800 JavaThread "Stdin handler" [_thread_blocked, id=16652, stack(0x000000d16da00000,0x000000d16db00000)]
  0x000001d89028b800 JavaThread "Daemon client event forwarder" [_thread_blocked, id=2092, stack(0x000000d16db00000,0x000000d16dc00000)]
  0x000001d898ac8800 JavaThread "C2 CompilerThread1" daemon [_thread_in_native, id=1732, stack(0x000000d16e800000,0x000000d16e900000)]
  0x000001d890286000 JavaThread "Cache worker for checksums cache (D:\projet_mobile\AndroidStudioProjects\projetmajeur\.gradle\7.4\checksums)" [_thread_blocked, id=16604, stack(0x000000d16ed00000,0x000000d16ee00000)]
  0x000001d890293000 JavaThread "Cache worker for cache directory md-rule (C:\Users\nuage\.gradle\caches\7.4\md-rule)" [_thread_blocked, id=15616, stack(0x000000d16ee00000,0x000000d16ef00000)]
  0x000001d89028f000 JavaThread "Cache worker for file hash cache (D:\projet_mobile\AndroidStudioProjects\projetmajeur\.gradle\7.4\fileHashes)" [_thread_blocked, id=3664, stack(0x000000d16f300000,0x000000d16f400000)]
  0x000001d891e0b000 JavaThread "Cache worker for cache directory md-supplier (C:\Users\nuage\.gradle\caches\7.4\md-supplier)" [_thread_blocked, id=11524, stack(0x000000d16f500000,0x000000d16f600000)]
  0x000001d891e0f000 JavaThread "Cache worker for dependencies-accessors (D:\projet_mobile\AndroidStudioProjects\projetmajeur\.gradle\7.4\dependencies-accessors)" [_thread_blocked, id=2652, stack(0x000000d16f600000,0x000000d16f700000)]
  0x000001d891e09800 JavaThread "Cache worker for Build Output Cleanup Cache (D:\projet_mobile\AndroidStudioProjects\projetmajeur\.gradle\buildOutputCleanup)" [_thread_blocked, id=13852, stack(0x000000d16f700000,0x000000d16f800000)]
  0x000001d891e10000 JavaThread "Unconstrained build operations" [_thread_blocked, id=17444, stack(0x000000d16f800000,0x000000d16f900000)]
  0x000001d892b77000 JavaThread "Unconstrained build operations Thread 2" [_thread_blocked, id=4020, stack(0x000000d16f900000,0x000000d16fa00000)]
  0x000001d892b75000 JavaThread "Unconstrained build operations Thread 3" [_thread_blocked, id=5504, stack(0x000000d16fa00000,0x000000d16fb00000)]
  0x000001d892b7b800 JavaThread "Unconstrained build operations Thread 4" [_thread_blocked, id=5460, stack(0x000000d16fb00000,0x000000d16fc00000)]
  0x000001d8954c9000 JavaThread "Unconstrained build operations Thread 5" [_thread_blocked, id=8492, stack(0x000000d16fc00000,0x000000d16fd00000)]
  0x000001d8954cb800 JavaThread "Unconstrained build operations Thread 6" [_thread_blocked, id=19348, stack(0x000000d16fd00000,0x000000d16fe00000)]
  0x000001d8954ce000 JavaThread "Unconstrained build operations Thread 7" [_thread_blocked, id=10620, stack(0x000000d16fe00000,0x000000d16ff00000)]
  0x000001d8954cc800 JavaThread "Unconstrained build operations Thread 8" [_thread_blocked, id=5864, stack(0x000000d16ff00000,0x000000d170000000)]
  0x000001d8954cd000 JavaThread "Unconstrained build operations Thread 9" [_thread_blocked, id=10296, stack(0x000000d170000000,0x000000d170100000)]
  0x000001d8954ca000 JavaThread "Unconstrained build operations Thread 10" [_thread_blocked, id=18112, stack(0x000000d170100000,0x000000d170200000)]
  0x000001d8954c8000 JavaThread "Unconstrained build operations Thread 11" [_thread_blocked, id=18264, stack(0x000000d170200000,0x000000d170300000)]
  0x000001d8954ce800 JavaThread "Unconstrained build operations Thread 12" [_thread_blocked, id=9544, stack(0x000000d170300000,0x000000d170400000)]
  0x000001d8954cf800 JavaThread "Unconstrained build operations Thread 13" [_thread_blocked, id=9492, stack(0x000000d170400000,0x000000d170500000)]
  0x000001d8954d0800 JavaThread "Unconstrained build operations Thread 14" [_thread_blocked, id=11584, stack(0x000000d170500000,0x000000d170600000)]
  0x000001d8954ca800 JavaThread "Unconstrained build operations Thread 15" [_thread_blocked, id=2556, stack(0x000000d170600000,0x000000d170700000)]
  0x000001d8954d5800 JavaThread "Unconstrained build operations Thread 16" [_thread_blocked, id=9512, stack(0x000000d170700000,0x000000d170800000)]
  0x000001d8954d4800 JavaThread "Unconstrained build operations Thread 17" [_thread_blocked, id=11004, stack(0x000000d170800000,0x000000d170900000)]
  0x000001d8954d6000 JavaThread "Unconstrained build operations Thread 18" [_thread_blocked, id=13056, stack(0x000000d170900000,0x000000d170a00000)]
  0x000001d8954d2000 JavaThread "Unconstrained build operations Thread 19" [_thread_blocked, id=1736, stack(0x000000d170a00000,0x000000d170b00000)]
  0x000001d8954d3000 JavaThread "Unconstrained build operations Thread 20" [_thread_blocked, id=16944, stack(0x000000d170b00000,0x000000d170c00000)]
  0x000001d8954d1000 JavaThread "Unconstrained build operations Thread 21" [_thread_blocked, id=10368, stack(0x000000d170c00000,0x000000d170d00000)]
  0x000001d8954d7000 JavaThread "Unconstrained build operations Thread 22" [_thread_blocked, id=16032, stack(0x000000d170d00000,0x000000d170e00000)]
  0x000001d8954d3800 JavaThread "Unconstrained build operations Thread 23" [_thread_blocked, id=17932, stack(0x000000d170e00000,0x000000d170f00000)]
  0x000001d892d9b000 JavaThread "Unconstrained build operations Thread 24" [_thread_blocked, id=17716, stack(0x000000d170f00000,0x000000d171000000)]
  0x000001d892d9b800 JavaThread "Unconstrained build operations Thread 25" [_thread_blocked, id=5736, stack(0x000000d171000000,0x000000d171100000)]
  0x000001d892d9c800 JavaThread "Unconstrained build operations Thread 26" [_thread_blocked, id=3988, stack(0x000000d171100000,0x000000d171200000)]
  0x000001d892d99000 JavaThread "Unconstrained build operations Thread 27" [_thread_blocked, id=18616, stack(0x000000d171200000,0x000000d171300000)]
  0x000001d892d9d000 JavaThread "Unconstrained build operations Thread 28" [_thread_blocked, id=2844, stack(0x000000d171300000,0x000000d171400000)]
  0x000001d892d9a000 JavaThread "Unconstrained build operations Thread 29" [_thread_blocked, id=12072, stack(0x000000d171400000,0x000000d171500000)]
  0x000001d892da3000 JavaThread "Unconstrained build operations Thread 30" [_thread_blocked, id=17388, stack(0x000000d171500000,0x000000d171600000)]
  0x000001d892d9e000 JavaThread "Unconstrained build operations Thread 31" [_thread_blocked, id=16424, stack(0x000000d171600000,0x000000d171700000)]
  0x000001d892d9f800 JavaThread "Unconstrained build operations Thread 32" [_thread_blocked, id=11492, stack(0x000000d171700000,0x000000d171800000)]
  0x000001d892da4000 JavaThread "Unconstrained build operations Thread 33" [_thread_blocked, id=2920, stack(0x000000d171800000,0x000000d171900000)]
  0x000001d892da0800 JavaThread "Unconstrained build operations Thread 34" [_thread_blocked, id=7636, stack(0x000000d171900000,0x000000d171a00000)]
  0x000001d892da4800 JavaThread "Unconstrained build operations Thread 35" [_thread_blocked, id=2792, stack(0x000000d171a00000,0x000000d171b00000)]
  0x000001d892da2000 JavaThread "Unconstrained build operations Thread 36" [_thread_blocked, id=5212, stack(0x000000d171b00000,0x000000d171c00000)]
  0x000001d892d9f000 JavaThread "Unconstrained build operations Thread 37" [_thread_blocked, id=4448, stack(0x000000d171c00000,0x000000d171d00000)]
  0x000001d892da5800 JavaThread "Unconstrained build operations Thread 38" [_thread_blocked, id=11684, stack(0x000000d171d00000,0x000000d171e00000)]
  0x000001d892da6000 JavaThread "Unconstrained build operations Thread 39" [_thread_blocked, id=16268, stack(0x000000d171e00000,0x000000d171f00000)]
  0x000001d892da7000 JavaThread "Unconstrained build operations Thread 40" [_thread_blocked, id=15768, stack(0x000000d171f00000,0x000000d172000000)]
  0x000001d892da1800 JavaThread "Unconstrained build operations Thread 41" [_thread_blocked, id=19436, stack(0x000000d172000000,0x000000d172100000)]
  0x000001d892da8000 JavaThread "Unconstrained build operations Thread 42" [_thread_blocked, id=6588, stack(0x000000d172100000,0x000000d172200000)]
  0x000001d8981d3000 JavaThread "Unconstrained build operations Thread 43" [_thread_blocked, id=4564, stack(0x000000d172200000,0x000000d172300000)]
  0x000001d8981d4800 JavaThread "Unconstrained build operations Thread 44" [_thread_blocked, id=12032, stack(0x000000d172300000,0x000000d172400000)]
  0x000001d8981d7000 JavaThread "Unconstrained build operations Thread 45" [_thread_blocked, id=18660, stack(0x000000d172400000,0x000000d172500000)]
  0x000001d8981d1000 JavaThread "Unconstrained build operations Thread 46" [_thread_blocked, id=15996, stack(0x000000d172500000,0x000000d172600000)]
  0x000001d8981d2000 JavaThread "Unconstrained build operations Thread 47" [_thread_blocked, id=6976, stack(0x000000d172600000,0x000000d172700000)]
  0x000001d8981d5800 JavaThread "Unconstrained build operations Thread 48" [_thread_blocked, id=8324, stack(0x000000d172700000,0x000000d172800000)]
  0x000001d8981d9800 JavaThread "Unconstrained build operations Thread 49" [_thread_blocked, id=11676, stack(0x000000d172800000,0x000000d172900000)]
  0x000001d8981d7800 JavaThread "Unconstrained build operations Thread 50" [_thread_blocked, id=7108, stack(0x000000d172900000,0x000000d172a00000)]
  0x000001d8981d8800 JavaThread "Unconstrained build operations Thread 51" [_thread_blocked, id=18672, stack(0x000000d172a00000,0x000000d172b00000)]
  0x000001d8981d3800 JavaThread "Unconstrained build operations Thread 52" [_thread_blocked, id=14000, stack(0x000000d172b00000,0x000000d172c00000)]
  0x000001d8981da000 JavaThread "Unconstrained build operations Thread 53" [_thread_blocked, id=5112, stack(0x000000d172c00000,0x000000d172d00000)]
  0x000001d8981db000 JavaThread "Unconstrained build operations Thread 54" [_thread_blocked, id=1228, stack(0x000000d172d00000,0x000000d172e00000)]
  0x000001d8981dc000 JavaThread "Unconstrained build operations Thread 55" [_thread_blocked, id=10516, stack(0x000000d172e00000,0x000000d172f00000)]
  0x000001d8981d6000 JavaThread "Unconstrained build operations Thread 56" [_thread_blocked, id=15172, stack(0x000000d172f00000,0x000000d173000000)]
  0x000001d8981dc800 JavaThread "Unconstrained build operations Thread 57" [_thread_blocked, id=16472, stack(0x000000d173000000,0x000000d173100000)]
  0x000001d8981dd800 JavaThread "Unconstrained build operations Thread 58" [_thread_blocked, id=18148, stack(0x000000d173100000,0x000000d173200000)]
  0x000001d8981de000 JavaThread "Unconstrained build operations Thread 59" [_thread_blocked, id=18952, stack(0x000000d173200000,0x000000d173300000)]
  0x000001d8981df000 JavaThread "Unconstrained build operations Thread 60" [_thread_blocked, id=16816, stack(0x000000d173300000,0x000000d173400000)]
  0x000001d8981e0000 JavaThread "Unconstrained build operations Thread 61" [_thread_blocked, id=16144, stack(0x000000d173400000,0x000000d173500000)]
  0x000001d88fb12000 JavaThread "Unconstrained build operations Thread 62" [_thread_blocked, id=11280, stack(0x000000d173500000,0x000000d173600000)]
  0x000001d88fb10000 JavaThread "Unconstrained build operations Thread 63" [_thread_blocked, id=15904, stack(0x000000d173600000,0x000000d173700000)]
  0x000001d88fb0c800 JavaThread "Unconstrained build operations Thread 64" [_thread_blocked, id=18720, stack(0x000000d173700000,0x000000d173800000)]
  0x000001d88fb11800 JavaThread "Unconstrained build operations Thread 65" [_thread_blocked, id=14568, stack(0x000000d173800000,0x000000d173900000)]
  0x000001d88fb13000 JavaThread "Unconstrained build operations Thread 66" [_thread_blocked, id=4092, stack(0x000000d173900000,0x000000d173a00000)]
  0x000001d88fb10800 JavaThread "Unconstrained build operations Thread 67" [_thread_blocked, id=9996, stack(0x000000d173a00000,0x000000d173b00000)]
  0x000001d88fb0d800 JavaThread "Unconstrained build operations Thread 68" [_thread_blocked, id=13288, stack(0x000000d173b00000,0x000000d173c00000)]
  0x000001d88fb14000 JavaThread "Unconstrained build operations Thread 69" [_thread_blocked, id=11324, stack(0x000000d173c00000,0x000000d173d00000)]
  0x000001d88fb0e000 JavaThread "Unconstrained build operations Thread 70" [_thread_blocked, id=15532, stack(0x000000d173d00000,0x000000d173e00000)]
  0x000001d88fb14800 JavaThread "Unconstrained build operations Thread 71" [_thread_blocked, id=9044, stack(0x000000d173e00000,0x000000d173f00000)]
  0x000001d88fb0f000 JavaThread "Unconstrained build operations Thread 72" [_thread_blocked, id=13164, stack(0x000000d173f00000,0x000000d174000000)]
  0x000001d88fb19000 JavaThread "Unconstrained build operations Thread 73" [_thread_blocked, id=1740, stack(0x000000d174000000,0x000000d174100000)]
  0x000001d88fb19800 JavaThread "Unconstrained build operations Thread 74" [_thread_blocked, id=16576, stack(0x000000d174100000,0x000000d174200000)]
  0x000001d88fb1a800 JavaThread "Unconstrained build operations Thread 75" [_thread_blocked, id=19372, stack(0x000000d174200000,0x000000d174300000)]
  0x000001d88fb1b000 JavaThread "Unconstrained build operations Thread 76" [_thread_blocked, id=16172, stack(0x000000d174300000,0x000000d174400000)]
  0x000001d88fb15800 JavaThread "Unconstrained build operations Thread 77" [_thread_blocked, id=3860, stack(0x000000d174400000,0x000000d174500000)]
  0x000001d88fb16800 JavaThread "Unconstrained build operations Thread 78" [_thread_blocked, id=9364, stack(0x000000d174500000,0x000000d174600000)]
  0x000001d88fb17000 JavaThread "Unconstrained build operations Thread 79" [_thread_blocked, id=19292, stack(0x000000d174600000,0x000000d174700000)]
  0x000001d88fb18000 JavaThread "Unconstrained build operations Thread 80" [_thread_blocked, id=1008, stack(0x000000d174700000,0x000000d174800000)]
  0x000001d89766a000 JavaThread "Unconstrained build operations Thread 81" [_thread_blocked, id=12972, stack(0x000000d174800000,0x000000d174900000)]
  0x000001d897669000 JavaThread "Unconstrained build operations Thread 82" [_thread_blocked, id=17368, stack(0x000000d174900000,0x000000d174a00000)]
  0x000001d897666000 JavaThread "Unconstrained build operations Thread 83" [_thread_blocked, id=14536, stack(0x000000d174a00000,0x000000d174b00000)]
  0x000001d89766b000 JavaThread "Unconstrained build operations Thread 84" [_thread_blocked, id=18216, stack(0x000000d174b00000,0x000000d174c00000)]
  0x000001d897668800 JavaThread "Unconstrained build operations Thread 85" [_thread_blocked, id=8736, stack(0x000000d174c00000,0x000000d174d00000)]
  0x000001d89766b800 JavaThread "Unconstrained build operations Thread 86" [_thread_blocked, id=9296, stack(0x000000d174d00000,0x000000d174e00000)]
  0x000001d897666800 JavaThread "Unconstrained build operations Thread 87" [_thread_blocked, id=15628, stack(0x000000d174e00000,0x000000d174f00000)]
  0x000001d89766c800 JavaThread "Unconstrained build operations Thread 88" [_thread_blocked, id=2744, stack(0x000000d174f00000,0x000000d175000000)]
  0x000001d897667800 JavaThread "Unconstrained build operations Thread 89" [_thread_blocked, id=5640, stack(0x000000d175000000,0x000000d175100000)]
  0x000001d895580000 JavaThread "Unconstrained build operations Thread 90" [_thread_blocked, id=3288, stack(0x000000d175100000,0x000000d175200000)]
  0x000001d895581000 JavaThread "Unconstrained build operations Thread 91" [_thread_blocked, id=4424, stack(0x000000d175200000,0x000000d175300000)]
  0x000001d895582000 JavaThread "Unconstrained build operations Thread 92" [_thread_blocked, id=1372, stack(0x000000d175300000,0x000000d175400000)]
  0x000001d895582800 JavaThread "Unconstrained build operations Thread 93" [_thread_blocked, id=11560, stack(0x000000d175400000,0x000000d175500000)]
  0x000001d895583800 JavaThread "Unconstrained build operations Thread 94" [_thread_blocked, id=14360, stack(0x000000d175500000,0x000000d175600000)]
  0x000001d89557d800 JavaThread "Unconstrained build operations Thread 95" [_thread_blocked, id=3624, stack(0x000000d175600000,0x000000d175700000)]
  0x000001d895584800 JavaThread "Unconstrained build operations Thread 96" [_thread_blocked, id=18696, stack(0x000000d175700000,0x000000d175800000)]
  0x000001d89557e800 JavaThread "Unconstrained build operations Thread 97" [_thread_blocked, id=9248, stack(0x000000d175800000,0x000000d175900000)]
  0x000001d895585000 JavaThread "Unconstrained build operations Thread 98" [_thread_blocked, id=14672, stack(0x000000d175900000,0x000000d175a00000)]
  0x000001d89557f800 JavaThread "Unconstrained build operations Thread 99" [_thread_blocked, id=15872, stack(0x000000d175a00000,0x000000d175b00000)]
  0x000001d895587800 JavaThread "Unconstrained build operations Thread 100" [_thread_blocked, id=18480, stack(0x000000d175b00000,0x000000d175c00000)]
  0x000001d895586800 JavaThread "Unconstrained build operations Thread 101" [_thread_blocked, id=660, stack(0x000000d175c00000,0x000000d175d00000)]
  0x000001d895588800 JavaThread "Unconstrained build operations Thread 102" [_thread_blocked, id=1204, stack(0x000000d175d00000,0x000000d175e00000)]
  0x000001d89558b800 JavaThread "Unconstrained build operations Thread 103" [_thread_blocked, id=11756, stack(0x000000d175e00000,0x000000d175f00000)]
  0x000001d895586000 JavaThread "Unconstrained build operations Thread 104" [_thread_blocked, id=15772, stack(0x000000d175f00000,0x000000d176000000)]
  0x000001d895589000 JavaThread "Unconstrained build operations Thread 105" [_thread_blocked, id=8952, stack(0x000000d176000000,0x000000d176100000)]
  0x000001d89558a000 JavaThread "Unconstrained build operations Thread 106" [_thread_blocked, id=18936, stack(0x000000d176100000,0x000000d176200000)]
  0x000001d89558b000 JavaThread "Unconstrained build operations Thread 107" [_thread_blocked, id=6736, stack(0x000000d176200000,0x000000d176300000)]
  0x000001d89558c800 JavaThread "Unconstrained build operations Thread 108" [_thread_blocked, id=17076, stack(0x000000d176300000,0x000000d176400000)]
  0x000001d897c73800 JavaThread "Unconstrained build operations Thread 109" [_thread_blocked, id=16188, stack(0x000000d176400000,0x000000d176500000)]
  0x000001d897c74000 JavaThread "Unconstrained build operations Thread 110" [_thread_blocked, id=10856, stack(0x000000d176500000,0x000000d176600000)]
  0x000001d897c71000 JavaThread "Unconstrained build operations Thread 111" [_thread_blocked, id=6456, stack(0x000000d176600000,0x000000d176700000)]
  0x000001d897c71800 JavaThread "Unconstrained build operations Thread 112" [_thread_blocked, id=17964, stack(0x000000d176700000,0x000000d176800000)]
  0x000001d897c76000 JavaThread "Unconstrained build operations Thread 113" [_thread_blocked, id=11928, stack(0x000000d176800000,0x000000d176900000)]
  0x000001d897c72800 JavaThread "Unconstrained build operations Thread 114" [_thread_blocked, id=12708, stack(0x000000d176900000,0x000000d176a00000)]
  0x000001d897c75000 JavaThread "Unconstrained build operations Thread 115" [_thread_blocked, id=18144, stack(0x000000d176a00000,0x000000d176b00000)]
  0x000001d897c70000 JavaThread "Unconstrained build operations Thread 116" [_thread_blocked, id=11008, stack(0x000000d176b00000,0x000000d176c00000)]
  0x000001d897c79000 JavaThread "Unconstrained build operations Thread 117" [_thread_blocked, id=3852, stack(0x000000d176c00000,0x000000d176d00000)]
  0x000001d897c76800 JavaThread "Unconstrained build operations Thread 118" [_thread_blocked, id=12152, stack(0x000000d176d00000,0x000000d176e00000)]
  0x000001d897c7a800 JavaThread "Unconstrained build operations Thread 119" [_thread_blocked, id=12780, stack(0x000000d177800000,0x000000d177900000)]
  0x000001d897c7c800 JavaThread "Unconstrained build operations Thread 120" [_thread_blocked, id=12300, stack(0x000000d177a00000,0x000000d177b00000)]
=>0x000001d897e90800 JavaThread "C2 CompilerThread2" daemon [_thread_in_native, id=1164, stack(0x000000d177b00000,0x000000d177c00000)]
  0x000001d897c7b800 JavaThread "build event listener" [_thread_blocked, id=16156, stack(0x000000d177c00000,0x000000d177d00000)]
  0x000001d897c7d000 JavaThread "included builds" [_thread_blocked, id=19132, stack(0x000000d177d00000,0x000000d177e00000)]
  0x000001d897c77800 JavaThread "Execution worker for ':'" [_thread_blocked, id=4080, stack(0x000000d177e00000,0x000000d177f00000)]
  0x000001d897c7a000 JavaThread "Execution worker for ':' Thread 2" [_thread_blocked, id=18420, stack(0x000000d177f00000,0x000000d178000000)]
  0x000001d897c78000 JavaThread "Execution worker for ':' Thread 3" [_thread_blocked, id=15304, stack(0x000000d178000000,0x000000d178100000)]
  0x000001d897c7e000 JavaThread "Execution worker for ':' Thread 4" [_thread_blocked, id=14660, stack(0x000000d178100000,0x000000d178200000)]
  0x000001d897c7f000 JavaThread "Execution worker for ':' Thread 5" [_thread_blocked, id=11216, stack(0x000000d178200000,0x000000d178300000)]
  0x000001d8985fd000 JavaThread "Execution worker for ':' Thread 6" [_thread_blocked, id=16476, stack(0x000000d178300000,0x000000d178400000)]
  0x000001d8985f9800 JavaThread "Execution worker for ':' Thread 7" [_thread_blocked, id=16772, stack(0x000000d178400000,0x000000d178500000)]
  0x000001d8985fb000 JavaThread "Execution worker for ':' Thread 8" [_thread_blocked, id=7456, stack(0x000000d178500000,0x000000d178600000)]
  0x000001d8985fd800 JavaThread "Execution worker for ':' Thread 9" [_thread_blocked, id=11972, stack(0x000000d178600000,0x000000d178700000)]
  0x000001d8985fe800 JavaThread "Execution worker for ':' Thread 10" [_thread_blocked, id=14520, stack(0x000000d178700000,0x000000d178800000)]
  0x000001d8985f9000 JavaThread "Execution worker for ':' Thread 11" [_thread_blocked, id=16120, stack(0x000000d178800000,0x000000d178900000)]
  0x000001d8985fc000 JavaThread "Cache worker for execution history cache (D:\projet_mobile\AndroidStudioProjects\projetmajeur\.gradle\7.4\executionHistory)" [_thread_blocked, id=12468, stack(0x000000d178900000,0x000000d178a00000)]
  0x000001d8985ff800 JavaThread "WorkerExecutor Queue" [_thread_blocked, id=10372, stack(0x000000d178a00000,0x000000d178b00000)]
  0x000001d898600000 JavaThread "WorkerExecutor Queue Thread 2" [_thread_blocked, id=9028, stack(0x000000d178b00000,0x000000d178c00000)]
  0x000001d8985fa800 JavaThread "WorkerExecutor Queue Thread 3" [_thread_blocked, id=8912, stack(0x000000d178c00000,0x000000d178d00000)]
  0x000001d898606000 JavaThread "WorkerExecutor Queue Thread 4" [_thread_blocked, id=16420, stack(0x000000d178d00000,0x000000d178e00000)]
  0x000001d898602000 JavaThread "WorkerExecutor Queue Thread 5" [_thread_blocked, id=19144, stack(0x000000d178e00000,0x000000d178f00000)]
  0x000001d898606800 JavaThread "WorkerExecutor Queue Thread 6" [_thread_blocked, id=18680, stack(0x000000d178f00000,0x000000d179000000)]
  0x000001d898601000 JavaThread "WorkerExecutor Queue Thread 7" [_thread_blocked, id=15968, stack(0x000000d179000000,0x000000d179100000)]
  0x000001d898602800 JavaThread "WorkerExecutor Queue Thread 8" [_thread_blocked, id=19048, stack(0x000000d179100000,0x000000d179200000)]
  0x000001d898607800 JavaThread "WorkerExecutor Queue Thread 9" [_thread_blocked, id=11072, stack(0x000000d179200000,0x000000d179300000)]
  0x000001d898604000 JavaThread "WorkerExecutor Queue Thread 10" [_thread_blocked, id=16428, stack(0x000000d179300000,0x000000d179400000)]
  0x000001d898605000 JavaThread "WorkerExecutor Queue Thread 11" [_thread_blocked, id=4288, stack(0x000000d179400000,0x000000d179500000)]
  0x000001d898608800 JavaThread "WorkerExecutor Queue Thread 12" [_thread_blocked, id=2228, stack(0x000000d179500000,0x000000d179600000)]
  0x000001d898609000 JavaThread "WorkerExecutor Queue Thread 13" [_thread_blocked, id=17068, stack(0x000000d179600000,0x000000d179700000)]

Other Threads:
  0x000001d88f805800 VMThread "VM Thread" [stack: 0x000000d16c400000,0x000000d16c500000] [id=16456]
  0x000001d88f9f5000 WatcherThread [stack: 0x000000d16ce00000,0x000000d16cf00000] [id=9924]
  0x000001d8f4326800 GCTaskThread "GC Thread#0" [stack: 0x000000d16bf00000,0x000000d16c000000] [id=16644]
  0x000001d890774000 GCTaskThread "GC Thread#1" [stack: 0x000000d16d100000,0x000000d16d200000] [id=10504]
  0x000001d890886000 GCTaskThread "GC Thread#2" [stack: 0x000000d16d200000,0x000000d16d300000] [id=16088]
  0x000001d891dba800 GCTaskThread "GC Thread#3" [stack: 0x000000d16dc00000,0x000000d16dd00000] [id=16624]
  0x000001d8928ec000 GCTaskThread "GC Thread#4" [stack: 0x000000d16dd00000,0x000000d16de00000] [id=10012]
  0x000001d892378000 GCTaskThread "GC Thread#5" [stack: 0x000000d16de00000,0x000000d16df00000] [id=6980]
  0x000001d892378800 GCTaskThread "GC Thread#6" [stack: 0x000000d16df00000,0x000000d16e000000] [id=16408]
  0x000001d892e5b800 GCTaskThread "GC Thread#7" [stack: 0x000000d16e000000,0x000000d16e100000] [id=17812]
  0x000001d892e5c000 GCTaskThread "GC Thread#8" [stack: 0x000000d16e100000,0x000000d16e200000] [id=15816]
  0x000001d890d2c000 GCTaskThread "GC Thread#9" [stack: 0x000000d16e200000,0x000000d16e300000] [id=12720]
  0x000001d8f435a800 ConcurrentGCThread "G1 Main Marker" [stack: 0x000000d16c000000,0x000000d16c100000] [id=18964]
  0x000001d8f435b800 ConcurrentGCThread "G1 Conc#0" [stack: 0x000000d16c100000,0x000000d16c200000] [id=16692]
  0x000001d891938000 ConcurrentGCThread "G1 Conc#1" [stack: 0x000000d16e600000,0x000000d16e700000] [id=2988]
  0x000001d890de8800 ConcurrentGCThread "G1 Conc#2" [stack: 0x000000d16e700000,0x000000d16e800000] [id=18744]
  0x000001d8ffa6f800 ConcurrentGCThread "G1 Refine#0" [stack: 0x000000d16c200000,0x000000d16c300000] [id=4420]
  0x000001d898106800 ConcurrentGCThread "G1 Refine#1" [stack: 0x000000d16d700000,0x000000d16d800000] [id=19396]
  0x000001d892cd5000 ConcurrentGCThread "G1 Refine#2" [stack: 0x000000d16eb00000,0x000000d16ec00000] [id=6288]
  0x000001d892cd6000 ConcurrentGCThread "G1 Refine#3" [stack: 0x000000d16ec00000,0x000000d16ed00000] [id=11360]
  0x000001d8ffa70000 ConcurrentGCThread "G1 Young RemSet Sampling" [stack: 0x000000d16c300000,0x000000d16c400000] [id=13216]

Threads with active compile tasks:
C2 CompilerThread0  23004 13321       4       java.lang.String::split (324 bytes)
C2 CompilerThread1  23004 13777       4       java.util.zip.ZipFile$Source::getEntryPos (206 bytes)
C2 CompilerThread2  23004 13470       4       org.gradle.internal.instantiation.generator.AbstractClassGenerator::inspectType (560 bytes)

VM state:at safepoint (normal execution)

VM Mutex/Monitor currently owned by a thread:  ([mutex/lock_event])
[0x000001d8f4309e00] Threads_lock - owner thread: 0x000001d88f805800
[0x000001d8f43096b0] Heap_lock - owner thread: 0x000001d897c79000

OutOfMemory and StackOverflow Exception counts:
OutOfMemoryError java_heap_errors=1
LinkageErrors=164

Heap address: 0x0000000080000000, size: 2048 MB, Compressed Oops mode: 32-bit
Narrow klass base: 0x0000000000000000, Narrow klass shift: 3
Compressed class space size: 1073741824 Address: 0x0000000100000000

Heap:
 garbage-first heap   total 273408K, used 118034K [0x0000000080000000, 0x0000000100000000)
  region size 1024K, 9 young (9216K), 9 survivors (9216K)
 Metaspace       used 103450K, capacity 105812K, committed 106280K, reserved 1146880K
  class space    used 12986K, capacity 13910K, committed 14168K, reserved 1048576K
Heap Regions: E=young(eden), S=young(survivor), O=old, HS=humongous(starts), HC=humongous(continues), CS=collection set, F=free, A=archive, TAMS=top-at-mark-start (previous, next)
|   0|0x0000000080000000, 0x0000000080100000, 0x0000000080100000|100%| O|  |TAMS 0x0000000080100000, 0x0000000080100000| Untracked 
|   1|0x0000000080100000, 0x0000000080200000, 0x0000000080200000|100%| O|  |TAMS 0x0000000080200000, 0x0000000080200000| Untracked 
|   2|0x0000000080200000, 0x0000000080300000, 0x0000000080300000|100%| O|  |TAMS 0x0000000080300000, 0x0000000080300000| Untracked 
|   3|0x0000000080300000, 0x0000000080400000, 0x0000000080400000|100%|HS|  |TAMS 0x0000000080400000, 0x0000000080400000| Complete 
|   4|0x0000000080400000, 0x0000000080500000, 0x0000000080500000|100%|HC|  |TAMS 0x0000000080500000, 0x0000000080500000| Complete 
|   5|0x0000000080500000, 0x0000000080600000, 0x0000000080600000|100%|HC|  |TAMS 0x0000000080600000, 0x0000000080600000| Complete 
|   6|0x0000000080600000, 0x0000000080700000, 0x0000000080700000|100%| O|  |TAMS 0x0000000080700000, 0x0000000080700000| Untracked 
|   7|0x0000000080700000, 0x0000000080800000, 0x0000000080800000|100%| O|  |TAMS 0x0000000080800000, 0x0000000080800000| Untracked 
|   8|0x0000000080800000, 0x0000000080900000, 0x0000000080900000|100%| O|  |TAMS 0x0000000080900000, 0x0000000080900000| Untracked 
|   9|0x0000000080900000, 0x0000000080a00000, 0x0000000080a00000|100%| O|  |TAMS 0x0000000080a00000, 0x0000000080a00000| Untracked 
|  10|0x0000000080a00000, 0x0000000080b00000, 0x0000000080b00000|100%| O|  |TAMS 0x0000000080b00000, 0x0000000080b00000| Untracked 
|  11|0x0000000080b00000, 0x0000000080c00000, 0x0000000080c00000|100%| O|  |TAMS 0x0000000080c00000, 0x0000000080c00000| Untracked 
|  12|0x0000000080c00000, 0x0000000080d00000, 0x0000000080d00000|100%| O|  |TAMS 0x0000000080d00000, 0x0000000080d00000| Untracked 
|  13|0x0000000080d00000, 0x0000000080e00000, 0x0000000080e00000|100%| O|  |TAMS 0x0000000080e00000, 0x0000000080e00000| Untracked 
|  14|0x0000000080e00000, 0x0000000080f00000, 0x0000000080f00000|100%| O|  |TAMS 0x0000000080f00000, 0x0000000080f00000| Untracked 
|  15|0x0000000080f00000, 0x0000000081000000, 0x0000000081000000|100%| O|  |TAMS 0x0000000081000000, 0x0000000081000000| Untracked 
|  16|0x0000000081000000, 0x0000000081100000, 0x0000000081100000|100%|HS|  |TAMS 0x0000000081100000, 0x0000000081100000| Complete 
|  17|0x0000000081100000, 0x0000000081200000, 0x0000000081200000|100%| O|  |TAMS 0x0000000081200000, 0x0000000081200000| Untracked 
|  18|0x0000000081200000, 0x0000000081300000, 0x0000000081300000|100%| O|  |TAMS 0x0000000081300000, 0x0000000081300000| Untracked 
|  19|0x0000000081300000, 0x0000000081400000, 0x0000000081400000|100%| O|  |TAMS 0x0000000081400000, 0x0000000081400000| Untracked 
|  20|0x0000000081400000, 0x0000000081500000, 0x0000000081500000|100%| O|  |TAMS 0x0000000081500000, 0x0000000081500000| Untracked 
|  21|0x0000000081500000, 0x0000000081600000, 0x0000000081600000|100%| O|  |TAMS 0x0000000081600000, 0x0000000081600000| Untracked 
|  22|0x0000000081600000, 0x0000000081700000, 0x0000000081700000|100%| O|  |TAMS 0x0000000081700000, 0x0000000081700000| Untracked 
|  23|0x0000000081700000, 0x0000000081800000, 0x0000000081800000|100%| O|  |TAMS 0x0000000081800000, 0x0000000081800000| Untracked 
|  24|0x0000000081800000, 0x0000000081900000, 0x0000000081900000|100%| O|  |TAMS 0x0000000081900000, 0x0000000081900000| Untracked 
|  25|0x0000000081900000, 0x0000000081a00000, 0x0000000081a00000|100%| O|  |TAMS 0x0000000081a00000, 0x0000000081a00000| Untracked 
|  26|0x0000000081a00000, 0x0000000081b00000, 0x0000000081b00000|100%| O|  |TAMS 0x0000000081b00000, 0x0000000081b00000| Untracked 
|  27|0x0000000081b00000, 0x0000000081c00000, 0x0000000081c00000|100%| O|  |TAMS 0x0000000081c00000, 0x0000000081c00000| Untracked 
|  28|0x0000000081c00000, 0x0000000081d00000, 0x0000000081d00000|100%|HS|  |TAMS 0x0000000081d00000, 0x0000000081d00000| Complete 
|  29|0x0000000081d00000, 0x0000000081e00000, 0x0000000081e00000|100%| O|  |TAMS 0x0000000081e00000, 0x0000000081e00000| Untracked 
|  30|0x0000000081e00000, 0x0000000081f00000, 0x0000000081f00000|100%|HS|  |TAMS 0x0000000081f00000, 0x0000000081f00000| Complete 
|  31|0x0000000081f00000, 0x0000000082000000, 0x0000000082000000|100%|HC|  |TAMS 0x0000000082000000, 0x0000000082000000| Complete 
|  32|0x0000000082000000, 0x0000000082100000, 0x0000000082100000|100%| O|  |TAMS 0x0000000082100000, 0x0000000082100000| Untracked 
|  33|0x0000000082100000, 0x0000000082200000, 0x0000000082200000|100%| O|  |TAMS 0x0000000082200000, 0x0000000082200000| Untracked 
|  34|0x0000000082200000, 0x0000000082300000, 0x0000000082300000|100%| O|  |TAMS 0x0000000082300000, 0x0000000082300000| Untracked 
|  35|0x0000000082300000, 0x0000000082400000, 0x0000000082400000|100%| O|  |TAMS 0x0000000082400000, 0x0000000082400000| Untracked 
|  36|0x0000000082400000, 0x0000000082500000, 0x0000000082500000|100%| O|  |TAMS 0x0000000082500000, 0x0000000082500000| Untracked 
|  37|0x0000000082500000, 0x0000000082600000, 0x0000000082600000|100%| O|  |TAMS 0x0000000082600000, 0x0000000082600000| Untracked 
|  38|0x0000000082600000, 0x0000000082700000, 0x0000000082700000|100%| O|  |TAMS 0x0000000082700000, 0x0000000082700000| Untracked 
|  39|0x0000000082700000, 0x0000000082800000, 0x0000000082800000|100%| O|  |TAMS 0x0000000082800000, 0x0000000082800000| Untracked 
|  40|0x0000000082800000, 0x0000000082900000, 0x0000000082900000|100%| O|  |TAMS 0x0000000082900000, 0x0000000082900000| Untracked 
|  41|0x0000000082900000, 0x0000000082a00000, 0x0000000082a00000|100%| O|  |TAMS 0x0000000082a00000, 0x0000000082a00000| Untracked 
|  42|0x0000000082a00000, 0x0000000082b00000, 0x0000000082b00000|100%| O|  |TAMS 0x0000000082b00000, 0x0000000082b00000| Untracked 
|  43|0x0000000082b00000, 0x0000000082c00000, 0x0000000082c00000|100%| O|  |TAMS 0x0000000082c00000, 0x0000000082c00000| Untracked 
|  44|0x0000000082c00000, 0x0000000082d00000, 0x0000000082d00000|100%| O|  |TAMS 0x0000000082d00000, 0x0000000082d00000| Untracked 
|  45|0x0000000082d00000, 0x0000000082e00000, 0x0000000082e00000|100%| O|  |TAMS 0x0000000082e00000, 0x0000000082e00000| Untracked 
|  46|0x0000000082e00000, 0x0000000082f00000, 0x0000000082f00000|100%| O|  |TAMS 0x0000000082f00000, 0x0000000082f00000| Untracked 
|  47|0x0000000082f00000, 0x0000000083000000, 0x0000000083000000|100%| O|  |TAMS 0x0000000083000000, 0x0000000083000000| Untracked 
|  48|0x0000000083000000, 0x0000000083100000, 0x0000000083100000|100%| O|  |TAMS 0x0000000083100000, 0x0000000083100000| Untracked 
|  49|0x0000000083100000, 0x0000000083200000, 0x0000000083200000|100%| O|  |TAMS 0x0000000083200000, 0x0000000083200000| Untracked 
|  50|0x0000000083200000, 0x0000000083300000, 0x0000000083300000|100%| O|  |TAMS 0x0000000083300000, 0x0000000083300000| Untracked 
|  51|0x0000000083300000, 0x0000000083400000, 0x0000000083400000|100%| O|  |TAMS 0x0000000083400000, 0x0000000083400000| Untracked 
|  52|0x0000000083400000, 0x0000000083500000, 0x0000000083500000|100%| O|  |TAMS 0x0000000083500000, 0x0000000083500000| Untracked 
|  53|0x0000000083500000, 0x0000000083600000, 0x0000000083600000|100%| O|  |TAMS 0x0000000083600000, 0x0000000083600000| Untracked 
|  54|0x0000000083600000, 0x0000000083700000, 0x0000000083700000|100%| O|  |TAMS 0x0000000083700000, 0x0000000083700000| Untracked 
|  55|0x0000000083700000, 0x0000000083800000, 0x0000000083800000|100%| O|  |TAMS 0x0000000083800000, 0x0000000083800000| Untracked 
|  56|0x0000000083800000, 0x0000000083900000, 0x0000000083900000|100%| O|  |TAMS 0x0000000083900000, 0x0000000083900000| Untracked 
|  57|0x0000000083900000, 0x0000000083a00000, 0x0000000083a00000|100%| O|  |TAMS 0x0000000083a00000, 0x0000000083a00000| Untracked 
|  58|0x0000000083a00000, 0x0000000083b00000, 0x0000000083b00000|100%| O|  |TAMS 0x0000000083b00000, 0x0000000083b00000| Untracked 
|  59|0x0000000083b00000, 0x0000000083c00000, 0x0000000083c00000|100%| O|  |TAMS 0x0000000083c00000, 0x0000000083c00000| Untracked 
|  60|0x0000000083c00000, 0x0000000083d00000, 0x0000000083d00000|100%| O|  |TAMS 0x0000000083d00000, 0x0000000083d00000| Untracked 
|  61|0x0000000083d00000, 0x0000000083e00000, 0x0000000083e00000|100%| O|  |TAMS 0x0000000083e00000, 0x0000000083e00000| Untracked 
|  62|0x0000000083e00000, 0x0000000083f00000, 0x0000000083f00000|100%| O|  |TAMS 0x0000000083f00000, 0x0000000083f00000| Untracked 
|  63|0x0000000083f00000, 0x0000000084000000, 0x0000000084000000|100%| O|  |TAMS 0x0000000084000000, 0x0000000084000000| Untracked 
|  64|0x0000000084000000, 0x0000000084100000, 0x0000000084100000|100%| O|  |TAMS 0x0000000084100000, 0x0000000084100000| Untracked 
|  65|0x0000000084100000, 0x0000000084200000, 0x0000000084200000|100%| O|  |TAMS 0x0000000084200000, 0x0000000084200000| Untracked 
|  66|0x0000000084200000, 0x0000000084300000, 0x0000000084300000|100%| O|  |TAMS 0x0000000084300000, 0x0000000084300000| Untracked 
|  67|0x0000000084300000, 0x0000000084400000, 0x0000000084400000|100%| O|  |TAMS 0x0000000084400000, 0x0000000084400000| Untracked 
|  68|0x0000000084400000, 0x0000000084500000, 0x0000000084500000|100%| O|  |TAMS 0x0000000084500000, 0x0000000084500000| Untracked 
|  69|0x0000000084500000, 0x0000000084600000, 0x0000000084600000|100%| O|  |TAMS 0x0000000084600000, 0x0000000084600000| Untracked 
|  70|0x0000000084600000, 0x0000000084700000, 0x0000000084700000|100%| O|  |TAMS 0x0000000084700000, 0x0000000084700000| Untracked 
|  71|0x0000000084700000, 0x0000000084800000, 0x0000000084800000|100%| O|  |TAMS 0x0000000084800000, 0x0000000084800000| Untracked 
|  72|0x0000000084800000, 0x0000000084900000, 0x0000000084900000|100%| O|  |TAMS 0x0000000084800000, 0x0000000084900000| Untracked 
|  73|0x0000000084900000, 0x0000000084a00000, 0x0000000084a00000|100%| O|  |TAMS 0x0000000084a00000, 0x0000000084a00000| Untracked 
|  74|0x0000000084a00000, 0x0000000084b00000, 0x0000000084b00000|100%| O|  |TAMS 0x0000000084b00000, 0x0000000084b00000| Untracked 
|  75|0x0000000084b00000, 0x0000000084c00000, 0x0000000084c00000|100%| O|  |TAMS 0x0000000084c00000, 0x0000000084c00000| Untracked 
|  76|0x0000000084c00000, 0x0000000084d00000, 0x0000000084d00000|100%| O|  |TAMS 0x0000000084d00000, 0x0000000084d00000| Untracked 
|  77|0x0000000084d00000, 0x0000000084e00000, 0x0000000084e00000|100%| O|  |TAMS 0x0000000084dafe00, 0x0000000084e00000| Untracked 
|  78|0x0000000084e00000, 0x0000000084f00000, 0x0000000084f00000|100%| O|  |TAMS 0x0000000084e00000, 0x0000000084f00000| Untracked 
|  79|0x0000000084f00000, 0x0000000085000000, 0x0000000085000000|100%| O|  |TAMS 0x0000000084f00000, 0x0000000085000000| Untracked 
|  80|0x0000000085000000, 0x0000000085100000, 0x0000000085100000|100%| O|  |TAMS 0x0000000085000000, 0x0000000085100000| Untracked 
|  81|0x0000000085100000, 0x0000000085200000, 0x0000000085200000|100%| O|  |TAMS 0x0000000085100000, 0x0000000085200000| Untracked 
|  82|0x0000000085200000, 0x0000000085300000, 0x0000000085300000|100%| O|  |TAMS 0x0000000085200000, 0x0000000085300000| Untracked 
|  83|0x0000000085300000, 0x0000000085400000, 0x0000000085400000|100%| O|  |TAMS 0x0000000085300000, 0x0000000085400000| Untracked 
|  84|0x0000000085400000, 0x0000000085500000, 0x0000000085500000|100%| O|  |TAMS 0x0000000085500000, 0x0000000085500000| Untracked 
|  85|0x0000000085500000, 0x0000000085600000, 0x0000000085600000|100%| O|  |TAMS 0x0000000085500000, 0x0000000085600000| Untracked 
|  86|0x0000000085600000, 0x0000000085700000, 0x0000000085700000|100%| O|  |TAMS 0x0000000085600000, 0x0000000085700000| Untracked 
|  87|0x0000000085700000, 0x0000000085800000, 0x0000000085800000|100%| O|  |TAMS 0x0000000085700000, 0x0000000085800000| Untracked 
|  88|0x0000000085800000, 0x0000000085900000, 0x0000000085900000|100%| O|  |TAMS 0x0000000085800000, 0x0000000085900000| Untracked 
|  89|0x0000000085900000, 0x0000000085a00000, 0x0000000085a00000|100%| O|  |TAMS 0x0000000085900000, 0x0000000085a00000| Untracked 
|  90|0x0000000085a00000, 0x0000000085b00000, 0x0000000085b00000|100%| O|  |TAMS 0x0000000085b00000, 0x0000000085b00000| Untracked 
|  91|0x0000000085b00000, 0x0000000085c00000, 0x0000000085c00000|100%|HS|  |TAMS 0x0000000085b00000, 0x0000000085c00000| Complete 
|  92|0x0000000085c00000, 0x0000000085d00000, 0x0000000085d00000|100%|HC|  |TAMS 0x0000000085c00000, 0x0000000085d00000| Complete 
|  93|0x0000000085d00000, 0x0000000085e00000, 0x0000000085e00000|100%| O|  |TAMS 0x0000000085e00000, 0x0000000085e00000| Untracked 
|  94|0x0000000085e00000, 0x0000000085f00000, 0x0000000085f00000|100%| O|  |TAMS 0x0000000085e00000, 0x0000000085f00000| Untracked 
|  95|0x0000000085f00000, 0x0000000086000000, 0x0000000086000000|100%| O|  |TAMS 0x0000000085f00000, 0x0000000086000000| Untracked 
|  96|0x0000000086000000, 0x0000000086100000, 0x0000000086100000|100%| O|  |TAMS 0x0000000086000000, 0x0000000086100000| Untracked 
|  97|0x0000000086100000, 0x0000000086200000, 0x0000000086200000|100%| O|  |TAMS 0x0000000086100000, 0x0000000086200000| Untracked 
|  98|0x0000000086200000, 0x0000000086300000, 0x0000000086300000|100%| O|  |TAMS 0x0000000086200000, 0x0000000086300000| Untracked 
|  99|0x0000000086300000, 0x0000000086400000, 0x0000000086400000|100%| O|  |TAMS 0x0000000086300000, 0x0000000086400000| Untracked 
| 100|0x0000000086400000, 0x0000000086500000, 0x0000000086500000|100%| O|  |TAMS 0x0000000086400000, 0x0000000086500000| Untracked 
| 101|0x0000000086500000, 0x0000000086600000, 0x0000000086600000|100%| O|  |TAMS 0x0000000086500000, 0x0000000086600000| Untracked 
| 102|0x0000000086600000, 0x0000000086700000, 0x0000000086700000|100%| O|  |TAMS 0x0000000086600000, 0x0000000086700000| Untracked 
| 103|0x0000000086700000, 0x0000000086744800, 0x0000000086800000| 26%| O|  |TAMS 0x0000000086700000, 0x0000000086744800| Untracked 
| 104|0x0000000086800000, 0x0000000086900000, 0x0000000086900000|100%| O|  |TAMS 0x0000000086800000, 0x0000000086900000| Untracked 
| 105|0x0000000086900000, 0x0000000086a00000, 0x0000000086a00000|100%| O|  |TAMS 0x0000000086900000, 0x0000000086a00000| Untracked 
| 106|0x0000000086a00000, 0x0000000086a00000, 0x0000000086b00000|  0%| F|  |TAMS 0x0000000086a00000, 0x0000000086a00000| Untracked 
| 107|0x0000000086b00000, 0x0000000086b00000, 0x0000000086c00000|  0%| F|  |TAMS 0x0000000086b00000, 0x0000000086b00000| Untracked 
| 108|0x0000000086c00000, 0x0000000086c00000, 0x0000000086d00000|  0%| F|  |TAMS 0x0000000086c00000, 0x0000000086c00000| Untracked 
| 109|0x0000000086d00000, 0x0000000086d00000, 0x0000000086e00000|  0%| F|  |TAMS 0x0000000086d00000, 0x0000000086d00000| Untracked 
| 110|0x0000000086e00000, 0x0000000086e00000, 0x0000000086f00000|  0%| F|  |TAMS 0x0000000086e00000, 0x0000000086e00000| Untracked 
| 111|0x0000000086f00000, 0x0000000086f00000, 0x0000000087000000|  0%| F|  |TAMS 0x0000000086f00000, 0x0000000086f00000| Untracked 
| 112|0x0000000087000000, 0x0000000087000000, 0x0000000087100000|  0%| F|  |TAMS 0x0000000087000000, 0x0000000087000000| Untracked 
| 113|0x0000000087100000, 0x0000000087100000, 0x0000000087200000|  0%| F|  |TAMS 0x0000000087100000, 0x0000000087100000| Untracked 
| 114|0x0000000087200000, 0x0000000087200000, 0x0000000087300000|  0%| F|  |TAMS 0x0000000087200000, 0x0000000087200000| Untracked 
| 115|0x0000000087300000, 0x0000000087300000, 0x0000000087400000|  0%| F|  |TAMS 0x0000000087300000, 0x0000000087300000| Untracked 
| 116|0x0000000087400000, 0x0000000087500000, 0x0000000087500000|100%| O|  |TAMS 0x0000000087500000, 0x0000000087500000| Untracked 
| 117|0x0000000087500000, 0x0000000087500000, 0x0000000087600000|  0%| F|  |TAMS 0x0000000087500000, 0x0000000087500000| Untracked 
| 118|0x0000000087600000, 0x0000000087600000, 0x0000000087700000|  0%| F|  |TAMS 0x0000000087600000, 0x0000000087600000| Untracked 
| 119|0x0000000087700000, 0x0000000087700000, 0x0000000087800000|  0%| F|  |TAMS 0x0000000087700000, 0x0000000087700000| Untracked 
| 120|0x0000000087800000, 0x0000000087800000, 0x0000000087900000|  0%| F|  |TAMS 0x0000000087800000, 0x0000000087800000| Untracked 
| 121|0x0000000087900000, 0x0000000087900000, 0x0000000087a00000|  0%| F|  |TAMS 0x0000000087900000, 0x0000000087900000| Untracked 
| 122|0x0000000087a00000, 0x0000000087a00000, 0x0000000087b00000|  0%| F|  |TAMS 0x0000000087a00000, 0x0000000087a00000| Untracked 
| 123|0x0000000087b00000, 0x0000000087b00000, 0x0000000087c00000|  0%| F|  |TAMS 0x0000000087b00000, 0x0000000087b00000| Untracked 
| 124|0x0000000087c00000, 0x0000000087c00000, 0x0000000087d00000|  0%| F|  |TAMS 0x0000000087c00000, 0x0000000087c00000| Untracked 
| 125|0x0000000087d00000, 0x0000000087d00000, 0x0000000087e00000|  0%| F|  |TAMS 0x0000000087d00000, 0x0000000087d00000| Untracked 
| 126|0x0000000087e00000, 0x0000000087e00000, 0x0000000087f00000|  0%| F|  |TAMS 0x0000000087e00000, 0x0000000087e00000| Untracked 
| 127|0x0000000087f00000, 0x0000000087f00000, 0x0000000088000000|  0%| F|  |TAMS 0x0000000087f00000, 0x0000000087f00000| Untracked 
| 128|0x0000000088000000, 0x0000000088000000, 0x0000000088100000|  0%| F|  |TAMS 0x0000000088000000, 0x0000000088000000| Untracked 
| 129|0x0000000088100000, 0x0000000088100000, 0x0000000088200000|  0%| F|  |TAMS 0x0000000088100000, 0x0000000088100000| Untracked 
| 130|0x0000000088200000, 0x0000000088200000, 0x0000000088300000|  0%| F|  |TAMS 0x0000000088200000, 0x0000000088200000| Untracked 
| 131|0x0000000088300000, 0x0000000088300000, 0x0000000088400000|  0%| F|  |TAMS 0x0000000088300000, 0x0000000088300000| Untracked 
| 132|0x0000000088400000, 0x0000000088400000, 0x0000000088500000|  0%| F|  |TAMS 0x0000000088400000, 0x0000000088400000| Untracked 
| 133|0x0000000088500000, 0x0000000088500000, 0x0000000088600000|  0%| F|  |TAMS 0x0000000088500000, 0x0000000088500000| Untracked 
| 134|0x0000000088600000, 0x0000000088600000, 0x0000000088700000|  0%| F|  |TAMS 0x0000000088600000, 0x0000000088600000| Untracked 
| 135|0x0000000088700000, 0x0000000088700000, 0x0000000088800000|  0%| F|  |TAMS 0x0000000088700000, 0x0000000088700000| Untracked 
| 136|0x0000000088800000, 0x0000000088800000, 0x0000000088900000|  0%| F|  |TAMS 0x0000000088800000, 0x0000000088800000| Untracked 
| 137|0x0000000088900000, 0x0000000088900000, 0x0000000088a00000|  0%| F|  |TAMS 0x0000000088900000, 0x0000000088900000| Untracked 
| 138|0x0000000088a00000, 0x0000000088a00000, 0x0000000088b00000|  0%| F|  |TAMS 0x0000000088a00000, 0x0000000088a00000| Untracked 
| 139|0x0000000088b00000, 0x0000000088b00000, 0x0000000088c00000|  0%| F|  |TAMS 0x0000000088b00000, 0x0000000088b00000| Untracked 
| 140|0x0000000088c00000, 0x0000000088c00000, 0x0000000088d00000|  0%| F|  |TAMS 0x0000000088c00000, 0x0000000088c00000| Untracked 
| 141|0x0000000088d00000, 0x0000000088d00000, 0x0000000088e00000|  0%| F|  |TAMS 0x0000000088d00000, 0x0000000088d00000| Untracked 
| 142|0x0000000088e00000, 0x0000000088e00000, 0x0000000088f00000|  0%| F|  |TAMS 0x0000000088e00000, 0x0000000088e00000| Untracked 
| 143|0x0000000088f00000, 0x0000000088f00000, 0x0000000089000000|  0%| F|  |TAMS 0x0000000088f00000, 0x0000000088f00000| Untracked 
| 144|0x0000000089000000, 0x0000000089000000, 0x0000000089100000|  0%| F|  |TAMS 0x0000000089000000, 0x0000000089000000| Untracked 
| 145|0x0000000089100000, 0x0000000089100000, 0x0000000089200000|  0%| F|  |TAMS 0x0000000089100000, 0x0000000089100000| Untracked 
| 146|0x0000000089200000, 0x0000000089200000, 0x0000000089300000|  0%| F|  |TAMS 0x0000000089200000, 0x0000000089200000| Untracked 
| 147|0x0000000089300000, 0x0000000089300000, 0x0000000089400000|  0%| F|  |TAMS 0x0000000089300000, 0x0000000089300000| Untracked 
| 148|0x0000000089400000, 0x0000000089400000, 0x0000000089500000|  0%| F|  |TAMS 0x0000000089400000, 0x0000000089400000| Untracked 
| 149|0x0000000089500000, 0x0000000089500000, 0x0000000089600000|  0%| F|  |TAMS 0x0000000089500000, 0x0000000089500000| Untracked 
| 150|0x0000000089600000, 0x0000000089600000, 0x0000000089700000|  0%| F|  |TAMS 0x0000000089600000, 0x0000000089600000| Untracked 
| 151|0x0000000089700000, 0x0000000089700000, 0x0000000089800000|  0%| F|  |TAMS 0x0000000089700000, 0x0000000089700000| Untracked 
| 152|0x0000000089800000, 0x0000000089800000, 0x0000000089900000|  0%| F|  |TAMS 0x0000000089800000, 0x0000000089800000| Untracked 
| 153|0x0000000089900000, 0x0000000089900000, 0x0000000089a00000|  0%| F|  |TAMS 0x0000000089900000, 0x0000000089900000| Untracked 
| 154|0x0000000089a00000, 0x0000000089a00000, 0x0000000089b00000|  0%| F|  |TAMS 0x0000000089a00000, 0x0000000089a00000| Untracked 
| 155|0x0000000089b00000, 0x0000000089b00000, 0x0000000089c00000|  0%| F|  |TAMS 0x0000000089b00000, 0x0000000089b00000| Untracked 
| 156|0x0000000089c00000, 0x0000000089c00000, 0x0000000089d00000|  0%| F|  |TAMS 0x0000000089c00000, 0x0000000089c00000| Untracked 
| 157|0x0000000089d00000, 0x0000000089d00000, 0x0000000089e00000|  0%| F|  |TAMS 0x0000000089d00000, 0x0000000089d00000| Untracked 
| 158|0x0000000089e00000, 0x0000000089e00000, 0x0000000089f00000|  0%| F|  |TAMS 0x0000000089e00000, 0x0000000089e00000| Untracked 
| 159|0x0000000089f00000, 0x0000000089f00000, 0x000000008a000000|  0%| F|  |TAMS 0x0000000089f00000, 0x0000000089f00000| Untracked 
| 160|0x000000008a000000, 0x000000008a000000, 0x000000008a100000|  0%| F|  |TAMS 0x000000008a000000, 0x000000008a000000| Untracked 
| 161|0x000000008a100000, 0x000000008a100000, 0x000000008a200000|  0%| F|  |TAMS 0x000000008a100000, 0x000000008a100000| Untracked 
| 162|0x000000008a200000, 0x000000008a200000, 0x000000008a300000|  0%| F|  |TAMS 0x000000008a200000, 0x000000008a200000| Untracked 
| 163|0x000000008a300000, 0x000000008a300000, 0x000000008a400000|  0%| F|  |TAMS 0x000000008a300000, 0x000000008a300000| Untracked 
| 164|0x000000008a400000, 0x000000008a500000, 0x000000008a500000|100%| S|CS|TAMS 0x000000008a400000, 0x000000008a400000| Complete 
| 165|0x000000008a500000, 0x000000008a600000, 0x000000008a600000|100%| S|CS|TAMS 0x000000008a500000, 0x000000008a500000| Complete 
| 166|0x000000008a600000, 0x000000008a700000, 0x000000008a700000|100%| S|CS|TAMS 0x000000008a600000, 0x000000008a600000| Complete 
| 167|0x000000008a700000, 0x000000008a800000, 0x000000008a800000|100%| S|CS|TAMS 0x000000008a700000, 0x000000008a700000| Complete 
| 168|0x000000008a800000, 0x000000008a900000, 0x000000008a900000|100%| S|CS|TAMS 0x000000008a800000, 0x000000008a800000| Complete 
| 169|0x000000008a900000, 0x000000008aa00000, 0x000000008aa00000|100%| S|CS|TAMS 0x000000008a900000, 0x000000008a900000| Complete 
| 170|0x000000008aa00000, 0x000000008ab00000, 0x000000008ab00000|100%| S|CS|TAMS 0x000000008aa00000, 0x000000008aa00000| Complete 
| 171|0x000000008ab00000, 0x000000008ac00000, 0x000000008ac00000|100%| S|CS|TAMS 0x000000008ab00000, 0x000000008ab00000| Complete 
| 172|0x000000008ac00000, 0x000000008ad00000, 0x000000008ad00000|100%| S|CS|TAMS 0x000000008ac00000, 0x000000008ac00000| Complete 
| 173|0x000000008ad00000, 0x000000008ad00000, 0x000000008ae00000|  0%| F|  |TAMS 0x000000008ad00000, 0x000000008ad00000| Untracked 
| 174|0x000000008ae00000, 0x000000008ae00000, 0x000000008af00000|  0%| F|  |TAMS 0x000000008ae00000, 0x000000008ae00000| Untracked 
| 175|0x000000008af00000, 0x000000008af00000, 0x000000008b000000|  0%| F|  |TAMS 0x000000008af00000, 0x000000008af00000| Untracked 
| 176|0x000000008b000000, 0x000000008b000000, 0x000000008b100000|  0%| F|  |TAMS 0x000000008b000000, 0x000000008b000000| Untracked 
| 177|0x000000008b100000, 0x000000008b100000, 0x000000008b200000|  0%| F|  |TAMS 0x000000008b100000, 0x000000008b100000| Untracked 
| 178|0x000000008b200000, 0x000000008b200000, 0x000000008b300000|  0%| F|  |TAMS 0x000000008b200000, 0x000000008b200000| Untracked 
| 179|0x000000008b300000, 0x000000008b300000, 0x000000008b400000|  0%| F|  |TAMS 0x000000008b300000, 0x000000008b300000| Untracked 
| 180|0x000000008b400000, 0x000000008b400000, 0x000000008b500000|  0%| F|  |TAMS 0x000000008b400000, 0x000000008b400000| Untracked 
| 181|0x000000008b500000, 0x000000008b500000, 0x000000008b600000|  0%| F|  |TAMS 0x000000008b500000, 0x000000008b500000| Untracked 
| 182|0x000000008b600000, 0x000000008b600000, 0x000000008b700000|  0%| F|  |TAMS 0x000000008b600000, 0x000000008b600000| Untracked 
| 183|0x000000008b700000, 0x000000008b700000, 0x000000008b800000|  0%| F|  |TAMS 0x000000008b700000, 0x000000008b700000| Untracked 
| 184|0x000000008b800000, 0x000000008b800000, 0x000000008b900000|  0%| F|  |TAMS 0x000000008b800000, 0x000000008b800000| Untracked 
| 185|0x000000008b900000, 0x000000008b900000, 0x000000008ba00000|  0%| F|  |TAMS 0x000000008b900000, 0x000000008b900000| Untracked 
| 186|0x000000008ba00000, 0x000000008ba00000, 0x000000008bb00000|  0%| F|  |TAMS 0x000000008ba00000, 0x000000008ba00000| Untracked 
| 187|0x000000008bb00000, 0x000000008bb00000, 0x000000008bc00000|  0%| F|  |TAMS 0x000000008bb00000, 0x000000008bb00000| Untracked 
| 188|0x000000008bc00000, 0x000000008bc00000, 0x000000008bd00000|  0%| F|  |TAMS 0x000000008bc00000, 0x000000008bc00000| Untracked 
| 189|0x000000008bd00000, 0x000000008bd00000, 0x000000008be00000|  0%| F|  |TAMS 0x000000008bd00000, 0x000000008bd00000| Untracked 
| 190|0x000000008be00000, 0x000000008be00000, 0x000000008bf00000|  0%| F|  |TAMS 0x000000008be00000, 0x000000008be00000| Untracked 
| 191|0x000000008bf00000, 0x000000008bf00000, 0x000000008c000000|  0%| F|  |TAMS 0x000000008bf00000, 0x000000008bf00000| Untracked 
| 192|0x000000008c000000, 0x000000008c000000, 0x000000008c100000|  0%| F|  |TAMS 0x000000008c000000, 0x000000008c000000| Untracked 
| 193|0x000000008c100000, 0x000000008c100000, 0x000000008c200000|  0%| F|  |TAMS 0x000000008c100000, 0x000000008c100000| Untracked 
| 194|0x000000008c200000, 0x000000008c200000, 0x000000008c300000|  0%| F|  |TAMS 0x000000008c200000, 0x000000008c200000| Untracked 
| 195|0x000000008c300000, 0x000000008c300000, 0x000000008c400000|  0%| F|  |TAMS 0x000000008c300000, 0x000000008c300000| Untracked 
| 196|0x000000008c400000, 0x000000008c400000, 0x000000008c500000|  0%| F|  |TAMS 0x000000008c400000, 0x000000008c400000| Untracked 
| 197|0x000000008c500000, 0x000000008c500000, 0x000000008c600000|  0%| F|  |TAMS 0x000000008c500000, 0x000000008c500000| Untracked 
| 198|0x000000008c600000, 0x000000008c600000, 0x000000008c700000|  0%| F|  |TAMS 0x000000008c600000, 0x000000008c600000| Untracked 
| 199|0x000000008c700000, 0x000000008c700000, 0x000000008c800000|  0%| F|  |TAMS 0x000000008c700000, 0x000000008c700000| Untracked 
| 200|0x000000008c800000, 0x000000008c800000, 0x000000008c900000|  0%| F|  |TAMS 0x000000008c800000, 0x000000008c800000| Untracked 
| 201|0x000000008c900000, 0x000000008c900000, 0x000000008ca00000|  0%| F|  |TAMS 0x000000008c900000, 0x000000008c900000| Untracked 
| 202|0x000000008ca00000, 0x000000008ca00000, 0x000000008cb00000|  0%| F|  |TAMS 0x000000008ca00000, 0x000000008ca00000| Untracked 
| 203|0x000000008cb00000, 0x000000008cb00000, 0x000000008cc00000|  0%| F|  |TAMS 0x000000008cb00000, 0x000000008cb00000| Untracked 
| 204|0x000000008cc00000, 0x000000008cc00000, 0x000000008cd00000|  0%| F|  |TAMS 0x000000008cc00000, 0x000000008cc00000| Untracked 
| 205|0x000000008cd00000, 0x000000008cd00000, 0x000000008ce00000|  0%| F|  |TAMS 0x000000008cd00000, 0x000000008cd00000| Untracked 
| 206|0x000000008ce00000, 0x000000008ce00000, 0x000000008cf00000|  0%| F|  |TAMS 0x000000008ce00000, 0x000000008ce00000| Untracked 
| 207|0x000000008cf00000, 0x000000008cf00000, 0x000000008d000000|  0%| F|  |TAMS 0x000000008cf00000, 0x000000008cf00000| Untracked 
| 208|0x000000008d000000, 0x000000008d000000, 0x000000008d100000|  0%| F|  |TAMS 0x000000008d000000, 0x000000008d000000| Untracked 
| 209|0x000000008d100000, 0x000000008d100000, 0x000000008d200000|  0%| F|  |TAMS 0x000000008d100000, 0x000000008d100000| Untracked 
| 210|0x000000008d200000, 0x000000008d200000, 0x000000008d300000|  0%| F|  |TAMS 0x000000008d200000, 0x000000008d200000| Untracked 
| 211|0x000000008d300000, 0x000000008d300000, 0x000000008d400000|  0%| F|  |TAMS 0x000000008d300000, 0x000000008d300000| Untracked 
| 212|0x000000008d400000, 0x000000008d400000, 0x000000008d500000|  0%| F|  |TAMS 0x000000008d400000, 0x000000008d400000| Untracked 
| 213|0x000000008d500000, 0x000000008d500000, 0x000000008d600000|  0%| F|  |TAMS 0x000000008d500000, 0x000000008d500000| Untracked 
| 214|0x000000008d600000, 0x000000008d600000, 0x000000008d700000|  0%| F|  |TAMS 0x000000008d600000, 0x000000008d600000| Untracked 
| 215|0x000000008d700000, 0x000000008d700000, 0x000000008d800000|  0%| F|  |TAMS 0x000000008d700000, 0x000000008d700000| Untracked 
| 216|0x000000008d800000, 0x000000008d800000, 0x000000008d900000|  0%| F|  |TAMS 0x000000008d800000, 0x000000008d800000| Untracked 
| 217|0x000000008d900000, 0x000000008d900000, 0x000000008da00000|  0%| F|  |TAMS 0x000000008d900000, 0x000000008d900000| Untracked 
| 218|0x000000008da00000, 0x000000008da00000, 0x000000008db00000|  0%| F|  |TAMS 0x000000008da00000, 0x000000008da00000| Untracked 
| 219|0x000000008db00000, 0x000000008db00000, 0x000000008dc00000|  0%| F|  |TAMS 0x000000008db00000, 0x000000008db00000| Untracked 

Card table byte_map: [0x000001d8f8780000,0x000001d8f8b80000] _byte_map_base: 0x000001d8f8380000

Marking Bits (Prev, Next): (CMBitMap*) 0x000001d8f4351938, (CMBitMap*) 0x000001d8f4351970
 Prev Bits: [0x000001d8f8f80000, 0x000001d8faf80000)
 Next Bits: [0x000001d8faf80000, 0x000001d8fcf80000)

Polling page: 0x000001d8f22c0000

Metaspace:

Usage:
  Non-class:     89.75 MB capacity,    88.34 MB ( 98%) used,     1.13 MB (  1%) free+waste,   284.31 KB ( <1%) overhead. 
      Class:     13.58 MB capacity,    12.68 MB ( 93%) used,   795.79 KB (  6%) free+waste,   127.56 KB ( <1%) overhead. 
       Both:    103.33 MB capacity,   101.03 MB ( 98%) used,     1.90 MB (  2%) free+waste,   411.88 KB ( <1%) overhead. 

Virtual space:
  Non-class space:       96.00 MB reserved,      89.95 MB ( 94%) committed 
      Class space:        1.00 GB reserved,      13.84 MB (  1%) committed 
             Both:        1.09 GB reserved,     103.79 MB (  9%) committed 

Chunk freelists:
   Non-Class:  210.00 KB
       Class:  138.00 KB
        Both:  348.00 KB

MaxMetaspaceSize: 17179869184.00 GB
CompressedClassSpaceSize: 1.00 GB
Initial GC threshold: 20.80 MB
Current GC threshold: 161.52 MB
CDS: off

CodeHeap 'non-profiled nmethods': size=120000Kb used=8326Kb max_used=8326Kb free=111674Kb
 bounds [0x000001d887ad0000, 0x000001d888300000, 0x000001d88f000000]
CodeHeap 'profiled nmethods': size=120000Kb used=28070Kb max_used=28070Kb free=91929Kb
 bounds [0x000001d8805a0000, 0x000001d882110000, 0x000001d887ad0000]
CodeHeap 'non-nmethods': size=5760Kb used=2400Kb max_used=2447Kb free=3359Kb
 bounds [0x000001d880000000, 0x000001d880270000, 0x000001d8805a0000]
 total_blobs=14404 nmethods=13477 adapters=839
 compilation: enabled
              stopped_count=0, restarted_count=0
 full_count=0

Compilation events (20 events):
Event: 22.924 Thread 0x000001d88f85c000 13769       3       com.android.tools.r8.utils.j$a::a (23 bytes)
Event: 22.924 Thread 0x000001d88f85c000 nmethod 13769 0x000001d8820edb90 code [0x000001d8820eddc0, 0x000001d8820ee678]
Event: 22.924 Thread 0x000001d88f85c000 13771       3       sun.nio.fs.WindowsChannelFactory$Flags::toFlags (320 bytes)
Event: 22.925 Thread 0x000001d88f85c000 nmethod 13771 0x000001d8820eea10 code [0x000001d8820eeda0, 0x000001d8820f05d8]
Event: 22.925 Thread 0x000001d88f85c000 13762   !   3       com.android.builder.dexing.D8DexArchiveBuilder::readAllBytes (17 bytes)
Event: 22.926 Thread 0x000001d88f85c000 nmethod 13762 0x000001d8820f0d10 code [0x000001d8820f0f40, 0x000001d8820f1528]
Event: 22.926 Thread 0x000001d88f85c000 13764       3       com.android.tools.r8.ProgramResource::fromBytes (13 bytes)
Event: 22.926 Thread 0x000001d88f85c000 nmethod 13764 0x000001d8820f1890 code [0x000001d8820f1a60, 0x000001d8820f1c68]
Event: 22.926 Thread 0x000001d88f85c000 13767       3       com.android.tools.r8.utils.j$a::a (15 bytes)
Event: 22.927 Thread 0x000001d88f85c000 nmethod 13767 0x000001d8820f1d90 code [0x000001d8820f1fa0, 0x000001d8820f2558]
Event: 22.927 Thread 0x000001d88f85c000 13765       3       com.android.tools.r8.ProgramResource$ByteResource::<init> (10 bytes)
Event: 22.927 Thread 0x000001d88f85c000 nmethod 13765 0x000001d8820f2790 code [0x000001d8820f2940, 0x000001d8820f2a68]
Event: 22.927 Thread 0x000001d88f85c000 13766       3       com.android.tools.r8.ProgramResource$ByteResource::<init> (46 bytes)
Event: 22.927 Thread 0x000001d88f85c000 nmethod 13766 0x000001d8820f2b10 code [0x000001d8820f2ce0, 0x000001d8820f2fb8]
Event: 22.927 Thread 0x000001d88f85c000 13770   !   3       sun.nio.fs.WindowsChannelFactory::open (447 bytes)
Event: 22.930 Thread 0x000001d88f85c000 nmethod 13770 0x000001d8820f3090 code [0x000001d8820f3480, 0x000001d8820f5318]
Event: 22.932 Thread 0x000001d88f85c000 13772       3       com.google.common.collect.MapMakerInternalMap$Segment::getEntry (80 bytes)
Event: 22.934 Thread 0x000001d88f85c000 nmethod 13772 0x000001d8820f5e10 code [0x000001d8820f6180, 0x000001d8820f7928]
Event: 22.943 Thread 0x000001d898ac8800 nmethod 13741% 0x000001d8882ecb10 code [0x000001d8882ecce0, 0x000001d8882edfd8]
Event: 22.943 Thread 0x000001d898ac8800 13743       4       sun.nio.fs.NativeBuffers::releaseNativeBuffer (97 bytes)

GC Heap History (20 events):
Event: 20.544 GC heap before
{Heap before GC invocations=30 (full 0):
 garbage-first heap   total 155648K, used 91674K [0x0000000080000000, 0x0000000100000000)
  region size 1024K, 7 young (7168K), 1 survivors (1024K)
 Metaspace       used 93750K, capacity 95957K, committed 96936K, reserved 1132544K
  class space    used 11878K, capacity 12710K, committed 13016K, reserved 1048576K
}
Event: 20.548 GC heap after
{Heap after GC invocations=31 (full 0):
 garbage-first heap   total 155648K, used 84343K [0x0000000080000000, 0x0000000100000000)
  region size 1024K, 1 young (1024K), 1 survivors (1024K)
 Metaspace       used 93750K, capacity 95957K, committed 96936K, reserved 1132544K
  class space    used 11878K, capacity 12710K, committed 13016K, reserved 1048576K
}
Event: 20.715 GC heap before
{Heap before GC invocations=31 (full 0):
 garbage-first heap   total 155648K, used 115063K [0x0000000080000000, 0x0000000100000000)
  region size 1024K, 31 young (31744K), 1 survivors (1024K)
 Metaspace       used 93998K, capacity 96245K, committed 97320K, reserved 1134592K
  class space    used 11883K, capacity 12742K, committed 13144K, reserved 1048576K
}
Event: 20.721 GC heap after
{Heap after GC invocations=32 (full 0):
 garbage-first heap   total 155648K, used 85289K [0x0000000080000000, 0x0000000100000000)
  region size 1024K, 2 young (2048K), 2 survivors (2048K)
 Metaspace       used 93998K, capacity 96245K, committed 97320K, reserved 1134592K
  class space    used 11883K, capacity 12742K, committed 13144K, reserved 1048576K
}
Event: 20.925 GC heap before
{Heap before GC invocations=33 (full 0):
 garbage-first heap   total 155648K, used 116009K [0x0000000080000000, 0x0000000100000000)
  region size 1024K, 33 young (33792K), 2 survivors (2048K)
 Metaspace       used 94909K, capacity 97077K, committed 98088K, reserved 1134592K
  class space    used 11966K, capacity 12807K, committed 13144K, reserved 1048576K
}
Event: 20.931 GC heap after
{Heap after GC invocations=34 (full 0):
 garbage-first heap   total 187392K, used 87286K [0x0000000080000000, 0x0000000100000000)
  region size 1024K, 4 young (4096K), 4 survivors (4096K)
 Metaspace       used 94909K, capacity 97077K, committed 98088K, reserved 1134592K
  class space    used 11966K, capacity 12807K, committed 13144K, reserved 1048576K
}
Event: 20.953 GC heap before
{Heap before GC invocations=34 (full 0):
 garbage-first heap   total 187392K, used 92406K [0x0000000080000000, 0x0000000100000000)
  region size 1024K, 9 young (9216K), 4 survivors (4096K)
 Metaspace       used 95048K, capacity 97249K, committed 98088K, reserved 1134592K
  class space    used 11987K, capacity 12841K, committed 13144K, reserved 1048576K
}
Event: 20.956 GC heap after
{Heap after GC invocations=35 (full 0):
 garbage-first heap   total 187392K, used 87540K [0x0000000080000000, 0x0000000100000000)
  region size 1024K, 1 young (1024K), 1 survivors (1024K)
 Metaspace       used 95048K, capacity 97249K, committed 98088K, reserved 1134592K
  class space    used 11987K, capacity 12841K, committed 13144K, reserved 1048576K
}
Event: 21.171 GC heap before
{Heap before GC invocations=35 (full 0):
 garbage-first heap   total 187392K, used 130548K [0x0000000080000000, 0x0000000100000000)
  region size 1024K, 44 young (45056K), 1 survivors (1024K)
 Metaspace       used 95956K, capacity 98166K, committed 99240K, reserved 1134592K
  class space    used 12073K, capacity 12908K, committed 13272K, reserved 1048576K
}
Event: 21.177 GC heap after
{Heap after GC invocations=36 (full 0):
 garbage-first heap   total 187392K, used 88970K [0x0000000080000000, 0x0000000100000000)
  region size 1024K, 3 young (3072K), 3 survivors (3072K)
 Metaspace       used 95956K, capacity 98166K, committed 99240K, reserved 1134592K
  class space    used 12073K, capacity 12908K, committed 13272K, reserved 1048576K
}
Event: 21.684 GC heap before
{Heap before GC invocations=37 (full 0):
 garbage-first heap   total 187392K, used 134026K [0x0000000080000000, 0x0000000100000000)
  region size 1024K, 48 young (49152K), 3 survivors (3072K)
 Metaspace       used 97949K, capacity 100206K, committed 101032K, reserved 1136640K
  class space    used 12313K, capacity 13177K, committed 13528K, reserved 1048576K
}
Event: 21.689 GC heap after
{Heap after GC invocations=38 (full 0):
 garbage-first heap   total 187392K, used 90010K [0x0000000080000000, 0x0000000100000000)
  region size 1024K, 4 young (4096K), 4 survivors (4096K)
 Metaspace       used 97949K, capacity 100206K, committed 101032K, reserved 1136640K
  class space    used 12313K, capacity 13177K, committed 13528K, reserved 1048576K
}
Event: 21.736 GC heap before
{Heap before GC invocations=38 (full 0):
 garbage-first heap   total 187392K, used 95130K [0x0000000080000000, 0x0000000100000000)
  region size 1024K, 9 young (9216K), 4 survivors (4096K)
 Metaspace       used 98317K, capacity 100558K, committed 101544K, reserved 1136640K
  class space    used 12358K, capacity 13209K, committed 13528K, reserved 1048576K
}
Event: 21.741 GC heap after
{Heap after GC invocations=39 (full 0):
 garbage-first heap   total 225280K, used 87128K [0x0000000080000000, 0x0000000100000000)
  region size 1024K, 1 young (1024K), 1 survivors (1024K)
 Metaspace       used 98317K, capacity 100558K, committed 101544K, reserved 1136640K
  class space    used 12358K, capacity 13209K, committed 13528K, reserved 1048576K
}
Event: 22.410 GC heap before
{Heap before GC invocations=39 (full 0):
 garbage-first heap   total 225280K, used 152664K [0x0000000080000000, 0x0000000100000000)
  region size 1024K, 66 young (67584K), 1 survivors (1024K)
 Metaspace       used 100670K, capacity 102827K, committed 103592K, reserved 1138688K
  class space    used 12625K, capacity 13470K, committed 13784K, reserved 1048576K
}
Event: 22.416 GC heap after
{Heap after GC invocations=40 (full 0):
 garbage-first heap   total 225280K, used 91845K [0x0000000080000000, 0x0000000100000000)
  region size 1024K, 6 young (6144K), 6 survivors (6144K)
 Metaspace       used 100670K, capacity 102827K, committed 103592K, reserved 1138688K
  class space    used 12625K, capacity 13470K, committed 13784K, reserved 1048576K
}
Event: 22.789 GC heap before
{Heap before GC invocations=40 (full 0):
 garbage-first heap   total 225280K, used 175813K [0x0000000080000000, 0x0000000100000000)
  region size 1024K, 72 young (73728K), 6 survivors (6144K)
 Metaspace       used 102087K, capacity 104386K, committed 105000K, reserved 1140736K
  class space    used 12795K, capacity 13665K, committed 13912K, reserved 1048576K
}
Event: 22.797 GC heap after
{Heap after GC invocations=41 (full 0):
 garbage-first heap   total 225280K, used 98897K [0x0000000080000000, 0x0000000100000000)
  region size 1024K, 5 young (5120K), 5 survivors (5120K)
 Metaspace       used 102087K, capacity 104386K, committed 105000K, reserved 1140736K
  class space    used 12795K, capacity 13665K, committed 13912K, reserved 1048576K
}
Event: 22.860 GC heap before
{Heap before GC invocations=41 (full 0):
 garbage-first heap   total 225280K, used 166481K [0x0000000080000000, 0x0000000100000000)
  region size 1024K, 72 young (73728K), 5 survivors (5120K)
 Metaspace       used 102230K, capacity 104533K, committed 105384K, reserved 1140736K
  class space    used 12816K, capacity 13716K, committed 14040K, reserved 1048576K
}
Event: 22.869 GC heap after
{Heap after GC invocations=42 (full 0):
 garbage-first heap   total 225280K, used 108226K [0x0000000080000000, 0x0000000100000000)
  region size 1024K, 9 young (9216K), 9 survivors (9216K)
 Metaspace       used 102230K, capacity 104533K, committed 105384K, reserved 1140736K
  class space    used 12816K, capacity 13716K, committed 14040K, reserved 1048576K
}

Deoptimization events (20 events):
Event: 22.762 Thread 0x000001d897c79000 DEOPT PACKING pc=0x000001d881dc2096 sp=0x000000d176cfa950
Event: 22.762 Thread 0x000001d897c79000 DEOPT UNPACKING pc=0x000001d88004a95e sp=0x000000d176cf9f28 mode 0
Event: 22.834 Thread 0x000001d891e0d800 Uncommon trap: trap_request=0xffffff7e fr.pc=0x000001d88806da48 relative=0x0000000000000188
Event: 22.837 Thread 0x000001d891e0d800 Uncommon trap: reason=predicate action=maybe_recompile pc=0x000001d88806da48 method=java.util.Collections.indexedBinarySearch(Ljava/util/List;Ljava/lang/Object;)I @ 13 c2
Event: 22.838 Thread 0x000001d891e0d800 DEOPT PACKING pc=0x000001d88806da48 sp=0x000000d16e3fe350
Event: 22.838 Thread 0x000001d891e0d800 DEOPT UNPACKING pc=0x000001d88004a1af sp=0x000000d16e3fe2d0 mode 2
Event: 22.855 Thread 0x000001d897666000 Uncommon trap: trap_request=0x00000186 fr.pc=0x000001d8882c6bcc relative=0x00000000000003cc
Event: 22.855 Thread 0x000001d897666000 Uncommon trap: reason=unloaded action=reinterpret pc=0x000001d8882c6bcc method=java.util.regex.Pattern.newSlice([IIZ)Ljava/util/regex/Pattern$Node; @ 68 c2
Event: 22.855 Thread 0x000001d897666000 DEOPT PACKING pc=0x000001d8882c6bcc sp=0x000000d174afa2e0
Event: 22.855 Thread 0x000001d897666000 DEOPT UNPACKING pc=0x000001d88004a1af sp=0x000000d174afa298 mode 2
Event: 22.880 Thread 0x000001d892da4000 Uncommon trap: trap_request=0xffffff4d fr.pc=0x000001d888095f98 relative=0x0000000000001818
Event: 22.880 Thread 0x000001d892da4000 Uncommon trap: reason=unstable_if action=reinterpret pc=0x000001d888095f98 method=java.util.concurrent.ConcurrentHashMap.putVal(Ljava/lang/Object;Ljava/lang/Object;Z)Ljava/lang/Object; @ 162 c2
Event: 22.880 Thread 0x000001d892da4000 DEOPT PACKING pc=0x000001d888095f98 sp=0x000000d1718f5c70
Event: 22.880 Thread 0x000001d892da4000 DEOPT UNPACKING pc=0x000001d88004a1af sp=0x000000d1718f5c28 mode 2
Event: 22.880 Thread 0x000001d892da4000 Uncommon trap: trap_request=0xffffff4d fr.pc=0x000001d88806c1dc relative=0x00000000000002fc
Event: 22.880 Thread 0x000001d892da4000 Uncommon trap: reason=unstable_if action=reinterpret pc=0x000001d88806c1dc method=com.google.common.collect.MapMakerInternalMap$Segment.getEntry(Ljava/lang/Object;I)Lcom/google/common/collect/MapMakerInternalMap$InternalEntry; @ 63 c2
Event: 22.880 Thread 0x000001d892da4000 DEOPT PACKING pc=0x000001d88806c1dc sp=0x000000d1718f5b50
Event: 22.880 Thread 0x000001d892da4000 DEOPT UNPACKING pc=0x000001d88004a1af sp=0x000000d1718f5b08 mode 2
Event: 22.916 Thread 0x000001d895586800 DEOPT PACKING pc=0x000001d8820b27b6 sp=0x000000d175cfae30
Event: 22.916 Thread 0x000001d895586800 DEOPT UNPACKING pc=0x000001d88004a95e sp=0x000000d175cfa310 mode 0

Classes redefined (0 events):
No events

Internal exceptions (20 events):
Event: 21.139 Thread 0x000001d897c7f000 Exception <a 'sun/nio/fs/WindowsException'{0x0000000088fa51f0}> (0x0000000088fa51f0) thrown at [./src/hotspot/share/prims/jni.cpp, line 616]
Event: 21.139 Thread 0x000001d897c7f000 Exception <a 'sun/nio/fs/WindowsException'{0x0000000088fa6090}> (0x0000000088fa6090) thrown at [./src/hotspot/share/prims/jni.cpp, line 616]
Event: 21.268 Thread 0x000001d897c7f000 Exception <a 'sun/nio/fs/WindowsException'{0x000000008aae09f0}> (0x000000008aae09f0) thrown at [./src/hotspot/share/prims/jni.cpp, line 616]
Event: 21.268 Thread 0x000001d897c7f000 Exception <a 'sun/nio/fs/WindowsException'{0x000000008aae18d0}> (0x000000008aae18d0) thrown at [./src/hotspot/share/prims/jni.cpp, line 616]
Event: 21.268 Thread 0x000001d897c7f000 Exception <a 'sun/nio/fs/WindowsException'{0x000000008aae1bf8}> (0x000000008aae1bf8) thrown at [./src/hotspot/share/prims/jni.cpp, line 616]
Event: 21.268 Thread 0x000001d897c7f000 Exception <a 'sun/nio/fs/WindowsException'{0x000000008aae2aa0}> (0x000000008aae2aa0) thrown at [./src/hotspot/share/prims/jni.cpp, line 616]
Event: 21.268 Thread 0x000001d897c7f000 Exception <a 'sun/nio/fs/WindowsException'{0x000000008aae2da0}> (0x000000008aae2da0) thrown at [./src/hotspot/share/prims/jni.cpp, line 616]
Event: 21.269 Thread 0x000001d897c7f000 Exception <a 'sun/nio/fs/WindowsException'{0x000000008aae3c30}> (0x000000008aae3c30) thrown at [./src/hotspot/share/prims/jni.cpp, line 616]
Event: 22.129 Thread 0x000001d897c78000 Exception <a 'java/lang/NoSuchMethodError'{0x000000008b4cefb8}: <clinit>> (0x000000008b4cefb8) thrown at [./src/hotspot/share/prims/jni.cpp, line 1366]
Event: 22.600 Thread 0x000001d892d9f800 Implicit null exception at 0x000001d8882b4b57 to 0x000001d8882b5104
Event: 22.600 Thread 0x000001d895582800 Implicit null exception at 0x000001d8882b4b57 to 0x000001d8882b5104
Event: 22.923 Thread 0x000001d8981d4800 Exception <a 'sun/nio/fs/WindowsException'{0x000000008cb5e6e0}> (0x000000008cb5e6e0) thrown at [./src/hotspot/share/prims/jni.cpp, line 616]
Event: 22.923 Thread 0x000001d892da4000 Exception <a 'sun/nio/fs/WindowsException'{0x000000008cb8bb08}> (0x000000008cb8bb08) thrown at [./src/hotspot/share/prims/jni.cpp, line 616]
Event: 22.923 Thread 0x000001d88fb10000 Exception <a 'sun/nio/fs/WindowsException'{0x000000008c8075c0}> (0x000000008c8075c0) thrown at [./src/hotspot/share/prims/jni.cpp, line 616]
Event: 22.923 Thread 0x000001d895587800 Exception <a 'sun/nio/fs/WindowsException'{0x000000008cbe7b80}> (0x000000008cbe7b80) thrown at [./src/hotspot/share/prims/jni.cpp, line 616]
Event: 22.923 Thread 0x000001d895586800 Exception <a 'sun/nio/fs/WindowsException'{0x000000008cac8720}> (0x000000008cac8720) thrown at [./src/hotspot/share/prims/jni.cpp, line 616]
Event: 22.923 Thread 0x000001d897666000 Exception <a 'sun/nio/fs/WindowsException'{0x000000008c97eee8}> (0x000000008c97eee8) thrown at [./src/hotspot/share/prims/jni.cpp, line 616]
Event: 22.924 Thread 0x000001d8954d0800 Exception <a 'sun/nio/fs/WindowsException'{0x000000008c77a4b8}> (0x000000008c77a4b8) thrown at [./src/hotspot/share/prims/jni.cpp, line 616]
Event: 22.934 Thread 0x000001d895581000 Exception <a 'sun/nio/fs/WindowsException'{0x000000008bd2ae68}> (0x000000008bd2ae68) thrown at [./src/hotspot/share/prims/jni.cpp, line 616]
Event: 22.941 Thread 0x000001d892d9a000 Exception <a 'sun/nio/fs/WindowsException'{0x000000008b8671f8}> (0x000000008b8671f8) thrown at [./src/hotspot/share/prims/jni.cpp, line 616]

Events (20 events):
Event: 22.943 loading class com/android/tools/r8/internal/Qs
Event: 22.943 loading class com/android/tools/r8/internal/Qs done
Event: 22.944 loading class com/android/tools/r8/graph/b1
Event: 22.944 loading class com/android/tools/r8/graph/b1 done
Event: 22.945 loading class com/android/tools/r8/graph/o0
Event: 22.945 loading class com/android/tools/r8/graph/o0 done
Event: 22.947 loading class com/android/tools/r8/internal/hn
Event: 22.947 loading class com/android/tools/r8/internal/hn done
Event: 22.947 loading class com/android/tools/r8/internal/rc
Event: 22.947 loading class com/android/tools/r8/internal/rc done
Event: 22.947 loading class com/android/tools/r8/internal/wc
Event: 22.947 loading class com/android/tools/r8/internal/wc done
Event: 22.947 loading class com/android/tools/r8/internal/tc
Event: 22.947 loading class com/android/tools/r8/internal/tc done
Event: 22.947 loading class com/android/tools/r8/internal/uc
Event: 22.947 loading class com/android/tools/r8/internal/uc done
Event: 22.948 loading class com/android/tools/r8/graph/I
Event: 22.948 loading class com/android/tools/r8/graph/I done
Event: 22.949 loading class com/android/tools/r8/internal/N9
Event: 22.949 loading class com/android/tools/r8/internal/N9 done


Dynamic libraries:
0x00007ff6fe8c0000 - 0x00007ff6fe8ca000 	D:\AndroidStudio\jre\bin\java.exe
0x00007ffe59590000 - 0x00007ffe59788000 	C:\WINDOWS\SYSTEM32\ntdll.dll
0x00007ffe57980000 - 0x00007ffe57a3f000 	C:\WINDOWS\System32\KERNEL32.DLL
0x00007ffe56d20000 - 0x00007ffe56ff2000 	C:\WINDOWS\System32\KERNELBASE.dll
0x00007ffe57310000 - 0x00007ffe57410000 	C:\WINDOWS\System32\ucrtbase.dll
0x00007ffe1ea50000 - 0x00007ffe1ea67000 	D:\AndroidStudio\jre\bin\VCRUNTIME140.dll
0x00007ffe1ea70000 - 0x00007ffe1ea89000 	D:\AndroidStudio\jre\bin\jli.dll
0x00007ffe58ff0000 - 0x00007ffe59191000 	C:\WINDOWS\System32\USER32.dll
0x00007ffe41610000 - 0x00007ffe418aa000 	C:\WINDOWS\WinSxS\amd64_microsoft.windows.common-controls_6595b64144ccf1df_6.0.19041.1110_none_60b5254171f9507e\COMCTL32.dll
0x00007ffe57030000 - 0x00007ffe57052000 	C:\WINDOWS\System32\win32u.dll
0x00007ffe59380000 - 0x00007ffe5941e000 	C:\WINDOWS\System32\msvcrt.dll
0x00007ffe57c50000 - 0x00007ffe57c7b000 	C:\WINDOWS\System32\GDI32.dll
0x00007ffe57410000 - 0x00007ffe5751f000 	C:\WINDOWS\System32\gdi32full.dll
0x00007ffe56c80000 - 0x00007ffe56d1d000 	C:\WINDOWS\System32\msvcp_win.dll
0x00007ffe57940000 - 0x00007ffe57972000 	C:\WINDOWS\System32\IMM32.DLL
0x00007ffe15490000 - 0x00007ffe1552d000 	D:\AndroidStudio\jre\bin\msvcp140.dll
0x00007ffe09e70000 - 0x00007ffe0a972000 	D:\AndroidStudio\jre\bin\server\jvm.dll
0x00007ffe589a0000 - 0x00007ffe58a4e000 	C:\WINDOWS\System32\ADVAPI32.dll
0x00007ffe57780000 - 0x00007ffe5781c000 	C:\WINDOWS\System32\sechost.dll
0x00007ffe575d0000 - 0x00007ffe576f5000 	C:\WINDOWS\System32\RPCRT4.dll
0x00007ffe592e0000 - 0x00007ffe592e8000 	C:\WINDOWS\System32\PSAPI.DLL
0x00007ffe3f2a0000 - 0x00007ffe3f2a9000 	C:\WINDOWS\SYSTEM32\WSOCK32.dll
0x00007ffe44b90000 - 0x00007ffe44bb7000 	C:\WINDOWS\SYSTEM32\WINMM.dll
0x00007ffe50b60000 - 0x00007ffe50b6a000 	C:\WINDOWS\SYSTEM32\VERSION.dll
0x00007ffe58a50000 - 0x00007ffe58abb000 	C:\WINDOWS\System32\WS2_32.dll
0x00007ffe54cc0000 - 0x00007ffe54cd2000 	C:\WINDOWS\SYSTEM32\kernel.appcore.dll
0x00007ffe52230000 - 0x00007ffe52241000 	D:\AndroidStudio\jre\bin\verify.dll
0x00007ffe543c0000 - 0x00007ffe545a4000 	C:\WINDOWS\SYSTEM32\DBGHELP.DLL
0x00007ffe3b2a0000 - 0x00007ffe3b2d5000 	C:\WINDOWS\SYSTEM32\dbgcore.DLL
0x00007ffe57230000 - 0x00007ffe572b2000 	C:\WINDOWS\System32\bcryptPrimitives.dll
0x00007ffe40b90000 - 0x00007ffe40bb9000 	D:\AndroidStudio\jre\bin\java.dll
0x00007ffe523a0000 - 0x00007ffe523ab000 	D:\AndroidStudio\jre\bin\jimage.dll
0x00007ffe40b20000 - 0x00007ffe40b38000 	D:\AndroidStudio\jre\bin\zip.dll
0x00007ffe57e30000 - 0x00007ffe58574000 	C:\WINDOWS\System32\SHELL32.dll
0x00007ffe54ce0000 - 0x00007ffe55472000 	C:\WINDOWS\SYSTEM32\windows.storage.dll
0x00007ffe58580000 - 0x00007ffe588d5000 	C:\WINDOWS\System32\combase.dll
0x00007ffe566c0000 - 0x00007ffe566f0000 	C:\WINDOWS\SYSTEM32\Wldp.dll
0x00007ffe591a0000 - 0x00007ffe5924d000 	C:\WINDOWS\System32\SHCORE.dll
0x00007ffe58ac0000 - 0x00007ffe58b15000 	C:\WINDOWS\System32\shlwapi.dll
0x00007ffe56bc0000 - 0x00007ffe56bdf000 	C:\WINDOWS\SYSTEM32\profapi.dll
0x00007ffe40a70000 - 0x00007ffe40a8a000 	D:\AndroidStudio\jre\bin\net.dll
0x00007ffe4f5b0000 - 0x00007ffe4f6bc000 	C:\WINDOWS\SYSTEM32\WINHTTP.dll
0x00007ffe56390000 - 0x00007ffe563fa000 	C:\WINDOWS\system32\mswsock.dll
0x00007ffe3a630000 - 0x00007ffe3a644000 	D:\AndroidStudio\jre\bin\nio.dll
0x00007ffe40bc0000 - 0x00007ffe40be7000 	C:\Users\nuage\.gradle\native\e1d6ef7f7dcc3fd88c89a11ec53ec762bb8ba0a96d01ffa2cd45eb1d1d8dd5c5\windows-amd64\native-platform.dll
0x00007ffe06080000 - 0x00007ffe061c4000 	C:\Users\nuage\.gradle\native\0d407fdbe67a94daf76414ababcb853783967236a71b16ec16e742cd7a986fd3\windows-amd64\native-platform-file-events.dll
0x00007ffe47ff0000 - 0x00007ffe47ffa000 	D:\AndroidStudio\jre\bin\management.dll
0x00007ffe405c0000 - 0x00007ffe405cd000 	D:\AndroidStudio\jre\bin\management_ext.dll
0x00007ffe565c0000 - 0x00007ffe565d8000 	C:\WINDOWS\SYSTEM32\CRYPTSP.dll
0x00007ffe55c40000 - 0x00007ffe55c74000 	C:\WINDOWS\system32\rsaenh.dll
0x00007ffe57000000 - 0x00007ffe57027000 	C:\WINDOWS\System32\bcrypt.dll
0x00007ffe56b40000 - 0x00007ffe56b6e000 	C:\WINDOWS\SYSTEM32\USERENV.dll
0x00007ffe56580000 - 0x00007ffe5658c000 	C:\WINDOWS\SYSTEM32\CRYPTBASE.dll
0x00007ffe56080000 - 0x00007ffe560bb000 	C:\WINDOWS\SYSTEM32\IPHLPAPI.DLL
0x00007ffe592d0000 - 0x00007ffe592d8000 	C:\WINDOWS\System32\NSI.dll
0x00007ffe4f500000 - 0x00007ffe4f517000 	C:\WINDOWS\SYSTEM32\dhcpcsvc6.DLL
0x00007ffe4fab0000 - 0x00007ffe4facd000 	C:\WINDOWS\SYSTEM32\dhcpcsvc.DLL
0x00007ffe560c0000 - 0x00007ffe5618a000 	C:\WINDOWS\SYSTEM32\DNSAPI.dll
0x00007ffe55d80000 - 0x00007ffe55db3000 	C:\WINDOWS\SYSTEM32\ntmarta.dll

dbghelp: loaded successfully - version: 4.0.5 - missing functions: none
symbol engine: initialized successfully - sym options: 0x614 - pdb path: .;D:\AndroidStudio\jre\bin;C:\WINDOWS\SYSTEM32;C:\WINDOWS\WinSxS\amd64_microsoft.windows.common-controls_6595b64144ccf1df_6.0.19041.1110_none_60b5254171f9507e;D:\AndroidStudio\jre\bin\server;C:\Users\nuage\.gradle\native\e1d6ef7f7dcc3fd88c89a11ec53ec762bb8ba0a96d01ffa2cd45eb1d1d8dd5c5\windows-amd64;C:\Users\nuage\.gradle\native\0d407fdbe67a94daf76414ababcb853783967236a71b16ec16e742cd7a986fd3\windows-amd64

VM Arguments:
jvm_args: --add-opens=java.base/java.util=ALL-UNNAMED --add-opens=java.base/java.lang=ALL-UNNAMED --add-opens=java.base/java.lang.invoke=ALL-UNNAMED --add-opens=java.base/java.util=ALL-UNNAMED --add-opens=java.prefs/java.util.prefs=ALL-UNNAMED --add-opens=java.prefs/java.util.prefs=ALL-UNNAMED --add-opens=java.base/java.nio.charset=ALL-UNNAMED --add-opens=java.base/java.net=ALL-UNNAMED --add-opens=java.base/java.util.concurrent.atomic=ALL-UNNAMED -Xmx2048m -Dfile.encoding=UTF-8 -Duser.country=FR -Duser.language=fr -Duser.variant 
java_command: org.gradle.launcher.daemon.bootstrap.GradleDaemon 7.4
java_class_path (initial): C:\Users\nuage\.gradle\wrapper\dists\gradle-7.4-bin\c0gwcg53nkjbqw7r0h0umtfvt\gradle-7.4\lib\gradle-launcher-7.4.jar
Launcher Type: SUN_STANDARD

[Global flags]
     intx CICompilerCount                          = 4                                         {product} {ergonomic}
     uint ConcGCThreads                            = 3                                         {product} {ergonomic}
     uint G1ConcRefinementThreads                  = 10                                        {product} {ergonomic}
   size_t G1HeapRegionSize                         = 1048576                                   {product} {ergonomic}
    uintx GCDrainStackTargetSize                   = 64                                        {product} {ergonomic}
   size_t InitialHeapSize                          = 132120576                                 {product} {ergonomic}
   size_t MarkStackSize                            = 4194304                                   {product} {ergonomic}
   size_t MaxHeapSize                              = 2147483648                                {product} {command line}
   size_t MaxNewSize                               = 1287651328                                {product} {ergonomic}
   size_t MinHeapDeltaBytes                        = 1048576                                   {product} {ergonomic}
    uintx NonNMethodCodeHeapSize                   = 5836300                                {pd product} {ergonomic}
    uintx NonProfiledCodeHeapSize                  = 122910970                              {pd product} {ergonomic}
    uintx ProfiledCodeHeapSize                     = 122910970                              {pd product} {ergonomic}
    uintx ReservedCodeCacheSize                    = 251658240                              {pd product} {ergonomic}
     bool SegmentedCodeCache                       = true                                      {product} {ergonomic}
     bool UseCompressedClassPointers               = true                                 {lp64_product} {ergonomic}
     bool UseCompressedOops                        = true                                 {lp64_product} {ergonomic}
     bool UseG1GC                                  = true                                      {product} {ergonomic}
     bool UseLargePagesIndividualAllocation        = false                                  {pd product} {ergonomic}

Logging:
Log output configuration:
 #0: stdout all=warning uptime,level,tags
 #1: stderr all=off uptime,level,tags

Environment Variables:
PATH=C:\Program Files (x86)\Common Files\Oracle\Java\javapath;C:\Windows\system32;C:\Windows;C:\Windows\System32\Wbem;C:\Windows\System32\WindowsPowerShell\v1.0\;C:\Windows\System32\OpenSSH\;C:\Program Files (x86)\NVIDIA Corporation\PhysX\Common;C:\Program Files\NVIDIA Corporation\NVIDIA NvDLISR;C:\WINDOWS\system32;C:\WINDOWS;C:\WINDOWS\System32\Wbem;C:\WINDOWS\System32\WindowsPowerShell\v1.0\;C:\WINDOWS\System32\OpenSSH\;C:\Program Files\Git\cmd;C:\Program Files\Docker\Docker\resources\bin;C:\ProgramData\DockerDesktop\version-bin;C:\Users\nuage\AppData\Local\Microsoft\WindowsApps;;D:\Microsoft VS Code\bin
USERNAME=nuage
OS=Windows_NT
PROCESSOR_IDENTIFIER=Intel64 Family 6 Model 158 Stepping 10, GenuineIntel



---------------  S Y S T E M  ---------------

OS: Windows 10 , 64 bit Build 19041 (10.0.19041.2364)
OS uptime: 0 days 3:03 hours
Hyper-V role detected

CPU:total 12 (initial active 12) (6 cores per cpu, 2 threads per core) family 6 model 158 stepping 10 microcode 0xd2, cmov, cx8, fxsr, mmx, sse, sse2, sse3, ssse3, sse4.1, sse4.2, popcnt, avx, avx2, aes, clmul, erms, 3dnowpref, lzcnt, ht, tsc, tscinvbit, bmi1, bmi2, adx, fma

Memory: 4k page, system-wide physical 8042M (566M free)
TotalPageFile size 10090M (AvailPageFile size 4M)
current process WorkingSet (physical memory assigned to process): 570M, peak: 570M
current process commit charge ("private bytes"): 634M, peak: 681M

vm_info: OpenJDK 64-Bit Server VM (11.0.13+0-b1751.21-8125866) for windows-amd64 JRE (11.0.13+0-b1751.21-8125866), built on Feb  2 2022 03:00:22 by "builder" with MS VC++ 14.0 (VS2015)

END.
